[ 2017-05-19T00:57:31+08:00 ] 183.57.53.197 /coalball/Home/Index/test
INFO: [ app_init ] --START--
INFO: Run Behavior\BuildLiteBehavior [ RunTime:0.000025s ]
INFO: [ app_init ] --END-- [ RunTime:0.000561s ]
INFO: [ app_begin ] --START--
INFO: Run Behavior\ReadHtmlCacheBehavior [ RunTime:0.000446s ]
INFO: [ app_begin ] --END-- [ RunTime:0.000500s ]
SQL: SHOW COLUMNS FROM `cl_xq` [ RunTime:0.0006s ]
SQL: SELECT * FROM `cl_xq` ORDER BY id desc  [ RunTime:0.0006s ]
INFO: [ app_end ] --START--
INFO: Run Behavior\ShowPageTraceBehavior [ RunTime:0.000454s ]
INFO: [ app_end ] --END-- [ RunTime:0.000505s ]

[ 2017-05-19T04:14:11+08:00 ] 183.57.53.197 /coalball/index.php
INFO: [ app_init ] --START--
INFO: Run Behavior\BuildLiteBehavior [ RunTime:0.000019s ]
INFO: [ app_init ] --END-- [ RunTime:0.000344s ]
INFO: [ app_begin ] --START--
INFO: Run Behavior\ReadHtmlCacheBehavior [ RunTime:0.000402s ]
INFO: [ app_begin ] --END-- [ RunTime:0.000442s ]
SQL: SHOW COLUMNS FROM `cl_client` [ RunTime:0.0005s ]
NOTIC: [8] Use of undefined constant headimg - assumed 'headimg' /var/www/html/coalball/Application/Home/Controller/IndexController.class.php 第 11 行.
NOTIC: [8] Use of undefined constant uid - assumed 'uid' /var/www/html/coalball/Application/Home/Controller/IndexController.class.php 第 11 行.
SQL: SELECT `uid`,`username` FROM `cl_client`  [ RunTime:0.0002s ]
INFO: [ view_parse ] --START--
INFO: [ template_filter ] --START--
INFO: Run Behavior\ContentReplaceBehavior [ RunTime:0.000057s ]
INFO: [ template_filter ] --END-- [ RunTime:0.000116s ]
NOTIC: [8] Undefined index: img /var/www/html/coalball/Application/Runtime/Cache/Home/f324508a16a2d221eb71b92d9fd560ca.php 第 235 行.
NOTIC: [8] Undefined index: name /var/www/html/coalball/Application/Runtime/Cache/Home/f324508a16a2d221eb71b92d9fd560ca.php 第 238 行.
INFO: Run Behavior\ParseTemplateBehavior [ RunTime:0.006907s ]
INFO: [ view_parse ] --END-- [ RunTime:0.006953s ]
INFO: [ view_filter ] --START--
INFO: Run Behavior\WriteHtmlCacheBehavior [ RunTime:0.000141s ]
INFO: [ view_filter ] --END-- [ RunTime:0.000175s ]
NOTIC: [8] Undefined variable: testJson /var/www/html/coalball/Application/Home/Controller/IndexController.class.php 第 14 行.
INFO: [ app_end ] --START--
INFO: Run Behavior\ShowPageTraceBehavior [ RunTime:0.000365s ]
INFO: [ app_end ] --END-- [ RunTime:0.000401s ]

[ 2017-05-19T09:40:18+08:00 ] 36.149.27.92 /coalball/index.php
INFO: [ app_init ] --START--
INFO: Run Behavior\BuildLiteBehavior [ RunTime:0.000014s ]
INFO: [ app_init ] --END-- [ RunTime:0.000233s ]
INFO: [ app_begin ] --START--
INFO: Run Behavior\ReadHtmlCacheBehavior [ RunTime:0.000313s ]
INFO: [ app_begin ] --END-- [ RunTime:0.000355s ]
SQL: SHOW COLUMNS FROM `cl_client` [ RunTime:0.0005s ]
NOTIC: [8] Use of undefined constant headimg - assumed 'headimg' /var/www/html/coalball/Application/Home/Controller/IndexController.class.php 第 11 行.
NOTIC: [8] Use of undefined constant uid - assumed 'uid' /var/www/html/coalball/Application/Home/Controller/IndexController.class.php 第 11 行.
SQL: SELECT `uid`,`username` FROM `cl_client`  [ RunTime:0.0002s ]
INFO: [ view_parse ] --START--
INFO: [ template_filter ] --START--
INFO: Run Behavior\ContentReplaceBehavior [ RunTime:0.000080s ]
INFO: [ template_filter ] --END-- [ RunTime:0.000196s ]
NOTIC: [8] Undefined index: img /var/www/html/coalball/Application/Runtime/Cache/Home/f324508a16a2d221eb71b92d9fd560ca.php 第 235 行.
NOTIC: [8] Undefined index: name /var/www/html/coalball/Application/Runtime/Cache/Home/f324508a16a2d221eb71b92d9fd560ca.php 第 238 行.
INFO: Run Behavior\ParseTemplateBehavior [ RunTime:0.009692s ]
INFO: [ view_parse ] --END-- [ RunTime:0.009732s ]
INFO: [ view_filter ] --START--
INFO: Run Behavior\WriteHtmlCacheBehavior [ RunTime:0.000218s ]
INFO: [ view_filter ] --END-- [ RunTime:0.000312s ]
NOTIC: [8] Undefined variable: testJson /var/www/html/coalball/Application/Home/Controller/IndexController.class.php 第 14 行.
INFO: [ app_end ] --START--
INFO: Run Behavior\ShowPageTraceBehavior [ RunTime:0.000671s ]
INFO: [ app_end ] --END-- [ RunTime:0.000733s ]

[ 2017-05-19T09:40:18+08:00 ] 36.149.27.92 /coalball/Home/Index/test
INFO: [ app_init ] --START--
INFO: Run Behavior\BuildLiteBehavior [ RunTime:0.000018s ]
INFO: [ app_init ] --END-- [ RunTime:0.000355s ]
INFO: [ app_begin ] --START--
INFO: Run Behavior\ReadHtmlCacheBehavior [ RunTime:0.000462s ]
INFO: [ app_begin ] --END-- [ RunTime:0.000513s ]
SQL: SHOW COLUMNS FROM `cl_xq` [ RunTime:0.0006s ]
SQL: SELECT * FROM `cl_xq` ORDER BY id desc  [ RunTime:0.0005s ]
INFO: [ app_end ] --START--
INFO: Run Behavior\ShowPageTraceBehavior [ RunTime:0.000575s ]
INFO: [ app_end ] --END-- [ RunTime:0.000645s ]

[ 2017-05-19T09:41:41+08:00 ] 36.149.27.92 /coalball/index.php
INFO: [ app_init ] --START--
INFO: Run Behavior\BuildLiteBehavior [ RunTime:0.000016s ]
INFO: [ app_init ] --END-- [ RunTime:0.000272s ]
INFO: [ app_begin ] --START--
INFO: Run Behavior\ReadHtmlCacheBehavior [ RunTime:0.000344s ]
INFO: [ app_begin ] --END-- [ RunTime:0.000388s ]
SQL: SHOW COLUMNS FROM `cl_client` [ RunTime:0.0006s ]
NOTIC: [8] Use of undefined constant headimg - assumed 'headimg' /var/www/html/coalball/Application/Home/Controller/IndexController.class.php 第 11 行.
NOTIC: [8] Use of undefined constant uid - assumed 'uid' /var/www/html/coalball/Application/Home/Controller/IndexController.class.php 第 11 行.
SQL: SELECT `uid`,`username` FROM `cl_client`  [ RunTime:0.0002s ]
INFO: [ view_parse ] --START--
INFO: [ template_filter ] --START--
INFO: Run Behavior\ContentReplaceBehavior [ RunTime:0.000063s ]
INFO: [ template_filter ] --END-- [ RunTime:0.000144s ]
NOTIC: [8] Undefined index: img /var/www/html/coalball/Application/Runtime/Cache/Home/f324508a16a2d221eb71b92d9fd560ca.php 第 235 行.
NOTIC: [8] Undefined index: name /var/www/html/coalball/Application/Runtime/Cache/Home/f324508a16a2d221eb71b92d9fd560ca.php 第 238 行.
INFO: Run Behavior\ParseTemplateBehavior [ RunTime:0.007426s ]
INFO: [ view_parse ] --END-- [ RunTime:0.007478s ]
INFO: [ view_filter ] --START--
INFO: Run Behavior\WriteHtmlCacheBehavior [ RunTime:0.000159s ]
INFO: [ view_filter ] --END-- [ RunTime:0.000199s ]
NOTIC: [8] Undefined variable: testJson /var/www/html/coalball/Application/Home/Controller/IndexController.class.php 第 14 行.
INFO: [ app_end ] --START--
INFO: Run Behavior\ShowPageTraceBehavior [ RunTime:0.000426s ]
INFO: [ app_end ] --END-- [ RunTime:0.000500s ]

[ 2017-05-19T09:41:41+08:00 ] 36.149.27.92 /coalball/Home/Index/test
INFO: [ app_init ] --START--
INFO: Run Behavior\BuildLiteBehavior [ RunTime:0.000013s ]
INFO: [ app_init ] --END-- [ RunTime:0.000254s ]
INFO: [ app_begin ] --START--
INFO: Run Behavior\ReadHtmlCacheBehavior [ RunTime:0.000318s ]
INFO: [ app_begin ] --END-- [ RunTime:0.000354s ]
SQL: SHOW COLUMNS FROM `cl_xq` [ RunTime:0.0005s ]
SQL: SELECT * FROM `cl_xq` ORDER BY id desc  [ RunTime:0.0003s ]
INFO: [ app_end ] --START--
INFO: Run Behavior\ShowPageTraceBehavior [ RunTime:0.000397s ]
INFO: [ app_end ] --END-- [ RunTime:0.000438s ]

[ 2017-05-19T12:47:07+08:00 ] 101.226.64.174 /coalball/Home/Index/test
INFO: [ app_init ] --START--
INFO: Run Behavior\BuildLiteBehavior [ RunTime:0.000014s ]
INFO: [ app_init ] --END-- [ RunTime:0.000273s ]
INFO: [ app_begin ] --START--
INFO: Run Behavior\ReadHtmlCacheBehavior [ RunTime:0.000306s ]
INFO: [ app_begin ] --END-- [ RunTime:0.000377s ]
SQL: SHOW COLUMNS FROM `cl_xq` [ RunTime:0.0007s ]
SQL: SELECT * FROM `cl_xq` ORDER BY id desc  [ RunTime:0.0006s ]
INFO: [ app_end ] --START--
INFO: Run Behavior\ShowPageTraceBehavior [ RunTime:0.000416s ]
INFO: [ app_end ] --END-- [ RunTime:0.000478s ]

[ 2017-05-19T16:47:08+08:00 ] 104.236.236.145 /coalball/index.php
INFO: [ app_init ] --START--
INFO: Run Behavior\BuildLiteBehavior [ RunTime:0.000018s ]
INFO: [ app_init ] --END-- [ RunTime:0.000432s ]
INFO: [ app_begin ] --START--
INFO: Run Behavior\ReadHtmlCacheBehavior [ RunTime:0.000428s ]
INFO: [ app_begin ] --END-- [ RunTime:0.000481s ]
SQL: SHOW COLUMNS FROM `cl_client` [ RunTime:0.0006s ]
NOTIC: [8] Use of undefined constant headimg - assumed 'headimg' /var/www/html/coalball/Application/Home/Controller/IndexController.class.php 第 11 行.
NOTIC: [8] Use of undefined constant uid - assumed 'uid' /var/www/html/coalball/Application/Home/Controller/IndexController.class.php 第 11 行.
SQL: SELECT `uid`,`username` FROM `cl_client`  [ RunTime:0.0002s ]
INFO: [ view_parse ] --START--
INFO: [ template_filter ] --START--
INFO: Run Behavior\ContentReplaceBehavior [ RunTime:0.000059s ]
INFO: [ template_filter ] --END-- [ RunTime:0.000130s ]
NOTIC: [8] Undefined index: img /var/www/html/coalball/Application/Runtime/Cache/Home/f324508a16a2d221eb71b92d9fd560ca.php 第 235 行.
NOTIC: [8] Undefined index: name /var/www/html/coalball/Application/Runtime/Cache/Home/f324508a16a2d221eb71b92d9fd560ca.php 第 238 行.
INFO: Run Behavior\ParseTemplateBehavior [ RunTime:0.009217s ]
INFO: [ view_parse ] --END-- [ RunTime:0.009266s ]
INFO: [ view_filter ] --START--
INFO: Run Behavior\WriteHtmlCacheBehavior [ RunTime:0.000191s ]
INFO: [ view_filter ] --END-- [ RunTime:0.000254s ]
NOTIC: [8] Undefined variable: testJson /var/www/html/coalball/Application/Home/Controller/IndexController.class.php 第 14 行.
INFO: [ app_end ] --START--
INFO: Run Behavior\ShowPageTraceBehavior [ RunTime:0.000511s ]
INFO: [ app_end ] --END-- [ RunTime:0.000562s ]

[ 2017-05-19T16:47:09+08:00 ] 104.236.236.145 /coalball/Home/Index/test
INFO: [ app_init ] --START--
INFO: Run Behavior\BuildLiteBehavior [ RunTime:0.000021s ]
INFO: [ app_init ] --END-- [ RunTime:0.000388s ]
INFO: [ app_begin ] --START--
INFO: Run Behavior\ReadHtmlCacheBehavior [ RunTime:0.000475s ]
INFO: [ app_begin ] --END-- [ RunTime:0.000528s ]
SQL: SHOW COLUMNS FROM `cl_xq` [ RunTime:0.0007s ]
SQL: SELECT * FROM `cl_xq` ORDER BY id desc  [ RunTime:0.0007s ]
INFO: [ app_end ] --START--
INFO: Run Behavior\ShowPageTraceBehavior [ RunTime:0.000612s ]
INFO: [ app_end ] --END-- [ RunTime:0.000679s ]

[ 2017-05-19T16:47:48+08:00 ] 104.236.236.145 /coalball/index.php
INFO: [ app_init ] --START--
INFO: Run Behavior\BuildLiteBehavior [ RunTime:0.000036s ]
INFO: [ app_init ] --END-- [ RunTime:0.000384s ]
INFO: [ app_begin ] --START--
INFO: Run Behavior\ReadHtmlCacheBehavior [ RunTime:0.000410s ]
INFO: [ app_begin ] --END-- [ RunTime:0.000461s ]
SQL: SHOW COLUMNS FROM `cl_client` [ RunTime:0.0007s ]
NOTIC: [8] Use of undefined constant headimg - assumed 'headimg' /var/www/html/coalball/Application/Home/Controller/IndexController.class.php 第 11 行.
NOTIC: [8] Use of undefined constant uid - assumed 'uid' /var/www/html/coalball/Application/Home/Controller/IndexController.class.php 第 11 行.
SQL: SELECT `uid`,`username` FROM `cl_client`  [ RunTime:0.0002s ]
INFO: [ view_parse ] --START--
INFO: [ template_filter ] --START--
INFO: Run Behavior\ContentReplaceBehavior [ RunTime:0.000058s ]
INFO: [ template_filter ] --END-- [ RunTime:0.000120s ]
INFO: Run Behavior\ParseTemplateBehavior [ RunTime:0.008716s ]
INFO: [ view_parse ] --END-- [ RunTime:0.008790s ]
INFO: [ view_filter ] --START--
INFO: Run Behavior\WriteHtmlCacheBehavior [ RunTime:0.000171s ]
INFO: [ view_filter ] --END-- [ RunTime:0.000216s ]
NOTIC: [8] Undefined variable: testJson /var/www/html/coalball/Application/Home/Controller/IndexController.class.php 第 14 行.
INFO: [ app_end ] --START--
INFO: Run Behavior\ShowPageTraceBehavior [ RunTime:0.000494s ]
INFO: [ app_end ] --END-- [ RunTime:0.000547s ]

[ 2017-05-19T16:47:49+08:00 ] 104.236.236.145 /coalball/Home/Index/test
INFO: [ app_init ] --START--
INFO: Run Behavior\BuildLiteBehavior [ RunTime:0.000016s ]
INFO: [ app_init ] --END-- [ RunTime:0.000266s ]
INFO: [ app_begin ] --START--
INFO: Run Behavior\ReadHtmlCacheBehavior [ RunTime:0.000299s ]
INFO: [ app_begin ] --END-- [ RunTime:0.000334s ]
SQL: SHOW COLUMNS FROM `cl_xq` [ RunTime:0.0005s ]
SQL: SELECT * FROM `cl_xq` ORDER BY id desc  [ RunTime:0.0003s ]
INFO: [ app_end ] --START--
INFO: Run Behavior\ShowPageTraceBehavior [ RunTime:0.000376s ]
INFO: [ app_end ] --END-- [ RunTime:0.000418s ]

[ 2017-05-19T16:51:24+08:00 ] 101.226.33.223 /coalball/index.php
INFO: [ app_init ] --START--
INFO: Run Behavior\BuildLiteBehavior [ RunTime:0.000014s ]
INFO: [ app_init ] --END-- [ RunTime:0.000245s ]
INFO: [ app_begin ] --START--
INFO: Run Behavior\ReadHtmlCacheBehavior [ RunTime:0.000366s ]
INFO: [ app_begin ] --END-- [ RunTime:0.000411s ]
SQL: SHOW COLUMNS FROM `cl_client` [ RunTime:0.0005s ]
NOTIC: [8] Use of undefined constant headimg - assumed 'headimg' /var/www/html/coalball/Application/Home/Controller/IndexController.class.php 第 11 行.
NOTIC: [8] Use of undefined constant uid - assumed 'uid' /var/www/html/coalball/Application/Home/Controller/IndexController.class.php 第 11 行.
SQL: SELECT `uid`,`username` FROM `cl_client`  [ RunTime:0.0002s ]
INFO: [ view_parse ] --START--
INFO: [ template_filter ] --START--
INFO: Run Behavior\ContentReplaceBehavior [ RunTime:0.000065s ]
INFO: [ template_filter ] --END-- [ RunTime:0.000139s ]
NOTIC: [8] Undefined index: img /var/www/html/coalball/Application/Runtime/Cache/Home/f324508a16a2d221eb71b92d9fd560ca.php 第 235 行.
NOTIC: [8] Undefined index: name /var/www/html/coalball/Application/Runtime/Cache/Home/f324508a16a2d221eb71b92d9fd560ca.php 第 238 行.
INFO: Run Behavior\ParseTemplateBehavior [ RunTime:0.009044s ]
INFO: [ view_parse ] --END-- [ RunTime:0.009101s ]
INFO: [ view_filter ] --START--
INFO: Run Behavior\WriteHtmlCacheBehavior [ RunTime:0.000158s ]
INFO: [ view_filter ] --END-- [ RunTime:0.000197s ]
NOTIC: [8] Undefined variable: testJson /var/www/html/coalball/Application/Home/Controller/IndexController.class.php 第 14 行.
INFO: [ app_end ] --START--
INFO: Run Behavior\ShowPageTraceBehavior [ RunTime:0.000469s ]
INFO: [ app_end ] --END-- [ RunTime:0.000516s ]

[ 2017-05-19T16:53:34+08:00 ] 104.236.236.145 /coalball/index.php
INFO: [ app_init ] --START--
INFO: Run Behavior\BuildLiteBehavior [ RunTime:0.000015s ]
INFO: [ app_init ] --END-- [ RunTime:0.000303s ]
INFO: [ app_begin ] --START--
INFO: Run Behavior\ReadHtmlCacheBehavior [ RunTime:0.000446s ]
INFO: [ app_begin ] --END-- [ RunTime:0.000498s ]
SQL: SHOW COLUMNS FROM `cl_client` [ RunTime:0.0006s ]
NOTIC: [8] Use of undefined constant headimg - assumed 'headimg' /var/www/html/coalball/Application/Home/Controller/IndexController.class.php 第 11 行.
NOTIC: [8] Use of undefined constant uid - assumed 'uid' /var/www/html/coalball/Application/Home/Controller/IndexController.class.php 第 11 行.
SQL: SELECT `uid`,`username` FROM `cl_client`  [ RunTime:0.0005s ]
INFO: [ view_parse ] --START--
INFO: [ template_filter ] --START--
INFO: Run Behavior\ContentReplaceBehavior [ RunTime:0.000075s ]
INFO: [ template_filter ] --END-- [ RunTime:0.000146s ]
INFO: Run Behavior\ParseTemplateBehavior [ RunTime:0.010193s ]
INFO: [ view_parse ] --END-- [ RunTime:0.010272s ]
INFO: [ view_filter ] --START--
INFO: Run Behavior\WriteHtmlCacheBehavior [ RunTime:0.000170s ]
INFO: [ view_filter ] --END-- [ RunTime:0.000208s ]
NOTIC: [8] Undefined variable: testJson /var/www/html/coalball/Application/Home/Controller/IndexController.class.php 第 14 行.
INFO: [ app_end ] --START--
INFO: Run Behavior\ShowPageTraceBehavior [ RunTime:0.000486s ]
INFO: [ app_end ] --END-- [ RunTime:0.000528s ]

[ 2017-05-19T16:53:35+08:00 ] 104.236.236.145 /coalball/Home/Index/test
INFO: [ app_init ] --START--
INFO: Run Behavior\BuildLiteBehavior [ RunTime:0.000015s ]
INFO: [ app_init ] --END-- [ RunTime:0.000366s ]
INFO: [ app_begin ] --START--
INFO: Run Behavior\ReadHtmlCacheBehavior [ RunTime:0.000451s ]
INFO: [ app_begin ] --END-- [ RunTime:0.000497s ]
SQL: SHOW COLUMNS FROM `cl_xq` [ RunTime:0.0007s ]
SQL: SELECT * FROM `cl_xq` ORDER BY id desc  [ RunTime:0.0006s ]
INFO: [ app_end ] --START--
INFO: Run Behavior\ShowPageTraceBehavior [ RunTime:0.000562s ]
INFO: [ app_end ] --END-- [ RunTime:0.000624s ]

[ 2017-05-19T16:53:46+08:00 ] 104.236.236.145 /coalball/index.php
INFO: [ app_init ] --START--
INFO: Run Behavior\BuildLiteBehavior [ RunTime:0.000014s ]
INFO: [ app_init ] --END-- [ RunTime:0.000307s ]
INFO: [ app_begin ] --START--
INFO: Run Behavior\ReadHtmlCacheBehavior [ RunTime:0.000325s ]
INFO: [ app_begin ] --END-- [ RunTime:0.000370s ]
SQL: SHOW COLUMNS FROM `cl_client` [ RunTime:0.0006s ]
NOTIC: [8] Use of undefined constant headimg - assumed 'headimg' /var/www/html/coalball/Application/Home/Controller/IndexController.class.php 第 11 行.
NOTIC: [8] Use of undefined constant uid - assumed 'uid' /var/www/html/coalball/Application/Home/Controller/IndexController.class.php 第 11 行.
SQL: SELECT `uid`,`username` FROM `cl_client`  [ RunTime:0.0003s ]
INFO: [ view_parse ] --START--
INFO: [ template_filter ] --START--
INFO: Run Behavior\ContentReplaceBehavior [ RunTime:0.000081s ]
INFO: [ template_filter ] --END-- [ RunTime:0.000170s ]
INFO: Run Behavior\ParseTemplateBehavior [ RunTime:0.008288s ]
INFO: [ view_parse ] --END-- [ RunTime:0.008357s ]
INFO: [ view_filter ] --START--
INFO: Run Behavior\WriteHtmlCacheBehavior [ RunTime:0.000135s ]
INFO: [ view_filter ] --END-- [ RunTime:0.000176s ]
NOTIC: [8] Undefined variable: testJson /var/www/html/coalball/Application/Home/Controller/IndexController.class.php 第 14 行.
INFO: [ app_end ] --START--
INFO: Run Behavior\ShowPageTraceBehavior [ RunTime:0.000432s ]
INFO: [ app_end ] --END-- [ RunTime:0.000475s ]

[ 2017-05-19T16:53:47+08:00 ] 104.236.236.145 /coalball/Home/Index/test
INFO: [ app_init ] --START--
INFO: Run Behavior\BuildLiteBehavior [ RunTime:0.000019s ]
INFO: [ app_init ] --END-- [ RunTime:0.000300s ]
INFO: [ app_begin ] --START--
INFO: Run Behavior\ReadHtmlCacheBehavior [ RunTime:0.000460s ]
INFO: [ app_begin ] --END-- [ RunTime:0.000504s ]
SQL: SHOW COLUMNS FROM `cl_xq` [ RunTime:0.0006s ]
SQL: SELECT * FROM `cl_xq` ORDER BY id desc  [ RunTime:0.0005s ]
INFO: [ app_end ] --START--
INFO: Run Behavior\ShowPageTraceBehavior [ RunTime:0.000479s ]
INFO: [ app_end ] --END-- [ RunTime:0.000584s ]

[ 2017-05-19T20:52:55+08:00 ] 117.136.66.241 /coalball/index.php
INFO: [ app_init ] --START--
INFO: Run Behavior\BuildLiteBehavior [ RunTime:0.000018s ]
INFO: [ app_init ] --END-- [ RunTime:0.000384s ]
INFO: [ app_begin ] --START--
INFO: Run Behavior\ReadHtmlCacheBehavior [ RunTime:0.000312s ]
INFO: [ app_begin ] --END-- [ RunTime:0.000360s ]
SQL: SHOW COLUMNS FROM `cl_client` [ RunTime:0.0006s ]
NOTIC: [8] Use of undefined constant headimg - assumed 'headimg' /var/www/html/coalball/Application/Home/Controller/IndexController.class.php 第 11 行.
NOTIC: [8] Use of undefined constant uid - assumed 'uid' /var/www/html/coalball/Application/Home/Controller/IndexController.class.php 第 11 行.
SQL: SELECT `uid`,`username` FROM `cl_client`  [ RunTime:0.0002s ]
INFO: [ view_parse ] --START--
INFO: [ template_filter ] --START--
INFO: Run Behavior\ContentReplaceBehavior [ RunTime:0.000063s ]
INFO: [ template_filter ] --END-- [ RunTime:0.000143s ]
NOTIC: [8] Undefined index: img /var/www/html/coalball/Application/Runtime/Cache/Home/f324508a16a2d221eb71b92d9fd560ca.php 第 235 行.
NOTIC: [8] Undefined index: name /var/www/html/coalball/Application/Runtime/Cache/Home/f324508a16a2d221eb71b92d9fd560ca.php 第 238 行.
INFO: Run Behavior\ParseTemplateBehavior [ RunTime:0.009211s ]
INFO: [ view_parse ] --END-- [ RunTime:0.009264s ]
INFO: [ view_filter ] --START--
INFO: Run Behavior\WriteHtmlCacheBehavior [ RunTime:0.000171s ]
INFO: [ view_filter ] --END-- [ RunTime:0.000212s ]
NOTIC: [8] Undefined variable: testJson /var/www/html/coalball/Application/Home/Controller/IndexController.class.php 第 14 行.
INFO: [ app_end ] --START--
INFO: Run Behavior\ShowPageTraceBehavior [ RunTime:0.000602s ]
INFO: [ app_end ] --END-- [ RunTime:0.000643s ]

[ 2017-05-19T20:52:58+08:00 ] 117.136.66.241 /coalball/Home/Index/test
INFO: [ app_init ] --START--
INFO: Run Behavior\BuildLiteBehavior [ RunTime:0.000013s ]
INFO: [ app_init ] --END-- [ RunTime:0.000237s ]
INFO: [ app_begin ] --START--
INFO: Run Behavior\ReadHtmlCacheBehavior [ RunTime:0.000348s ]
INFO: [ app_begin ] --END-- [ RunTime:0.000392s ]
SQL: SHOW COLUMNS FROM `cl_xq` [ RunTime:0.0004s ]
SQL: SELECT * FROM `cl_xq` ORDER BY id desc  [ RunTime:0.0005s ]
INFO: [ app_end ] --START--
INFO: Run Behavior\ShowPageTraceBehavior [ RunTime:0.000409s ]
INFO: [ app_end ] --END-- [ RunTime:0.000465s ]

