[ 2017-05-21T00:38:17+08:00 ] 104.236.236.145 /coalball/index.php
INFO: [ app_init ] --START--
INFO: Run Behavior\BuildLiteBehavior [ RunTime:0.000019s ]
INFO: [ app_init ] --END-- [ RunTime:0.000364s ]
INFO: [ app_begin ] --START--
INFO: Run Behavior\ReadHtmlCacheBehavior [ RunTime:0.000417s ]
INFO: [ app_begin ] --END-- [ RunTime:0.000466s ]
SQL: SHOW COLUMNS FROM `cl_client` [ RunTime:0.0006s ]
NOTIC: [8] Use of undefined constant headimg - assumed 'headimg' /var/www/html/coalball/Application/Home/Controller/IndexController.class.php 第 11 行.
NOTIC: [8] Use of undefined constant uid - assumed 'uid' /var/www/html/coalball/Application/Home/Controller/IndexController.class.php 第 11 行.
SQL: SELECT `uid`,`username` FROM `cl_client`  [ RunTime:0.0002s ]
INFO: [ view_parse ] --START--
INFO: [ template_filter ] --START--
INFO: Run Behavior\ContentReplaceBehavior [ RunTime:0.000050s ]
INFO: [ template_filter ] --END-- [ RunTime:0.000106s ]
NOTIC: [8] Undefined index: img /var/www/html/coalball/Application/Runtime/Cache/Home/f324508a16a2d221eb71b92d9fd560ca.php 第 235 行.
NOTIC: [8] Undefined index: name /var/www/html/coalball/Application/Runtime/Cache/Home/f324508a16a2d221eb71b92d9fd560ca.php 第 238 行.
INFO: Run Behavior\ParseTemplateBehavior [ RunTime:0.009097s ]
INFO: [ view_parse ] --END-- [ RunTime:0.009160s ]
INFO: [ view_filter ] --START--
INFO: Run Behavior\WriteHtmlCacheBehavior [ RunTime:0.000156s ]
INFO: [ view_filter ] --END-- [ RunTime:0.000194s ]
NOTIC: [8] Undefined variable: testJson /var/www/html/coalball/Application/Home/Controller/IndexController.class.php 第 14 行.
INFO: [ app_end ] --START--
INFO: Run Behavior\ShowPageTraceBehavior [ RunTime:0.000355s ]
INFO: [ app_end ] --END-- [ RunTime:0.000394s ]

[ 2017-05-21T00:38:18+08:00 ] 104.236.236.145 /coalball/Home/Index/test
INFO: [ app_init ] --START--
INFO: Run Behavior\BuildLiteBehavior [ RunTime:0.000019s ]
INFO: [ app_init ] --END-- [ RunTime:0.000418s ]
INFO: [ app_begin ] --START--
INFO: Run Behavior\ReadHtmlCacheBehavior [ RunTime:0.000548s ]
INFO: [ app_begin ] --END-- [ RunTime:0.000601s ]
SQL: SHOW COLUMNS FROM `cl_xq` [ RunTime:0.0007s ]
SQL: SELECT * FROM `cl_xq` ORDER BY id desc  [ RunTime:0.0005s ]
INFO: [ app_end ] --START--
INFO: Run Behavior\ShowPageTraceBehavior [ RunTime:0.000459s ]
INFO: [ app_end ] --END-- [ RunTime:0.000508s ]

[ 2017-05-21T00:39:24+08:00 ] 104.236.236.145 /coalball/index.php
INFO: [ app_init ] --START--
INFO: Run Behavior\BuildLiteBehavior [ RunTime:0.000014s ]
INFO: [ app_init ] --END-- [ RunTime:0.000287s ]
INFO: [ app_begin ] --START--
INFO: Run Behavior\ReadHtmlCacheBehavior [ RunTime:0.000349s ]
INFO: [ app_begin ] --END-- [ RunTime:0.000396s ]
SQL: SHOW COLUMNS FROM `cl_client` [ RunTime:0.0005s ]
NOTIC: [8] Use of undefined constant headimg - assumed 'headimg' /var/www/html/coalball/Application/Home/Controller/IndexController.class.php 第 11 行.
NOTIC: [8] Use of undefined constant uid - assumed 'uid' /var/www/html/coalball/Application/Home/Controller/IndexController.class.php 第 11 行.
SQL: SELECT `uid`,`username` FROM `cl_client`  [ RunTime:0.0002s ]
INFO: [ view_parse ] --START--
INFO: [ template_filter ] --START--
INFO: Run Behavior\ContentReplaceBehavior [ RunTime:0.000041s ]
INFO: [ template_filter ] --END-- [ RunTime:0.000101s ]
NOTIC: [8] Undefined index: img /var/www/html/coalball/Application/Runtime/Cache/Home/f324508a16a2d221eb71b92d9fd560ca.php 第 235 行.
NOTIC: [8] Undefined index: name /var/www/html/coalball/Application/Runtime/Cache/Home/f324508a16a2d221eb71b92d9fd560ca.php 第 238 行.
INFO: Run Behavior\ParseTemplateBehavior [ RunTime:0.007345s ]
INFO: [ view_parse ] --END-- [ RunTime:0.007389s ]
INFO: [ view_filter ] --START--
INFO: Run Behavior\WriteHtmlCacheBehavior [ RunTime:0.000118s ]
INFO: [ view_filter ] --END-- [ RunTime:0.000145s ]
NOTIC: [8] Undefined variable: testJson /var/www/html/coalball/Application/Home/Controller/IndexController.class.php 第 14 行.
INFO: [ app_end ] --START--
INFO: Run Behavior\ShowPageTraceBehavior [ RunTime:0.000356s ]
INFO: [ app_end ] --END-- [ RunTime:0.000386s ]

[ 2017-05-21T00:39:26+08:00 ] 104.236.236.145 /coalball/Home/Index/test
INFO: [ app_init ] --START--
INFO: Run Behavior\BuildLiteBehavior [ RunTime:0.000020s ]
INFO: [ app_init ] --END-- [ RunTime:0.000352s ]
INFO: [ app_begin ] --START--
INFO: Run Behavior\ReadHtmlCacheBehavior [ RunTime:0.000460s ]
INFO: [ app_begin ] --END-- [ RunTime:0.000514s ]
SQL: SHOW COLUMNS FROM `cl_xq` [ RunTime:0.0005s ]
SQL: SELECT * FROM `cl_xq` ORDER BY id desc  [ RunTime:0.0005s ]
INFO: [ app_end ] --START--
INFO: Run Behavior\ShowPageTraceBehavior [ RunTime:0.000380s ]
INFO: [ app_end ] --END-- [ RunTime:0.000424s ]

[ 2017-05-21T08:05:05+08:00 ] 101.226.68.215 /coalball/index.php
INFO: [ app_init ] --START--
INFO: Run Behavior\BuildLiteBehavior [ RunTime:0.000018s ]
INFO: [ app_init ] --END-- [ RunTime:0.000372s ]
INFO: [ app_begin ] --START--
INFO: Run Behavior\ReadHtmlCacheBehavior [ RunTime:0.000453s ]
INFO: [ app_begin ] --END-- [ RunTime:0.000515s ]
SQL: SHOW COLUMNS FROM `cl_client` [ RunTime:0.0006s ]
NOTIC: [8] Use of undefined constant headimg - assumed 'headimg' /var/www/html/coalball/Application/Home/Controller/IndexController.class.php 第 11 行.
NOTIC: [8] Use of undefined constant uid - assumed 'uid' /var/www/html/coalball/Application/Home/Controller/IndexController.class.php 第 11 行.
SQL: SELECT `uid`,`username` FROM `cl_client`  [ RunTime:0.0002s ]
INFO: [ view_parse ] --START--
INFO: [ template_filter ] --START--
INFO: Run Behavior\ContentReplaceBehavior [ RunTime:0.000075s ]
INFO: [ template_filter ] --END-- [ RunTime:0.000160s ]
NOTIC: [8] Undefined index: img /var/www/html/coalball/Application/Runtime/Cache/Home/f324508a16a2d221eb71b92d9fd560ca.php 第 235 行.
NOTIC: [8] Undefined index: name /var/www/html/coalball/Application/Runtime/Cache/Home/f324508a16a2d221eb71b92d9fd560ca.php 第 238 行.
INFO: Run Behavior\ParseTemplateBehavior [ RunTime:0.010261s ]
INFO: [ view_parse ] --END-- [ RunTime:0.010615s ]
INFO: [ view_filter ] --START--
INFO: Run Behavior\WriteHtmlCacheBehavior [ RunTime:0.000169s ]
INFO: [ view_filter ] --END-- [ RunTime:0.000211s ]
NOTIC: [8] Undefined variable: testJson /var/www/html/coalball/Application/Home/Controller/IndexController.class.php 第 14 行.
INFO: [ app_end ] --START--
INFO: Run Behavior\ShowPageTraceBehavior [ RunTime:0.000509s ]
INFO: [ app_end ] --END-- [ RunTime:0.000562s ]

[ 2017-05-21T14:02:32+08:00 ] 104.236.236.145 /coalball/index.php
INFO: [ app_init ] --START--
INFO: Run Behavior\BuildLiteBehavior [ RunTime:0.000019s ]
INFO: [ app_init ] --END-- [ RunTime:0.000337s ]
INFO: [ app_begin ] --START--
INFO: Run Behavior\ReadHtmlCacheBehavior [ RunTime:0.000470s ]
INFO: [ app_begin ] --END-- [ RunTime:0.000525s ]
SQL: SHOW COLUMNS FROM `cl_client` [ RunTime:0.0005s ]
NOTIC: [8] Use of undefined constant headimg - assumed 'headimg' /var/www/html/coalball/Application/Home/Controller/IndexController.class.php 第 11 行.
NOTIC: [8] Use of undefined constant uid - assumed 'uid' /var/www/html/coalball/Application/Home/Controller/IndexController.class.php 第 11 行.
SQL: SELECT `uid`,`username` FROM `cl_client`  [ RunTime:0.0002s ]
INFO: [ view_parse ] --START--
INFO: [ template_filter ] --START--
INFO: Run Behavior\ContentReplaceBehavior [ RunTime:0.000043s ]
INFO: [ template_filter ] --END-- [ RunTime:0.000106s ]
NOTIC: [8] Undefined index: img /var/www/html/coalball/Application/Runtime/Cache/Home/f324508a16a2d221eb71b92d9fd560ca.php 第 235 行.
NOTIC: [8] Undefined index: name /var/www/html/coalball/Application/Runtime/Cache/Home/f324508a16a2d221eb71b92d9fd560ca.php 第 238 行.
INFO: Run Behavior\ParseTemplateBehavior [ RunTime:0.006539s ]
INFO: [ view_parse ] --END-- [ RunTime:0.006582s ]
INFO: [ view_filter ] --START--
INFO: Run Behavior\WriteHtmlCacheBehavior [ RunTime:0.000126s ]
INFO: [ view_filter ] --END-- [ RunTime:0.000160s ]
NOTIC: [8] Undefined variable: testJson /var/www/html/coalball/Application/Home/Controller/IndexController.class.php 第 14 行.
INFO: [ app_end ] --START--
INFO: Run Behavior\ShowPageTraceBehavior [ RunTime:0.000339s ]
INFO: [ app_end ] --END-- [ RunTime:0.000371s ]

[ 2017-05-21T14:02:43+08:00 ] 104.236.236.145 /coalball/Home/Index/test
INFO: [ app_init ] --START--
INFO: Run Behavior\BuildLiteBehavior [ RunTime:0.000017s ]
INFO: [ app_init ] --END-- [ RunTime:0.000328s ]
INFO: [ app_begin ] --START--
INFO: Run Behavior\ReadHtmlCacheBehavior [ RunTime:0.000400s ]
INFO: [ app_begin ] --END-- [ RunTime:0.000445s ]
SQL: SHOW COLUMNS FROM `cl_xq` [ RunTime:0.0007s ]
SQL: SELECT * FROM `cl_xq` ORDER BY id desc  [ RunTime:0.0006s ]
INFO: [ app_end ] --START--
INFO: Run Behavior\ShowPageTraceBehavior [ RunTime:0.000625s ]
INFO: [ app_end ] --END-- [ RunTime:0.000695s ]

[ 2017-05-21T17:32:12+08:00 ] 101.226.68.215 /coalball/Home/Index/test
INFO: [ app_init ] --START--
INFO: Run Behavior\BuildLiteBehavior [ RunTime:0.000019s ]
INFO: [ app_init ] --END-- [ RunTime:0.000391s ]
INFO: [ app_begin ] --START--
INFO: Run Behavior\ReadHtmlCacheBehavior [ RunTime:0.000453s ]
INFO: [ app_begin ] --END-- [ RunTime:0.000506s ]
SQL: SHOW COLUMNS FROM `cl_xq` [ RunTime:0.0005s ]
SQL: SELECT * FROM `cl_xq` ORDER BY id desc  [ RunTime:0.0005s ]
INFO: [ app_end ] --START--
INFO: Run Behavior\ShowPageTraceBehavior [ RunTime:0.000467s ]
INFO: [ app_end ] --END-- [ RunTime:0.000519s ]

[ 2017-05-21T18:42:41+08:00 ] 36.149.27.243 /coalball/index.php
INFO: [ app_init ] --START--
INFO: Run Behavior\BuildLiteBehavior [ RunTime:0.000020s ]
INFO: [ app_init ] --END-- [ RunTime:0.000374s ]
INFO: [ app_begin ] --START--
INFO: Run Behavior\ReadHtmlCacheBehavior [ RunTime:0.000460s ]
INFO: [ app_begin ] --END-- [ RunTime:0.000516s ]
SQL: SHOW COLUMNS FROM `cl_client` [ RunTime:0.0008s ]
NOTIC: [8] Use of undefined constant headimg - assumed 'headimg' /var/www/html/coalball/Application/Home/Controller/IndexController.class.php 第 11 行.
NOTIC: [8] Use of undefined constant uid - assumed 'uid' /var/www/html/coalball/Application/Home/Controller/IndexController.class.php 第 11 行.
SQL: SELECT `uid`,`username` FROM `cl_client`  [ RunTime:0.0002s ]
INFO: [ view_parse ] --START--
INFO: [ template_filter ] --START--
INFO: Run Behavior\ContentReplaceBehavior [ RunTime:0.000071s ]
INFO: [ template_filter ] --END-- [ RunTime:0.000180s ]
NOTIC: [8] Undefined index: img /var/www/html/coalball/Application/Runtime/Cache/Home/f324508a16a2d221eb71b92d9fd560ca.php 第 235 行.
NOTIC: [8] Undefined index: name /var/www/html/coalball/Application/Runtime/Cache/Home/f324508a16a2d221eb71b92d9fd560ca.php 第 238 行.
INFO: Run Behavior\ParseTemplateBehavior [ RunTime:0.012175s ]
INFO: [ view_parse ] --END-- [ RunTime:0.012238s ]
INFO: [ view_filter ] --START--
INFO: Run Behavior\WriteHtmlCacheBehavior [ RunTime:0.000260s ]
INFO: [ view_filter ] --END-- [ RunTime:0.000305s ]
NOTIC: [8] Undefined variable: testJson /var/www/html/coalball/Application/Home/Controller/IndexController.class.php 第 14 行.
INFO: [ app_end ] --START--
INFO: Run Behavior\ShowPageTraceBehavior [ RunTime:0.000524s ]
INFO: [ app_end ] --END-- [ RunTime:0.000574s ]

[ 2017-05-21T18:42:43+08:00 ] 36.149.27.243 /coalball/Home/Index/test
INFO: [ app_init ] --START--
INFO: Run Behavior\BuildLiteBehavior [ RunTime:0.000013s ]
INFO: [ app_init ] --END-- [ RunTime:0.000292s ]
INFO: [ app_begin ] --START--
INFO: Run Behavior\ReadHtmlCacheBehavior [ RunTime:0.000412s ]
INFO: [ app_begin ] --END-- [ RunTime:0.000459s ]
SQL: SHOW COLUMNS FROM `cl_xq` [ RunTime:0.0005s ]
SQL: SELECT * FROM `cl_xq` ORDER BY id desc  [ RunTime:0.0004s ]
INFO: [ app_end ] --START--
INFO: Run Behavior\ShowPageTraceBehavior [ RunTime:0.000442s ]
INFO: [ app_end ] --END-- [ RunTime:0.000494s ]

[ 2017-05-21T18:42:49+08:00 ] 36.149.27.243 /coalball/index.php
INFO: [ app_init ] --START--
INFO: Run Behavior\BuildLiteBehavior [ RunTime:0.000016s ]
INFO: [ app_init ] --END-- [ RunTime:0.000318s ]
INFO: [ app_begin ] --START--
INFO: Run Behavior\ReadHtmlCacheBehavior [ RunTime:0.000496s ]
INFO: [ app_begin ] --END-- [ RunTime:0.000554s ]
SQL: SHOW COLUMNS FROM `cl_client` [ RunTime:0.0006s ]
NOTIC: [8] Use of undefined constant headimg - assumed 'headimg' /var/www/html/coalball/Application/Home/Controller/IndexController.class.php 第 11 行.
NOTIC: [8] Use of undefined constant uid - assumed 'uid' /var/www/html/coalball/Application/Home/Controller/IndexController.class.php 第 11 行.
SQL: SELECT `uid`,`username` FROM `cl_client`  [ RunTime:0.0003s ]
INFO: [ view_parse ] --START--
INFO: [ template_filter ] --START--
INFO: Run Behavior\ContentReplaceBehavior [ RunTime:0.000045s ]
INFO: [ template_filter ] --END-- [ RunTime:0.000108s ]
NOTIC: [8] Undefined index: img /var/www/html/coalball/Application/Runtime/Cache/Home/f324508a16a2d221eb71b92d9fd560ca.php 第 235 行.
NOTIC: [8] Undefined index: name /var/www/html/coalball/Application/Runtime/Cache/Home/f324508a16a2d221eb71b92d9fd560ca.php 第 238 行.
INFO: Run Behavior\ParseTemplateBehavior [ RunTime:0.008260s ]
INFO: [ view_parse ] --END-- [ RunTime:0.008300s ]
INFO: [ view_filter ] --START--
INFO: Run Behavior\WriteHtmlCacheBehavior [ RunTime:0.000170s ]
INFO: [ view_filter ] --END-- [ RunTime:0.000206s ]
NOTIC: [8] Undefined variable: testJson /var/www/html/coalball/Application/Home/Controller/IndexController.class.php 第 14 行.
INFO: [ app_end ] --START--
INFO: Run Behavior\ShowPageTraceBehavior [ RunTime:0.000437s ]
INFO: [ app_end ] --END-- [ RunTime:0.000476s ]

[ 2017-05-21T18:43:14+08:00 ] 36.149.155.243 /coalball/Home/Index/test
INFO: [ app_init ] --START--
INFO: Run Behavior\BuildLiteBehavior [ RunTime:0.000032s ]
INFO: [ app_init ] --END-- [ RunTime:0.000363s ]
INFO: [ app_begin ] --START--
INFO: Run Behavior\ReadHtmlCacheBehavior [ RunTime:0.000467s ]
INFO: [ app_begin ] --END-- [ RunTime:0.000521s ]
SQL: SHOW COLUMNS FROM `cl_xq` [ RunTime:0.0008s ]
SQL: SELECT * FROM `cl_xq` ORDER BY id desc  [ RunTime:0.0007s ]
INFO: [ app_end ] --START--
INFO: Run Behavior\ShowPageTraceBehavior [ RunTime:0.000563s ]
INFO: [ app_end ] --END-- [ RunTime:0.000622s ]

[ 2017-05-21T21:33:58+08:00 ] 183.57.53.222 /coalball/Home/Index/test
INFO: [ app_init ] --START--
INFO: Run Behavior\BuildLiteBehavior [ RunTime:0.000013s ]
INFO: [ app_init ] --END-- [ RunTime:0.000239s ]
INFO: [ app_begin ] --START--
INFO: Run Behavior\ReadHtmlCacheBehavior [ RunTime:0.000303s ]
INFO: [ app_begin ] --END-- [ RunTime:0.000339s ]
SQL: SHOW COLUMNS FROM `cl_xq` [ RunTime:0.0005s ]
SQL: SELECT * FROM `cl_xq` ORDER BY id desc  [ RunTime:0.0004s ]
INFO: [ app_end ] --START--
INFO: Run Behavior\ShowPageTraceBehavior [ RunTime:0.000349s ]
INFO: [ app_end ] --END-- [ RunTime:0.000389s ]

