[ 2017-05-17T17:42:56+08:00 ] 36.149.27.98 /coalball/index.php
INFO: [ app_init ] --START--
INFO: Run Behavior\BuildLiteBehavior [ RunTime:0.000013s ]
INFO: [ app_init ] --END-- [ RunTime:0.000249s ]
INFO: [ app_begin ] --START--
INFO: Run Behavior\ReadHtmlCacheBehavior [ RunTime:0.000273s ]
INFO: [ app_begin ] --END-- [ RunTime:0.000307s ]
SQL: SHOW COLUMNS FROM `cl_client` [ RunTime:0.0004s ]
NOTIC: [8] Use of undefined constant headimg - assumed 'headimg' /var/www/html/coalball/Application/Home/Controller/IndexController.class.php 第 11 行.
NOTIC: [8] Use of undefined constant uid - assumed 'uid' /var/www/html/coalball/Application/Home/Controller/IndexController.class.php 第 11 行.
SQL: SELECT `uid`,`username` FROM `cl_client`  [ RunTime:0.0002s ]
INFO: [ view_parse ] --START--
INFO: [ template_filter ] --START--
INFO: Run Behavior\ContentReplaceBehavior [ RunTime:0.000061s ]
INFO: [ template_filter ] --END-- [ RunTime:0.000127s ]
NOTIC: [8] Undefined index: img /var/www/html/coalball/Application/Runtime/Cache/Home/f324508a16a2d221eb71b92d9fd560ca.php 第 193 行.
INFO: Run Behavior\ParseTemplateBehavior [ RunTime:0.007544s ]
INFO: [ view_parse ] --END-- [ RunTime:0.007583s ]
INFO: [ view_filter ] --START--
INFO: Run Behavior\WriteHtmlCacheBehavior [ RunTime:0.000165s ]
INFO: [ view_filter ] --END-- [ RunTime:0.000205s ]
NOTIC: [8] Undefined variable: testJson /var/www/html/coalball/Application/Home/Controller/IndexController.class.php 第 14 行.
INFO: [ app_end ] --START--
INFO: Run Behavior\ShowPageTraceBehavior [ RunTime:0.000342s ]
INFO: [ app_end ] --END-- [ RunTime:0.000374s ]

[ 2017-05-17T17:42:57+08:00 ] 36.149.27.98 /coalball/Home/Index/test
INFO: [ app_init ] --START--
INFO: Run Behavior\BuildLiteBehavior [ RunTime:0.000019s ]
INFO: [ app_init ] --END-- [ RunTime:0.000353s ]
INFO: [ app_begin ] --START--
INFO: Run Behavior\ReadHtmlCacheBehavior [ RunTime:0.000474s ]
INFO: [ app_begin ] --END-- [ RunTime:0.000526s ]
SQL: SHOW COLUMNS FROM `cl_xq` [ RunTime:0.0006s ]
SQL: SELECT * FROM `cl_xq` ORDER BY id desc  [ RunTime:0.0005s ]
INFO: [ app_end ] --START--
INFO: Run Behavior\ShowPageTraceBehavior [ RunTime:0.000486s ]
INFO: [ app_end ] --END-- [ RunTime:0.000540s ]

[ 2017-05-17T20:41:22+08:00 ] 183.57.53.177 /coalball/index.php
INFO: [ app_init ] --START--
INFO: Run Behavior\BuildLiteBehavior [ RunTime:0.000018s ]
INFO: [ app_init ] --END-- [ RunTime:0.000318s ]
INFO: [ app_begin ] --START--
INFO: Run Behavior\ReadHtmlCacheBehavior [ RunTime:0.000400s ]
INFO: [ app_begin ] --END-- [ RunTime:0.000459s ]
SQL: SHOW COLUMNS FROM `cl_client` [ RunTime:0.0006s ]
NOTIC: [8] Use of undefined constant headimg - assumed 'headimg' /var/www/html/coalball/Application/Home/Controller/IndexController.class.php 第 11 行.
NOTIC: [8] Use of undefined constant uid - assumed 'uid' /var/www/html/coalball/Application/Home/Controller/IndexController.class.php 第 11 行.
SQL: SELECT `uid`,`username` FROM `cl_client`  [ RunTime:0.0002s ]
INFO: [ view_parse ] --START--
INFO: [ template_filter ] --START--
INFO: Run Behavior\ContentReplaceBehavior [ RunTime:0.000064s ]
INFO: [ template_filter ] --END-- [ RunTime:0.000139s ]
NOTIC: [8] Undefined index: img /var/www/html/coalball/Application/Runtime/Cache/Home/f324508a16a2d221eb71b92d9fd560ca.php 第 193 行.
INFO: Run Behavior\ParseTemplateBehavior [ RunTime:0.009089s ]
INFO: [ view_parse ] --END-- [ RunTime:0.009138s ]
INFO: [ view_filter ] --START--
INFO: Run Behavior\WriteHtmlCacheBehavior [ RunTime:0.000158s ]
INFO: [ view_filter ] --END-- [ RunTime:0.000198s ]
NOTIC: [8] Undefined variable: testJson /var/www/html/coalball/Application/Home/Controller/IndexController.class.php 第 14 行.
INFO: [ app_end ] --START--
INFO: Run Behavior\ShowPageTraceBehavior [ RunTime:0.000485s ]
INFO: [ app_end ] --END-- [ RunTime:0.000536s ]

