[ 2017-05-06T09:54:27+08:00 ] 36.149.155.64 /coalball/index.php
INFO: [ app_init ] --START--
INFO: Run Behavior\BuildLiteBehavior [ RunTime:0.000019s ]
INFO: [ app_init ] --END-- [ RunTime:0.000355s ]
INFO: [ app_begin ] --START--
INFO: Run Behavior\ReadHtmlCacheBehavior [ RunTime:0.000423s ]
INFO: [ app_begin ] --END-- [ RunTime:0.000473s ]
SQL: SHOW COLUMNS FROM `cl_client` [ RunTime:0.0007s ]
NOTIC: [8] Use of undefined constant headimg - assumed 'headimg' /var/www/html/coalball/Application/Home/Controller/IndexController.class.php 第 11 行.
NOTIC: [8] Use of undefined constant uid - assumed 'uid' /var/www/html/coalball/Application/Home/Controller/IndexController.class.php 第 11 行.
SQL: SELECT `uid`,`username` FROM `cl_client`  [ RunTime:0.0002s ]
INFO: [ view_parse ] --START--
INFO: [ template_filter ] --START--
INFO: Run Behavior\ContentReplaceBehavior [ RunTime:0.000063s ]
INFO: [ template_filter ] --END-- [ RunTime:0.000138s ]
NOTIC: [8] Undefined index: img /var/www/html/coalball/Application/Runtime/Cache/Home/f324508a16a2d221eb71b92d9fd560ca.php 第 193 行.
INFO: Run Behavior\ParseTemplateBehavior [ RunTime:0.009706s ]
INFO: [ view_parse ] --END-- [ RunTime:0.009752s ]
INFO: [ view_filter ] --START--
INFO: Run Behavior\WriteHtmlCacheBehavior [ RunTime:0.000155s ]
INFO: [ view_filter ] --END-- [ RunTime:0.000338s ]
NOTIC: [8] Undefined variable: testJson /var/www/html/coalball/Application/Home/Controller/IndexController.class.php 第 14 行.
INFO: [ app_end ] --START--
INFO: Run Behavior\ShowPageTraceBehavior [ RunTime:0.000481s ]
INFO: [ app_end ] --END-- [ RunTime:0.000530s ]

[ 2017-05-06T10:43:40+08:00 ] 104.236.236.145 /coalball/index.php
INFO: [ app_init ] --START--
INFO: Run Behavior\BuildLiteBehavior [ RunTime:0.000017s ]
INFO: [ app_init ] --END-- [ RunTime:0.000276s ]
INFO: [ app_begin ] --START--
INFO: Run Behavior\ReadHtmlCacheBehavior [ RunTime:0.000430s ]
INFO: [ app_begin ] --END-- [ RunTime:0.000474s ]
SQL: SHOW COLUMNS FROM `cl_client` [ RunTime:0.0008s ]
NOTIC: [8] Use of undefined constant headimg - assumed 'headimg' /var/www/html/coalball/Application/Home/Controller/IndexController.class.php 第 11 行.
NOTIC: [8] Use of undefined constant uid - assumed 'uid' /var/www/html/coalball/Application/Home/Controller/IndexController.class.php 第 11 行.
SQL: SELECT `uid`,`username` FROM `cl_client`  [ RunTime:0.0003s ]
INFO: [ view_parse ] --START--
INFO: [ template_filter ] --START--
INFO: Run Behavior\ContentReplaceBehavior [ RunTime:0.000067s ]
INFO: [ template_filter ] --END-- [ RunTime:0.000151s ]
NOTIC: [8] Undefined index: img /var/www/html/coalball/Application/Runtime/Cache/Home/f324508a16a2d221eb71b92d9fd560ca.php 第 193 行.
INFO: Run Behavior\ParseTemplateBehavior [ RunTime:0.008953s ]
INFO: [ view_parse ] --END-- [ RunTime:0.009022s ]
INFO: [ view_filter ] --START--
INFO: Run Behavior\WriteHtmlCacheBehavior [ RunTime:0.000239s ]
INFO: [ view_filter ] --END-- [ RunTime:0.000295s ]
NOTIC: [8] Undefined variable: testJson /var/www/html/coalball/Application/Home/Controller/IndexController.class.php 第 14 行.
INFO: [ app_end ] --START--
INFO: Run Behavior\ShowPageTraceBehavior [ RunTime:0.000726s ]
INFO: [ app_end ] --END-- [ RunTime:0.001222s ]

[ 2017-05-06T10:48:58+08:00 ] 104.236.236.145 /coalball/index.php
INFO: [ app_init ] --START--
INFO: Run Behavior\BuildLiteBehavior [ RunTime:0.000019s ]
INFO: [ app_init ] --END-- [ RunTime:0.000416s ]
INFO: [ app_begin ] --START--
INFO: Run Behavior\ReadHtmlCacheBehavior [ RunTime:0.000523s ]
INFO: [ app_begin ] --END-- [ RunTime:0.000608s ]
SQL: SHOW COLUMNS FROM `cl_client` [ RunTime:0.0006s ]
NOTIC: [8] Use of undefined constant headimg - assumed 'headimg' /var/www/html/coalball/Application/Home/Controller/IndexController.class.php 第 11 行.
NOTIC: [8] Use of undefined constant uid - assumed 'uid' /var/www/html/coalball/Application/Home/Controller/IndexController.class.php 第 11 行.
SQL: SELECT `uid`,`username` FROM `cl_client`  [ RunTime:0.0002s ]
INFO: [ view_parse ] --START--
INFO: [ template_filter ] --START--
INFO: Run Behavior\ContentReplaceBehavior [ RunTime:0.000048s ]
INFO: [ template_filter ] --END-- [ RunTime:0.000104s ]
NOTIC: [8] Undefined index: img /var/www/html/coalball/Application/Runtime/Cache/Home/f324508a16a2d221eb71b92d9fd560ca.php 第 193 行.
INFO: Run Behavior\ParseTemplateBehavior [ RunTime:0.007385s ]
INFO: [ view_parse ] --END-- [ RunTime:0.007458s ]
INFO: [ view_filter ] --START--
INFO: Run Behavior\WriteHtmlCacheBehavior [ RunTime:0.000137s ]
INFO: [ view_filter ] --END-- [ RunTime:0.000180s ]
NOTIC: [8] Undefined variable: testJson /var/www/html/coalball/Application/Home/Controller/IndexController.class.php 第 14 行.
INFO: [ app_end ] --START--
INFO: Run Behavior\ShowPageTraceBehavior [ RunTime:0.000473s ]
INFO: [ app_end ] --END-- [ RunTime:0.000520s ]

[ 2017-05-06T10:49:02+08:00 ] 104.236.236.145 /coalball/Home/Index/test
INFO: [ app_init ] --START--
INFO: Run Behavior\BuildLiteBehavior [ RunTime:0.000021s ]
INFO: [ app_init ] --END-- [ RunTime:0.000330s ]
INFO: [ app_begin ] --START--
INFO: Run Behavior\ReadHtmlCacheBehavior [ RunTime:0.000427s ]
INFO: [ app_begin ] --END-- [ RunTime:0.000497s ]
SQL: SHOW COLUMNS FROM `cl_xq` [ RunTime:0.0007s ]
SQL: SELECT * FROM `cl_xq` ORDER BY id desc  [ RunTime:0.0006s ]
INFO: [ app_end ] --START--
INFO: Run Behavior\ShowPageTraceBehavior [ RunTime:0.000573s ]
INFO: [ app_end ] --END-- [ RunTime:0.000667s ]

[ 2017-05-06T11:54:36+08:00 ] 101.226.64.174 /coalball/index.php
INFO: [ app_init ] --START--
INFO: Run Behavior\BuildLiteBehavior [ RunTime:0.000022s ]
INFO: [ app_init ] --END-- [ RunTime:0.000363s ]
INFO: [ app_begin ] --START--
INFO: Run Behavior\ReadHtmlCacheBehavior [ RunTime:0.000530s ]
INFO: [ app_begin ] --END-- [ RunTime:0.000598s ]
SQL: SHOW COLUMNS FROM `cl_client` [ RunTime:0.0005s ]
NOTIC: [8] Use of undefined constant headimg - assumed 'headimg' /var/www/html/coalball/Application/Home/Controller/IndexController.class.php 第 11 行.
NOTIC: [8] Use of undefined constant uid - assumed 'uid' /var/www/html/coalball/Application/Home/Controller/IndexController.class.php 第 11 行.
SQL: SELECT `uid`,`username` FROM `cl_client`  [ RunTime:0.0002s ]
INFO: [ view_parse ] --START--
INFO: [ template_filter ] --START--
INFO: Run Behavior\ContentReplaceBehavior [ RunTime:0.000070s ]
INFO: [ template_filter ] --END-- [ RunTime:0.000146s ]
NOTIC: [8] Undefined index: img /var/www/html/coalball/Application/Runtime/Cache/Home/f324508a16a2d221eb71b92d9fd560ca.php 第 193 行.
INFO: Run Behavior\ParseTemplateBehavior [ RunTime:0.010479s ]
INFO: [ view_parse ] --END-- [ RunTime:0.010540s ]
INFO: [ view_filter ] --START--
INFO: Run Behavior\WriteHtmlCacheBehavior [ RunTime:0.000160s ]
INFO: [ view_filter ] --END-- [ RunTime:0.000200s ]
NOTIC: [8] Undefined variable: testJson /var/www/html/coalball/Application/Home/Controller/IndexController.class.php 第 14 行.
INFO: [ app_end ] --START--
INFO: Run Behavior\ShowPageTraceBehavior [ RunTime:0.000483s ]
INFO: [ app_end ] --END-- [ RunTime:0.000532s ]

[ 2017-05-06T20:39:11+08:00 ] 180.153.214.178 /coalball/index.php
INFO: [ app_init ] --START--
INFO: Run Behavior\BuildLiteBehavior [ RunTime:0.000013s ]
INFO: [ app_init ] --END-- [ RunTime:0.000246s ]
INFO: [ app_begin ] --START--
INFO: Run Behavior\ReadHtmlCacheBehavior [ RunTime:0.000355s ]
INFO: [ app_begin ] --END-- [ RunTime:0.000400s ]
SQL: SHOW COLUMNS FROM `cl_client` [ RunTime:0.0005s ]
NOTIC: [8] Use of undefined constant headimg - assumed 'headimg' /var/www/html/coalball/Application/Home/Controller/IndexController.class.php 第 11 行.
NOTIC: [8] Use of undefined constant uid - assumed 'uid' /var/www/html/coalball/Application/Home/Controller/IndexController.class.php 第 11 行.
SQL: SELECT `uid`,`username` FROM `cl_client`  [ RunTime:0.0002s ]
INFO: [ view_parse ] --START--
INFO: [ template_filter ] --START--
INFO: Run Behavior\ContentReplaceBehavior [ RunTime:0.000063s ]
INFO: [ template_filter ] --END-- [ RunTime:0.000141s ]
NOTIC: [8] Undefined index: img /var/www/html/coalball/Application/Runtime/Cache/Home/f324508a16a2d221eb71b92d9fd560ca.php 第 193 行.
INFO: Run Behavior\ParseTemplateBehavior [ RunTime:0.010264s ]
INFO: [ view_parse ] --END-- [ RunTime:0.010331s ]
INFO: [ view_filter ] --START--
INFO: Run Behavior\WriteHtmlCacheBehavior [ RunTime:0.000172s ]
INFO: [ view_filter ] --END-- [ RunTime:0.000214s ]
NOTIC: [8] Undefined variable: testJson /var/www/html/coalball/Application/Home/Controller/IndexController.class.php 第 14 行.
INFO: [ app_end ] --START--
INFO: Run Behavior\ShowPageTraceBehavior [ RunTime:0.000495s ]
INFO: [ app_end ] --END-- [ RunTime:0.000547s ]

[ 2017-05-06T20:40:32+08:00 ] 117.136.68.208 /coalball/index.php
INFO: [ app_init ] --START--
INFO: Run Behavior\BuildLiteBehavior [ RunTime:0.000019s ]
INFO: [ app_init ] --END-- [ RunTime:0.000338s ]
INFO: [ app_begin ] --START--
INFO: Run Behavior\ReadHtmlCacheBehavior [ RunTime:0.000433s ]
INFO: [ app_begin ] --END-- [ RunTime:0.001021s ]
SQL: SHOW COLUMNS FROM `cl_client` [ RunTime:0.0006s ]
NOTIC: [8] Use of undefined constant headimg - assumed 'headimg' /var/www/html/coalball/Application/Home/Controller/IndexController.class.php 第 11 行.
NOTIC: [8] Use of undefined constant uid - assumed 'uid' /var/www/html/coalball/Application/Home/Controller/IndexController.class.php 第 11 行.
SQL: SELECT `uid`,`username` FROM `cl_client`  [ RunTime:0.0004s ]
INFO: [ view_parse ] --START--
INFO: [ template_filter ] --START--
INFO: Run Behavior\ContentReplaceBehavior [ RunTime:0.000084s ]
INFO: [ template_filter ] --END-- [ RunTime:0.000182s ]
NOTIC: [8] Undefined index: img /var/www/html/coalball/Application/Runtime/Cache/Home/f324508a16a2d221eb71b92d9fd560ca.php 第 193 行.
INFO: Run Behavior\ParseTemplateBehavior [ RunTime:0.009706s ]
INFO: [ view_parse ] --END-- [ RunTime:0.009757s ]
INFO: [ view_filter ] --START--
INFO: Run Behavior\WriteHtmlCacheBehavior [ RunTime:0.000323s ]
INFO: [ view_filter ] --END-- [ RunTime:0.000370s ]
NOTIC: [8] Undefined variable: testJson /var/www/html/coalball/Application/Home/Controller/IndexController.class.php 第 14 行.
INFO: [ app_end ] --START--
INFO: Run Behavior\ShowPageTraceBehavior [ RunTime:0.000581s ]
INFO: [ app_end ] --END-- [ RunTime:0.000669s ]

[ 2017-05-06T20:40:34+08:00 ] 117.136.68.208 /coalball/Home/Index/test
INFO: [ app_init ] --START--
INFO: Run Behavior\BuildLiteBehavior [ RunTime:0.000016s ]
INFO: [ app_init ] --END-- [ RunTime:0.000279s ]
INFO: [ app_begin ] --START--
INFO: Run Behavior\ReadHtmlCacheBehavior [ RunTime:0.000338s ]
INFO: [ app_begin ] --END-- [ RunTime:0.000381s ]
SQL: SHOW COLUMNS FROM `cl_xq` [ RunTime:0.0019s ]
SQL: SELECT * FROM `cl_xq` ORDER BY id desc  [ RunTime:0.0007s ]
INFO: [ app_end ] --START--
INFO: Run Behavior\ShowPageTraceBehavior [ RunTime:0.000610s ]
INFO: [ app_end ] --END-- [ RunTime:0.000674s ]

[ 2017-05-06T20:40:39+08:00 ] 117.136.68.208 /coalball/index.php
INFO: [ app_init ] --START--
INFO: Run Behavior\BuildLiteBehavior [ RunTime:0.000019s ]
INFO: [ app_init ] --END-- [ RunTime:0.000341s ]
INFO: [ app_begin ] --START--
INFO: Run Behavior\ReadHtmlCacheBehavior [ RunTime:0.000428s ]
INFO: [ app_begin ] --END-- [ RunTime:0.000480s ]
SQL: SHOW COLUMNS FROM `cl_client` [ RunTime:0.0005s ]
NOTIC: [8] Use of undefined constant headimg - assumed 'headimg' /var/www/html/coalball/Application/Home/Controller/IndexController.class.php 第 11 行.
NOTIC: [8] Use of undefined constant uid - assumed 'uid' /var/www/html/coalball/Application/Home/Controller/IndexController.class.php 第 11 行.
SQL: SELECT `uid`,`username` FROM `cl_client`  [ RunTime:0.0002s ]
INFO: [ view_parse ] --START--
INFO: [ template_filter ] --START--
INFO: Run Behavior\ContentReplaceBehavior [ RunTime:0.000053s ]
INFO: [ template_filter ] --END-- [ RunTime:0.000119s ]
NOTIC: [8] Undefined index: img /var/www/html/coalball/Application/Runtime/Cache/Home/f324508a16a2d221eb71b92d9fd560ca.php 第 193 行.
INFO: Run Behavior\ParseTemplateBehavior [ RunTime:0.007170s ]
INFO: [ view_parse ] --END-- [ RunTime:0.007221s ]
INFO: [ view_filter ] --START--
INFO: Run Behavior\WriteHtmlCacheBehavior [ RunTime:0.000193s ]
INFO: [ view_filter ] --END-- [ RunTime:0.000235s ]
NOTIC: [8] Undefined variable: testJson /var/www/html/coalball/Application/Home/Controller/IndexController.class.php 第 14 行.
INFO: [ app_end ] --START--
INFO: Run Behavior\ShowPageTraceBehavior [ RunTime:0.000390s ]
INFO: [ app_end ] --END-- [ RunTime:0.000426s ]

[ 2017-05-06T20:40:45+08:00 ] 117.136.68.208 /coalball/Home/Index/test
INFO: [ app_init ] --START--
INFO: Run Behavior\BuildLiteBehavior [ RunTime:0.000020s ]
INFO: [ app_init ] --END-- [ RunTime:0.000395s ]
INFO: [ app_begin ] --START--
INFO: Run Behavior\ReadHtmlCacheBehavior [ RunTime:0.000525s ]
INFO: [ app_begin ] --END-- [ RunTime:0.000574s ]
SQL: SHOW COLUMNS FROM `cl_xq` [ RunTime:0.0007s ]
SQL: SELECT * FROM `cl_xq` ORDER BY id desc  [ RunTime:0.0006s ]
INFO: [ app_end ] --START--
INFO: Run Behavior\ShowPageTraceBehavior [ RunTime:0.000557s ]
INFO: [ app_end ] --END-- [ RunTime:0.000654s ]

