[ 2017-05-20T09:11:51+08:00 ] 36.149.27.243 /coalball/index.php
INFO: [ app_init ] --START--
INFO: Run Behavior\BuildLiteBehavior [ RunTime:0.000014s ]
INFO: [ app_init ] --END-- [ RunTime:0.000237s ]
INFO: [ app_begin ] --START--
INFO: Run Behavior\ReadHtmlCacheBehavior [ RunTime:0.000279s ]
INFO: [ app_begin ] --END-- [ RunTime:0.000321s ]
SQL: SHOW COLUMNS FROM `cl_client` [ RunTime:0.0004s ]
NOTIC: [8] Use of undefined constant headimg - assumed 'headimg' /var/www/html/coalball/Application/Home/Controller/IndexController.class.php 第 11 行.
NOTIC: [8] Use of undefined constant uid - assumed 'uid' /var/www/html/coalball/Application/Home/Controller/IndexController.class.php 第 11 行.
SQL: SELECT `uid`,`username` FROM `cl_client`  [ RunTime:0.0002s ]
INFO: [ view_parse ] --START--
INFO: [ template_filter ] --START--
INFO: Run Behavior\ContentReplaceBehavior [ RunTime:0.000043s ]
INFO: [ template_filter ] --END-- [ RunTime:0.000096s ]
NOTIC: [8] Undefined index: img /var/www/html/coalball/Application/Runtime/Cache/Home/f324508a16a2d221eb71b92d9fd560ca.php 第 235 行.
NOTIC: [8] Undefined index: name /var/www/html/coalball/Application/Runtime/Cache/Home/f324508a16a2d221eb71b92d9fd560ca.php 第 238 行.
INFO: Run Behavior\ParseTemplateBehavior [ RunTime:0.006798s ]
INFO: [ view_parse ] --END-- [ RunTime:0.006833s ]
INFO: [ view_filter ] --START--
INFO: Run Behavior\WriteHtmlCacheBehavior [ RunTime:0.000113s ]
INFO: [ view_filter ] --END-- [ RunTime:0.000148s ]
NOTIC: [8] Undefined variable: testJson /var/www/html/coalball/Application/Home/Controller/IndexController.class.php 第 14 行.
INFO: [ app_end ] --START--
INFO: Run Behavior\ShowPageTraceBehavior [ RunTime:0.000401s ]
INFO: [ app_end ] --END-- [ RunTime:0.000445s ]

[ 2017-05-20T09:11:52+08:00 ] 36.149.27.243 /coalball/Home/Index/test
INFO: [ app_init ] --START--
INFO: Run Behavior\BuildLiteBehavior [ RunTime:0.000013s ]
INFO: [ app_init ] --END-- [ RunTime:0.000232s ]
INFO: [ app_begin ] --START--
INFO: Run Behavior\ReadHtmlCacheBehavior [ RunTime:0.000332s ]
INFO: [ app_begin ] --END-- [ RunTime:0.000374s ]
SQL: SHOW COLUMNS FROM `cl_xq` [ RunTime:0.0005s ]
SQL: SELECT * FROM `cl_xq` ORDER BY id desc  [ RunTime:0.0004s ]
INFO: [ app_end ] --START--
INFO: Run Behavior\ShowPageTraceBehavior [ RunTime:0.000412s ]
INFO: [ app_end ] --END-- [ RunTime:0.000460s ]

[ 2017-05-20T09:12:02+08:00 ] 36.149.27.243 /coalball/index.php
INFO: [ app_init ] --START--
INFO: Run Behavior\BuildLiteBehavior [ RunTime:0.000021s ]
INFO: [ app_init ] --END-- [ RunTime:0.000387s ]
INFO: [ app_begin ] --START--
INFO: Run Behavior\ReadHtmlCacheBehavior [ RunTime:0.000506s ]
INFO: [ app_begin ] --END-- [ RunTime:0.000569s ]
SQL: SHOW COLUMNS FROM `cl_client` [ RunTime:0.0006s ]
NOTIC: [8] Use of undefined constant headimg - assumed 'headimg' /var/www/html/coalball/Application/Home/Controller/IndexController.class.php 第 11 行.
NOTIC: [8] Use of undefined constant uid - assumed 'uid' /var/www/html/coalball/Application/Home/Controller/IndexController.class.php 第 11 行.
SQL: SELECT `uid`,`username` FROM `cl_client`  [ RunTime:0.0003s ]
INFO: [ view_parse ] --START--
INFO: [ template_filter ] --START--
INFO: Run Behavior\ContentReplaceBehavior [ RunTime:0.000358s ]
INFO: [ template_filter ] --END-- [ RunTime:0.000455s ]
NOTIC: [8] Undefined index: img /var/www/html/coalball/Application/Runtime/Cache/Home/f324508a16a2d221eb71b92d9fd560ca.php 第 235 行.
NOTIC: [8] Undefined index: name /var/www/html/coalball/Application/Runtime/Cache/Home/f324508a16a2d221eb71b92d9fd560ca.php 第 238 行.
INFO: Run Behavior\ParseTemplateBehavior [ RunTime:0.012374s ]
INFO: [ view_parse ] --END-- [ RunTime:0.012445s ]
INFO: [ view_filter ] --START--
INFO: Run Behavior\WriteHtmlCacheBehavior [ RunTime:0.000241s ]
INFO: [ view_filter ] --END-- [ RunTime:0.000286s ]
NOTIC: [8] Undefined variable: testJson /var/www/html/coalball/Application/Home/Controller/IndexController.class.php 第 14 行.
INFO: [ app_end ] --START--
INFO: Run Behavior\ShowPageTraceBehavior [ RunTime:0.000529s ]
INFO: [ app_end ] --END-- [ RunTime:0.000587s ]

[ 2017-05-20T09:12:05+08:00 ] 36.149.27.243 /coalball/Home/Index/test
INFO: [ app_init ] --START--
INFO: Run Behavior\BuildLiteBehavior [ RunTime:0.000020s ]
INFO: [ app_init ] --END-- [ RunTime:0.000351s ]
INFO: [ app_begin ] --START--
INFO: Run Behavior\ReadHtmlCacheBehavior [ RunTime:0.000465s ]
INFO: [ app_begin ] --END-- [ RunTime:0.000522s ]
SQL: SHOW COLUMNS FROM `cl_xq` [ RunTime:0.0006s ]
SQL: SELECT * FROM `cl_xq` ORDER BY id desc  [ RunTime:0.0004s ]
INFO: [ app_end ] --START--
INFO: Run Behavior\ShowPageTraceBehavior [ RunTime:0.000510s ]
INFO: [ app_end ] --END-- [ RunTime:0.000568s ]

[ 2017-05-20T09:12:12+08:00 ] 36.149.27.243 /coalball/Home/Index/test
INFO: [ app_init ] --START--
INFO: Run Behavior\BuildLiteBehavior [ RunTime:0.000017s ]
INFO: [ app_init ] --END-- [ RunTime:0.000372s ]
INFO: [ app_begin ] --START--
INFO: Run Behavior\ReadHtmlCacheBehavior [ RunTime:0.000427s ]
INFO: [ app_begin ] --END-- [ RunTime:0.000475s ]
SQL: SHOW COLUMNS FROM `cl_xq` [ RunTime:0.0005s ]
SQL: SELECT * FROM `cl_xq` ORDER BY id desc  [ RunTime:0.0004s ]
INFO: [ app_end ] --START--
INFO: Run Behavior\ShowPageTraceBehavior [ RunTime:0.000422s ]
INFO: [ app_end ] --END-- [ RunTime:0.000542s ]

[ 2017-05-20T09:18:00+08:00 ] 36.149.27.243 /coalball/index.php
INFO: [ app_init ] --START--
INFO: Run Behavior\BuildLiteBehavior [ RunTime:0.000018s ]
INFO: [ app_init ] --END-- [ RunTime:0.000569s ]
INFO: [ app_begin ] --START--
INFO: Run Behavior\ReadHtmlCacheBehavior [ RunTime:0.000458s ]
INFO: [ app_begin ] --END-- [ RunTime:0.000507s ]
SQL: SHOW COLUMNS FROM `cl_client` [ RunTime:0.0005s ]
NOTIC: [8] Use of undefined constant headimg - assumed 'headimg' /var/www/html/coalball/Application/Home/Controller/IndexController.class.php 第 11 行.
NOTIC: [8] Use of undefined constant uid - assumed 'uid' /var/www/html/coalball/Application/Home/Controller/IndexController.class.php 第 11 行.
SQL: SELECT `uid`,`username` FROM `cl_client`  [ RunTime:0.0002s ]
INFO: [ view_parse ] --START--
INFO: [ template_filter ] --START--
INFO: Run Behavior\ContentReplaceBehavior [ RunTime:0.000053s ]
INFO: [ template_filter ] --END-- [ RunTime:0.000103s ]
NOTIC: [8] Undefined index: img /var/www/html/coalball/Application/Runtime/Cache/Home/f324508a16a2d221eb71b92d9fd560ca.php 第 235 行.
NOTIC: [8] Undefined index: name /var/www/html/coalball/Application/Runtime/Cache/Home/f324508a16a2d221eb71b92d9fd560ca.php 第 238 行.
INFO: Run Behavior\ParseTemplateBehavior [ RunTime:0.008680s ]
INFO: [ view_parse ] --END-- [ RunTime:0.008722s ]
INFO: [ view_filter ] --START--
INFO: Run Behavior\WriteHtmlCacheBehavior [ RunTime:0.000173s ]
INFO: [ view_filter ] --END-- [ RunTime:0.000207s ]
NOTIC: [8] Undefined variable: testJson /var/www/html/coalball/Application/Home/Controller/IndexController.class.php 第 14 行.
INFO: [ app_end ] --START--
INFO: Run Behavior\ShowPageTraceBehavior [ RunTime:0.000400s ]
INFO: [ app_end ] --END-- [ RunTime:0.000442s ]

[ 2017-05-20T09:18:01+08:00 ] 36.149.27.243 /coalball/Home/Index/test
INFO: [ app_init ] --START--
INFO: Run Behavior\BuildLiteBehavior [ RunTime:0.000021s ]
INFO: [ app_init ] --END-- [ RunTime:0.000381s ]
INFO: [ app_begin ] --START--
INFO: Run Behavior\ReadHtmlCacheBehavior [ RunTime:0.001081s ]
INFO: [ app_begin ] --END-- [ RunTime:0.001160s ]
SQL: SHOW COLUMNS FROM `cl_xq` [ RunTime:0.0005s ]
SQL: SELECT * FROM `cl_xq` ORDER BY id desc  [ RunTime:0.0004s ]
INFO: [ app_end ] --START--
INFO: Run Behavior\ShowPageTraceBehavior [ RunTime:0.000471s ]
INFO: [ app_end ] --END-- [ RunTime:0.000525s ]

[ 2017-05-20T09:18:19+08:00 ] 36.149.155.243 /coalball/index.php
INFO: [ app_init ] --START--
INFO: Run Behavior\BuildLiteBehavior [ RunTime:0.000017s ]
INFO: [ app_init ] --END-- [ RunTime:0.000348s ]
INFO: [ app_begin ] --START--
INFO: Run Behavior\ReadHtmlCacheBehavior [ RunTime:0.000581s ]
INFO: [ app_begin ] --END-- [ RunTime:0.000640s ]
SQL: SHOW COLUMNS FROM `cl_client` [ RunTime:0.0005s ]
NOTIC: [8] Use of undefined constant headimg - assumed 'headimg' /var/www/html/coalball/Application/Home/Controller/IndexController.class.php 第 11 行.
NOTIC: [8] Use of undefined constant uid - assumed 'uid' /var/www/html/coalball/Application/Home/Controller/IndexController.class.php 第 11 行.
SQL: SELECT `uid`,`username` FROM `cl_client`  [ RunTime:0.0002s ]
INFO: [ view_parse ] --START--
INFO: [ template_filter ] --START--
INFO: Run Behavior\ContentReplaceBehavior [ RunTime:0.000079s ]
INFO: [ template_filter ] --END-- [ RunTime:0.000158s ]
NOTIC: [8] Undefined index: img /var/www/html/coalball/Application/Runtime/Cache/Home/f324508a16a2d221eb71b92d9fd560ca.php 第 235 行.
NOTIC: [8] Undefined index: name /var/www/html/coalball/Application/Runtime/Cache/Home/f324508a16a2d221eb71b92d9fd560ca.php 第 238 行.
INFO: Run Behavior\ParseTemplateBehavior [ RunTime:0.009431s ]
INFO: [ view_parse ] --END-- [ RunTime:0.009488s ]
INFO: [ view_filter ] --START--
INFO: Run Behavior\WriteHtmlCacheBehavior [ RunTime:0.000162s ]
INFO: [ view_filter ] --END-- [ RunTime:0.000202s ]
NOTIC: [8] Undefined variable: testJson /var/www/html/coalball/Application/Home/Controller/IndexController.class.php 第 14 行.
INFO: [ app_end ] --START--
INFO: Run Behavior\ShowPageTraceBehavior [ RunTime:0.000674s ]
INFO: [ app_end ] --END-- [ RunTime:0.000724s ]

[ 2017-05-20T09:18:20+08:00 ] 36.149.155.243 /coalball/Home/Index/test
INFO: [ app_init ] --START--
INFO: Run Behavior\BuildLiteBehavior [ RunTime:0.000021s ]
INFO: [ app_init ] --END-- [ RunTime:0.000412s ]
INFO: [ app_begin ] --START--
INFO: Run Behavior\ReadHtmlCacheBehavior [ RunTime:0.000476s ]
INFO: [ app_begin ] --END-- [ RunTime:0.000529s ]
SQL: SHOW COLUMNS FROM `cl_xq` [ RunTime:0.0007s ]
SQL: SELECT * FROM `cl_xq` ORDER BY id desc  [ RunTime:0.0006s ]
INFO: [ app_end ] --START--
INFO: Run Behavior\ShowPageTraceBehavior [ RunTime:0.000927s ]
INFO: [ app_end ] --END-- [ RunTime:0.001001s ]

[ 2017-05-20T09:20:09+08:00 ] 36.149.27.243 /coalball/index.php
INFO: [ app_init ] --START--
INFO: Run Behavior\BuildLiteBehavior [ RunTime:0.000015s ]
INFO: [ app_init ] --END-- [ RunTime:0.000279s ]
INFO: [ app_begin ] --START--
INFO: Run Behavior\ReadHtmlCacheBehavior [ RunTime:0.000431s ]
INFO: [ app_begin ] --END-- [ RunTime:0.000487s ]
SQL: SHOW COLUMNS FROM `cl_client` [ RunTime:0.0004s ]
NOTIC: [8] Use of undefined constant headimg - assumed 'headimg' /var/www/html/coalball/Application/Home/Controller/IndexController.class.php 第 11 行.
NOTIC: [8] Use of undefined constant uid - assumed 'uid' /var/www/html/coalball/Application/Home/Controller/IndexController.class.php 第 11 行.
SQL: SELECT `uid`,`username` FROM `cl_client`  [ RunTime:0.0002s ]
INFO: [ view_parse ] --START--
INFO: [ template_filter ] --START--
INFO: Run Behavior\ContentReplaceBehavior [ RunTime:0.000056s ]
INFO: [ template_filter ] --END-- [ RunTime:0.000111s ]
NOTIC: [8] Undefined index: img /var/www/html/coalball/Application/Runtime/Cache/Home/f324508a16a2d221eb71b92d9fd560ca.php 第 235 行.
NOTIC: [8] Undefined index: name /var/www/html/coalball/Application/Runtime/Cache/Home/f324508a16a2d221eb71b92d9fd560ca.php 第 238 行.
INFO: Run Behavior\ParseTemplateBehavior [ RunTime:0.007900s ]
INFO: [ view_parse ] --END-- [ RunTime:0.007962s ]
INFO: [ view_filter ] --START--
INFO: Run Behavior\WriteHtmlCacheBehavior [ RunTime:0.000138s ]
INFO: [ view_filter ] --END-- [ RunTime:0.000172s ]
NOTIC: [8] Undefined variable: testJson /var/www/html/coalball/Application/Home/Controller/IndexController.class.php 第 14 行.
INFO: [ app_end ] --START--
INFO: Run Behavior\ShowPageTraceBehavior [ RunTime:0.000364s ]
INFO: [ app_end ] --END-- [ RunTime:0.000407s ]

[ 2017-05-20T09:20:09+08:00 ] 36.149.27.243 /coalball/Home/Index/test
INFO: [ app_init ] --START--
INFO: Run Behavior\BuildLiteBehavior [ RunTime:0.000018s ]
INFO: [ app_init ] --END-- [ RunTime:0.000371s ]
INFO: [ app_begin ] --START--
INFO: Run Behavior\ReadHtmlCacheBehavior [ RunTime:0.000597s ]
INFO: [ app_begin ] --END-- [ RunTime:0.000654s ]
SQL: SHOW COLUMNS FROM `cl_xq` [ RunTime:0.0007s ]
SQL: SELECT * FROM `cl_xq` ORDER BY id desc  [ RunTime:0.0006s ]
INFO: [ app_end ] --START--
INFO: Run Behavior\ShowPageTraceBehavior [ RunTime:0.000590s ]
INFO: [ app_end ] --END-- [ RunTime:0.000664s ]

[ 2017-05-20T09:20:10+08:00 ] 36.149.27.243 /coalball/index.php
INFO: [ app_init ] --START--
INFO: Run Behavior\BuildLiteBehavior [ RunTime:0.000020s ]
INFO: [ app_init ] --END-- [ RunTime:0.000360s ]
INFO: [ app_begin ] --START--
INFO: Run Behavior\ReadHtmlCacheBehavior [ RunTime:0.000478s ]
INFO: [ app_begin ] --END-- [ RunTime:0.000534s ]
SQL: SHOW COLUMNS FROM `cl_client` [ RunTime:0.0006s ]
NOTIC: [8] Use of undefined constant headimg - assumed 'headimg' /var/www/html/coalball/Application/Home/Controller/IndexController.class.php 第 11 行.
NOTIC: [8] Use of undefined constant uid - assumed 'uid' /var/www/html/coalball/Application/Home/Controller/IndexController.class.php 第 11 行.
SQL: SELECT `uid`,`username` FROM `cl_client`  [ RunTime:0.0002s ]
INFO: [ view_parse ] --START--
INFO: [ template_filter ] --START--
INFO: Run Behavior\ContentReplaceBehavior [ RunTime:0.000083s ]
INFO: [ template_filter ] --END-- [ RunTime:0.000167s ]
NOTIC: [8] Undefined index: img /var/www/html/coalball/Application/Runtime/Cache/Home/f324508a16a2d221eb71b92d9fd560ca.php 第 235 行.
NOTIC: [8] Undefined index: name /var/www/html/coalball/Application/Runtime/Cache/Home/f324508a16a2d221eb71b92d9fd560ca.php 第 238 行.
INFO: Run Behavior\ParseTemplateBehavior [ RunTime:0.010805s ]
INFO: [ view_parse ] --END-- [ RunTime:0.010871s ]
INFO: [ view_filter ] --START--
INFO: Run Behavior\WriteHtmlCacheBehavior [ RunTime:0.000163s ]
INFO: [ view_filter ] --END-- [ RunTime:0.000211s ]
NOTIC: [8] Undefined variable: testJson /var/www/html/coalball/Application/Home/Controller/IndexController.class.php 第 14 行.
INFO: [ app_end ] --START--
INFO: Run Behavior\ShowPageTraceBehavior [ RunTime:0.000494s ]
INFO: [ app_end ] --END-- [ RunTime:0.000544s ]

[ 2017-05-20T09:20:10+08:00 ] 36.149.27.243 /coalball/Home/Index/test
INFO: [ app_init ] --START--
INFO: Run Behavior\BuildLiteBehavior [ RunTime:0.000019s ]
INFO: [ app_init ] --END-- [ RunTime:0.000367s ]
INFO: [ app_begin ] --START--
INFO: Run Behavior\ReadHtmlCacheBehavior [ RunTime:0.000456s ]
INFO: [ app_begin ] --END-- [ RunTime:0.000507s ]
SQL: SHOW COLUMNS FROM `cl_xq` [ RunTime:0.0006s ]
SQL: SELECT * FROM `cl_xq` ORDER BY id desc  [ RunTime:0.0005s ]
INFO: [ app_end ] --START--
INFO: Run Behavior\ShowPageTraceBehavior [ RunTime:0.000596s ]
INFO: [ app_end ] --END-- [ RunTime:0.000666s ]

[ 2017-05-20T09:20:10+08:00 ] 36.149.27.243 /coalball/index.php
INFO: [ app_init ] --START--
INFO: Run Behavior\BuildLiteBehavior [ RunTime:0.000019s ]
INFO: [ app_init ] --END-- [ RunTime:0.000363s ]
INFO: [ app_begin ] --START--
INFO: Run Behavior\ReadHtmlCacheBehavior [ RunTime:0.000457s ]
INFO: [ app_begin ] --END-- [ RunTime:0.000512s ]
SQL: SHOW COLUMNS FROM `cl_client` [ RunTime:0.0006s ]
NOTIC: [8] Use of undefined constant headimg - assumed 'headimg' /var/www/html/coalball/Application/Home/Controller/IndexController.class.php 第 11 行.
NOTIC: [8] Use of undefined constant uid - assumed 'uid' /var/www/html/coalball/Application/Home/Controller/IndexController.class.php 第 11 行.
SQL: SELECT `uid`,`username` FROM `cl_client`  [ RunTime:0.0002s ]
INFO: [ view_parse ] --START--
INFO: [ template_filter ] --START--
INFO: Run Behavior\ContentReplaceBehavior [ RunTime:0.000077s ]
INFO: [ template_filter ] --END-- [ RunTime:0.000139s ]
NOTIC: [8] Undefined index: img /var/www/html/coalball/Application/Runtime/Cache/Home/f324508a16a2d221eb71b92d9fd560ca.php 第 235 行.
NOTIC: [8] Undefined index: name /var/www/html/coalball/Application/Runtime/Cache/Home/f324508a16a2d221eb71b92d9fd560ca.php 第 238 行.
INFO: Run Behavior\ParseTemplateBehavior [ RunTime:0.008586s ]
INFO: [ view_parse ] --END-- [ RunTime:0.008632s ]
INFO: [ view_filter ] --START--
INFO: Run Behavior\WriteHtmlCacheBehavior [ RunTime:0.000161s ]
INFO: [ view_filter ] --END-- [ RunTime:0.000196s ]
NOTIC: [8] Undefined variable: testJson /var/www/html/coalball/Application/Home/Controller/IndexController.class.php 第 14 行.
INFO: [ app_end ] --START--
INFO: Run Behavior\ShowPageTraceBehavior [ RunTime:0.000375s ]
INFO: [ app_end ] --END-- [ RunTime:0.000418s ]

[ 2017-05-20T09:20:11+08:00 ] 36.149.27.243 /coalball/Home/Index/test
INFO: [ app_init ] --START--
INFO: Run Behavior\BuildLiteBehavior [ RunTime:0.000019s ]
INFO: [ app_init ] --END-- [ RunTime:0.000357s ]
INFO: [ app_begin ] --START--
INFO: Run Behavior\ReadHtmlCacheBehavior [ RunTime:0.000464s ]
INFO: [ app_begin ] --END-- [ RunTime:0.000520s ]
SQL: SHOW COLUMNS FROM `cl_xq` [ RunTime:0.0005s ]
SQL: SELECT * FROM `cl_xq` ORDER BY id desc  [ RunTime:0.0004s ]
INFO: [ app_end ] --START--
INFO: Run Behavior\ShowPageTraceBehavior [ RunTime:0.000412s ]
INFO: [ app_end ] --END-- [ RunTime:0.000476s ]

[ 2017-05-20T09:20:11+08:00 ] 36.149.27.243 /coalball/index.php
INFO: [ app_init ] --START--
INFO: Run Behavior\BuildLiteBehavior [ RunTime:0.000018s ]
INFO: [ app_init ] --END-- [ RunTime:0.000360s ]
INFO: [ app_begin ] --START--
INFO: Run Behavior\ReadHtmlCacheBehavior [ RunTime:0.000372s ]
INFO: [ app_begin ] --END-- [ RunTime:0.000413s ]
SQL: SHOW COLUMNS FROM `cl_client` [ RunTime:0.0005s ]
NOTIC: [8] Use of undefined constant headimg - assumed 'headimg' /var/www/html/coalball/Application/Home/Controller/IndexController.class.php 第 11 行.
NOTIC: [8] Use of undefined constant uid - assumed 'uid' /var/www/html/coalball/Application/Home/Controller/IndexController.class.php 第 11 行.
SQL: SELECT `uid`,`username` FROM `cl_client`  [ RunTime:0.0002s ]
INFO: [ view_parse ] --START--
INFO: [ template_filter ] --START--
INFO: Run Behavior\ContentReplaceBehavior [ RunTime:0.000054s ]
INFO: [ template_filter ] --END-- [ RunTime:0.000104s ]
NOTIC: [8] Undefined index: img /var/www/html/coalball/Application/Runtime/Cache/Home/f324508a16a2d221eb71b92d9fd560ca.php 第 235 行.
NOTIC: [8] Undefined index: name /var/www/html/coalball/Application/Runtime/Cache/Home/f324508a16a2d221eb71b92d9fd560ca.php 第 238 行.
INFO: Run Behavior\ParseTemplateBehavior [ RunTime:0.007917s ]
INFO: [ view_parse ] --END-- [ RunTime:0.007979s ]
INFO: [ view_filter ] --START--
INFO: Run Behavior\WriteHtmlCacheBehavior [ RunTime:0.000195s ]
INFO: [ view_filter ] --END-- [ RunTime:0.000236s ]
NOTIC: [8] Undefined variable: testJson /var/www/html/coalball/Application/Home/Controller/IndexController.class.php 第 14 行.
INFO: [ app_end ] --START--
INFO: Run Behavior\ShowPageTraceBehavior [ RunTime:0.000474s ]
INFO: [ app_end ] --END-- [ RunTime:0.000524s ]

[ 2017-05-20T09:20:11+08:00 ] 36.149.27.243 /coalball/Home/Index/test
INFO: [ app_init ] --START--
INFO: Run Behavior\BuildLiteBehavior [ RunTime:0.000021s ]
INFO: [ app_init ] --END-- [ RunTime:0.000515s ]
INFO: [ app_begin ] --START--
INFO: Run Behavior\ReadHtmlCacheBehavior [ RunTime:0.000467s ]
INFO: [ app_begin ] --END-- [ RunTime:0.000521s ]
SQL: SHOW COLUMNS FROM `cl_xq` [ RunTime:0.0007s ]
SQL: SELECT * FROM `cl_xq` ORDER BY id desc  [ RunTime:0.0005s ]
INFO: [ app_end ] --START--
INFO: Run Behavior\ShowPageTraceBehavior [ RunTime:0.000602s ]
INFO: [ app_end ] --END-- [ RunTime:0.000668s ]

[ 2017-05-20T09:33:37+08:00 ] 36.149.27.243 /coalball/index.php
INFO: [ app_init ] --START--
INFO: Run Behavior\BuildLiteBehavior [ RunTime:0.000026s ]
INFO: [ app_init ] --END-- [ RunTime:0.000447s ]
INFO: [ app_begin ] --START--
INFO: Run Behavior\ReadHtmlCacheBehavior [ RunTime:0.000469s ]
INFO: [ app_begin ] --END-- [ RunTime:0.000525s ]
SQL: SHOW COLUMNS FROM `cl_client` [ RunTime:0.0006s ]
NOTIC: [8] Use of undefined constant headimg - assumed 'headimg' /var/www/html/coalball/Application/Home/Controller/IndexController.class.php 第 11 行.
NOTIC: [8] Use of undefined constant uid - assumed 'uid' /var/www/html/coalball/Application/Home/Controller/IndexController.class.php 第 11 行.
SQL: SELECT `uid`,`username` FROM `cl_client`  [ RunTime:0.0002s ]
INFO: [ view_parse ] --START--
INFO: [ template_filter ] --START--
INFO: Run Behavior\ContentReplaceBehavior [ RunTime:0.000081s ]
INFO: [ template_filter ] --END-- [ RunTime:0.000172s ]
NOTIC: [8] Undefined index: img /var/www/html/coalball/Application/Runtime/Cache/Home/f324508a16a2d221eb71b92d9fd560ca.php 第 235 行.
NOTIC: [8] Undefined index: name /var/www/html/coalball/Application/Runtime/Cache/Home/f324508a16a2d221eb71b92d9fd560ca.php 第 238 行.
INFO: Run Behavior\ParseTemplateBehavior [ RunTime:0.011327s ]
INFO: [ view_parse ] --END-- [ RunTime:0.011397s ]
INFO: [ view_filter ] --START--
INFO: Run Behavior\WriteHtmlCacheBehavior [ RunTime:0.000185s ]
INFO: [ view_filter ] --END-- [ RunTime:0.000227s ]
NOTIC: [8] Undefined variable: testJson /var/www/html/coalball/Application/Home/Controller/IndexController.class.php 第 14 行.
INFO: [ app_end ] --START--
INFO: Run Behavior\ShowPageTraceBehavior [ RunTime:0.000508s ]
INFO: [ app_end ] --END-- [ RunTime:0.000558s ]

[ 2017-05-20T09:33:37+08:00 ] 36.149.27.243 /coalball/Home/Index/test
INFO: [ app_init ] --START--
INFO: Run Behavior\BuildLiteBehavior [ RunTime:0.000014s ]
INFO: [ app_init ] --END-- [ RunTime:0.000242s ]
INFO: [ app_begin ] --START--
INFO: Run Behavior\ReadHtmlCacheBehavior [ RunTime:0.000335s ]
INFO: [ app_begin ] --END-- [ RunTime:0.000369s ]
SQL: SHOW COLUMNS FROM `cl_xq` [ RunTime:0.0006s ]
SQL: SELECT * FROM `cl_xq` ORDER BY id desc  [ RunTime:0.0004s ]
INFO: [ app_end ] --START--
INFO: Run Behavior\ShowPageTraceBehavior [ RunTime:0.000350s ]
INFO: [ app_end ] --END-- [ RunTime:0.000392s ]

[ 2017-05-20T09:42:26+08:00 ] 36.149.27.243 /coalball/index.php
INFO: [ app_init ] --START--
INFO: Run Behavior\BuildLiteBehavior [ RunTime:0.000018s ]
INFO: [ app_init ] --END-- [ RunTime:0.000359s ]
INFO: [ app_begin ] --START--
INFO: Run Behavior\ReadHtmlCacheBehavior [ RunTime:0.000335s ]
INFO: [ app_begin ] --END-- [ RunTime:0.000373s ]
SQL: SHOW COLUMNS FROM `cl_client` [ RunTime:0.0006s ]
NOTIC: [8] Use of undefined constant headimg - assumed 'headimg' /var/www/html/coalball/Application/Home/Controller/IndexController.class.php 第 11 行.
NOTIC: [8] Use of undefined constant uid - assumed 'uid' /var/www/html/coalball/Application/Home/Controller/IndexController.class.php 第 11 行.
SQL: SELECT `uid`,`username` FROM `cl_client`  [ RunTime:0.0002s ]
INFO: [ view_parse ] --START--
INFO: [ template_filter ] --START--
INFO: Run Behavior\ContentReplaceBehavior [ RunTime:0.000132s ]
INFO: [ template_filter ] --END-- [ RunTime:0.000220s ]
NOTIC: [8] Undefined index: img /var/www/html/coalball/Application/Runtime/Cache/Home/f324508a16a2d221eb71b92d9fd560ca.php 第 235 行.
NOTIC: [8] Undefined index: name /var/www/html/coalball/Application/Runtime/Cache/Home/f324508a16a2d221eb71b92d9fd560ca.php 第 238 行.
INFO: Run Behavior\ParseTemplateBehavior [ RunTime:0.008045s ]
INFO: [ view_parse ] --END-- [ RunTime:0.008101s ]
INFO: [ view_filter ] --START--
INFO: Run Behavior\WriteHtmlCacheBehavior [ RunTime:0.000152s ]
INFO: [ view_filter ] --END-- [ RunTime:0.000185s ]
NOTIC: [8] Undefined variable: testJson /var/www/html/coalball/Application/Home/Controller/IndexController.class.php 第 14 行.
INFO: [ app_end ] --START--
INFO: Run Behavior\ShowPageTraceBehavior [ RunTime:0.000371s ]
INFO: [ app_end ] --END-- [ RunTime:0.000410s ]

[ 2017-05-20T09:42:26+08:00 ] 36.149.27.243 /coalball/Home/Index/test
INFO: [ app_init ] --START--
INFO: Run Behavior\BuildLiteBehavior [ RunTime:0.000017s ]
INFO: [ app_init ] --END-- [ RunTime:0.000254s ]
INFO: [ app_begin ] --START--
INFO: Run Behavior\ReadHtmlCacheBehavior [ RunTime:0.000292s ]
INFO: [ app_begin ] --END-- [ RunTime:0.000327s ]
SQL: SHOW COLUMNS FROM `cl_xq` [ RunTime:0.0005s ]
SQL: SELECT * FROM `cl_xq` ORDER BY id desc  [ RunTime:0.0004s ]
INFO: [ app_end ] --START--
INFO: Run Behavior\ShowPageTraceBehavior [ RunTime:0.000486s ]
INFO: [ app_end ] --END-- [ RunTime:0.000553s ]

[ 2017-05-20T09:42:32+08:00 ] 36.149.155.243 /coalball/index.php
INFO: [ app_init ] --START--
INFO: Run Behavior\BuildLiteBehavior [ RunTime:0.000019s ]
INFO: [ app_init ] --END-- [ RunTime:0.000374s ]
INFO: [ app_begin ] --START--
INFO: Run Behavior\ReadHtmlCacheBehavior [ RunTime:0.000483s ]
INFO: [ app_begin ] --END-- [ RunTime:0.000538s ]
SQL: SHOW COLUMNS FROM `cl_client` [ RunTime:0.0006s ]
NOTIC: [8] Use of undefined constant headimg - assumed 'headimg' /var/www/html/coalball/Application/Home/Controller/IndexController.class.php 第 11 行.
NOTIC: [8] Use of undefined constant uid - assumed 'uid' /var/www/html/coalball/Application/Home/Controller/IndexController.class.php 第 11 行.
SQL: SELECT `uid`,`username` FROM `cl_client`  [ RunTime:0.0003s ]
INFO: [ view_parse ] --START--
INFO: [ template_filter ] --START--
INFO: Run Behavior\ContentReplaceBehavior [ RunTime:0.000077s ]
INFO: [ template_filter ] --END-- [ RunTime:0.000172s ]
NOTIC: [8] Undefined index: img /var/www/html/coalball/Application/Runtime/Cache/Home/f324508a16a2d221eb71b92d9fd560ca.php 第 235 行.
NOTIC: [8] Undefined index: name /var/www/html/coalball/Application/Runtime/Cache/Home/f324508a16a2d221eb71b92d9fd560ca.php 第 238 行.
INFO: Run Behavior\ParseTemplateBehavior [ RunTime:0.011454s ]
INFO: [ view_parse ] --END-- [ RunTime:0.011522s ]
INFO: [ view_filter ] --START--
INFO: Run Behavior\WriteHtmlCacheBehavior [ RunTime:0.000180s ]
INFO: [ view_filter ] --END-- [ RunTime:0.000222s ]
NOTIC: [8] Undefined variable: testJson /var/www/html/coalball/Application/Home/Controller/IndexController.class.php 第 14 行.
INFO: [ app_end ] --START--
INFO: Run Behavior\ShowPageTraceBehavior [ RunTime:0.000529s ]
INFO: [ app_end ] --END-- [ RunTime:0.000585s ]

[ 2017-05-20T09:42:33+08:00 ] 36.149.155.243 /coalball/Home/Index/test
INFO: [ app_init ] --START--
INFO: Run Behavior\BuildLiteBehavior [ RunTime:0.000015s ]
INFO: [ app_init ] --END-- [ RunTime:0.000424s ]
INFO: [ app_begin ] --START--
INFO: Run Behavior\ReadHtmlCacheBehavior [ RunTime:0.000351s ]
INFO: [ app_begin ] --END-- [ RunTime:0.000396s ]
SQL: SHOW COLUMNS FROM `cl_xq` [ RunTime:0.0007s ]
SQL: SELECT * FROM `cl_xq` ORDER BY id desc  [ RunTime:0.0004s ]
INFO: [ app_end ] --START--
INFO: Run Behavior\ShowPageTraceBehavior [ RunTime:0.000581s ]
INFO: [ app_end ] --END-- [ RunTime:0.000651s ]

[ 2017-05-20T11:24:08+08:00 ] 104.236.236.145 /coalball/index.php
INFO: [ app_init ] --START--
INFO: Run Behavior\BuildLiteBehavior [ RunTime:0.000027s ]
INFO: [ app_init ] --END-- [ RunTime:0.000504s ]
INFO: [ app_begin ] --START--
INFO: Run Behavior\ReadHtmlCacheBehavior [ RunTime:0.000484s ]
INFO: [ app_begin ] --END-- [ RunTime:0.000542s ]
SQL: SHOW COLUMNS FROM `cl_client` [ RunTime:0.0007s ]
NOTIC: [8] Use of undefined constant headimg - assumed 'headimg' /var/www/html/coalball/Application/Home/Controller/IndexController.class.php 第 11 行.
NOTIC: [8] Use of undefined constant uid - assumed 'uid' /var/www/html/coalball/Application/Home/Controller/IndexController.class.php 第 11 行.
SQL: SELECT `uid`,`username` FROM `cl_client`  [ RunTime:0.0002s ]
INFO: [ view_parse ] --START--
INFO: [ template_filter ] --START--
INFO: Run Behavior\ContentReplaceBehavior [ RunTime:0.000091s ]
INFO: [ template_filter ] --END-- [ RunTime:0.000176s ]
NOTIC: [8] Undefined index: img /var/www/html/coalball/Application/Runtime/Cache/Home/f324508a16a2d221eb71b92d9fd560ca.php 第 235 行.
NOTIC: [8] Undefined index: name /var/www/html/coalball/Application/Runtime/Cache/Home/f324508a16a2d221eb71b92d9fd560ca.php 第 238 行.
INFO: Run Behavior\ParseTemplateBehavior [ RunTime:0.011889s ]
INFO: [ view_parse ] --END-- [ RunTime:0.011952s ]
INFO: [ view_filter ] --START--
INFO: Run Behavior\WriteHtmlCacheBehavior [ RunTime:0.000174s ]
INFO: [ view_filter ] --END-- [ RunTime:0.000217s ]
NOTIC: [8] Undefined variable: testJson /var/www/html/coalball/Application/Home/Controller/IndexController.class.php 第 14 行.
INFO: [ app_end ] --START--
INFO: Run Behavior\ShowPageTraceBehavior [ RunTime:0.000516s ]
INFO: [ app_end ] --END-- [ RunTime:0.000570s ]

[ 2017-05-20T11:24:09+08:00 ] 104.236.236.145 /coalball/Home/Index/test
INFO: [ app_init ] --START--
INFO: Run Behavior\BuildLiteBehavior [ RunTime:0.000020s ]
INFO: [ app_init ] --END-- [ RunTime:0.000355s ]
INFO: [ app_begin ] --START--
INFO: Run Behavior\ReadHtmlCacheBehavior [ RunTime:0.000322s ]
INFO: [ app_begin ] --END-- [ RunTime:0.000365s ]
SQL: SHOW COLUMNS FROM `cl_xq` [ RunTime:0.0006s ]
SQL: SELECT * FROM `cl_xq` ORDER BY id desc  [ RunTime:0.0004s ]
INFO: [ app_end ] --START--
INFO: Run Behavior\ShowPageTraceBehavior [ RunTime:0.000489s ]
INFO: [ app_end ] --END-- [ RunTime:0.000541s ]

[ 2017-05-20T17:35:22+08:00 ] 117.136.66.241 /coalball/index.php
INFO: [ app_init ] --START--
INFO: Run Behavior\BuildLiteBehavior [ RunTime:0.000020s ]
INFO: [ app_init ] --END-- [ RunTime:0.000348s ]
INFO: [ app_begin ] --START--
INFO: Run Behavior\ReadHtmlCacheBehavior [ RunTime:0.000420s ]
INFO: [ app_begin ] --END-- [ RunTime:0.000472s ]
SQL: SHOW COLUMNS FROM `cl_client` [ RunTime:0.0008s ]
NOTIC: [8] Use of undefined constant headimg - assumed 'headimg' /var/www/html/coalball/Application/Home/Controller/IndexController.class.php 第 11 行.
NOTIC: [8] Use of undefined constant uid - assumed 'uid' /var/www/html/coalball/Application/Home/Controller/IndexController.class.php 第 11 行.
SQL: SELECT `uid`,`username` FROM `cl_client`  [ RunTime:0.0003s ]
INFO: [ view_parse ] --START--
INFO: [ template_filter ] --START--
INFO: Run Behavior\ContentReplaceBehavior [ RunTime:0.000058s ]
INFO: [ template_filter ] --END-- [ RunTime:0.000112s ]
NOTIC: [8] Undefined index: img /var/www/html/coalball/Application/Runtime/Cache/Home/f324508a16a2d221eb71b92d9fd560ca.php 第 235 行.
NOTIC: [8] Undefined index: name /var/www/html/coalball/Application/Runtime/Cache/Home/f324508a16a2d221eb71b92d9fd560ca.php 第 238 行.
INFO: Run Behavior\ParseTemplateBehavior [ RunTime:0.009060s ]
INFO: [ view_parse ] --END-- [ RunTime:0.009103s ]
INFO: [ view_filter ] --START--
INFO: Run Behavior\WriteHtmlCacheBehavior [ RunTime:0.000133s ]
INFO: [ view_filter ] --END-- [ RunTime:0.000161s ]
NOTIC: [8] Undefined variable: testJson /var/www/html/coalball/Application/Home/Controller/IndexController.class.php 第 14 行.
INFO: [ app_end ] --START--
INFO: Run Behavior\ShowPageTraceBehavior [ RunTime:0.000461s ]
INFO: [ app_end ] --END-- [ RunTime:0.000512s ]

[ 2017-05-20T17:35:25+08:00 ] 117.136.66.241 /coalball/Home/Index/test
INFO: [ app_init ] --START--
INFO: Run Behavior\BuildLiteBehavior [ RunTime:0.000013s ]
INFO: [ app_init ] --END-- [ RunTime:0.000223s ]
INFO: [ app_begin ] --START--
INFO: Run Behavior\ReadHtmlCacheBehavior [ RunTime:0.000278s ]
INFO: [ app_begin ] --END-- [ RunTime:0.000319s ]
SQL: SHOW COLUMNS FROM `cl_xq` [ RunTime:0.0006s ]
SQL: SELECT * FROM `cl_xq` ORDER BY id desc  [ RunTime:0.0004s ]
INFO: [ app_end ] --START--
INFO: Run Behavior\ShowPageTraceBehavior [ RunTime:0.000349s ]
INFO: [ app_end ] --END-- [ RunTime:0.000405s ]

[ 2017-05-20T17:47:49+08:00 ] 104.236.236.145 /coalball/index.php
INFO: [ app_init ] --START--
INFO: Run Behavior\BuildLiteBehavior [ RunTime:0.000019s ]
INFO: [ app_init ] --END-- [ RunTime:0.000341s ]
INFO: [ app_begin ] --START--
INFO: Run Behavior\ReadHtmlCacheBehavior [ RunTime:0.000468s ]
INFO: [ app_begin ] --END-- [ RunTime:0.000523s ]
SQL: SHOW COLUMNS FROM `cl_client` [ RunTime:0.0006s ]
NOTIC: [8] Use of undefined constant headimg - assumed 'headimg' /var/www/html/coalball/Application/Home/Controller/IndexController.class.php 第 11 行.
NOTIC: [8] Use of undefined constant uid - assumed 'uid' /var/www/html/coalball/Application/Home/Controller/IndexController.class.php 第 11 行.
SQL: SELECT `uid`,`username` FROM `cl_client`  [ RunTime:0.0002s ]
INFO: [ view_parse ] --START--
INFO: [ template_filter ] --START--
INFO: Run Behavior\ContentReplaceBehavior [ RunTime:0.000078s ]
INFO: [ template_filter ] --END-- [ RunTime:0.000162s ]
NOTIC: [8] Undefined index: img /var/www/html/coalball/Application/Runtime/Cache/Home/f324508a16a2d221eb71b92d9fd560ca.php 第 235 行.
NOTIC: [8] Undefined index: name /var/www/html/coalball/Application/Runtime/Cache/Home/f324508a16a2d221eb71b92d9fd560ca.php 第 238 行.
INFO: Run Behavior\ParseTemplateBehavior [ RunTime:0.010808s ]
INFO: [ view_parse ] --END-- [ RunTime:0.010871s ]
INFO: [ view_filter ] --START--
INFO: Run Behavior\WriteHtmlCacheBehavior [ RunTime:0.000213s ]
INFO: [ view_filter ] --END-- [ RunTime:0.000254s ]
NOTIC: [8] Undefined variable: testJson /var/www/html/coalball/Application/Home/Controller/IndexController.class.php 第 14 行.
INFO: [ app_end ] --START--
INFO: Run Behavior\ShowPageTraceBehavior [ RunTime:0.000481s ]
INFO: [ app_end ] --END-- [ RunTime:0.000531s ]

[ 2017-05-20T17:47:51+08:00 ] 104.236.236.145 /coalball/Home/Index/test
INFO: [ app_init ] --START--
INFO: Run Behavior\BuildLiteBehavior [ RunTime:0.000026s ]
INFO: [ app_init ] --END-- [ RunTime:0.000484s ]
INFO: [ app_begin ] --START--
INFO: Run Behavior\ReadHtmlCacheBehavior [ RunTime:0.000499s ]
INFO: [ app_begin ] --END-- [ RunTime:0.000552s ]
SQL: SHOW COLUMNS FROM `cl_xq` [ RunTime:0.0013s ]
SQL: SELECT * FROM `cl_xq` ORDER BY id desc  [ RunTime:0.0006s ]
INFO: [ app_end ] --START--
INFO: Run Behavior\ShowPageTraceBehavior [ RunTime:0.000558s ]
INFO: [ app_end ] --END-- [ RunTime:0.000618s ]

[ 2017-05-20T17:49:04+08:00 ] 104.236.236.145 /coalball/index.php
INFO: [ app_init ] --START--
INFO: Run Behavior\BuildLiteBehavior [ RunTime:0.000035s ]
INFO: [ app_init ] --END-- [ RunTime:0.000262s ]
INFO: [ app_begin ] --START--
INFO: Run Behavior\ReadHtmlCacheBehavior [ RunTime:0.000325s ]
INFO: [ app_begin ] --END-- [ RunTime:0.000361s ]
SQL: SHOW COLUMNS FROM `cl_client` [ RunTime:0.0005s ]
NOTIC: [8] Use of undefined constant headimg - assumed 'headimg' /var/www/html/coalball/Application/Home/Controller/IndexController.class.php 第 11 行.
NOTIC: [8] Use of undefined constant uid - assumed 'uid' /var/www/html/coalball/Application/Home/Controller/IndexController.class.php 第 11 行.
SQL: SELECT `uid`,`username` FROM `cl_client`  [ RunTime:0.0002s ]
INFO: [ view_parse ] --START--
INFO: [ template_filter ] --START--
INFO: Run Behavior\ContentReplaceBehavior [ RunTime:0.000057s ]
INFO: [ template_filter ] --END-- [ RunTime:0.000114s ]
INFO: Run Behavior\ParseTemplateBehavior [ RunTime:0.007183s ]
INFO: [ view_parse ] --END-- [ RunTime:0.007236s ]
INFO: [ view_filter ] --START--
INFO: Run Behavior\WriteHtmlCacheBehavior [ RunTime:0.000128s ]
INFO: [ view_filter ] --END-- [ RunTime:0.000156s ]
NOTIC: [8] Undefined variable: testJson /var/www/html/coalball/Application/Home/Controller/IndexController.class.php 第 14 行.
INFO: [ app_end ] --START--
INFO: Run Behavior\ShowPageTraceBehavior [ RunTime:0.000344s ]
INFO: [ app_end ] --END-- [ RunTime:0.000380s ]

[ 2017-05-20T17:49:05+08:00 ] 104.236.236.145 /coalball/Home/Index/test
INFO: [ app_init ] --START--
INFO: Run Behavior\BuildLiteBehavior [ RunTime:0.000014s ]
INFO: [ app_init ] --END-- [ RunTime:0.000254s ]
INFO: [ app_begin ] --START--
INFO: Run Behavior\ReadHtmlCacheBehavior [ RunTime:0.000349s ]
INFO: [ app_begin ] --END-- [ RunTime:0.000384s ]
SQL: SHOW COLUMNS FROM `cl_xq` [ RunTime:0.0005s ]
SQL: SELECT * FROM `cl_xq` ORDER BY id desc  [ RunTime:0.0004s ]
INFO: [ app_end ] --START--
INFO: Run Behavior\ShowPageTraceBehavior [ RunTime:0.000392s ]
INFO: [ app_end ] --END-- [ RunTime:0.000442s ]

[ 2017-05-20T17:49:28+08:00 ] 104.236.236.145 /coalball/index.php
INFO: [ app_init ] --START--
INFO: Run Behavior\BuildLiteBehavior [ RunTime:0.000018s ]
INFO: [ app_init ] --END-- [ RunTime:0.000341s ]
INFO: [ app_begin ] --START--
INFO: Run Behavior\ReadHtmlCacheBehavior [ RunTime:0.000537s ]
INFO: [ app_begin ] --END-- [ RunTime:0.000590s ]
SQL: SHOW COLUMNS FROM `cl_client` [ RunTime:0.0006s ]
NOTIC: [8] Use of undefined constant headimg - assumed 'headimg' /var/www/html/coalball/Application/Home/Controller/IndexController.class.php 第 11 行.
NOTIC: [8] Use of undefined constant uid - assumed 'uid' /var/www/html/coalball/Application/Home/Controller/IndexController.class.php 第 11 行.
SQL: SELECT `uid`,`username` FROM `cl_client`  [ RunTime:0.0002s ]
INFO: [ view_parse ] --START--
INFO: [ template_filter ] --START--
INFO: Run Behavior\ContentReplaceBehavior [ RunTime:0.000074s ]
INFO: [ template_filter ] --END-- [ RunTime:0.000156s ]
INFO: Run Behavior\ParseTemplateBehavior [ RunTime:0.011985s ]
INFO: [ view_parse ] --END-- [ RunTime:0.012069s ]
INFO: [ view_filter ] --START--
INFO: Run Behavior\WriteHtmlCacheBehavior [ RunTime:0.000171s ]
INFO: [ view_filter ] --END-- [ RunTime:0.000214s ]
NOTIC: [8] Undefined variable: testJson /var/www/html/coalball/Application/Home/Controller/IndexController.class.php 第 14 行.
INFO: [ app_end ] --START--
INFO: Run Behavior\ShowPageTraceBehavior [ RunTime:0.000506s ]
INFO: [ app_end ] --END-- [ RunTime:0.000555s ]

[ 2017-05-20T17:49:29+08:00 ] 104.236.236.145 /coalball/Home/Index/test
INFO: [ app_init ] --START--
INFO: Run Behavior\BuildLiteBehavior [ RunTime:0.000018s ]
INFO: [ app_init ] --END-- [ RunTime:0.000351s ]
INFO: [ app_begin ] --START--
INFO: Run Behavior\ReadHtmlCacheBehavior [ RunTime:0.000693s ]
INFO: [ app_begin ] --END-- [ RunTime:0.000742s ]
SQL: SHOW COLUMNS FROM `cl_xq` [ RunTime:0.0006s ]
SQL: SELECT * FROM `cl_xq` ORDER BY id desc  [ RunTime:0.0004s ]
INFO: [ app_end ] --START--
INFO: Run Behavior\ShowPageTraceBehavior [ RunTime:0.000409s ]
INFO: [ app_end ] --END-- [ RunTime:0.000471s ]

[ 2017-05-20T18:52:36+08:00 ] 104.236.236.145 /coalball/index.php
INFO: [ app_init ] --START--
INFO: Run Behavior\BuildLiteBehavior [ RunTime:0.000019s ]
INFO: [ app_init ] --END-- [ RunTime:0.000369s ]
INFO: [ app_begin ] --START--
INFO: Run Behavior\ReadHtmlCacheBehavior [ RunTime:0.000480s ]
INFO: [ app_begin ] --END-- [ RunTime:0.000535s ]
SQL: SHOW COLUMNS FROM `cl_client` [ RunTime:0.0006s ]
NOTIC: [8] Use of undefined constant headimg - assumed 'headimg' /var/www/html/coalball/Application/Home/Controller/IndexController.class.php 第 11 行.
NOTIC: [8] Use of undefined constant uid - assumed 'uid' /var/www/html/coalball/Application/Home/Controller/IndexController.class.php 第 11 行.
SQL: SELECT `uid`,`username` FROM `cl_client`  [ RunTime:0.0003s ]
INFO: [ view_parse ] --START--
INFO: [ template_filter ] --START--
INFO: Run Behavior\ContentReplaceBehavior [ RunTime:0.000086s ]
INFO: [ template_filter ] --END-- [ RunTime:0.000172s ]
INFO: Run Behavior\ParseTemplateBehavior [ RunTime:0.011145s ]
INFO: [ view_parse ] --END-- [ RunTime:0.011222s ]
INFO: [ view_filter ] --START--
INFO: Run Behavior\WriteHtmlCacheBehavior [ RunTime:0.000170s ]
INFO: [ view_filter ] --END-- [ RunTime:0.000240s ]
NOTIC: [8] Undefined variable: testJson /var/www/html/coalball/Application/Home/Controller/IndexController.class.php 第 14 行.
INFO: [ app_end ] --START--
INFO: Run Behavior\ShowPageTraceBehavior [ RunTime:0.000480s ]
INFO: [ app_end ] --END-- [ RunTime:0.000540s ]

[ 2017-05-20T18:52:37+08:00 ] 104.236.236.145 /coalball/Home/Index/test
INFO: [ app_init ] --START--
INFO: Run Behavior\BuildLiteBehavior [ RunTime:0.000036s ]
INFO: [ app_init ] --END-- [ RunTime:0.000352s ]
INFO: [ app_begin ] --START--
INFO: Run Behavior\ReadHtmlCacheBehavior [ RunTime:0.000606s ]
INFO: [ app_begin ] --END-- [ RunTime:0.000659s ]
SQL: SHOW COLUMNS FROM `cl_xq` [ RunTime:0.0007s ]
SQL: SELECT * FROM `cl_xq` ORDER BY id desc  [ RunTime:0.0005s ]
INFO: [ app_end ] --START--
INFO: Run Behavior\ShowPageTraceBehavior [ RunTime:0.000566s ]
INFO: [ app_end ] --END-- [ RunTime:0.000629s ]

[ 2017-05-20T18:52:41+08:00 ] 104.236.236.145 /coalball/index.php
INFO: [ app_init ] --START--
INFO: Run Behavior\BuildLiteBehavior [ RunTime:0.000018s ]
INFO: [ app_init ] --END-- [ RunTime:0.000418s ]
INFO: [ app_begin ] --START--
INFO: Run Behavior\ReadHtmlCacheBehavior [ RunTime:0.000454s ]
INFO: [ app_begin ] --END-- [ RunTime:0.000502s ]
SQL: SHOW COLUMNS FROM `cl_client` [ RunTime:0.0005s ]
NOTIC: [8] Use of undefined constant headimg - assumed 'headimg' /var/www/html/coalball/Application/Home/Controller/IndexController.class.php 第 11 行.
NOTIC: [8] Use of undefined constant uid - assumed 'uid' /var/www/html/coalball/Application/Home/Controller/IndexController.class.php 第 11 行.
SQL: SELECT `uid`,`username` FROM `cl_client`  [ RunTime:0.0002s ]
INFO: [ view_parse ] --START--
INFO: [ template_filter ] --START--
INFO: Run Behavior\ContentReplaceBehavior [ RunTime:0.000077s ]
INFO: [ template_filter ] --END-- [ RunTime:0.000160s ]
INFO: Run Behavior\ParseTemplateBehavior [ RunTime:0.007798s ]
INFO: [ view_parse ] --END-- [ RunTime:0.007850s ]
INFO: [ view_filter ] --START--
INFO: Run Behavior\WriteHtmlCacheBehavior [ RunTime:0.000152s ]
INFO: [ view_filter ] --END-- [ RunTime:0.000193s ]
NOTIC: [8] Undefined variable: testJson /var/www/html/coalball/Application/Home/Controller/IndexController.class.php 第 14 行.
INFO: [ app_end ] --START--
INFO: Run Behavior\ShowPageTraceBehavior [ RunTime:0.000456s ]
INFO: [ app_end ] --END-- [ RunTime:0.000505s ]

[ 2017-05-20T18:52:42+08:00 ] 104.236.236.145 /coalball/Home/Index/test
INFO: [ app_init ] --START--
INFO: Run Behavior\BuildLiteBehavior [ RunTime:0.000013s ]
INFO: [ app_init ] --END-- [ RunTime:0.000272s ]
INFO: [ app_begin ] --START--
INFO: Run Behavior\ReadHtmlCacheBehavior [ RunTime:0.000288s ]
INFO: [ app_begin ] --END-- [ RunTime:0.000339s ]
SQL: SHOW COLUMNS FROM `cl_xq` [ RunTime:0.0006s ]
SQL: SELECT * FROM `cl_xq` ORDER BY id desc  [ RunTime:0.0004s ]
INFO: [ app_end ] --START--
INFO: Run Behavior\ShowPageTraceBehavior [ RunTime:0.000435s ]
INFO: [ app_end ] --END-- [ RunTime:0.000478s ]

[ 2017-05-20T18:59:58+08:00 ] 104.236.236.145 /coalball/index.php
INFO: [ app_init ] --START--
INFO: Run Behavior\BuildLiteBehavior [ RunTime:0.000021s ]
INFO: [ app_init ] --END-- [ RunTime:0.000366s ]
INFO: [ app_begin ] --START--
INFO: Run Behavior\ReadHtmlCacheBehavior [ RunTime:0.000540s ]
INFO: [ app_begin ] --END-- [ RunTime:0.000592s ]
SQL: SHOW COLUMNS FROM `cl_client` [ RunTime:0.0005s ]
NOTIC: [8] Use of undefined constant headimg - assumed 'headimg' /var/www/html/coalball/Application/Home/Controller/IndexController.class.php 第 11 行.
NOTIC: [8] Use of undefined constant uid - assumed 'uid' /var/www/html/coalball/Application/Home/Controller/IndexController.class.php 第 11 行.
SQL: SELECT `uid`,`username` FROM `cl_client`  [ RunTime:0.0002s ]
INFO: [ view_parse ] --START--
INFO: [ template_filter ] --START--
INFO: Run Behavior\ContentReplaceBehavior [ RunTime:0.000049s ]
INFO: [ template_filter ] --END-- [ RunTime:0.000116s ]
INFO: Run Behavior\ParseTemplateBehavior [ RunTime:0.008627s ]
INFO: [ view_parse ] --END-- [ RunTime:0.008676s ]
INFO: [ view_filter ] --START--
INFO: Run Behavior\WriteHtmlCacheBehavior [ RunTime:0.000129s ]
INFO: [ view_filter ] --END-- [ RunTime:0.000167s ]
NOTIC: [8] Undefined variable: testJson /var/www/html/coalball/Application/Home/Controller/IndexController.class.php 第 14 行.
INFO: [ app_end ] --START--
INFO: Run Behavior\ShowPageTraceBehavior [ RunTime:0.000438s ]
INFO: [ app_end ] --END-- [ RunTime:0.000486s ]

[ 2017-05-20T18:59:58+08:00 ] 104.236.236.145 /coalball/Home/Index/test
INFO: [ app_init ] --START--
INFO: Run Behavior\BuildLiteBehavior [ RunTime:0.000018s ]
INFO: [ app_init ] --END-- [ RunTime:0.000376s ]
INFO: [ app_begin ] --START--
INFO: Run Behavior\ReadHtmlCacheBehavior [ RunTime:0.000478s ]
INFO: [ app_begin ] --END-- [ RunTime:0.000544s ]
SQL: SHOW COLUMNS FROM `cl_xq` [ RunTime:0.0007s ]
SQL: SELECT * FROM `cl_xq` ORDER BY id desc  [ RunTime:0.0006s ]
INFO: [ app_end ] --START--
INFO: Run Behavior\ShowPageTraceBehavior [ RunTime:0.000585s ]
INFO: [ app_end ] --END-- [ RunTime:0.000650s ]

[ 2017-05-20T19:19:23+08:00 ] 104.236.236.145 /coalball/index.php
INFO: [ app_init ] --START--
INFO: Run Behavior\BuildLiteBehavior [ RunTime:0.000020s ]
INFO: [ app_init ] --END-- [ RunTime:0.000348s ]
INFO: [ app_begin ] --START--
INFO: Run Behavior\ReadHtmlCacheBehavior [ RunTime:0.000490s ]
INFO: [ app_begin ] --END-- [ RunTime:0.000546s ]
SQL: SHOW COLUMNS FROM `cl_client` [ RunTime:0.0007s ]
NOTIC: [8] Use of undefined constant headimg - assumed 'headimg' /var/www/html/coalball/Application/Home/Controller/IndexController.class.php 第 11 行.
NOTIC: [8] Use of undefined constant uid - assumed 'uid' /var/www/html/coalball/Application/Home/Controller/IndexController.class.php 第 11 行.
SQL: SELECT `uid`,`username` FROM `cl_client`  [ RunTime:0.0002s ]
INFO: [ view_parse ] --START--
INFO: [ template_filter ] --START--
INFO: Run Behavior\ContentReplaceBehavior [ RunTime:0.000063s ]
INFO: [ template_filter ] --END-- [ RunTime:0.000120s ]
INFO: Run Behavior\ParseTemplateBehavior [ RunTime:0.008601s ]
INFO: [ view_parse ] --END-- [ RunTime:0.008663s ]
INFO: [ view_filter ] --START--
INFO: Run Behavior\WriteHtmlCacheBehavior [ RunTime:0.000140s ]
INFO: [ view_filter ] --END-- [ RunTime:0.000186s ]
NOTIC: [8] Undefined variable: testJson /var/www/html/coalball/Application/Home/Controller/IndexController.class.php 第 14 行.
INFO: [ app_end ] --START--
INFO: Run Behavior\ShowPageTraceBehavior [ RunTime:0.000470s ]
INFO: [ app_end ] --END-- [ RunTime:0.000515s ]

[ 2017-05-20T19:19:24+08:00 ] 104.236.236.145 /coalball/Home/Index/test
INFO: [ app_init ] --START--
INFO: Run Behavior\BuildLiteBehavior [ RunTime:0.000017s ]
INFO: [ app_init ] --END-- [ RunTime:0.000251s ]
INFO: [ app_begin ] --START--
INFO: Run Behavior\ReadHtmlCacheBehavior [ RunTime:0.000434s ]
INFO: [ app_begin ] --END-- [ RunTime:0.000485s ]
SQL: SHOW COLUMNS FROM `cl_xq` [ RunTime:0.0008s ]
SQL: SELECT * FROM `cl_xq` ORDER BY id desc  [ RunTime:0.0006s ]
INFO: [ app_end ] --START--
INFO: Run Behavior\ShowPageTraceBehavior [ RunTime:0.000593s ]
INFO: [ app_end ] --END-- [ RunTime:0.000660s ]

[ 2017-05-20T19:35:45+08:00 ] 104.236.236.145 /coalball/Home/Index/test
INFO: [ app_init ] --START--
INFO: Run Behavior\BuildLiteBehavior [ RunTime:0.000014s ]
INFO: [ app_init ] --END-- [ RunTime:0.000283s ]
INFO: [ app_begin ] --START--
INFO: Run Behavior\ReadHtmlCacheBehavior [ RunTime:0.000386s ]
INFO: [ app_begin ] --END-- [ RunTime:0.000432s ]
SQL: SHOW COLUMNS FROM `cl_xq` [ RunTime:0.0006s ]
SQL: SELECT * FROM `cl_xq` ORDER BY id desc  [ RunTime:0.0003s ]
INFO: [ app_end ] --START--
INFO: Run Behavior\ShowPageTraceBehavior [ RunTime:0.000356s ]
INFO: [ app_end ] --END-- [ RunTime:0.000398s ]

[ 2017-05-20T19:35:47+08:00 ] 104.236.236.145 /coalball/Home/Index/test
INFO: [ app_init ] --START--
INFO: Run Behavior\BuildLiteBehavior [ RunTime:0.000013s ]
INFO: [ app_init ] --END-- [ RunTime:0.000357s ]
INFO: [ app_begin ] --START--
INFO: Run Behavior\ReadHtmlCacheBehavior [ RunTime:0.000302s ]
INFO: [ app_begin ] --END-- [ RunTime:0.000339s ]
SQL: SHOW COLUMNS FROM `cl_xq` [ RunTime:0.0005s ]
SQL: SELECT * FROM `cl_xq` ORDER BY id desc  [ RunTime:0.0004s ]
INFO: [ app_end ] --START--
INFO: Run Behavior\ShowPageTraceBehavior [ RunTime:0.000329s ]
INFO: [ app_end ] --END-- [ RunTime:0.000371s ]

[ 2017-05-20T19:35:49+08:00 ] 104.236.236.145 /coalball/Home/Index/test
INFO: [ app_init ] --START--
INFO: Run Behavior\BuildLiteBehavior [ RunTime:0.000019s ]
INFO: [ app_init ] --END-- [ RunTime:0.000422s ]
INFO: [ app_begin ] --START--
INFO: Run Behavior\ReadHtmlCacheBehavior [ RunTime:0.000451s ]
INFO: [ app_begin ] --END-- [ RunTime:0.000503s ]
SQL: SHOW COLUMNS FROM `cl_xq` [ RunTime:0.0009s ]
SQL: SELECT * FROM `cl_xq` ORDER BY id desc  [ RunTime:0.0006s ]
INFO: [ app_end ] --START--
INFO: Run Behavior\ShowPageTraceBehavior [ RunTime:0.000535s ]
INFO: [ app_end ] --END-- [ RunTime:0.000597s ]

[ 2017-05-20T20:06:49+08:00 ] 183.57.53.222 /coalball/index.php
INFO: [ app_init ] --START--
INFO: Run Behavior\BuildLiteBehavior [ RunTime:0.000020s ]
INFO: [ app_init ] --END-- [ RunTime:0.000357s ]
INFO: [ app_begin ] --START--
INFO: Run Behavior\ReadHtmlCacheBehavior [ RunTime:0.000472s ]
INFO: [ app_begin ] --END-- [ RunTime:0.000527s ]
SQL: SHOW COLUMNS FROM `cl_client` [ RunTime:0.0006s ]
NOTIC: [8] Use of undefined constant headimg - assumed 'headimg' /var/www/html/coalball/Application/Home/Controller/IndexController.class.php 第 11 行.
NOTIC: [8] Use of undefined constant uid - assumed 'uid' /var/www/html/coalball/Application/Home/Controller/IndexController.class.php 第 11 行.
SQL: SELECT `uid`,`username` FROM `cl_client`  [ RunTime:0.0002s ]
INFO: [ view_parse ] --START--
INFO: [ template_filter ] --START--
INFO: Run Behavior\ContentReplaceBehavior [ RunTime:0.000069s ]
INFO: [ template_filter ] --END-- [ RunTime:0.000150s ]
NOTIC: [8] Undefined index: img /var/www/html/coalball/Application/Runtime/Cache/Home/f324508a16a2d221eb71b92d9fd560ca.php 第 235 行.
NOTIC: [8] Undefined index: name /var/www/html/coalball/Application/Runtime/Cache/Home/f324508a16a2d221eb71b92d9fd560ca.php 第 238 行.
INFO: Run Behavior\ParseTemplateBehavior [ RunTime:0.010390s ]
INFO: [ view_parse ] --END-- [ RunTime:0.010458s ]
INFO: [ view_filter ] --START--
INFO: Run Behavior\WriteHtmlCacheBehavior [ RunTime:0.000171s ]
INFO: [ view_filter ] --END-- [ RunTime:0.000213s ]
NOTIC: [8] Undefined variable: testJson /var/www/html/coalball/Application/Home/Controller/IndexController.class.php 第 14 行.
INFO: [ app_end ] --START--
INFO: Run Behavior\ShowPageTraceBehavior [ RunTime:0.000527s ]
INFO: [ app_end ] --END-- [ RunTime:0.000580s ]

[ 2017-05-20T20:14:07+08:00 ] 120.195.97.210 /coalball/index.php
INFO: [ app_init ] --START--
INFO: Run Behavior\BuildLiteBehavior [ RunTime:0.000017s ]
INFO: [ app_init ] --END-- [ RunTime:0.000365s ]
INFO: [ app_begin ] --START--
INFO: Run Behavior\ReadHtmlCacheBehavior [ RunTime:0.000431s ]
INFO: [ app_begin ] --END-- [ RunTime:0.000483s ]
SQL: SHOW COLUMNS FROM `cl_client` [ RunTime:0.0006s ]
NOTIC: [8] Use of undefined constant headimg - assumed 'headimg' /var/www/html/coalball/Application/Home/Controller/IndexController.class.php 第 11 行.
NOTIC: [8] Use of undefined constant uid - assumed 'uid' /var/www/html/coalball/Application/Home/Controller/IndexController.class.php 第 11 行.
SQL: SELECT `uid`,`username` FROM `cl_client`  [ RunTime:0.0002s ]
INFO: [ view_parse ] --START--
INFO: [ template_filter ] --START--
INFO: Run Behavior\ContentReplaceBehavior [ RunTime:0.000092s ]
INFO: [ template_filter ] --END-- [ RunTime:0.000170s ]
NOTIC: [8] Undefined index: img /var/www/html/coalball/Application/Runtime/Cache/Home/f324508a16a2d221eb71b92d9fd560ca.php 第 235 行.
NOTIC: [8] Undefined index: name /var/www/html/coalball/Application/Runtime/Cache/Home/f324508a16a2d221eb71b92d9fd560ca.php 第 238 行.
INFO: Run Behavior\ParseTemplateBehavior [ RunTime:0.010277s ]
INFO: [ view_parse ] --END-- [ RunTime:0.010323s ]
INFO: [ view_filter ] --START--
INFO: Run Behavior\WriteHtmlCacheBehavior [ RunTime:0.000161s ]
INFO: [ view_filter ] --END-- [ RunTime:0.000326s ]
NOTIC: [8] Undefined variable: testJson /var/www/html/coalball/Application/Home/Controller/IndexController.class.php 第 14 行.
INFO: [ app_end ] --START--
INFO: Run Behavior\ShowPageTraceBehavior [ RunTime:0.000505s ]
INFO: [ app_end ] --END-- [ RunTime:0.000574s ]

[ 2017-05-20T20:14:08+08:00 ] 120.195.97.210 /coalball/Home/Index/test
INFO: [ app_init ] --START--
INFO: Run Behavior\BuildLiteBehavior [ RunTime:0.000016s ]
INFO: [ app_init ] --END-- [ RunTime:0.001375s ]
INFO: [ app_begin ] --START--
INFO: Run Behavior\ReadHtmlCacheBehavior [ RunTime:0.001728s ]
INFO: [ app_begin ] --END-- [ RunTime:0.001784s ]
SQL: SHOW COLUMNS FROM `cl_xq` [ RunTime:0.0020s ]
SQL: SELECT * FROM `cl_xq` ORDER BY id desc  [ RunTime:0.0017s ]
INFO: [ app_end ] --START--
INFO: Run Behavior\ShowPageTraceBehavior [ RunTime:0.001878s ]
INFO: [ app_end ] --END-- [ RunTime:0.001997s ]

[ 2017-05-20T20:14:14+08:00 ] 120.195.97.210 /coalball/index.php
INFO: [ app_init ] --START--
INFO: Run Behavior\BuildLiteBehavior [ RunTime:0.000014s ]
INFO: [ app_init ] --END-- [ RunTime:0.000306s ]
INFO: [ app_begin ] --START--
INFO: Run Behavior\ReadHtmlCacheBehavior [ RunTime:0.000466s ]
INFO: [ app_begin ] --END-- [ RunTime:0.000566s ]
SQL: SHOW COLUMNS FROM `cl_client` [ RunTime:0.0006s ]
NOTIC: [8] Use of undefined constant headimg - assumed 'headimg' /var/www/html/coalball/Application/Home/Controller/IndexController.class.php 第 11 行.
NOTIC: [8] Use of undefined constant uid - assumed 'uid' /var/www/html/coalball/Application/Home/Controller/IndexController.class.php 第 11 行.
SQL: SELECT `uid`,`username` FROM `cl_client`  [ RunTime:0.0002s ]
INFO: [ view_parse ] --START--
INFO: [ template_filter ] --START--
INFO: Run Behavior\ContentReplaceBehavior [ RunTime:0.000067s ]
INFO: [ template_filter ] --END-- [ RunTime:0.000158s ]
NOTIC: [8] Undefined index: img /var/www/html/coalball/Application/Runtime/Cache/Home/f324508a16a2d221eb71b92d9fd560ca.php 第 235 行.
NOTIC: [8] Undefined index: name /var/www/html/coalball/Application/Runtime/Cache/Home/f324508a16a2d221eb71b92d9fd560ca.php 第 238 行.
INFO: Run Behavior\ParseTemplateBehavior [ RunTime:0.009380s ]
INFO: [ view_parse ] --END-- [ RunTime:0.009434s ]
INFO: [ view_filter ] --START--
INFO: Run Behavior\WriteHtmlCacheBehavior [ RunTime:0.000229s ]
INFO: [ view_filter ] --END-- [ RunTime:0.000273s ]
NOTIC: [8] Undefined variable: testJson /var/www/html/coalball/Application/Home/Controller/IndexController.class.php 第 14 行.
INFO: [ app_end ] --START--
INFO: Run Behavior\ShowPageTraceBehavior [ RunTime:0.000413s ]
INFO: [ app_end ] --END-- [ RunTime:0.000448s ]

[ 2017-05-20T20:14:25+08:00 ] 120.195.97.210 /coalball/index.php
INFO: [ app_init ] --START--
INFO: Run Behavior\BuildLiteBehavior [ RunTime:0.000018s ]
INFO: [ app_init ] --END-- [ RunTime:0.000263s ]
INFO: [ app_begin ] --START--
INFO: Run Behavior\ReadHtmlCacheBehavior [ RunTime:0.000365s ]
INFO: [ app_begin ] --END-- [ RunTime:0.000410s ]
SQL: SHOW COLUMNS FROM `cl_client` [ RunTime:0.0006s ]
NOTIC: [8] Use of undefined constant headimg - assumed 'headimg' /var/www/html/coalball/Application/Home/Controller/IndexController.class.php 第 11 行.
NOTIC: [8] Use of undefined constant uid - assumed 'uid' /var/www/html/coalball/Application/Home/Controller/IndexController.class.php 第 11 行.
SQL: SELECT `uid`,`username` FROM `cl_client`  [ RunTime:0.0002s ]
INFO: [ view_parse ] --START--
INFO: [ template_filter ] --START--
INFO: Run Behavior\ContentReplaceBehavior [ RunTime:0.000053s ]
INFO: [ template_filter ] --END-- [ RunTime:0.000104s ]
NOTIC: [8] Undefined index: img /var/www/html/coalball/Application/Runtime/Cache/Home/f324508a16a2d221eb71b92d9fd560ca.php 第 235 行.
NOTIC: [8] Undefined index: name /var/www/html/coalball/Application/Runtime/Cache/Home/f324508a16a2d221eb71b92d9fd560ca.php 第 238 行.
INFO: Run Behavior\ParseTemplateBehavior [ RunTime:0.007036s ]
INFO: [ view_parse ] --END-- [ RunTime:0.007106s ]
INFO: [ view_filter ] --START--
INFO: Run Behavior\WriteHtmlCacheBehavior [ RunTime:0.000135s ]
INFO: [ view_filter ] --END-- [ RunTime:0.000162s ]
NOTIC: [8] Undefined variable: testJson /var/www/html/coalball/Application/Home/Controller/IndexController.class.php 第 14 行.
INFO: [ app_end ] --START--
INFO: Run Behavior\ShowPageTraceBehavior [ RunTime:0.000367s ]
INFO: [ app_end ] --END-- [ RunTime:0.000409s ]

[ 2017-05-20T20:14:27+08:00 ] 120.195.97.210 /coalball/index.php
INFO: [ app_init ] --START--
INFO: Run Behavior\BuildLiteBehavior [ RunTime:0.000019s ]
INFO: [ app_init ] --END-- [ RunTime:0.000361s ]
INFO: [ app_begin ] --START--
INFO: Run Behavior\ReadHtmlCacheBehavior [ RunTime:0.000446s ]
INFO: [ app_begin ] --END-- [ RunTime:0.000499s ]
SQL: SHOW COLUMNS FROM `cl_client` [ RunTime:0.0006s ]
NOTIC: [8] Use of undefined constant headimg - assumed 'headimg' /var/www/html/coalball/Application/Home/Controller/IndexController.class.php 第 11 行.
NOTIC: [8] Use of undefined constant uid - assumed 'uid' /var/www/html/coalball/Application/Home/Controller/IndexController.class.php 第 11 行.
SQL: SELECT `uid`,`username` FROM `cl_client`  [ RunTime:0.0002s ]
INFO: [ view_parse ] --START--
INFO: [ template_filter ] --START--
INFO: Run Behavior\ContentReplaceBehavior [ RunTime:0.000112s ]
INFO: [ template_filter ] --END-- [ RunTime:0.000187s ]
NOTIC: [8] Undefined index: img /var/www/html/coalball/Application/Runtime/Cache/Home/f324508a16a2d221eb71b92d9fd560ca.php 第 235 行.
NOTIC: [8] Undefined index: name /var/www/html/coalball/Application/Runtime/Cache/Home/f324508a16a2d221eb71b92d9fd560ca.php 第 238 行.
INFO: Run Behavior\ParseTemplateBehavior [ RunTime:0.010532s ]
INFO: [ view_parse ] --END-- [ RunTime:0.010601s ]
INFO: [ view_filter ] --START--
INFO: Run Behavior\WriteHtmlCacheBehavior [ RunTime:0.000156s ]
INFO: [ view_filter ] --END-- [ RunTime:0.000196s ]
NOTIC: [8] Undefined variable: testJson /var/www/html/coalball/Application/Home/Controller/IndexController.class.php 第 14 行.
INFO: [ app_end ] --START--
INFO: Run Behavior\ShowPageTraceBehavior [ RunTime:0.000489s ]
INFO: [ app_end ] --END-- [ RunTime:0.000536s ]

[ 2017-05-20T20:14:27+08:00 ] 120.195.97.210 /coalball/index.php
INFO: [ app_init ] --START--
INFO: Run Behavior\BuildLiteBehavior [ RunTime:0.000018s ]
INFO: [ app_init ] --END-- [ RunTime:0.000258s ]
INFO: [ app_begin ] --START--
INFO: Run Behavior\ReadHtmlCacheBehavior [ RunTime:0.000293s ]
INFO: [ app_begin ] --END-- [ RunTime:0.000328s ]
SQL: SHOW COLUMNS FROM `cl_client` [ RunTime:0.0004s ]
NOTIC: [8] Use of undefined constant headimg - assumed 'headimg' /var/www/html/coalball/Application/Home/Controller/IndexController.class.php 第 11 行.
NOTIC: [8] Use of undefined constant uid - assumed 'uid' /var/www/html/coalball/Application/Home/Controller/IndexController.class.php 第 11 行.
SQL: SELECT `uid`,`username` FROM `cl_client`  [ RunTime:0.0001s ]
INFO: [ view_parse ] --START--
INFO: [ template_filter ] --START--
INFO: Run Behavior\ContentReplaceBehavior [ RunTime:0.000043s ]
INFO: [ template_filter ] --END-- [ RunTime:0.000090s ]
NOTIC: [8] Undefined index: img /var/www/html/coalball/Application/Runtime/Cache/Home/f324508a16a2d221eb71b92d9fd560ca.php 第 235 行.
NOTIC: [8] Undefined index: name /var/www/html/coalball/Application/Runtime/Cache/Home/f324508a16a2d221eb71b92d9fd560ca.php 第 238 行.
INFO: Run Behavior\ParseTemplateBehavior [ RunTime:0.006554s ]
INFO: [ view_parse ] --END-- [ RunTime:0.006586s ]
INFO: [ view_filter ] --START--
INFO: Run Behavior\WriteHtmlCacheBehavior [ RunTime:0.000118s ]
INFO: [ view_filter ] --END-- [ RunTime:0.000145s ]
NOTIC: [8] Undefined variable: testJson /var/www/html/coalball/Application/Home/Controller/IndexController.class.php 第 14 行.
INFO: [ app_end ] --START--
INFO: Run Behavior\ShowPageTraceBehavior [ RunTime:0.000349s ]
INFO: [ app_end ] --END-- [ RunTime:0.000379s ]

[ 2017-05-20T20:14:28+08:00 ] 120.195.97.210 /coalball/Home/Index/test
INFO: [ app_init ] --START--
INFO: Run Behavior\BuildLiteBehavior [ RunTime:0.000027s ]
INFO: [ app_init ] --END-- [ RunTime:0.000242s ]
INFO: [ app_begin ] --START--
INFO: Run Behavior\ReadHtmlCacheBehavior [ RunTime:0.000345s ]
INFO: [ app_begin ] --END-- [ RunTime:0.000382s ]
SQL: SHOW COLUMNS FROM `cl_xq` [ RunTime:0.0006s ]
SQL: SELECT * FROM `cl_xq` ORDER BY id desc  [ RunTime:0.0003s ]
INFO: [ app_end ] --START--
INFO: Run Behavior\ShowPageTraceBehavior [ RunTime:0.000381s ]
INFO: [ app_end ] --END-- [ RunTime:0.000430s ]

[ 2017-05-20T20:14:40+08:00 ] 120.195.97.210 /coalball/index.php
INFO: [ app_init ] --START--
INFO: Run Behavior\BuildLiteBehavior [ RunTime:0.000232s ]
INFO: [ app_init ] --END-- [ RunTime:0.000545s ]
INFO: [ app_begin ] --START--
INFO: Run Behavior\ReadHtmlCacheBehavior [ RunTime:0.000309s ]
INFO: [ app_begin ] --END-- [ RunTime:0.000359s ]
SQL: SHOW COLUMNS FROM `cl_client` [ RunTime:0.0006s ]
NOTIC: [8] Use of undefined constant headimg - assumed 'headimg' /var/www/html/coalball/Application/Home/Controller/IndexController.class.php 第 11 行.
NOTIC: [8] Use of undefined constant uid - assumed 'uid' /var/www/html/coalball/Application/Home/Controller/IndexController.class.php 第 11 行.
SQL: SELECT `uid`,`username` FROM `cl_client`  [ RunTime:0.0002s ]
INFO: [ view_parse ] --START--
INFO: [ template_filter ] --START--
INFO: Run Behavior\ContentReplaceBehavior [ RunTime:0.000046s ]
INFO: [ template_filter ] --END-- [ RunTime:0.000101s ]
NOTIC: [8] Undefined index: img /var/www/html/coalball/Application/Runtime/Cache/Home/f324508a16a2d221eb71b92d9fd560ca.php 第 235 行.
NOTIC: [8] Undefined index: name /var/www/html/coalball/Application/Runtime/Cache/Home/f324508a16a2d221eb71b92d9fd560ca.php 第 238 行.
INFO: Run Behavior\ParseTemplateBehavior [ RunTime:0.009849s ]
INFO: [ view_parse ] --END-- [ RunTime:0.009901s ]
INFO: [ view_filter ] --START--
INFO: Run Behavior\WriteHtmlCacheBehavior [ RunTime:0.000138s ]
INFO: [ view_filter ] --END-- [ RunTime:0.000172s ]
NOTIC: [8] Undefined variable: testJson /var/www/html/coalball/Application/Home/Controller/IndexController.class.php 第 14 行.
INFO: [ app_end ] --START--
INFO: Run Behavior\ShowPageTraceBehavior [ RunTime:0.000625s ]
INFO: [ app_end ] --END-- [ RunTime:0.000664s ]

[ 2017-05-20T20:14:40+08:00 ] 120.195.97.210 /coalball/Home/Index/test
INFO: [ app_init ] --START--
INFO: Run Behavior\BuildLiteBehavior [ RunTime:0.000018s ]
INFO: [ app_init ] --END-- [ RunTime:0.000353s ]
INFO: [ app_begin ] --START--
INFO: Run Behavior\ReadHtmlCacheBehavior [ RunTime:0.000445s ]
INFO: [ app_begin ] --END-- [ RunTime:0.000485s ]
SQL: SHOW COLUMNS FROM `cl_xq` [ RunTime:0.0005s ]
SQL: SELECT * FROM `cl_xq` ORDER BY id desc  [ RunTime:0.0003s ]
INFO: [ app_end ] --START--
INFO: Run Behavior\ShowPageTraceBehavior [ RunTime:0.000546s ]
INFO: [ app_end ] --END-- [ RunTime:0.000606s ]

[ 2017-05-20T20:14:45+08:00 ] 120.195.97.210 /coalball/Home/Index/test
INFO: [ app_init ] --START--
INFO: Run Behavior\BuildLiteBehavior [ RunTime:0.000018s ]
INFO: [ app_init ] --END-- [ RunTime:0.000348s ]
INFO: [ app_begin ] --START--
INFO: Run Behavior\ReadHtmlCacheBehavior [ RunTime:0.000363s ]
INFO: [ app_begin ] --END-- [ RunTime:0.000405s ]
SQL: SHOW COLUMNS FROM `cl_xq` [ RunTime:0.0007s ]
SQL: SELECT * FROM `cl_xq` ORDER BY id desc  [ RunTime:0.0004s ]
INFO: [ app_end ] --START--
INFO: Run Behavior\ShowPageTraceBehavior [ RunTime:0.000369s ]
INFO: [ app_end ] --END-- [ RunTime:0.000412s ]

[ 2017-05-20T20:15:13+08:00 ] 120.195.97.210 /coalball/index.php
INFO: [ app_init ] --START--
INFO: Run Behavior\BuildLiteBehavior [ RunTime:0.000024s ]
INFO: [ app_init ] --END-- [ RunTime:0.000498s ]
INFO: [ app_begin ] --START--
INFO: Run Behavior\ReadHtmlCacheBehavior [ RunTime:0.000495s ]
INFO: [ app_begin ] --END-- [ RunTime:0.000556s ]
SQL: SHOW COLUMNS FROM `cl_client` [ RunTime:0.0007s ]
NOTIC: [8] Use of undefined constant headimg - assumed 'headimg' /var/www/html/coalball/Application/Home/Controller/IndexController.class.php 第 11 行.
NOTIC: [8] Use of undefined constant uid - assumed 'uid' /var/www/html/coalball/Application/Home/Controller/IndexController.class.php 第 11 行.
SQL: SELECT `uid`,`username` FROM `cl_client`  [ RunTime:0.0002s ]
INFO: [ view_parse ] --START--
INFO: [ template_filter ] --START--
INFO: Run Behavior\ContentReplaceBehavior [ RunTime:0.000059s ]
INFO: [ template_filter ] --END-- [ RunTime:0.000123s ]
NOTIC: [8] Undefined index: img /var/www/html/coalball/Application/Runtime/Cache/Home/f324508a16a2d221eb71b92d9fd560ca.php 第 235 行.
NOTIC: [8] Undefined index: name /var/www/html/coalball/Application/Runtime/Cache/Home/f324508a16a2d221eb71b92d9fd560ca.php 第 238 行.
INFO: Run Behavior\ParseTemplateBehavior [ RunTime:0.009536s ]
INFO: [ view_parse ] --END-- [ RunTime:0.009595s ]
INFO: [ view_filter ] --START--
INFO: Run Behavior\WriteHtmlCacheBehavior [ RunTime:0.000147s ]
INFO: [ view_filter ] --END-- [ RunTime:0.000178s ]
NOTIC: [8] Undefined variable: testJson /var/www/html/coalball/Application/Home/Controller/IndexController.class.php 第 14 行.
INFO: [ app_end ] --START--
INFO: Run Behavior\ShowPageTraceBehavior [ RunTime:0.000546s ]
INFO: [ app_end ] --END-- [ RunTime:0.000595s ]

[ 2017-05-20T20:15:13+08:00 ] 120.195.97.210 /coalball/Home/Index/test
INFO: [ app_init ] --START--
INFO: Run Behavior\BuildLiteBehavior [ RunTime:0.000018s ]
INFO: [ app_init ] --END-- [ RunTime:0.000386s ]
INFO: [ app_begin ] --START--
INFO: Run Behavior\ReadHtmlCacheBehavior [ RunTime:0.000417s ]
INFO: [ app_begin ] --END-- [ RunTime:0.000469s ]
SQL: SHOW COLUMNS FROM `cl_xq` [ RunTime:0.0006s ]
SQL: SELECT * FROM `cl_xq` ORDER BY id desc  [ RunTime:0.0005s ]
INFO: [ app_end ] --START--
INFO: Run Behavior\ShowPageTraceBehavior [ RunTime:0.000497s ]
INFO: [ app_end ] --END-- [ RunTime:0.000552s ]

[ 2017-05-20T20:15:38+08:00 ] 120.195.97.210 /coalball/index.php
INFO: [ app_init ] --START--
INFO: Run Behavior\BuildLiteBehavior [ RunTime:0.000020s ]
INFO: [ app_init ] --END-- [ RunTime:0.000311s ]
INFO: [ app_begin ] --START--
INFO: Run Behavior\ReadHtmlCacheBehavior [ RunTime:0.000387s ]
INFO: [ app_begin ] --END-- [ RunTime:0.000441s ]
SQL: SHOW COLUMNS FROM `cl_client` [ RunTime:0.0006s ]
NOTIC: [8] Use of undefined constant headimg - assumed 'headimg' /var/www/html/coalball/Application/Home/Controller/IndexController.class.php 第 11 行.
NOTIC: [8] Use of undefined constant uid - assumed 'uid' /var/www/html/coalball/Application/Home/Controller/IndexController.class.php 第 11 行.
SQL: SELECT `uid`,`username` FROM `cl_client`  [ RunTime:0.0002s ]
INFO: [ view_parse ] --START--
INFO: [ template_filter ] --START--
INFO: Run Behavior\ContentReplaceBehavior [ RunTime:0.000056s ]
INFO: [ template_filter ] --END-- [ RunTime:0.000106s ]
INFO: Run Behavior\ParseTemplateBehavior [ RunTime:0.006891s ]
INFO: [ view_parse ] --END-- [ RunTime:0.006943s ]
INFO: [ view_filter ] --START--
INFO: Run Behavior\WriteHtmlCacheBehavior [ RunTime:0.000113s ]
INFO: [ view_filter ] --END-- [ RunTime:0.000140s ]
NOTIC: [8] Undefined variable: testJson /var/www/html/coalball/Application/Home/Controller/IndexController.class.php 第 14 行.
INFO: [ app_end ] --START--
INFO: Run Behavior\ShowPageTraceBehavior [ RunTime:0.000377s ]
INFO: [ app_end ] --END-- [ RunTime:0.000412s ]

[ 2017-05-20T20:15:38+08:00 ] 120.195.97.210 /coalball/Home/Index/test
INFO: [ app_init ] --START--
INFO: Run Behavior\BuildLiteBehavior [ RunTime:0.000015s ]
INFO: [ app_init ] --END-- [ RunTime:0.000361s ]
INFO: [ app_begin ] --START--
INFO: Run Behavior\ReadHtmlCacheBehavior [ RunTime:0.000519s ]
INFO: [ app_begin ] --END-- [ RunTime:0.000572s ]
SQL: SHOW COLUMNS FROM `cl_xq` [ RunTime:0.0007s ]
SQL: SELECT * FROM `cl_xq` ORDER BY id desc  [ RunTime:0.0006s ]
INFO: [ app_end ] --START--
INFO: Run Behavior\ShowPageTraceBehavior [ RunTime:0.000682s ]
INFO: [ app_end ] --END-- [ RunTime:0.000742s ]

[ 2017-05-20T20:16:10+08:00 ] 120.195.97.210 /coalball/index.php
INFO: [ app_init ] --START--
INFO: Run Behavior\BuildLiteBehavior [ RunTime:0.000019s ]
INFO: [ app_init ] --END-- [ RunTime:0.000396s ]
INFO: [ app_begin ] --START--
INFO: Run Behavior\ReadHtmlCacheBehavior [ RunTime:0.000497s ]
INFO: [ app_begin ] --END-- [ RunTime:0.000555s ]
SQL: SHOW COLUMNS FROM `cl_client` [ RunTime:0.0006s ]
NOTIC: [8] Use of undefined constant headimg - assumed 'headimg' /var/www/html/coalball/Application/Home/Controller/IndexController.class.php 第 11 行.
NOTIC: [8] Use of undefined constant uid - assumed 'uid' /var/www/html/coalball/Application/Home/Controller/IndexController.class.php 第 11 行.
SQL: SELECT `uid`,`username` FROM `cl_client`  [ RunTime:0.0005s ]
INFO: [ view_parse ] --START--
INFO: [ template_filter ] --START--
INFO: Run Behavior\ContentReplaceBehavior [ RunTime:0.000072s ]
INFO: [ template_filter ] --END-- [ RunTime:0.000142s ]
INFO: Run Behavior\ParseTemplateBehavior [ RunTime:0.009984s ]
INFO: [ view_parse ] --END-- [ RunTime:0.010054s ]
INFO: [ view_filter ] --START--
INFO: Run Behavior\WriteHtmlCacheBehavior [ RunTime:0.000144s ]
INFO: [ view_filter ] --END-- [ RunTime:0.000187s ]
NOTIC: [8] Undefined variable: testJson /var/www/html/coalball/Application/Home/Controller/IndexController.class.php 第 14 行.
INFO: [ app_end ] --START--
INFO: Run Behavior\ShowPageTraceBehavior [ RunTime:0.000403s ]
INFO: [ app_end ] --END-- [ RunTime:0.000456s ]

[ 2017-05-20T20:16:13+08:00 ] 120.195.97.210 /coalball/Home/Index/test
INFO: [ app_init ] --START--
INFO: Run Behavior\BuildLiteBehavior [ RunTime:0.000020s ]
INFO: [ app_init ] --END-- [ RunTime:0.000350s ]
INFO: [ app_begin ] --START--
INFO: Run Behavior\ReadHtmlCacheBehavior [ RunTime:0.000455s ]
INFO: [ app_begin ] --END-- [ RunTime:0.000518s ]
SQL: SHOW COLUMNS FROM `cl_xq` [ RunTime:0.0006s ]
SQL: SELECT * FROM `cl_xq` ORDER BY id desc  [ RunTime:0.0005s ]
INFO: [ app_end ] --START--
INFO: Run Behavior\ShowPageTraceBehavior [ RunTime:0.000498s ]
INFO: [ app_end ] --END-- [ RunTime:0.000550s ]

[ 2017-05-20T20:27:51+08:00 ] 104.236.236.145 /coalball/index.php
INFO: [ app_init ] --START--
INFO: Run Behavior\BuildLiteBehavior [ RunTime:0.000017s ]
INFO: [ app_init ] --END-- [ RunTime:0.000380s ]
INFO: [ app_begin ] --START--
INFO: Run Behavior\ReadHtmlCacheBehavior [ RunTime:0.000451s ]
INFO: [ app_begin ] --END-- [ RunTime:0.000488s ]
SQL: SHOW COLUMNS FROM `cl_client` [ RunTime:0.0005s ]
NOTIC: [8] Use of undefined constant headimg - assumed 'headimg' /var/www/html/coalball/Application/Home/Controller/IndexController.class.php 第 11 行.
NOTIC: [8] Use of undefined constant uid - assumed 'uid' /var/www/html/coalball/Application/Home/Controller/IndexController.class.php 第 11 行.
SQL: SELECT `uid`,`username` FROM `cl_client`  [ RunTime:0.0001s ]
INFO: [ view_parse ] --START--
INFO: [ template_filter ] --START--
INFO: Run Behavior\ContentReplaceBehavior [ RunTime:0.000045s ]
INFO: [ template_filter ] --END-- [ RunTime:0.000092s ]
NOTIC: [8] Undefined index: img /var/www/html/coalball/Application/Runtime/Cache/Home/f324508a16a2d221eb71b92d9fd560ca.php 第 235 行.
NOTIC: [8] Undefined index: name /var/www/html/coalball/Application/Runtime/Cache/Home/f324508a16a2d221eb71b92d9fd560ca.php 第 238 行.
INFO: Run Behavior\ParseTemplateBehavior [ RunTime:0.007058s ]
INFO: [ view_parse ] --END-- [ RunTime:0.007090s ]
INFO: [ view_filter ] --START--
INFO: Run Behavior\WriteHtmlCacheBehavior [ RunTime:0.000133s ]
INFO: [ view_filter ] --END-- [ RunTime:0.000168s ]
NOTIC: [8] Undefined variable: testJson /var/www/html/coalball/Application/Home/Controller/IndexController.class.php 第 14 行.
INFO: [ app_end ] --START--
INFO: Run Behavior\ShowPageTraceBehavior [ RunTime:0.000462s ]
INFO: [ app_end ] --END-- [ RunTime:0.000512s ]

[ 2017-05-20T20:27:52+08:00 ] 104.236.236.145 /coalball/Home/Index/test
INFO: [ app_init ] --START--
INFO: Run Behavior\BuildLiteBehavior [ RunTime:0.000019s ]
INFO: [ app_init ] --END-- [ RunTime:0.000368s ]
INFO: [ app_begin ] --START--
INFO: Run Behavior\ReadHtmlCacheBehavior [ RunTime:0.000449s ]
INFO: [ app_begin ] --END-- [ RunTime:0.000500s ]
SQL: SHOW COLUMNS FROM `cl_xq` [ RunTime:0.0009s ]
SQL: SELECT * FROM `cl_xq` ORDER BY id desc  [ RunTime:0.0006s ]
INFO: [ app_end ] --START--
INFO: Run Behavior\ShowPageTraceBehavior [ RunTime:0.000583s ]
INFO: [ app_end ] --END-- [ RunTime:0.000657s ]

[ 2017-05-20T20:54:23+08:00 ] 120.195.97.210 /coalball/index.php
INFO: [ app_init ] --START--
INFO: Run Behavior\BuildLiteBehavior [ RunTime:0.000019s ]
INFO: [ app_init ] --END-- [ RunTime:0.000409s ]
INFO: [ app_begin ] --START--
INFO: Run Behavior\ReadHtmlCacheBehavior [ RunTime:0.000437s ]
INFO: [ app_begin ] --END-- [ RunTime:0.000491s ]
SQL: SHOW COLUMNS FROM `cl_client` [ RunTime:0.0006s ]
NOTIC: [8] Use of undefined constant headimg - assumed 'headimg' /var/www/html/coalball/Application/Home/Controller/IndexController.class.php 第 11 行.
NOTIC: [8] Use of undefined constant uid - assumed 'uid' /var/www/html/coalball/Application/Home/Controller/IndexController.class.php 第 11 行.
SQL: SELECT `uid`,`username` FROM `cl_client`  [ RunTime:0.0002s ]
INFO: [ view_parse ] --START--
INFO: [ template_filter ] --START--
INFO: Run Behavior\ContentReplaceBehavior [ RunTime:0.000058s ]
INFO: [ template_filter ] --END-- [ RunTime:0.000123s ]
INFO: Run Behavior\ParseTemplateBehavior [ RunTime:0.008292s ]
INFO: [ view_parse ] --END-- [ RunTime:0.008342s ]
INFO: [ view_filter ] --START--
INFO: Run Behavior\WriteHtmlCacheBehavior [ RunTime:0.000141s ]
INFO: [ view_filter ] --END-- [ RunTime:0.000177s ]
NOTIC: [8] Undefined variable: testJson /var/www/html/coalball/Application/Home/Controller/IndexController.class.php 第 14 行.
INFO: [ app_end ] --START--
INFO: Run Behavior\ShowPageTraceBehavior [ RunTime:0.000378s ]
INFO: [ app_end ] --END-- [ RunTime:0.000413s ]

[ 2017-05-20T20:54:24+08:00 ] 120.195.97.210 /coalball/Home/Index/test
INFO: [ app_init ] --START--
INFO: Run Behavior\BuildLiteBehavior [ RunTime:0.000016s ]
INFO: [ app_init ] --END-- [ RunTime:0.000246s ]
INFO: [ app_begin ] --START--
INFO: Run Behavior\ReadHtmlCacheBehavior [ RunTime:0.000288s ]
INFO: [ app_begin ] --END-- [ RunTime:0.000342s ]
SQL: SHOW COLUMNS FROM `cl_xq` [ RunTime:0.0005s ]
SQL: SELECT * FROM `cl_xq` ORDER BY id desc  [ RunTime:0.0005s ]
INFO: [ app_end ] --START--
INFO: Run Behavior\ShowPageTraceBehavior [ RunTime:0.000553s ]
INFO: [ app_end ] --END-- [ RunTime:0.000616s ]

[ 2017-05-20T20:54:29+08:00 ] 120.195.97.210 /coalball/index.php
INFO: [ app_init ] --START--
INFO: Run Behavior\BuildLiteBehavior [ RunTime:0.000015s ]
INFO: [ app_init ] --END-- [ RunTime:0.000302s ]
INFO: [ app_begin ] --START--
INFO: Run Behavior\ReadHtmlCacheBehavior [ RunTime:0.000640s ]
INFO: [ app_begin ] --END-- [ RunTime:0.000796s ]
SQL: SHOW COLUMNS FROM `cl_client` [ RunTime:0.0004s ]
NOTIC: [8] Use of undefined constant headimg - assumed 'headimg' /var/www/html/coalball/Application/Home/Controller/IndexController.class.php 第 11 行.
NOTIC: [8] Use of undefined constant uid - assumed 'uid' /var/www/html/coalball/Application/Home/Controller/IndexController.class.php 第 11 行.
SQL: SELECT `uid`,`username` FROM `cl_client`  [ RunTime:0.0002s ]
INFO: [ view_parse ] --START--
INFO: [ template_filter ] --START--
INFO: Run Behavior\ContentReplaceBehavior [ RunTime:0.000065s ]
INFO: [ template_filter ] --END-- [ RunTime:0.000118s ]
INFO: Run Behavior\ParseTemplateBehavior [ RunTime:0.006756s ]
INFO: [ view_parse ] --END-- [ RunTime:0.006802s ]
INFO: [ view_filter ] --START--
INFO: Run Behavior\WriteHtmlCacheBehavior [ RunTime:0.000114s ]
INFO: [ view_filter ] --END-- [ RunTime:0.000141s ]
NOTIC: [8] Undefined variable: testJson /var/www/html/coalball/Application/Home/Controller/IndexController.class.php 第 14 行.
INFO: [ app_end ] --START--
INFO: Run Behavior\ShowPageTraceBehavior [ RunTime:0.000333s ]
INFO: [ app_end ] --END-- [ RunTime:0.000374s ]

[ 2017-05-20T20:54:42+08:00 ] 120.195.97.210 /coalball/index.php
INFO: [ app_init ] --START--
INFO: Run Behavior\BuildLiteBehavior [ RunTime:0.000019s ]
INFO: [ app_init ] --END-- [ RunTime:0.000353s ]
INFO: [ app_begin ] --START--
INFO: Run Behavior\ReadHtmlCacheBehavior [ RunTime:0.000439s ]
INFO: [ app_begin ] --END-- [ RunTime:0.000493s ]
SQL: SHOW COLUMNS FROM `cl_client` [ RunTime:0.0004s ]
NOTIC: [8] Use of undefined constant headimg - assumed 'headimg' /var/www/html/coalball/Application/Home/Controller/IndexController.class.php 第 11 行.
NOTIC: [8] Use of undefined constant uid - assumed 'uid' /var/www/html/coalball/Application/Home/Controller/IndexController.class.php 第 11 行.
SQL: SELECT `uid`,`username` FROM `cl_client`  [ RunTime:0.0002s ]
INFO: [ view_parse ] --START--
INFO: [ template_filter ] --START--
INFO: Run Behavior\ContentReplaceBehavior [ RunTime:0.000051s ]
INFO: [ template_filter ] --END-- [ RunTime:0.000139s ]
INFO: Run Behavior\ParseTemplateBehavior [ RunTime:0.007331s ]
INFO: [ view_parse ] --END-- [ RunTime:0.007391s ]
INFO: [ view_filter ] --START--
INFO: Run Behavior\WriteHtmlCacheBehavior [ RunTime:0.000135s ]
INFO: [ view_filter ] --END-- [ RunTime:0.000165s ]
NOTIC: [8] Undefined variable: testJson /var/www/html/coalball/Application/Home/Controller/IndexController.class.php 第 14 行.
INFO: [ app_end ] --START--
INFO: Run Behavior\ShowPageTraceBehavior [ RunTime:0.000329s ]
INFO: [ app_end ] --END-- [ RunTime:0.000362s ]

[ 2017-05-20T20:54:42+08:00 ] 120.195.97.210 /coalball/Home/Index/test
INFO: [ app_init ] --START--
INFO: Run Behavior\BuildLiteBehavior [ RunTime:0.000045s ]
INFO: [ app_init ] --END-- [ RunTime:0.000319s ]
INFO: [ app_begin ] --START--
INFO: Run Behavior\ReadHtmlCacheBehavior [ RunTime:0.000303s ]
INFO: [ app_begin ] --END-- [ RunTime:0.000347s ]
SQL: SHOW COLUMNS FROM `cl_xq` [ RunTime:0.0005s ]
SQL: SELECT * FROM `cl_xq` ORDER BY id desc  [ RunTime:0.0004s ]
INFO: [ app_end ] --START--
INFO: Run Behavior\ShowPageTraceBehavior [ RunTime:0.000425s ]
INFO: [ app_end ] --END-- [ RunTime:0.000482s ]

[ 2017-05-20T22:05:37+08:00 ] 36.149.27.243 /coalball/index.php
INFO: [ app_init ] --START--
INFO: Run Behavior\BuildLiteBehavior [ RunTime:0.000018s ]
INFO: [ app_init ] --END-- [ RunTime:0.000332s ]
INFO: [ app_begin ] --START--
INFO: Run Behavior\ReadHtmlCacheBehavior [ RunTime:0.000402s ]
INFO: [ app_begin ] --END-- [ RunTime:0.000451s ]
SQL: SHOW COLUMNS FROM `cl_client` [ RunTime:0.0006s ]
NOTIC: [8] Use of undefined constant headimg - assumed 'headimg' /var/www/html/coalball/Application/Home/Controller/IndexController.class.php 第 11 行.
NOTIC: [8] Use of undefined constant uid - assumed 'uid' /var/www/html/coalball/Application/Home/Controller/IndexController.class.php 第 11 行.
SQL: SELECT `uid`,`username` FROM `cl_client`  [ RunTime:0.0002s ]
INFO: [ view_parse ] --START--
INFO: [ template_filter ] --START--
INFO: Run Behavior\ContentReplaceBehavior [ RunTime:0.000067s ]
INFO: [ template_filter ] --END-- [ RunTime:0.000157s ]
NOTIC: [8] Undefined index: img /var/www/html/coalball/Application/Runtime/Cache/Home/f324508a16a2d221eb71b92d9fd560ca.php 第 235 行.
NOTIC: [8] Undefined index: name /var/www/html/coalball/Application/Runtime/Cache/Home/f324508a16a2d221eb71b92d9fd560ca.php 第 238 行.
INFO: Run Behavior\ParseTemplateBehavior [ RunTime:0.009888s ]
INFO: [ view_parse ] --END-- [ RunTime:0.009934s ]
INFO: [ view_filter ] --START--
INFO: Run Behavior\WriteHtmlCacheBehavior [ RunTime:0.000409s ]
INFO: [ view_filter ] --END-- [ RunTime:0.000452s ]
NOTIC: [8] Undefined variable: testJson /var/www/html/coalball/Application/Home/Controller/IndexController.class.php 第 14 行.
INFO: [ app_end ] --START--
INFO: Run Behavior\ShowPageTraceBehavior [ RunTime:0.000478s ]
INFO: [ app_end ] --END-- [ RunTime:0.000522s ]

[ 2017-05-20T22:05:39+08:00 ] 36.149.27.243 /coalball/Home/Index/test
INFO: [ app_init ] --START--
INFO: Run Behavior\BuildLiteBehavior [ RunTime:0.000017s ]
INFO: [ app_init ] --END-- [ RunTime:0.000334s ]
INFO: [ app_begin ] --START--
INFO: Run Behavior\ReadHtmlCacheBehavior [ RunTime:0.000413s ]
INFO: [ app_begin ] --END-- [ RunTime:0.000476s ]
SQL: SHOW COLUMNS FROM `cl_xq` [ RunTime:0.0005s ]
SQL: SELECT * FROM `cl_xq` ORDER BY id desc  [ RunTime:0.0004s ]
INFO: [ app_end ] --START--
INFO: Run Behavior\ShowPageTraceBehavior [ RunTime:0.000410s ]
INFO: [ app_end ] --END-- [ RunTime:0.000457s ]

[ 2017-05-20T22:08:30+08:00 ] 36.149.27.243 /coalball/index.php
INFO: [ app_init ] --START--
INFO: Run Behavior\BuildLiteBehavior [ RunTime:0.000014s ]
INFO: [ app_init ] --END-- [ RunTime:0.000250s ]
INFO: [ app_begin ] --START--
INFO: Run Behavior\ReadHtmlCacheBehavior [ RunTime:0.000458s ]
INFO: [ app_begin ] --END-- [ RunTime:0.000504s ]
SQL: SHOW COLUMNS FROM `cl_client` [ RunTime:0.0005s ]
NOTIC: [8] Use of undefined constant headimg - assumed 'headimg' /var/www/html/coalball/Application/Home/Controller/IndexController.class.php 第 11 行.
NOTIC: [8] Use of undefined constant uid - assumed 'uid' /var/www/html/coalball/Application/Home/Controller/IndexController.class.php 第 11 行.
SQL: SELECT `uid`,`username` FROM `cl_client`  [ RunTime:0.0002s ]
INFO: [ view_parse ] --START--
INFO: [ template_filter ] --START--
INFO: Run Behavior\ContentReplaceBehavior [ RunTime:0.000062s ]
INFO: [ template_filter ] --END-- [ RunTime:0.000130s ]
NOTIC: [8] Undefined index: img /var/www/html/coalball/Application/Runtime/Cache/Home/f324508a16a2d221eb71b92d9fd560ca.php 第 235 行.
NOTIC: [8] Undefined index: name /var/www/html/coalball/Application/Runtime/Cache/Home/f324508a16a2d221eb71b92d9fd560ca.php 第 238 行.
INFO: Run Behavior\ParseTemplateBehavior [ RunTime:0.007540s ]
INFO: [ view_parse ] --END-- [ RunTime:0.007582s ]
INFO: [ view_filter ] --START--
INFO: Run Behavior\WriteHtmlCacheBehavior [ RunTime:0.000137s ]
INFO: [ view_filter ] --END-- [ RunTime:0.000163s ]
NOTIC: [8] Undefined variable: testJson /var/www/html/coalball/Application/Home/Controller/IndexController.class.php 第 14 行.
INFO: [ app_end ] --START--
INFO: Run Behavior\ShowPageTraceBehavior [ RunTime:0.000372s ]
INFO: [ app_end ] --END-- [ RunTime:0.000418s ]

[ 2017-05-20T22:08:30+08:00 ] 36.149.27.243 /coalball/Home/Index/test
INFO: [ app_init ] --START--
INFO: Run Behavior\BuildLiteBehavior [ RunTime:0.000014s ]
INFO: [ app_init ] --END-- [ RunTime:0.000274s ]
INFO: [ app_begin ] --START--
INFO: Run Behavior\ReadHtmlCacheBehavior [ RunTime:0.000336s ]
INFO: [ app_begin ] --END-- [ RunTime:0.000368s ]
SQL: SHOW COLUMNS FROM `cl_xq` [ RunTime:0.0005s ]
SQL: SELECT * FROM `cl_xq` ORDER BY id desc  [ RunTime:0.0004s ]
INFO: [ app_end ] --START--
INFO: Run Behavior\ShowPageTraceBehavior [ RunTime:0.000411s ]
INFO: [ app_end ] --END-- [ RunTime:0.000457s ]

[ 2017-05-20T22:08:48+08:00 ] 36.149.27.243 /coalball/Home/Index/test
INFO: [ app_init ] --START--
INFO: Run Behavior\BuildLiteBehavior [ RunTime:0.000015s ]
INFO: [ app_init ] --END-- [ RunTime:0.000256s ]
INFO: [ app_begin ] --START--
INFO: Run Behavior\ReadHtmlCacheBehavior [ RunTime:0.000321s ]
INFO: [ app_begin ] --END-- [ RunTime:0.000361s ]
SQL: SHOW COLUMNS FROM `cl_xq` [ RunTime:0.0007s ]
SQL: SELECT * FROM `cl_xq` ORDER BY id desc  [ RunTime:0.0004s ]
INFO: [ app_end ] --START--
INFO: Run Behavior\ShowPageTraceBehavior [ RunTime:0.000482s ]
INFO: [ app_end ] --END-- [ RunTime:0.000547s ]

[ 2017-05-20T22:09:08+08:00 ] 36.149.27.243 /coalball/index.php
INFO: [ app_init ] --START--
INFO: Run Behavior\BuildLiteBehavior [ RunTime:0.000026s ]
INFO: [ app_init ] --END-- [ RunTime:0.000452s ]
INFO: [ app_begin ] --START--
INFO: Run Behavior\ReadHtmlCacheBehavior [ RunTime:0.000500s ]
INFO: [ app_begin ] --END-- [ RunTime:0.000558s ]
SQL: SHOW COLUMNS FROM `cl_client` [ RunTime:0.0006s ]
NOTIC: [8] Use of undefined constant headimg - assumed 'headimg' /var/www/html/coalball/Application/Home/Controller/IndexController.class.php 第 11 行.
NOTIC: [8] Use of undefined constant uid - assumed 'uid' /var/www/html/coalball/Application/Home/Controller/IndexController.class.php 第 11 行.
SQL: SELECT `uid`,`username` FROM `cl_client`  [ RunTime:0.0002s ]
INFO: [ view_parse ] --START--
INFO: [ template_filter ] --START--
INFO: Run Behavior\ContentReplaceBehavior [ RunTime:0.000093s ]
INFO: [ template_filter ] --END-- [ RunTime:0.000175s ]
NOTIC: [8] Undefined index: img /var/www/html/coalball/Application/Runtime/Cache/Home/f324508a16a2d221eb71b92d9fd560ca.php 第 235 行.
NOTIC: [8] Undefined index: name /var/www/html/coalball/Application/Runtime/Cache/Home/f324508a16a2d221eb71b92d9fd560ca.php 第 238 行.
INFO: Run Behavior\ParseTemplateBehavior [ RunTime:0.011352s ]
INFO: [ view_parse ] --END-- [ RunTime:0.011410s ]
INFO: [ view_filter ] --START--
INFO: Run Behavior\WriteHtmlCacheBehavior [ RunTime:0.000187s ]
INFO: [ view_filter ] --END-- [ RunTime:0.000230s ]
NOTIC: [8] Undefined variable: testJson /var/www/html/coalball/Application/Home/Controller/IndexController.class.php 第 14 行.
INFO: [ app_end ] --START--
INFO: Run Behavior\ShowPageTraceBehavior [ RunTime:0.000536s ]
INFO: [ app_end ] --END-- [ RunTime:0.000589s ]

[ 2017-05-20T22:09:13+08:00 ] 36.149.155.243 /coalball/Home/Index/test
INFO: [ app_init ] --START--
INFO: Run Behavior\BuildLiteBehavior [ RunTime:0.000025s ]
INFO: [ app_init ] --END-- [ RunTime:0.000440s ]
INFO: [ app_begin ] --START--
INFO: Run Behavior\ReadHtmlCacheBehavior [ RunTime:0.000478s ]
INFO: [ app_begin ] --END-- [ RunTime:0.000529s ]
SQL: SHOW COLUMNS FROM `cl_xq` [ RunTime:0.0005s ]
SQL: SELECT * FROM `cl_xq` ORDER BY id desc  [ RunTime:0.0004s ]
INFO: [ app_end ] --START--
INFO: Run Behavior\ShowPageTraceBehavior [ RunTime:0.000452s ]
INFO: [ app_end ] --END-- [ RunTime:0.000502s ]

[ 2017-05-20T22:09:37+08:00 ] 36.149.27.243 /coalball/Home/Index/test
INFO: [ app_init ] --START--
INFO: Run Behavior\BuildLiteBehavior [ RunTime:0.000025s ]
INFO: [ app_init ] --END-- [ RunTime:0.000368s ]
INFO: [ app_begin ] --START--
INFO: Run Behavior\ReadHtmlCacheBehavior [ RunTime:0.000477s ]
INFO: [ app_begin ] --END-- [ RunTime:0.000527s ]
SQL: SHOW COLUMNS FROM `cl_xq` [ RunTime:0.0008s ]
SQL: SELECT * FROM `cl_xq` ORDER BY id desc  [ RunTime:0.0007s ]
INFO: [ app_end ] --START--
INFO: Run Behavior\ShowPageTraceBehavior [ RunTime:0.000552s ]
INFO: [ app_end ] --END-- [ RunTime:0.000608s ]

[ 2017-05-20T22:22:40+08:00 ] 36.149.155.243 /coalball/index.php
INFO: [ app_init ] --START--
INFO: Run Behavior\BuildLiteBehavior [ RunTime:0.000019s ]
INFO: [ app_init ] --END-- [ RunTime:0.000368s ]
INFO: [ app_begin ] --START--
INFO: Run Behavior\ReadHtmlCacheBehavior [ RunTime:0.000512s ]
INFO: [ app_begin ] --END-- [ RunTime:0.000564s ]
SQL: SHOW COLUMNS FROM `cl_client` [ RunTime:0.0007s ]
NOTIC: [8] Use of undefined constant headimg - assumed 'headimg' /var/www/html/coalball/Application/Home/Controller/IndexController.class.php 第 11 行.
NOTIC: [8] Use of undefined constant uid - assumed 'uid' /var/www/html/coalball/Application/Home/Controller/IndexController.class.php 第 11 行.
SQL: SELECT `uid`,`username` FROM `cl_client`  [ RunTime:0.0003s ]
INFO: [ view_parse ] --START--
INFO: [ template_filter ] --START--
INFO: Run Behavior\ContentReplaceBehavior [ RunTime:0.000056s ]
INFO: [ template_filter ] --END-- [ RunTime:0.000111s ]
NOTIC: [8] Undefined index: img /var/www/html/coalball/Application/Runtime/Cache/Home/f324508a16a2d221eb71b92d9fd560ca.php 第 235 行.
NOTIC: [8] Undefined index: name /var/www/html/coalball/Application/Runtime/Cache/Home/f324508a16a2d221eb71b92d9fd560ca.php 第 238 行.
INFO: Run Behavior\ParseTemplateBehavior [ RunTime:0.008702s ]
INFO: [ view_parse ] --END-- [ RunTime:0.008757s ]
INFO: [ view_filter ] --START--
INFO: Run Behavior\WriteHtmlCacheBehavior [ RunTime:0.000148s ]
INFO: [ view_filter ] --END-- [ RunTime:0.000193s ]
NOTIC: [8] Undefined variable: testJson /var/www/html/coalball/Application/Home/Controller/IndexController.class.php 第 14 行.
INFO: [ app_end ] --START--
INFO: Run Behavior\ShowPageTraceBehavior [ RunTime:0.000438s ]
INFO: [ app_end ] --END-- [ RunTime:0.000478s ]

[ 2017-05-20T22:22:40+08:00 ] 36.149.155.243 /coalball/Home/Index/test
INFO: [ app_init ] --START--
INFO: Run Behavior\BuildLiteBehavior [ RunTime:0.000021s ]
INFO: [ app_init ] --END-- [ RunTime:0.000445s ]
INFO: [ app_begin ] --START--
INFO: Run Behavior\ReadHtmlCacheBehavior [ RunTime:0.000498s ]
INFO: [ app_begin ] --END-- [ RunTime:0.000554s ]
SQL: SHOW COLUMNS FROM `cl_xq` [ RunTime:0.0008s ]
SQL: SELECT * FROM `cl_xq` ORDER BY id desc  [ RunTime:0.0005s ]
INFO: [ app_end ] --START--
INFO: Run Behavior\ShowPageTraceBehavior [ RunTime:0.000538s ]
INFO: [ app_end ] --END-- [ RunTime:0.000606s ]

[ 2017-05-20T23:55:09+08:00 ] 104.236.236.145 /coalball/index.php
INFO: [ app_init ] --START--
INFO: Run Behavior\BuildLiteBehavior [ RunTime:0.000013s ]
INFO: [ app_init ] --END-- [ RunTime:0.000285s ]
INFO: [ app_begin ] --START--
INFO: Run Behavior\ReadHtmlCacheBehavior [ RunTime:0.000410s ]
INFO: [ app_begin ] --END-- [ RunTime:0.000453s ]
SQL: SHOW COLUMNS FROM `cl_client` [ RunTime:0.0005s ]
NOTIC: [8] Use of undefined constant headimg - assumed 'headimg' /var/www/html/coalball/Application/Home/Controller/IndexController.class.php 第 11 行.
NOTIC: [8] Use of undefined constant uid - assumed 'uid' /var/www/html/coalball/Application/Home/Controller/IndexController.class.php 第 11 行.
SQL: SELECT `uid`,`username` FROM `cl_client`  [ RunTime:0.0002s ]
INFO: [ view_parse ] --START--
INFO: [ template_filter ] --START--
INFO: Run Behavior\ContentReplaceBehavior [ RunTime:0.000076s ]
INFO: [ template_filter ] --END-- [ RunTime:0.000174s ]
NOTIC: [8] Undefined index: img /var/www/html/coalball/Application/Runtime/Cache/Home/f324508a16a2d221eb71b92d9fd560ca.php 第 235 行.
NOTIC: [8] Undefined index: name /var/www/html/coalball/Application/Runtime/Cache/Home/f324508a16a2d221eb71b92d9fd560ca.php 第 238 行.
INFO: Run Behavior\ParseTemplateBehavior [ RunTime:0.008384s ]
INFO: [ view_parse ] --END-- [ RunTime:0.008428s ]
INFO: [ view_filter ] --START--
INFO: Run Behavior\WriteHtmlCacheBehavior [ RunTime:0.000121s ]
INFO: [ view_filter ] --END-- [ RunTime:0.000147s ]
NOTIC: [8] Undefined variable: testJson /var/www/html/coalball/Application/Home/Controller/IndexController.class.php 第 14 行.
INFO: [ app_end ] --START--
INFO: Run Behavior\ShowPageTraceBehavior [ RunTime:0.000456s ]
INFO: [ app_end ] --END-- [ RunTime:0.000507s ]

[ 2017-05-20T23:55:11+08:00 ] 104.236.236.145 /coalball/Home/Index/test
INFO: [ app_init ] --START--
INFO: Run Behavior\BuildLiteBehavior [ RunTime:0.000020s ]
INFO: [ app_init ] --END-- [ RunTime:0.000505s ]
INFO: [ app_begin ] --START--
INFO: Run Behavior\ReadHtmlCacheBehavior [ RunTime:0.000483s ]
INFO: [ app_begin ] --END-- [ RunTime:0.000534s ]
SQL: SHOW COLUMNS FROM `cl_xq` [ RunTime:0.0010s ]
SQL: SELECT * FROM `cl_xq` ORDER BY id desc  [ RunTime:0.0006s ]
INFO: [ app_end ] --START--
INFO: Run Behavior\ShowPageTraceBehavior [ RunTime:0.000724s ]
INFO: [ app_end ] --END-- [ RunTime:0.000794s ]

