[ 2017-04-19T07:35:01+08:00 ] 104.236.236.145 /coalball/Application/Common/Common/Uploads/2017-04-15/58f1e0d248fad.jpg
INFO: [ app_init ] --START--
INFO: Run Behavior\BuildLiteBehavior [ RunTime:0.000020s ]
INFO: [ app_init ] --END-- [ RunTime:0.000374s ]
ERR: 无法加载模块:Application

[ 2017-04-19T07:35:01+08:00 ] 104.236.236.145 /coalball/Application/Common/Common/Uploads/2017-04-14/58f059907b1d0.jpg
INFO: [ app_init ] --START--
INFO: Run Behavior\BuildLiteBehavior [ RunTime:0.000020s ]
INFO: [ app_init ] --END-- [ RunTime:0.000309s ]
ERR: 无法加载模块:Application

[ 2017-04-19T07:35:01+08:00 ] 104.236.236.145 /coalball/Application/Common/Common/Uploads/2017-04-14/58f059907dbd1.jpg
INFO: [ app_init ] --START--
INFO: Run Behavior\BuildLiteBehavior [ RunTime:0.000022s ]
INFO: [ app_init ] --END-- [ RunTime:0.000385s ]
ERR: 无法加载模块:Application

[ 2017-04-19T07:35:02+08:00 ] 104.236.236.145 /coalball/Application/Common/Common/Uploads/2017-04-14/58f055367005a.jpg
INFO: [ app_init ] --START--
INFO: Run Behavior\BuildLiteBehavior [ RunTime:0.000019s ]
INFO: [ app_init ] --END-- [ RunTime:0.000343s ]
ERR: 无法加载模块:Application

[ 2017-04-19T07:35:45+08:00 ] 104.236.236.145 /coalball/Application/Common/Common/Uploads/2017-04-14/58f059907dbd1.jpg
INFO: [ app_init ] --START--
INFO: Run Behavior\BuildLiteBehavior [ RunTime:0.000013s ]
INFO: [ app_init ] --END-- [ RunTime:0.000255s ]
ERR: 无法加载模块:Application

[ 2017-04-19T07:35:45+08:00 ] 104.236.236.145 /coalball/Application/Common/Common/Uploads/2017-04-14/58f059907b1d0.jpg
INFO: [ app_init ] --START--
INFO: Run Behavior\BuildLiteBehavior [ RunTime:0.000013s ]
INFO: [ app_init ] --END-- [ RunTime:0.000251s ]
ERR: 无法加载模块:Application

[ 2017-04-19T07:35:45+08:00 ] 104.236.236.145 /coalball/Application/Common/Common/Uploads/2017-04-15/58f1e0d248fad.jpg
INFO: [ app_init ] --START--
INFO: Run Behavior\BuildLiteBehavior [ RunTime:0.000012s ]
INFO: [ app_init ] --END-- [ RunTime:0.000232s ]
ERR: 无法加载模块:Application

[ 2017-04-19T07:35:45+08:00 ] 104.236.236.145 /coalball/Application/Common/Common/Uploads/2017-04-14/58f055367005a.jpg
INFO: [ app_init ] --START--
INFO: Run Behavior\BuildLiteBehavior [ RunTime:0.000017s ]
INFO: [ app_init ] --END-- [ RunTime:0.000283s ]
ERR: 无法加载模块:Application

[ 2017-04-19T07:36:36+08:00 ] 104.236.236.145 /coalball/Application/Common/Common/Uploads/2017-04-14/58f059907dbd1.jpg
INFO: [ app_init ] --START--
INFO: Run Behavior\BuildLiteBehavior [ RunTime:0.000013s ]
INFO: [ app_init ] --END-- [ RunTime:0.000272s ]
ERR: 无法加载模块:Application

[ 2017-04-19T07:37:22+08:00 ] 104.236.236.145 /coalball/Application/Common/Common/Uploads/2017-04-15/58f1e0d248fad.jpg
INFO: [ app_init ] --START--
INFO: Run Behavior\BuildLiteBehavior [ RunTime:0.000020s ]
INFO: [ app_init ] --END-- [ RunTime:0.000489s ]
ERR: 无法加载模块:Application

[ 2017-04-19T07:37:22+08:00 ] 104.236.236.145 /coalball/Application/Common/Common/Uploads/2017-04-19/58f6a32e86b56.jpg
INFO: [ app_init ] --START--
INFO: Run Behavior\BuildLiteBehavior [ RunTime:0.000018s ]
INFO: [ app_init ] --END-- [ RunTime:0.000385s ]
ERR: 无法加载模块:Application

[ 2017-04-19T07:37:22+08:00 ] 104.236.236.145 /coalball/Application/Common/Common/Uploads/2017-04-14/58f055367005a.jpg
INFO: [ app_init ] --START--
INFO: Run Behavior\BuildLiteBehavior [ RunTime:0.000020s ]
INFO: [ app_init ] --END-- [ RunTime:0.000397s ]
ERR: 无法加载模块:Application

[ 2017-04-19T07:37:22+08:00 ] 104.236.236.145 /coalball/Application/Common/Common/Uploads/2017-04-14/58f059907b1d0.jpg
INFO: [ app_init ] --START--
INFO: Run Behavior\BuildLiteBehavior [ RunTime:0.000013s ]
INFO: [ app_init ] --END-- [ RunTime:0.000260s ]
ERR: 无法加载模块:Application

[ 2017-04-19T07:37:25+08:00 ] 104.236.236.145 /coalball/Application/Common/Common/Uploads/2017-04-14/58f059907dbd1.jpg
INFO: [ app_init ] --START--
INFO: Run Behavior\BuildLiteBehavior [ RunTime:0.000012s ]
INFO: [ app_init ] --END-- [ RunTime:0.000269s ]
ERR: 无法加载模块:Application

[ 2017-04-19T07:37:52+08:00 ] 104.236.236.145 /coalball/Application/Common/Common/Uploads/2017-04-15/58f1e0d248fad.jpg
INFO: [ app_init ] --START--
INFO: Run Behavior\BuildLiteBehavior [ RunTime:0.000012s ]
INFO: [ app_init ] --END-- [ RunTime:0.000239s ]
ERR: 无法加载模块:Application

[ 2017-04-19T07:37:52+08:00 ] 104.236.236.145 /coalball/Application/Common/Common/Uploads/2017-04-19/58f6a32e86b56.jpg
INFO: [ app_init ] --START--
INFO: Run Behavior\BuildLiteBehavior [ RunTime:0.000013s ]
INFO: [ app_init ] --END-- [ RunTime:0.000240s ]
ERR: 无法加载模块:Application

[ 2017-04-19T07:37:52+08:00 ] 104.236.236.145 /coalball/Application/Common/Common/Uploads/2017-04-14/58f059907dbd1.jpg
INFO: [ app_init ] --START--
INFO: Run Behavior\BuildLiteBehavior [ RunTime:0.000012s ]
INFO: [ app_init ] --END-- [ RunTime:0.000231s ]
ERR: 无法加载模块:Application

[ 2017-04-19T07:37:52+08:00 ] 104.236.236.145 /coalball/Application/Common/Common/Uploads/2017-04-14/58f059907b1d0.jpg
INFO: [ app_init ] --START--
INFO: Run Behavior\BuildLiteBehavior [ RunTime:0.000026s ]
INFO: [ app_init ] --END-- [ RunTime:0.000707s ]
ERR: 无法加载模块:Application

[ 2017-04-19T07:37:52+08:00 ] 104.236.236.145 /coalball/Application/Common/Common/Uploads/2017-04-14/58f055367005a.jpg
INFO: [ app_init ] --START--
INFO: Run Behavior\BuildLiteBehavior [ RunTime:0.000016s ]
INFO: [ app_init ] --END-- [ RunTime:0.000323s ]
ERR: 无法加载模块:Application

[ 2017-04-19T17:34:24+08:00 ] 104.236.236.145 /coalball/Application/Common/Common/Uploads/2017-04-19/58f6a32e86b56.jpg
INFO: [ app_init ] --START--
INFO: Run Behavior\BuildLiteBehavior [ RunTime:0.000014s ]
INFO: [ app_init ] --END-- [ RunTime:0.000253s ]
ERR: 无法加载模块:Application

[ 2017-04-19T17:34:24+08:00 ] 104.236.236.145 /coalball/Application/Common/Common/Uploads/2017-04-14/58f059907b1d0.jpg
INFO: [ app_init ] --START--
INFO: Run Behavior\BuildLiteBehavior [ RunTime:0.000012s ]
INFO: [ app_init ] --END-- [ RunTime:0.000218s ]
ERR: 无法加载模块:Application

[ 2017-04-19T17:34:24+08:00 ] 104.236.236.145 /coalball/Application/Common/Common/Uploads/2017-04-14/58f059907dbd1.jpg
INFO: [ app_init ] --START--
INFO: Run Behavior\BuildLiteBehavior [ RunTime:0.000013s ]
INFO: [ app_init ] --END-- [ RunTime:0.000236s ]
ERR: 无法加载模块:Application

[ 2017-04-19T17:34:24+08:00 ] 104.236.236.145 /coalball/Application/Common/Common/Uploads/2017-04-15/58f1e0d248fad.jpg
INFO: [ app_init ] --START--
INFO: Run Behavior\BuildLiteBehavior [ RunTime:0.000013s ]
INFO: [ app_init ] --END-- [ RunTime:0.000263s ]
ERR: 无法加载模块:Application

[ 2017-04-19T17:34:24+08:00 ] 104.236.236.145 /coalball/Application/Common/Common/Uploads/2017-04-14/58f055367005a.jpg
INFO: [ app_init ] --START--
INFO: Run Behavior\BuildLiteBehavior [ RunTime:0.000017s ]
INFO: [ app_init ] --END-- [ RunTime:0.000303s ]
ERR: 无法加载模块:Application

[ 2017-04-19T17:34:25+08:00 ] 104.236.236.145 /coalball/Application/Common/Common/Uploads/2017-04-15/58f1e0d248fad.jpg
INFO: [ app_init ] --START--
INFO: Run Behavior\BuildLiteBehavior [ RunTime:0.000017s ]
INFO: [ app_init ] --END-- [ RunTime:0.000348s ]
ERR: 无法加载模块:Application

[ 2017-04-19T17:34:35+08:00 ] 104.236.236.145 /coalball/Application/Common/Common/Uploads/2017-04-19/58f6a32e86b56.jpg
INFO: [ app_init ] --START--
INFO: Run Behavior\BuildLiteBehavior [ RunTime:0.000018s ]
INFO: [ app_init ] --END-- [ RunTime:0.000293s ]
ERR: 无法加载模块:Application

[ 2017-04-19T17:34:35+08:00 ] 104.236.236.145 /coalball/Application/Common/Common/Uploads/2017-04-15/58f1e0d248fad.jpg
INFO: [ app_init ] --START--
INFO: Run Behavior\BuildLiteBehavior [ RunTime:0.000013s ]
INFO: [ app_init ] --END-- [ RunTime:0.000230s ]
ERR: 无法加载模块:Application

[ 2017-04-19T17:34:35+08:00 ] 104.236.236.145 /coalball/Application/Common/Common/Uploads/2017-04-14/58f059907b1d0.jpg
INFO: [ app_init ] --START--
INFO: Run Behavior\BuildLiteBehavior [ RunTime:0.000019s ]
INFO: [ app_init ] --END-- [ RunTime:0.000335s ]
ERR: 无法加载模块:Application

[ 2017-04-19T17:34:35+08:00 ] 104.236.236.145 /coalball/Application/Common/Common/Uploads/2017-04-14/58f059907dbd1.jpg
INFO: [ app_init ] --START--
INFO: Run Behavior\BuildLiteBehavior [ RunTime:0.000013s ]
INFO: [ app_init ] --END-- [ RunTime:0.000256s ]
ERR: 无法加载模块:Application

[ 2017-04-19T17:34:35+08:00 ] 104.236.236.145 /coalball/Application/Common/Common/Uploads/2017-04-14/58f055367005a.jpg
INFO: [ app_init ] --START--
INFO: Run Behavior\BuildLiteBehavior [ RunTime:0.000013s ]
INFO: [ app_init ] --END-- [ RunTime:0.000245s ]
ERR: 无法加载模块:Application

[ 2017-04-19T17:34:52+08:00 ] 104.236.236.145 /coalball/Application/Common/Common/Uploads/2017-04-15/58f1e0d248fad.jpg
INFO: [ app_init ] --START--
INFO: Run Behavior\BuildLiteBehavior [ RunTime:0.000013s ]
INFO: [ app_init ] --END-- [ RunTime:0.000257s ]
ERR: 无法加载模块:Application

[ 2017-04-19T17:34:52+08:00 ] 104.236.236.145 /coalball/Application/Common/Common/Uploads/2017-04-19/58f6a32e86b56.jpg
INFO: [ app_init ] --START--
INFO: Run Behavior\BuildLiteBehavior [ RunTime:0.000014s ]
INFO: [ app_init ] --END-- [ RunTime:0.000241s ]
ERR: 无法加载模块:Application

[ 2017-04-19T17:34:52+08:00 ] 104.236.236.145 /coalball/Application/Common/Common/Uploads/2017-04-14/58f059907dbd1.jpg
INFO: [ app_init ] --START--
INFO: Run Behavior\BuildLiteBehavior [ RunTime:0.000017s ]
INFO: [ app_init ] --END-- [ RunTime:0.000258s ]
ERR: 无法加载模块:Application

[ 2017-04-19T17:34:52+08:00 ] 104.236.236.145 /coalball/Application/Common/Common/Uploads/2017-04-14/58f055367005a.jpg
INFO: [ app_init ] --START--
INFO: Run Behavior\BuildLiteBehavior [ RunTime:0.000016s ]
INFO: [ app_init ] --END-- [ RunTime:0.000439s ]
ERR: 无法加载模块:Application

[ 2017-04-19T17:34:52+08:00 ] 104.236.236.145 /coalball/Application/Common/Common/Uploads/2017-04-14/58f059907b1d0.jpg
INFO: [ app_init ] --START--
INFO: Run Behavior\BuildLiteBehavior [ RunTime:0.000018s ]
INFO: [ app_init ] --END-- [ RunTime:0.000290s ]
ERR: 无法加载模块:Application

[ 2017-04-19T17:35:57+08:00 ] 104.236.236.145 /coalball/Application/Common/Common/Uploads/2017-04-19/58f72f79841da.jpg
INFO: [ app_init ] --START--
INFO: Run Behavior\BuildLiteBehavior [ RunTime:0.000016s ]
INFO: [ app_init ] --END-- [ RunTime:0.000310s ]
ERR: 无法加载模块:Application

[ 2017-04-19T17:35:57+08:00 ] 104.236.236.145 /coalball/Application/Common/Common/Uploads/2017-04-19/58f6a32e86b56.jpg
INFO: [ app_init ] --START--
INFO: Run Behavior\BuildLiteBehavior [ RunTime:0.000018s ]
INFO: [ app_init ] --END-- [ RunTime:0.000294s ]
ERR: 无法加载模块:Application

[ 2017-04-19T17:35:57+08:00 ] 104.236.236.145 /coalball/Application/Common/Common/Uploads/2017-04-14/58f059907b1d0.jpg
INFO: [ app_init ] --START--
INFO: Run Behavior\BuildLiteBehavior [ RunTime:0.000013s ]
INFO: [ app_init ] --END-- [ RunTime:0.000225s ]
ERR: 无法加载模块:Application

[ 2017-04-19T17:35:57+08:00 ] 104.236.236.145 /coalball/Application/Common/Common/Uploads/2017-04-15/58f1e0d248fad.jpg
INFO: [ app_init ] --START--
INFO: Run Behavior\BuildLiteBehavior [ RunTime:0.000012s ]
INFO: [ app_init ] --END-- [ RunTime:0.000228s ]
ERR: 无法加载模块:Application

[ 2017-04-19T17:35:58+08:00 ] 104.236.236.145 /coalball/Application/Common/Common/Uploads/2017-04-14/58f055367005a.jpg
INFO: [ app_init ] --START--
INFO: Run Behavior\BuildLiteBehavior [ RunTime:0.000016s ]
INFO: [ app_init ] --END-- [ RunTime:0.000264s ]
ERR: 无法加载模块:Application

[ 2017-04-19T17:35:58+08:00 ] 104.236.236.145 /coalball/Application/Common/Common/Uploads/2017-04-14/58f059907dbd1.jpg
INFO: [ app_init ] --START--
INFO: Run Behavior\BuildLiteBehavior [ RunTime:0.000022s ]
INFO: [ app_init ] --END-- [ RunTime:0.000306s ]
ERR: 无法加载模块:Application

[ 2017-04-19T17:36:37+08:00 ] 104.236.236.145 /coalball/Application/Common/Common/Uploads/2017-04-19/58f72f79841da.jpg
INFO: [ app_init ] --START--
INFO: Run Behavior\BuildLiteBehavior [ RunTime:0.000013s ]
INFO: [ app_init ] --END-- [ RunTime:0.000262s ]
ERR: 无法加载模块:Application

[ 2017-04-19T17:36:37+08:00 ] 104.236.236.145 /coalball/Application/Common/Common/Uploads/2017-04-19/58f6a32e86b56.jpg
INFO: [ app_init ] --START--
INFO: Run Behavior\BuildLiteBehavior [ RunTime:0.000013s ]
INFO: [ app_init ] --END-- [ RunTime:0.000242s ]
ERR: 无法加载模块:Application

[ 2017-04-19T17:36:37+08:00 ] 104.236.236.145 /coalball/Application/Common/Common/Uploads/2017-04-14/58f055367005a.jpg
INFO: [ app_init ] --START--
INFO: Run Behavior\BuildLiteBehavior [ RunTime:0.000013s ]
INFO: [ app_init ] --END-- [ RunTime:0.000243s ]
ERR: 无法加载模块:Application

[ 2017-04-19T17:36:37+08:00 ] 104.236.236.145 /coalball/Application/Common/Common/Uploads/2017-04-14/58f059907dbd1.jpg
INFO: [ app_init ] --START--
INFO: Run Behavior\BuildLiteBehavior [ RunTime:0.000014s ]
INFO: [ app_init ] --END-- [ RunTime:0.000232s ]
ERR: 无法加载模块:Application

[ 2017-04-19T17:36:37+08:00 ] 104.236.236.145 /coalball/Application/Common/Common/Uploads/2017-04-15/58f1e0d248fad.jpg
INFO: [ app_init ] --START--
INFO: Run Behavior\BuildLiteBehavior [ RunTime:0.000012s ]
INFO: [ app_init ] --END-- [ RunTime:0.000240s ]
ERR: 无法加载模块:Application

[ 2017-04-19T17:36:37+08:00 ] 104.236.236.145 /coalball/Application/Common/Common/Uploads/2017-04-14/58f059907b1d0.jpg
INFO: [ app_init ] --START--
INFO: Run Behavior\BuildLiteBehavior [ RunTime:0.000017s ]
INFO: [ app_init ] --END-- [ RunTime:0.000369s ]
ERR: 无法加载模块:Application

[ 2017-04-19T17:36:42+08:00 ] 104.236.236.145 /coalball/Application/Common/Common/Uploads/2017-04-14/58f055367005a.jpg
INFO: [ app_init ] --START--
INFO: Run Behavior\BuildLiteBehavior [ RunTime:0.000024s ]
INFO: [ app_init ] --END-- [ RunTime:0.033632s ]
ERR: 无法加载模块:Application

[ 2017-04-19T17:36:42+08:00 ] 104.236.236.145 /coalball/Application/Common/Common/Uploads/2017-04-19/58f72f79841da.jpg
INFO: [ app_init ] --START--
INFO: Run Behavior\BuildLiteBehavior [ RunTime:0.000013s ]
INFO: [ app_init ] --END-- [ RunTime:0.002211s ]
ERR: 无法加载模块:Application

[ 2017-04-19T17:36:42+08:00 ] 104.236.236.145 /coalball/Application/Common/Common/Uploads/2017-04-14/58f059907dbd1.jpg
INFO: [ app_init ] --START--
INFO: Run Behavior\BuildLiteBehavior [ RunTime:0.000011s ]
INFO: [ app_init ] --END-- [ RunTime:0.000241s ]
ERR: 无法加载模块:Application

[ 2017-04-19T17:36:42+08:00 ] 104.236.236.145 /coalball/Application/Common/Common/Uploads/2017-04-14/58f059907b1d0.jpg
INFO: [ app_init ] --START--
INFO: Run Behavior\BuildLiteBehavior [ RunTime:0.000012s ]
INFO: [ app_init ] --END-- [ RunTime:0.000274s ]
ERR: 无法加载模块:Application

[ 2017-04-19T17:36:43+08:00 ] 104.236.236.145 /coalball/Application/Common/Common/Uploads/2017-04-15/58f1e0d248fad.jpg
INFO: [ app_init ] --START--
INFO: Run Behavior\BuildLiteBehavior [ RunTime:0.000019s ]
INFO: [ app_init ] --END-- [ RunTime:0.000358s ]
ERR: 无法加载模块:Application

[ 2017-04-19T17:36:44+08:00 ] 104.236.236.145 /coalball/Application/Common/Common/Uploads/2017-04-19/58f6a32e86b56.jpg
INFO: [ app_init ] --START--
INFO: Run Behavior\BuildLiteBehavior [ RunTime:0.000022s ]
INFO: [ app_init ] --END-- [ RunTime:0.000323s ]
ERR: 无法加载模块:Application

[ 2017-04-19T17:36:45+08:00 ] 104.236.236.145 /coalball/Application/Common/Common/Uploads/2017-04-14/58f059907dbd1.jpg
INFO: [ app_init ] --START--
INFO: Run Behavior\BuildLiteBehavior [ RunTime:0.000014s ]
INFO: [ app_init ] --END-- [ RunTime:0.000239s ]
ERR: 无法加载模块:Application

[ 2017-04-19T17:36:45+08:00 ] 104.236.236.145 /coalball/Application/Common/Common/Uploads/2017-04-14/58f059907b1d0.jpg
INFO: [ app_init ] --START--
INFO: Run Behavior\BuildLiteBehavior [ RunTime:0.000014s ]
INFO: [ app_init ] --END-- [ RunTime:0.000240s ]
ERR: 无法加载模块:Application

[ 2017-04-19T17:36:45+08:00 ] 104.236.236.145 /coalball/Application/Common/Common/Uploads/2017-04-19/58f72f79841da.jpg
INFO: [ app_init ] --START--
INFO: Run Behavior\BuildLiteBehavior [ RunTime:0.000014s ]
INFO: [ app_init ] --END-- [ RunTime:0.000268s ]
ERR: 无法加载模块:Application

[ 2017-04-19T17:36:46+08:00 ] 104.236.236.145 /coalball/Application/Common/Common/Uploads/2017-04-14/58f055367005a.jpg
INFO: [ app_init ] --START--
INFO: Run Behavior\BuildLiteBehavior [ RunTime:0.000064s ]
INFO: [ app_init ] --END-- [ RunTime:0.000632s ]
ERR: 无法加载模块:Application

[ 2017-04-19T17:36:46+08:00 ] 104.236.236.145 /coalball/Application/Common/Common/Uploads/2017-04-15/58f1e0d248fad.jpg
INFO: [ app_init ] --START--
INFO: Run Behavior\BuildLiteBehavior [ RunTime:0.000017s ]
INFO: [ app_init ] --END-- [ RunTime:0.000287s ]
ERR: 无法加载模块:Application

[ 2017-04-19T17:36:49+08:00 ] 104.236.236.145 /coalball/Application/Common/Common/Uploads/2017-04-19/58f6a32e86b56.jpg
INFO: [ app_init ] --START--
INFO: Run Behavior\BuildLiteBehavior [ RunTime:0.000019s ]
INFO: [ app_init ] --END-- [ RunTime:0.000369s ]
ERR: 无法加载模块:Application

[ 2017-04-19T17:36:49+08:00 ] 104.236.236.145 /coalball/Application/Common/Common/Uploads/2017-04-14/58f059907b1d0.jpg
INFO: [ app_init ] --START--
INFO: Run Behavior\BuildLiteBehavior [ RunTime:0.000017s ]
INFO: [ app_init ] --END-- [ RunTime:0.000331s ]
ERR: 无法加载模块:Application

[ 2017-04-19T17:36:49+08:00 ] 104.236.236.145 /coalball/Application/Common/Common/Uploads/2017-04-15/58f1e0d248fad.jpg
INFO: [ app_init ] --START--
INFO: Run Behavior\BuildLiteBehavior [ RunTime:0.000019s ]
INFO: [ app_init ] --END-- [ RunTime:0.000334s ]
ERR: 无法加载模块:Application

[ 2017-04-19T17:36:49+08:00 ] 104.236.236.145 /coalball/Application/Common/Common/Uploads/2017-04-19/58f72f79841da.jpg
INFO: [ app_init ] --START--
INFO: Run Behavior\BuildLiteBehavior [ RunTime:0.000017s ]
INFO: [ app_init ] --END-- [ RunTime:0.000360s ]
ERR: 无法加载模块:Application

[ 2017-04-19T17:36:49+08:00 ] 104.236.236.145 /coalball/Application/Common/Common/Uploads/2017-04-14/58f059907dbd1.jpg
INFO: [ app_init ] --START--
INFO: Run Behavior\BuildLiteBehavior [ RunTime:0.000017s ]
INFO: [ app_init ] --END-- [ RunTime:0.000343s ]
ERR: 无法加载模块:Application

[ 2017-04-19T17:36:49+08:00 ] 104.236.236.145 /coalball/Application/Common/Common/Uploads/2017-04-14/58f055367005a.jpg
INFO: [ app_init ] --START--
INFO: Run Behavior\BuildLiteBehavior [ RunTime:0.000016s ]
INFO: [ app_init ] --END-- [ RunTime:0.000294s ]
ERR: 无法加载模块:Application

