[ 2017-04-22T08:51:08+08:00 ] 120.195.97.5 /coalball/Application/Home/Common/css/img/%C3%A6%E2%80%9D%C2%BE%C3%A5%C2%A4%C2%A7%C3%A9%E2%80%A2%C5%93.png
INFO: [ app_init ] --START--
INFO: Run Behavior\BuildLiteBehavior [ RunTime:0.000025s ]
INFO: [ app_init ] --END-- [ RunTime:0.000473s ]
ERR: 无法加载模块:Application

[ 2017-04-22T08:51:08+08:00 ] 120.195.97.5 /coalball/Application/Home/Common/css/img/%C3%A8%C2%B5%E2%80%9E%C3%A6%C2%BA%C2%908.png
INFO: [ app_init ] --START--
INFO: Run Behavior\BuildLiteBehavior [ RunTime:0.000017s ]
INFO: [ app_init ] --END-- [ RunTime:0.000372s ]
ERR: 无法加载模块:Application

[ 2017-04-22T08:51:08+08:00 ] 120.195.97.5 /coalball/Application/Home/Common/css/img/%C3%A8%C2%B5%E2%80%9E%C3%A6%C2%BA%C2%907.png
INFO: [ app_init ] --START--
INFO: Run Behavior\BuildLiteBehavior [ RunTime:0.000024s ]
INFO: [ app_init ] --END-- [ RunTime:0.000446s ]
ERR: 无法加载模块:Application

[ 2017-04-22T08:53:39+08:00 ] 120.195.97.5 /coalball/Application/Home/Common/css/img/%C3%A8%C2%B5%E2%80%9E%C3%A6%C2%BA%C2%907.png
INFO: [ app_init ] --START--
INFO: Run Behavior\BuildLiteBehavior [ RunTime:0.000025s ]
INFO: [ app_init ] --END-- [ RunTime:0.000450s ]
ERR: 无法加载模块:Application

[ 2017-04-22T08:53:39+08:00 ] 120.195.97.5 /coalball/Application/Home/Common/css/img/%C3%A8%C2%B5%E2%80%9E%C3%A6%C2%BA%C2%908.png
INFO: [ app_init ] --START--
INFO: Run Behavior\BuildLiteBehavior [ RunTime:0.000025s ]
INFO: [ app_init ] --END-- [ RunTime:0.000474s ]
ERR: 无法加载模块:Application

[ 2017-04-22T08:53:39+08:00 ] 120.195.97.5 /coalball/Application/Home/Common/css/img/%C3%A6%E2%80%9D%C2%BE%C3%A5%C2%A4%C2%A7%C3%A9%E2%80%A2%C5%93.png
INFO: [ app_init ] --START--
INFO: Run Behavior\BuildLiteBehavior [ RunTime:0.000028s ]
INFO: [ app_init ] --END-- [ RunTime:0.000481s ]
ERR: 无法加载模块:Application

[ 2017-04-22T16:08:30+08:00 ] 58.218.185.79 /coalball/Application/Home/Common/css/img/%C3%A8%C2%B5%E2%80%9E%C3%A6%C2%BA%C2%907.png
INFO: [ app_init ] --START--
INFO: Run Behavior\BuildLiteBehavior [ RunTime:0.000017s ]
INFO: [ app_init ] --END-- [ RunTime:0.000316s ]
ERR: 无法加载模块:Application

[ 2017-04-22T16:08:30+08:00 ] 58.218.185.79 /coalball/Application/Home/Common/css/img/%C3%A8%C2%B5%E2%80%9E%C3%A6%C2%BA%C2%908.png
INFO: [ app_init ] --START--
INFO: Run Behavior\BuildLiteBehavior [ RunTime:0.000013s ]
INFO: [ app_init ] --END-- [ RunTime:0.000315s ]
ERR: 无法加载模块:Application

[ 2017-04-22T16:08:30+08:00 ] 58.218.185.79 /coalball/Application/Home/Common/css/img/%C3%A6%E2%80%9D%C2%BE%C3%A5%C2%A4%C2%A7%C3%A9%E2%80%A2%C5%93.png
INFO: [ app_init ] --START--
INFO: Run Behavior\BuildLiteBehavior [ RunTime:0.000017s ]
INFO: [ app_init ] --END-- [ RunTime:0.000291s ]
ERR: 无法加载模块:Application

[ 2017-04-22T16:09:25+08:00 ] 58.218.185.79 /coalball/Application/Home/Common/css/img/%C3%A8%C2%B5%E2%80%9E%C3%A6%C2%BA%C2%908.png
INFO: [ app_init ] --START--
INFO: Run Behavior\BuildLiteBehavior [ RunTime:0.000013s ]
INFO: [ app_init ] --END-- [ RunTime:0.000298s ]
ERR: 无法加载模块:Application

[ 2017-04-22T16:09:25+08:00 ] 58.218.185.79 /coalball/Application/Home/Common/css/img/%C3%A8%C2%B5%E2%80%9E%C3%A6%C2%BA%C2%907.png
INFO: [ app_init ] --START--
INFO: Run Behavior\BuildLiteBehavior [ RunTime:0.000015s ]
INFO: [ app_init ] --END-- [ RunTime:0.000366s ]
ERR: 无法加载模块:Application

[ 2017-04-22T16:09:25+08:00 ] 58.218.185.79 /coalball/Application/Home/Common/css/img/%C3%A6%E2%80%9D%C2%BE%C3%A5%C2%A4%C2%A7%C3%A9%E2%80%A2%C5%93.png
INFO: [ app_init ] --START--
INFO: Run Behavior\BuildLiteBehavior [ RunTime:0.000017s ]
INFO: [ app_init ] --END-- [ RunTime:0.000335s ]
ERR: 无法加载模块:Application

[ 2017-04-22T16:09:25+08:00 ] 58.218.185.79 /coalball/Application/Home/Common/css/img/%C3%A8%C2%B5%E2%80%9E%C3%A6%C2%BA%C2%908.png
INFO: [ app_init ] --START--
INFO: Run Behavior\BuildLiteBehavior [ RunTime:0.000013s ]
INFO: [ app_init ] --END-- [ RunTime:0.000232s ]
ERR: 无法加载模块:Application

[ 2017-04-22T16:09:25+08:00 ] 58.218.185.79 /coalball/Application/Home/Common/css/img/%C3%A8%C2%B5%E2%80%9E%C3%A6%C2%BA%C2%907.png
INFO: [ app_init ] --START--
INFO: Run Behavior\BuildLiteBehavior [ RunTime:0.000014s ]
INFO: [ app_init ] --END-- [ RunTime:0.000226s ]
ERR: 无法加载模块:Application

[ 2017-04-22T16:09:25+08:00 ] 58.218.185.79 /coalball/Application/Home/Common/css/img/%C3%A6%E2%80%9D%C2%BE%C3%A5%C2%A4%C2%A7%C3%A9%E2%80%A2%C5%93.png
INFO: [ app_init ] --START--
INFO: Run Behavior\BuildLiteBehavior [ RunTime:0.000013s ]
INFO: [ app_init ] --END-- [ RunTime:0.000225s ]
ERR: 无法加载模块:Application

[ 2017-04-22T16:09:25+08:00 ] 58.218.185.79 /coalball/Application/Home/Common/css/img/%C3%A6%E2%80%9D%C2%BE%C3%A5%C2%A4%C2%A7%C3%A9%E2%80%A2%C5%93.png
INFO: [ app_init ] --START--
INFO: Run Behavior\BuildLiteBehavior [ RunTime:0.000018s ]
INFO: [ app_init ] --END-- [ RunTime:0.000355s ]
ERR: 无法加载模块:Application

[ 2017-04-22T16:09:25+08:00 ] 58.218.185.79 /coalball/Application/Home/Common/css/img/%C3%A8%C2%B5%E2%80%9E%C3%A6%C2%BA%C2%907.png
INFO: [ app_init ] --START--
INFO: Run Behavior\BuildLiteBehavior [ RunTime:0.000019s ]
INFO: [ app_init ] --END-- [ RunTime:0.000417s ]
ERR: 无法加载模块:Application

[ 2017-04-22T16:09:25+08:00 ] 58.218.185.79 /coalball/Application/Home/Common/css/img/%C3%A8%C2%B5%E2%80%9E%C3%A6%C2%BA%C2%908.png
INFO: [ app_init ] --START--
INFO: Run Behavior\BuildLiteBehavior [ RunTime:0.000042s ]
INFO: [ app_init ] --END-- [ RunTime:0.000376s ]
ERR: 无法加载模块:Application

[ 2017-04-22T16:09:26+08:00 ] 58.218.185.79 /coalball/Application/Home/Common/css/img/%C3%A8%C2%B5%E2%80%9E%C3%A6%C2%BA%C2%907.png
INFO: [ app_init ] --START--
INFO: Run Behavior\BuildLiteBehavior [ RunTime:0.000021s ]
INFO: [ app_init ] --END-- [ RunTime:0.000243s ]
ERR: 无法加载模块:Application

[ 2017-04-22T16:09:26+08:00 ] 58.218.185.79 /coalball/Application/Home/Common/css/img/%C3%A6%E2%80%9D%C2%BE%C3%A5%C2%A4%C2%A7%C3%A9%E2%80%A2%C5%93.png
INFO: [ app_init ] --START--
INFO: Run Behavior\BuildLiteBehavior [ RunTime:0.000017s ]
INFO: [ app_init ] --END-- [ RunTime:0.000326s ]
ERR: 无法加载模块:Application

[ 2017-04-22T16:09:26+08:00 ] 58.218.185.79 /coalball/Application/Home/Common/css/img/%C3%A8%C2%B5%E2%80%9E%C3%A6%C2%BA%C2%908.png
INFO: [ app_init ] --START--
INFO: Run Behavior\BuildLiteBehavior [ RunTime:0.000013s ]
INFO: [ app_init ] --END-- [ RunTime:0.000285s ]
ERR: 无法加载模块:Application

[ 2017-04-22T16:09:26+08:00 ] 58.218.185.79 /coalball/Application/Home/Common/css/img/%C3%A8%C2%B5%E2%80%9E%C3%A6%C2%BA%C2%908.png
INFO: [ app_init ] --START--
INFO: Run Behavior\BuildLiteBehavior [ RunTime:0.000012s ]
INFO: [ app_init ] --END-- [ RunTime:0.000258s ]
ERR: 无法加载模块:Application

[ 2017-04-22T16:09:26+08:00 ] 58.218.185.79 /coalball/Application/Home/Common/css/img/%C3%A8%C2%B5%E2%80%9E%C3%A6%C2%BA%C2%907.png
INFO: [ app_init ] --START--
INFO: Run Behavior\BuildLiteBehavior [ RunTime:0.000018s ]
INFO: [ app_init ] --END-- [ RunTime:0.000305s ]
ERR: 无法加载模块:Application

[ 2017-04-22T16:09:26+08:00 ] 58.218.185.79 /coalball/Application/Home/Common/css/img/%C3%A6%E2%80%9D%C2%BE%C3%A5%C2%A4%C2%A7%C3%A9%E2%80%A2%C5%93.png
INFO: [ app_init ] --START--
INFO: Run Behavior\BuildLiteBehavior [ RunTime:0.000012s ]
INFO: [ app_init ] --END-- [ RunTime:0.000260s ]
ERR: 无法加载模块:Application

[ 2017-04-22T16:09:28+08:00 ] 58.218.185.79 /coalball/Application/Home/Common/css/img/%C3%A8%C2%B5%E2%80%9E%C3%A6%C2%BA%C2%908.png
INFO: [ app_init ] --START--
INFO: Run Behavior\BuildLiteBehavior [ RunTime:0.000059s ]
INFO: [ app_init ] --END-- [ RunTime:0.000294s ]
ERR: 无法加载模块:Application

[ 2017-04-22T16:09:28+08:00 ] 58.218.185.79 /coalball/Application/Home/Common/css/img/%C3%A8%C2%B5%E2%80%9E%C3%A6%C2%BA%C2%907.png
INFO: [ app_init ] --START--
INFO: Run Behavior\BuildLiteBehavior [ RunTime:0.000013s ]
INFO: [ app_init ] --END-- [ RunTime:0.000274s ]
ERR: 无法加载模块:Application

[ 2017-04-22T16:09:28+08:00 ] 58.218.185.79 /coalball/Application/Home/Common/css/img/%C3%A6%E2%80%9D%C2%BE%C3%A5%C2%A4%C2%A7%C3%A9%E2%80%A2%C5%93.png
INFO: [ app_init ] --START--
INFO: Run Behavior\BuildLiteBehavior [ RunTime:0.000015s ]
INFO: [ app_init ] --END-- [ RunTime:0.000336s ]
ERR: 无法加载模块:Application

[ 2017-04-22T16:09:28+08:00 ] 58.218.185.79 /coalball/Application/Home/Common/css/img/%C3%A6%E2%80%9D%C2%BE%C3%A5%C2%A4%C2%A7%C3%A9%E2%80%A2%C5%93.png
INFO: [ app_init ] --START--
INFO: Run Behavior\BuildLiteBehavior [ RunTime:0.000019s ]
INFO: [ app_init ] --END-- [ RunTime:0.000399s ]
ERR: 无法加载模块:Application

[ 2017-04-22T16:09:28+08:00 ] 58.218.185.79 /coalball/Application/Home/Common/css/img/%C3%A8%C2%B5%E2%80%9E%C3%A6%C2%BA%C2%908.png
INFO: [ app_init ] --START--
INFO: Run Behavior\BuildLiteBehavior [ RunTime:0.000019s ]
INFO: [ app_init ] --END-- [ RunTime:0.000466s ]
ERR: 无法加载模块:Application

[ 2017-04-22T16:09:29+08:00 ] 58.218.185.79 /coalball/Application/Home/Common/css/img/%C3%A8%C2%B5%E2%80%9E%C3%A6%C2%BA%C2%907.png
INFO: [ app_init ] --START--
INFO: Run Behavior\BuildLiteBehavior [ RunTime:0.000018s ]
INFO: [ app_init ] --END-- [ RunTime:0.000386s ]
ERR: 无法加载模块:Application

[ 2017-04-22T16:09:29+08:00 ] 58.218.185.79 /coalball/Application/Home/Common/css/img/%C3%A8%C2%B5%E2%80%9E%C3%A6%C2%BA%C2%908.png
INFO: [ app_init ] --START--
INFO: Run Behavior\BuildLiteBehavior [ RunTime:0.000020s ]
INFO: [ app_init ] --END-- [ RunTime:0.000364s ]
ERR: 无法加载模块:Application

[ 2017-04-22T16:09:29+08:00 ] 58.218.185.79 /coalball/Application/Home/Common/css/img/%C3%A6%E2%80%9D%C2%BE%C3%A5%C2%A4%C2%A7%C3%A9%E2%80%A2%C5%93.png
INFO: [ app_init ] --START--
INFO: Run Behavior\BuildLiteBehavior [ RunTime:0.000016s ]
INFO: [ app_init ] --END-- [ RunTime:0.000363s ]
ERR: 无法加载模块:Application

[ 2017-04-22T16:09:29+08:00 ] 58.218.185.79 /coalball/Application/Home/Common/css/img/%C3%A8%C2%B5%E2%80%9E%C3%A6%C2%BA%C2%907.png
INFO: [ app_init ] --START--
INFO: Run Behavior\BuildLiteBehavior [ RunTime:0.000017s ]
INFO: [ app_init ] --END-- [ RunTime:0.000329s ]
ERR: 无法加载模块:Application

[ 2017-04-22T16:09:29+08:00 ] 58.218.185.79 /coalball/Application/Home/Common/css/img/%C3%A8%C2%B5%E2%80%9E%C3%A6%C2%BA%C2%908.png
INFO: [ app_init ] --START--
INFO: Run Behavior\BuildLiteBehavior [ RunTime:0.000018s ]
INFO: [ app_init ] --END-- [ RunTime:0.000304s ]
ERR: 无法加载模块:Application

[ 2017-04-22T16:09:29+08:00 ] 58.218.185.79 /coalball/Application/Home/Common/css/img/%C3%A6%E2%80%9D%C2%BE%C3%A5%C2%A4%C2%A7%C3%A9%E2%80%A2%C5%93.png
INFO: [ app_init ] --START--
INFO: Run Behavior\BuildLiteBehavior [ RunTime:0.000014s ]
INFO: [ app_init ] --END-- [ RunTime:0.000271s ]
ERR: 无法加载模块:Application

[ 2017-04-22T16:09:29+08:00 ] 58.218.185.79 /coalball/Application/Home/Common/css/img/%C3%A8%C2%B5%E2%80%9E%C3%A6%C2%BA%C2%907.png
INFO: [ app_init ] --START--
INFO: Run Behavior\BuildLiteBehavior [ RunTime:0.000028s ]
INFO: [ app_init ] --END-- [ RunTime:0.011294s ]
ERR: 无法加载模块:Application

[ 2017-04-22T16:09:30+08:00 ] 58.218.185.79 /coalball/Application/Home/Common/css/img/%C3%A6%E2%80%9D%C2%BE%C3%A5%C2%A4%C2%A7%C3%A9%E2%80%A2%C5%93.png
INFO: [ app_init ] --START--
INFO: Run Behavior\BuildLiteBehavior [ RunTime:0.000019s ]
INFO: [ app_init ] --END-- [ RunTime:0.000323s ]
ERR: 无法加载模块:Application

[ 2017-04-22T16:09:30+08:00 ] 58.218.185.79 /coalball/Application/Home/Common/css/img/%C3%A8%C2%B5%E2%80%9E%C3%A6%C2%BA%C2%907.png
INFO: [ app_init ] --START--
INFO: Run Behavior\BuildLiteBehavior [ RunTime:0.000018s ]
INFO: [ app_init ] --END-- [ RunTime:0.000487s ]
ERR: 无法加载模块:Application

[ 2017-04-22T16:09:30+08:00 ] 58.218.185.79 /coalball/Application/Home/Common/css/img/%C3%A8%C2%B5%E2%80%9E%C3%A6%C2%BA%C2%908.png
INFO: [ app_init ] --START--
INFO: Run Behavior\BuildLiteBehavior [ RunTime:0.000017s ]
INFO: [ app_init ] --END-- [ RunTime:0.000350s ]
ERR: 无法加载模块:Application

[ 2017-04-22T16:09:32+08:00 ] 58.218.185.79 /coalball/Application/Home/Common/css/img/%C3%A8%C2%B5%E2%80%9E%C3%A6%C2%BA%C2%907.png
INFO: [ app_init ] --START--
INFO: Run Behavior\BuildLiteBehavior [ RunTime:0.000019s ]
INFO: [ app_init ] --END-- [ RunTime:0.000428s ]
ERR: 无法加载模块:Application

[ 2017-04-22T16:09:32+08:00 ] 58.218.185.79 /coalball/Application/Home/Common/css/img/%C3%A8%C2%B5%E2%80%9E%C3%A6%C2%BA%C2%908.png
INFO: [ app_init ] --START--
INFO: Run Behavior\BuildLiteBehavior [ RunTime:0.000015s ]
INFO: [ app_init ] --END-- [ RunTime:0.000324s ]
ERR: 无法加载模块:Application

[ 2017-04-22T16:09:32+08:00 ] 58.218.185.79 /coalball/Application/Home/Common/css/img/%C3%A6%E2%80%9D%C2%BE%C3%A5%C2%A4%C2%A7%C3%A9%E2%80%A2%C5%93.png
INFO: [ app_init ] --START--
INFO: Run Behavior\BuildLiteBehavior [ RunTime:0.000016s ]
INFO: [ app_init ] --END-- [ RunTime:0.000322s ]
ERR: 无法加载模块:Application

[ 2017-04-22T16:09:41+08:00 ] 58.218.185.79 /coalball/Application/Home/Common/css/img/%C3%A8%C2%B5%E2%80%9E%C3%A6%C2%BA%C2%908.png
INFO: [ app_init ] --START--
INFO: Run Behavior\BuildLiteBehavior [ RunTime:0.000013s ]
INFO: [ app_init ] --END-- [ RunTime:0.000242s ]
ERR: 无法加载模块:Application

[ 2017-04-22T16:09:41+08:00 ] 58.218.185.79 /coalball/Application/Home/Common/css/img/%C3%A6%E2%80%9D%C2%BE%C3%A5%C2%A4%C2%A7%C3%A9%E2%80%A2%C5%93.png
INFO: [ app_init ] --START--
INFO: Run Behavior\BuildLiteBehavior [ RunTime:0.000019s ]
INFO: [ app_init ] --END-- [ RunTime:0.000349s ]
ERR: 无法加载模块:Application

[ 2017-04-22T16:09:41+08:00 ] 58.218.185.79 /coalball/Application/Home/Common/css/img/%C3%A8%C2%B5%E2%80%9E%C3%A6%C2%BA%C2%907.png
INFO: [ app_init ] --START--
INFO: Run Behavior\BuildLiteBehavior [ RunTime:0.000023s ]
INFO: [ app_init ] --END-- [ RunTime:0.000385s ]
ERR: 无法加载模块:Application

[ 2017-04-22T16:09:43+08:00 ] 58.218.185.79 /coalball/Application/Home/Common/css/img/%C3%A8%C2%B5%E2%80%9E%C3%A6%C2%BA%C2%907.png
INFO: [ app_init ] --START--
INFO: Run Behavior\BuildLiteBehavior [ RunTime:0.000018s ]
INFO: [ app_init ] --END-- [ RunTime:0.000306s ]
ERR: 无法加载模块:Application

[ 2017-04-22T16:09:43+08:00 ] 58.218.185.79 /coalball/Application/Home/Common/css/img/%C3%A6%E2%80%9D%C2%BE%C3%A5%C2%A4%C2%A7%C3%A9%E2%80%A2%C5%93.png
INFO: [ app_init ] --START--
INFO: Run Behavior\BuildLiteBehavior [ RunTime:0.000013s ]
INFO: [ app_init ] --END-- [ RunTime:0.000239s ]
ERR: 无法加载模块:Application

[ 2017-04-22T16:09:43+08:00 ] 58.218.185.79 /coalball/Application/Home/Common/css/img/%C3%A8%C2%B5%E2%80%9E%C3%A6%C2%BA%C2%908.png
INFO: [ app_init ] --START--
INFO: Run Behavior\BuildLiteBehavior [ RunTime:0.000018s ]
INFO: [ app_init ] --END-- [ RunTime:0.000329s ]
ERR: 无法加载模块:Application

[ 2017-04-22T16:09:43+08:00 ] 58.218.185.79 /coalball/Application/Home/Common/css/img/%C3%A8%C2%B5%E2%80%9E%C3%A6%C2%BA%C2%907.png
INFO: [ app_init ] --START--
INFO: Run Behavior\BuildLiteBehavior [ RunTime:0.000020s ]
INFO: [ app_init ] --END-- [ RunTime:0.000386s ]
ERR: 无法加载模块:Application

[ 2017-04-22T16:09:43+08:00 ] 58.218.185.79 /coalball/Application/Home/Common/css/img/%C3%A6%E2%80%9D%C2%BE%C3%A5%C2%A4%C2%A7%C3%A9%E2%80%A2%C5%93.png
INFO: [ app_init ] --START--
INFO: Run Behavior\BuildLiteBehavior [ RunTime:0.000013s ]
INFO: [ app_init ] --END-- [ RunTime:0.000242s ]
ERR: 无法加载模块:Application

[ 2017-04-22T16:09:43+08:00 ] 58.218.185.79 /coalball/Application/Home/Common/css/img/%C3%A8%C2%B5%E2%80%9E%C3%A6%C2%BA%C2%908.png
INFO: [ app_init ] --START--
INFO: Run Behavior\BuildLiteBehavior [ RunTime:0.000012s ]
INFO: [ app_init ] --END-- [ RunTime:0.000226s ]
ERR: 无法加载模块:Application

[ 2017-04-22T16:09:48+08:00 ] 58.218.185.79 /coalball/Application/Home/Common/css/img/%C3%A8%C2%B5%E2%80%9E%C3%A6%C2%BA%C2%908.png
INFO: [ app_init ] --START--
INFO: Run Behavior\BuildLiteBehavior [ RunTime:0.000019s ]
INFO: [ app_init ] --END-- [ RunTime:0.000438s ]
ERR: 无法加载模块:Application

[ 2017-04-22T16:09:48+08:00 ] 58.218.185.79 /coalball/Application/Home/Common/css/img/%C3%A8%C2%B5%E2%80%9E%C3%A6%C2%BA%C2%907.png
INFO: [ app_init ] --START--
INFO: Run Behavior\BuildLiteBehavior [ RunTime:0.000017s ]
INFO: [ app_init ] --END-- [ RunTime:0.000349s ]
ERR: 无法加载模块:Application

[ 2017-04-22T16:09:48+08:00 ] 58.218.185.79 /coalball/Application/Home/Common/css/img/%C3%A6%E2%80%9D%C2%BE%C3%A5%C2%A4%C2%A7%C3%A9%E2%80%A2%C5%93.png
INFO: [ app_init ] --START--
INFO: Run Behavior\BuildLiteBehavior [ RunTime:0.000016s ]
INFO: [ app_init ] --END-- [ RunTime:0.000321s ]
ERR: 无法加载模块:Application

[ 2017-04-22T16:09:51+08:00 ] 58.218.185.79 /coalball/Application/Home/Common/css/img/%C3%A8%C2%B5%E2%80%9E%C3%A6%C2%BA%C2%907.png
INFO: [ app_init ] --START--
INFO: Run Behavior\BuildLiteBehavior [ RunTime:0.000014s ]
INFO: [ app_init ] --END-- [ RunTime:0.000267s ]
ERR: 无法加载模块:Application

[ 2017-04-22T16:09:51+08:00 ] 58.218.185.79 /coalball/Application/Home/Common/css/img/%C3%A8%C2%B5%E2%80%9E%C3%A6%C2%BA%C2%908.png
INFO: [ app_init ] --START--
INFO: Run Behavior\BuildLiteBehavior [ RunTime:0.000013s ]
INFO: [ app_init ] --END-- [ RunTime:0.000245s ]
ERR: 无法加载模块:Application

[ 2017-04-22T16:09:51+08:00 ] 58.218.185.79 /coalball/Application/Home/Common/css/img/%C3%A6%E2%80%9D%C2%BE%C3%A5%C2%A4%C2%A7%C3%A9%E2%80%A2%C5%93.png
INFO: [ app_init ] --START--
INFO: Run Behavior\BuildLiteBehavior [ RunTime:0.000012s ]
INFO: [ app_init ] --END-- [ RunTime:0.000298s ]
ERR: 无法加载模块:Application

[ 2017-04-22T16:09:52+08:00 ] 58.218.185.79 /coalball/Application/Home/Common/css/img/%C3%A6%E2%80%9D%C2%BE%C3%A5%C2%A4%C2%A7%C3%A9%E2%80%A2%C5%93.png
INFO: [ app_init ] --START--
INFO: Run Behavior\BuildLiteBehavior [ RunTime:0.000021s ]
INFO: [ app_init ] --END-- [ RunTime:0.000337s ]
ERR: 无法加载模块:Application

[ 2017-04-22T16:09:52+08:00 ] 58.218.185.79 /coalball/Application/Home/Common/css/img/%C3%A8%C2%B5%E2%80%9E%C3%A6%C2%BA%C2%908.png
INFO: [ app_init ] --START--
INFO: Run Behavior\BuildLiteBehavior [ RunTime:0.000023s ]
INFO: [ app_init ] --END-- [ RunTime:0.000473s ]
ERR: 无法加载模块:Application

[ 2017-04-22T16:09:52+08:00 ] 58.218.185.79 /coalball/Application/Home/Common/css/img/%C3%A8%C2%B5%E2%80%9E%C3%A6%C2%BA%C2%907.png
INFO: [ app_init ] --START--
INFO: Run Behavior\BuildLiteBehavior [ RunTime:0.000018s ]
INFO: [ app_init ] --END-- [ RunTime:0.000344s ]
ERR: 无法加载模块:Application

[ 2017-04-22T16:09:54+08:00 ] 58.218.185.79 /coalball/Application/Home/Common/css/img/%C3%A6%E2%80%9D%C2%BE%C3%A5%C2%A4%C2%A7%C3%A9%E2%80%A2%C5%93.png
INFO: [ app_init ] --START--
INFO: Run Behavior\BuildLiteBehavior [ RunTime:0.000018s ]
INFO: [ app_init ] --END-- [ RunTime:0.000335s ]
ERR: 无法加载模块:Application

[ 2017-04-22T16:09:54+08:00 ] 58.218.185.79 /coalball/Application/Home/Common/css/img/%C3%A8%C2%B5%E2%80%9E%C3%A6%C2%BA%C2%907.png
INFO: [ app_init ] --START--
INFO: Run Behavior\BuildLiteBehavior [ RunTime:0.000016s ]
INFO: [ app_init ] --END-- [ RunTime:0.000350s ]
ERR: 无法加载模块:Application

[ 2017-04-22T16:09:54+08:00 ] 58.218.185.79 /coalball/Application/Home/Common/css/img/%C3%A8%C2%B5%E2%80%9E%C3%A6%C2%BA%C2%908.png
INFO: [ app_init ] --START--
INFO: Run Behavior\BuildLiteBehavior [ RunTime:0.000019s ]
INFO: [ app_init ] --END-- [ RunTime:0.000376s ]
ERR: 无法加载模块:Application

[ 2017-04-22T16:09:57+08:00 ] 58.218.185.79 /coalball/Application/Home/Common/css/img/%C3%A8%C2%B5%E2%80%9E%C3%A6%C2%BA%C2%908.png
INFO: [ app_init ] --START--
INFO: Run Behavior\BuildLiteBehavior [ RunTime:0.000018s ]
INFO: [ app_init ] --END-- [ RunTime:0.000355s ]
ERR: 无法加载模块:Application

[ 2017-04-22T16:09:57+08:00 ] 58.218.185.79 /coalball/Application/Home/Common/css/img/%C3%A6%E2%80%9D%C2%BE%C3%A5%C2%A4%C2%A7%C3%A9%E2%80%A2%C5%93.png
INFO: [ app_init ] --START--
INFO: Run Behavior\BuildLiteBehavior [ RunTime:0.000017s ]
INFO: [ app_init ] --END-- [ RunTime:0.000306s ]
ERR: 无法加载模块:Application

[ 2017-04-22T16:09:57+08:00 ] 58.218.185.79 /coalball/Application/Home/Common/css/img/%C3%A8%C2%B5%E2%80%9E%C3%A6%C2%BA%C2%907.png
INFO: [ app_init ] --START--
INFO: Run Behavior\BuildLiteBehavior [ RunTime:0.000014s ]
INFO: [ app_init ] --END-- [ RunTime:0.000242s ]
ERR: 无法加载模块:Application

[ 2017-04-22T16:09:58+08:00 ] 58.218.185.79 /coalball/Application/Home/Common/css/img/%C3%A8%C2%B5%E2%80%9E%C3%A6%C2%BA%C2%908.png
INFO: [ app_init ] --START--
INFO: Run Behavior\BuildLiteBehavior [ RunTime:0.000019s ]
INFO: [ app_init ] --END-- [ RunTime:0.000320s ]
ERR: 无法加载模块:Application

[ 2017-04-22T16:09:58+08:00 ] 58.218.185.79 /coalball/Application/Home/Common/css/img/%C3%A6%E2%80%9D%C2%BE%C3%A5%C2%A4%C2%A7%C3%A9%E2%80%A2%C5%93.png
INFO: [ app_init ] --START--
INFO: Run Behavior\BuildLiteBehavior [ RunTime:0.000017s ]
INFO: [ app_init ] --END-- [ RunTime:0.000356s ]
ERR: 无法加载模块:Application

[ 2017-04-22T16:09:58+08:00 ] 58.218.185.79 /coalball/Application/Home/Common/css/img/%C3%A8%C2%B5%E2%80%9E%C3%A6%C2%BA%C2%907.png
INFO: [ app_init ] --START--
INFO: Run Behavior\BuildLiteBehavior [ RunTime:0.000017s ]
INFO: [ app_init ] --END-- [ RunTime:0.000250s ]
ERR: 无法加载模块:Application

[ 2017-04-22T16:10:05+08:00 ] 58.218.185.79 /coalball/Application/Home/Common/css/img/%C3%A8%C2%B5%E2%80%9E%C3%A6%C2%BA%C2%907.png
INFO: [ app_init ] --START--
INFO: Run Behavior\BuildLiteBehavior [ RunTime:0.000018s ]
INFO: [ app_init ] --END-- [ RunTime:0.000362s ]
ERR: 无法加载模块:Application

[ 2017-04-22T16:10:05+08:00 ] 58.218.185.79 /coalball/Application/Home/Common/css/img/%C3%A8%C2%B5%E2%80%9E%C3%A6%C2%BA%C2%908.png
INFO: [ app_init ] --START--
INFO: Run Behavior\BuildLiteBehavior [ RunTime:0.000018s ]
INFO: [ app_init ] --END-- [ RunTime:0.000298s ]
ERR: 无法加载模块:Application

[ 2017-04-22T16:10:05+08:00 ] 58.218.185.79 /coalball/Application/Home/Common/css/img/%C3%A6%E2%80%9D%C2%BE%C3%A5%C2%A4%C2%A7%C3%A9%E2%80%A2%C5%93.png
INFO: [ app_init ] --START--
INFO: Run Behavior\BuildLiteBehavior [ RunTime:0.000014s ]
INFO: [ app_init ] --END-- [ RunTime:0.000258s ]
ERR: 无法加载模块:Application

[ 2017-04-22T16:10:06+08:00 ] 58.218.185.79 /coalball/Application/Home/Common/css/img/%C3%A8%C2%B5%E2%80%9E%C3%A6%C2%BA%C2%907.png
INFO: [ app_init ] --START--
INFO: Run Behavior\BuildLiteBehavior [ RunTime:0.000035s ]
INFO: [ app_init ] --END-- [ RunTime:0.011511s ]
ERR: 无法加载模块:Application

[ 2017-04-22T16:10:06+08:00 ] 58.218.185.79 /coalball/Application/Home/Common/css/img/%C3%A8%C2%B5%E2%80%9E%C3%A6%C2%BA%C2%908.png
INFO: [ app_init ] --START--
INFO: Run Behavior\BuildLiteBehavior [ RunTime:0.000016s ]
INFO: [ app_init ] --END-- [ RunTime:0.000313s ]
ERR: 无法加载模块:Application

[ 2017-04-22T16:10:06+08:00 ] 58.218.185.79 /coalball/Application/Home/Common/css/img/%C3%A6%E2%80%9D%C2%BE%C3%A5%C2%A4%C2%A7%C3%A9%E2%80%A2%C5%93.png
INFO: [ app_init ] --START--
INFO: Run Behavior\BuildLiteBehavior [ RunTime:0.000017s ]
INFO: [ app_init ] --END-- [ RunTime:0.000313s ]
ERR: 无法加载模块:Application

[ 2017-04-22T16:10:10+08:00 ] 58.218.185.79 /coalball/Application/Home/Common/css/img/%C3%A6%E2%80%9D%C2%BE%C3%A5%C2%A4%C2%A7%C3%A9%E2%80%A2%C5%93.png
INFO: [ app_init ] --START--
INFO: Run Behavior\BuildLiteBehavior [ RunTime:0.000020s ]
INFO: [ app_init ] --END-- [ RunTime:0.000298s ]
ERR: 无法加载模块:Application

[ 2017-04-22T16:10:10+08:00 ] 58.218.185.79 /coalball/Application/Home/Common/css/img/%C3%A8%C2%B5%E2%80%9E%C3%A6%C2%BA%C2%908.png
INFO: [ app_init ] --START--
INFO: Run Behavior\BuildLiteBehavior [ RunTime:0.000011s ]
INFO: [ app_init ] --END-- [ RunTime:0.000241s ]
ERR: 无法加载模块:Application

[ 2017-04-22T16:10:10+08:00 ] 58.218.185.79 /coalball/Application/Home/Common/css/img/%C3%A8%C2%B5%E2%80%9E%C3%A6%C2%BA%C2%907.png
INFO: [ app_init ] --START--
INFO: Run Behavior\BuildLiteBehavior [ RunTime:0.000016s ]
INFO: [ app_init ] --END-- [ RunTime:0.000440s ]
ERR: 无法加载模块:Application

[ 2017-04-22T16:10:11+08:00 ] 58.218.185.79 /coalball/Application/Home/Common/css/img/%C3%A8%C2%B5%E2%80%9E%C3%A6%C2%BA%C2%907.png
INFO: [ app_init ] --START--
INFO: Run Behavior\BuildLiteBehavior [ RunTime:0.000013s ]
INFO: [ app_init ] --END-- [ RunTime:0.000261s ]
ERR: 无法加载模块:Application

[ 2017-04-22T16:10:11+08:00 ] 58.218.185.79 /coalball/Application/Home/Common/css/img/%C3%A6%E2%80%9D%C2%BE%C3%A5%C2%A4%C2%A7%C3%A9%E2%80%A2%C5%93.png
INFO: [ app_init ] --START--
INFO: Run Behavior\BuildLiteBehavior [ RunTime:0.000018s ]
INFO: [ app_init ] --END-- [ RunTime:0.000342s ]
ERR: 无法加载模块:Application

[ 2017-04-22T16:10:11+08:00 ] 58.218.185.79 /coalball/Application/Home/Common/css/img/%C3%A8%C2%B5%E2%80%9E%C3%A6%C2%BA%C2%908.png
INFO: [ app_init ] --START--
INFO: Run Behavior\BuildLiteBehavior [ RunTime:0.000017s ]
INFO: [ app_init ] --END-- [ RunTime:0.000292s ]
ERR: 无法加载模块:Application

[ 2017-04-22T16:10:13+08:00 ] 58.218.185.79 /coalball/Application/Home/Common/css/img/%C3%A8%C2%B5%E2%80%9E%C3%A6%C2%BA%C2%908.png
INFO: [ app_init ] --START--
INFO: Run Behavior\BuildLiteBehavior [ RunTime:0.000013s ]
INFO: [ app_init ] --END-- [ RunTime:0.000226s ]
ERR: 无法加载模块:Application

[ 2017-04-22T16:10:13+08:00 ] 58.218.185.79 /coalball/Application/Home/Common/css/img/%C3%A8%C2%B5%E2%80%9E%C3%A6%C2%BA%C2%907.png
INFO: [ app_init ] --START--
INFO: Run Behavior\BuildLiteBehavior [ RunTime:0.000014s ]
INFO: [ app_init ] --END-- [ RunTime:0.000250s ]
ERR: 无法加载模块:Application

[ 2017-04-22T16:10:13+08:00 ] 58.218.185.79 /coalball/Application/Home/Common/css/img/%C3%A6%E2%80%9D%C2%BE%C3%A5%C2%A4%C2%A7%C3%A9%E2%80%A2%C5%93.png
INFO: [ app_init ] --START--
INFO: Run Behavior\BuildLiteBehavior [ RunTime:0.000013s ]
INFO: [ app_init ] --END-- [ RunTime:0.000230s ]
ERR: 无法加载模块:Application

[ 2017-04-22T16:10:14+08:00 ] 58.218.185.79 /coalball/Application/Home/Common/css/img/%C3%A8%C2%B5%E2%80%9E%C3%A6%C2%BA%C2%907.png
INFO: [ app_init ] --START--
INFO: Run Behavior\BuildLiteBehavior [ RunTime:0.000012s ]
INFO: [ app_init ] --END-- [ RunTime:0.000325s ]
ERR: 无法加载模块:Application

[ 2017-04-22T16:10:14+08:00 ] 58.218.185.79 /coalball/Application/Home/Common/css/img/%C3%A6%E2%80%9D%C2%BE%C3%A5%C2%A4%C2%A7%C3%A9%E2%80%A2%C5%93.png
INFO: [ app_init ] --START--
INFO: Run Behavior\BuildLiteBehavior [ RunTime:0.000017s ]
INFO: [ app_init ] --END-- [ RunTime:0.000270s ]
ERR: 无法加载模块:Application

[ 2017-04-22T16:10:14+08:00 ] 58.218.185.79 /coalball/Application/Home/Common/css/img/%C3%A8%C2%B5%E2%80%9E%C3%A6%C2%BA%C2%908.png
INFO: [ app_init ] --START--
INFO: Run Behavior\BuildLiteBehavior [ RunTime:0.000020s ]
INFO: [ app_init ] --END-- [ RunTime:0.000334s ]
ERR: 无法加载模块:Application

[ 2017-04-22T16:10:15+08:00 ] 58.218.185.79 /coalball/Application/Home/Common/css/img/%C3%A6%E2%80%9D%C2%BE%C3%A5%C2%A4%C2%A7%C3%A9%E2%80%A2%C5%93.png
INFO: [ app_init ] --START--
INFO: Run Behavior\BuildLiteBehavior [ RunTime:0.000014s ]
INFO: [ app_init ] --END-- [ RunTime:0.000284s ]
ERR: 无法加载模块:Application

[ 2017-04-22T16:10:15+08:00 ] 58.218.185.79 /coalball/Application/Home/Common/css/img/%C3%A8%C2%B5%E2%80%9E%C3%A6%C2%BA%C2%907.png
INFO: [ app_init ] --START--
INFO: Run Behavior\BuildLiteBehavior [ RunTime:0.000019s ]
INFO: [ app_init ] --END-- [ RunTime:0.000331s ]
ERR: 无法加载模块:Application

[ 2017-04-22T16:10:15+08:00 ] 58.218.185.79 /coalball/Application/Home/Common/css/img/%C3%A8%C2%B5%E2%80%9E%C3%A6%C2%BA%C2%908.png
INFO: [ app_init ] --START--
INFO: Run Behavior\BuildLiteBehavior [ RunTime:0.000017s ]
INFO: [ app_init ] --END-- [ RunTime:0.000301s ]
ERR: 无法加载模块:Application

[ 2017-04-22T16:10:17+08:00 ] 58.218.185.79 /coalball/Application/Home/Common/css/img/%C3%A6%E2%80%9D%C2%BE%C3%A5%C2%A4%C2%A7%C3%A9%E2%80%A2%C5%93.png
INFO: [ app_init ] --START--
INFO: Run Behavior\BuildLiteBehavior [ RunTime:0.000014s ]
INFO: [ app_init ] --END-- [ RunTime:0.000345s ]
ERR: 无法加载模块:Application

[ 2017-04-22T16:10:17+08:00 ] 58.218.185.79 /coalball/Application/Home/Common/css/img/%C3%A8%C2%B5%E2%80%9E%C3%A6%C2%BA%C2%908.png
INFO: [ app_init ] --START--
INFO: Run Behavior\BuildLiteBehavior [ RunTime:0.000012s ]
INFO: [ app_init ] --END-- [ RunTime:0.000243s ]
ERR: 无法加载模块:Application

[ 2017-04-22T16:10:17+08:00 ] 58.218.185.79 /coalball/Application/Home/Common/css/img/%C3%A8%C2%B5%E2%80%9E%C3%A6%C2%BA%C2%907.png
INFO: [ app_init ] --START--
INFO: Run Behavior\BuildLiteBehavior [ RunTime:0.000014s ]
INFO: [ app_init ] --END-- [ RunTime:0.000262s ]
ERR: 无法加载模块:Application

[ 2017-04-22T16:10:45+08:00 ] 58.218.185.79 /coalball/Application/Home/Common/css/img/%C3%A8%C2%B5%E2%80%9E%C3%A6%C2%BA%C2%908.png
INFO: [ app_init ] --START--
INFO: Run Behavior\BuildLiteBehavior [ RunTime:0.000021s ]
INFO: [ app_init ] --END-- [ RunTime:0.000395s ]
ERR: 无法加载模块:Application

[ 2017-04-22T16:10:45+08:00 ] 58.218.185.79 /coalball/Application/Home/Common/css/img/%C3%A6%E2%80%9D%C2%BE%C3%A5%C2%A4%C2%A7%C3%A9%E2%80%A2%C5%93.png
INFO: [ app_init ] --START--
INFO: Run Behavior\BuildLiteBehavior [ RunTime:0.000017s ]
INFO: [ app_init ] --END-- [ RunTime:0.000329s ]
ERR: 无法加载模块:Application

[ 2017-04-22T16:10:45+08:00 ] 58.218.185.79 /coalball/Application/Home/Common/css/img/%C3%A8%C2%B5%E2%80%9E%C3%A6%C2%BA%C2%907.png
INFO: [ app_init ] --START--
INFO: Run Behavior\BuildLiteBehavior [ RunTime:0.000019s ]
INFO: [ app_init ] --END-- [ RunTime:0.000345s ]
ERR: 无法加载模块:Application

[ 2017-04-22T16:10:45+08:00 ] 58.218.185.79 /coalball/Application/Home/Common/css/img/%C3%A8%C2%B5%E2%80%9E%C3%A6%C2%BA%C2%908.png
INFO: [ app_init ] --START--
INFO: Run Behavior\BuildLiteBehavior [ RunTime:0.000047s ]
INFO: [ app_init ] --END-- [ RunTime:0.000380s ]
ERR: 无法加载模块:Application

[ 2017-04-22T16:10:45+08:00 ] 58.218.185.79 /coalball/Application/Home/Common/css/img/%C3%A8%C2%B5%E2%80%9E%C3%A6%C2%BA%C2%907.png
INFO: [ app_init ] --START--
INFO: Run Behavior\BuildLiteBehavior [ RunTime:0.000016s ]
INFO: [ app_init ] --END-- [ RunTime:0.000349s ]
ERR: 无法加载模块:Application

[ 2017-04-22T16:10:45+08:00 ] 58.218.185.79 /coalball/Application/Home/Common/css/img/%C3%A6%E2%80%9D%C2%BE%C3%A5%C2%A4%C2%A7%C3%A9%E2%80%A2%C5%93.png
INFO: [ app_init ] --START--
INFO: Run Behavior\BuildLiteBehavior [ RunTime:0.000018s ]
INFO: [ app_init ] --END-- [ RunTime:0.000322s ]
ERR: 无法加载模块:Application

[ 2017-04-22T16:10:46+08:00 ] 58.218.185.79 /coalball/Application/Home/Common/css/img/%C3%A6%E2%80%9D%C2%BE%C3%A5%C2%A4%C2%A7%C3%A9%E2%80%A2%C5%93.png
INFO: [ app_init ] --START--
INFO: Run Behavior\BuildLiteBehavior [ RunTime:0.000017s ]
INFO: [ app_init ] --END-- [ RunTime:0.000248s ]
ERR: 无法加载模块:Application

[ 2017-04-22T16:10:46+08:00 ] 58.218.185.79 /coalball/Application/Home/Common/css/img/%C3%A8%C2%B5%E2%80%9E%C3%A6%C2%BA%C2%907.png
INFO: [ app_init ] --START--
INFO: Run Behavior\BuildLiteBehavior [ RunTime:0.000019s ]
INFO: [ app_init ] --END-- [ RunTime:0.000377s ]
ERR: 无法加载模块:Application

[ 2017-04-22T16:10:46+08:00 ] 58.218.185.79 /coalball/Application/Home/Common/css/img/%C3%A8%C2%B5%E2%80%9E%C3%A6%C2%BA%C2%908.png
INFO: [ app_init ] --START--
INFO: Run Behavior\BuildLiteBehavior [ RunTime:0.000019s ]
INFO: [ app_init ] --END-- [ RunTime:0.000419s ]
ERR: 无法加载模块:Application

[ 2017-04-22T16:10:46+08:00 ] 58.218.185.79 /coalball/Application/Home/Common/css/img/%C3%A8%C2%B5%E2%80%9E%C3%A6%C2%BA%C2%907.png
INFO: [ app_init ] --START--
INFO: Run Behavior\BuildLiteBehavior [ RunTime:0.000014s ]
INFO: [ app_init ] --END-- [ RunTime:0.000276s ]
ERR: 无法加载模块:Application

[ 2017-04-22T16:10:46+08:00 ] 58.218.185.79 /coalball/Application/Home/Common/css/img/%C3%A6%E2%80%9D%C2%BE%C3%A5%C2%A4%C2%A7%C3%A9%E2%80%A2%C5%93.png
INFO: [ app_init ] --START--
INFO: Run Behavior\BuildLiteBehavior [ RunTime:0.000017s ]
INFO: [ app_init ] --END-- [ RunTime:0.000336s ]
ERR: 无法加载模块:Application

[ 2017-04-22T16:10:46+08:00 ] 58.218.185.79 /coalball/Application/Home/Common/css/img/%C3%A8%C2%B5%E2%80%9E%C3%A6%C2%BA%C2%908.png
INFO: [ app_init ] --START--
INFO: Run Behavior\BuildLiteBehavior [ RunTime:0.000018s ]
INFO: [ app_init ] --END-- [ RunTime:0.000276s ]
ERR: 无法加载模块:Application

[ 2017-04-22T16:10:50+08:00 ] 58.218.185.79 /coalball/Application/Home/Common/css/img/%C3%A8%C2%B5%E2%80%9E%C3%A6%C2%BA%C2%908.png
INFO: [ app_init ] --START--
INFO: Run Behavior\BuildLiteBehavior [ RunTime:0.000013s ]
INFO: [ app_init ] --END-- [ RunTime:0.000253s ]
ERR: 无法加载模块:Application

[ 2017-04-22T16:10:50+08:00 ] 58.218.185.79 /coalball/Application/Home/Common/css/img/%C3%A8%C2%B5%E2%80%9E%C3%A6%C2%BA%C2%907.png
INFO: [ app_init ] --START--
INFO: Run Behavior\BuildLiteBehavior [ RunTime:0.000018s ]
INFO: [ app_init ] --END-- [ RunTime:0.000382s ]
ERR: 无法加载模块:Application

[ 2017-04-22T16:10:50+08:00 ] 58.218.185.79 /coalball/Application/Home/Common/css/img/%C3%A6%E2%80%9D%C2%BE%C3%A5%C2%A4%C2%A7%C3%A9%E2%80%A2%C5%93.png
INFO: [ app_init ] --START--
INFO: Run Behavior\BuildLiteBehavior [ RunTime:0.000014s ]
INFO: [ app_init ] --END-- [ RunTime:0.000257s ]
ERR: 无法加载模块:Application

[ 2017-04-22T16:10:51+08:00 ] 58.218.185.79 /coalball/Application/Home/Common/css/img/%C3%A8%C2%B5%E2%80%9E%C3%A6%C2%BA%C2%908.png
INFO: [ app_init ] --START--
INFO: Run Behavior\BuildLiteBehavior [ RunTime:0.000020s ]
INFO: [ app_init ] --END-- [ RunTime:0.000441s ]
ERR: 无法加载模块:Application

[ 2017-04-22T16:10:51+08:00 ] 58.218.185.79 /coalball/Application/Home/Common/css/img/%C3%A6%E2%80%9D%C2%BE%C3%A5%C2%A4%C2%A7%C3%A9%E2%80%A2%C5%93.png
INFO: [ app_init ] --START--
INFO: Run Behavior\BuildLiteBehavior [ RunTime:0.000019s ]
INFO: [ app_init ] --END-- [ RunTime:0.000315s ]
ERR: 无法加载模块:Application

[ 2017-04-22T16:10:51+08:00 ] 58.218.185.79 /coalball/Application/Home/Common/css/img/%C3%A8%C2%B5%E2%80%9E%C3%A6%C2%BA%C2%907.png
INFO: [ app_init ] --START--
INFO: Run Behavior\BuildLiteBehavior [ RunTime:0.000014s ]
INFO: [ app_init ] --END-- [ RunTime:0.000286s ]
ERR: 无法加载模块:Application

[ 2017-04-22T16:10:54+08:00 ] 58.218.185.79 /coalball/Application/Home/Common/css/img/%C3%A8%C2%B5%E2%80%9E%C3%A6%C2%BA%C2%908.png
INFO: [ app_init ] --START--
INFO: Run Behavior\BuildLiteBehavior [ RunTime:0.000018s ]
INFO: [ app_init ] --END-- [ RunTime:0.000452s ]
ERR: 无法加载模块:Application

[ 2017-04-22T16:10:54+08:00 ] 58.218.185.79 /coalball/Application/Home/Common/css/img/%C3%A6%E2%80%9D%C2%BE%C3%A5%C2%A4%C2%A7%C3%A9%E2%80%A2%C5%93.png
INFO: [ app_init ] --START--
INFO: Run Behavior\BuildLiteBehavior [ RunTime:0.000012s ]
INFO: [ app_init ] --END-- [ RunTime:0.000222s ]
ERR: 无法加载模块:Application

[ 2017-04-22T16:10:54+08:00 ] 58.218.185.79 /coalball/Application/Home/Common/css/img/%C3%A8%C2%B5%E2%80%9E%C3%A6%C2%BA%C2%907.png
INFO: [ app_init ] --START--
INFO: Run Behavior\BuildLiteBehavior [ RunTime:0.000016s ]
INFO: [ app_init ] --END-- [ RunTime:0.000345s ]
ERR: 无法加载模块:Application

[ 2017-04-22T16:10:55+08:00 ] 58.218.185.79 /coalball/Application/Home/Common/css/img/%C3%A8%C2%B5%E2%80%9E%C3%A6%C2%BA%C2%908.png
INFO: [ app_init ] --START--
INFO: Run Behavior\BuildLiteBehavior [ RunTime:0.000016s ]
INFO: [ app_init ] --END-- [ RunTime:0.000262s ]
ERR: 无法加载模块:Application

[ 2017-04-22T16:10:55+08:00 ] 58.218.185.79 /coalball/Application/Home/Common/css/img/%C3%A8%C2%B5%E2%80%9E%C3%A6%C2%BA%C2%907.png
INFO: [ app_init ] --START--
INFO: Run Behavior\BuildLiteBehavior [ RunTime:0.000012s ]
INFO: [ app_init ] --END-- [ RunTime:0.000240s ]
ERR: 无法加载模块:Application

[ 2017-04-22T16:10:55+08:00 ] 58.218.185.79 /coalball/Application/Home/Common/css/img/%C3%A6%E2%80%9D%C2%BE%C3%A5%C2%A4%C2%A7%C3%A9%E2%80%A2%C5%93.png
INFO: [ app_init ] --START--
INFO: Run Behavior\BuildLiteBehavior [ RunTime:0.000022s ]
INFO: [ app_init ] --END-- [ RunTime:0.000337s ]
ERR: 无法加载模块:Application

[ 2017-04-22T16:10:55+08:00 ] 58.218.185.79 /coalball/Application/Home/Common/css/img/%C3%A8%C2%B5%E2%80%9E%C3%A6%C2%BA%C2%907.png
INFO: [ app_init ] --START--
INFO: Run Behavior\BuildLiteBehavior [ RunTime:0.000018s ]
INFO: [ app_init ] --END-- [ RunTime:0.000280s ]
ERR: 无法加载模块:Application

[ 2017-04-22T16:10:55+08:00 ] 58.218.185.79 /coalball/Application/Home/Common/css/img/%C3%A6%E2%80%9D%C2%BE%C3%A5%C2%A4%C2%A7%C3%A9%E2%80%A2%C5%93.png
INFO: [ app_init ] --START--
INFO: Run Behavior\BuildLiteBehavior [ RunTime:0.000016s ]
INFO: [ app_init ] --END-- [ RunTime:0.000319s ]
ERR: 无法加载模块:Application

[ 2017-04-22T16:10:55+08:00 ] 58.218.185.79 /coalball/Application/Home/Common/css/img/%C3%A8%C2%B5%E2%80%9E%C3%A6%C2%BA%C2%908.png
INFO: [ app_init ] --START--
INFO: Run Behavior\BuildLiteBehavior [ RunTime:0.000018s ]
INFO: [ app_init ] --END-- [ RunTime:0.000245s ]
ERR: 无法加载模块:Application

[ 2017-04-22T16:10:56+08:00 ] 58.218.185.79 /coalball/Application/Home/Common/css/img/%C3%A6%E2%80%9D%C2%BE%C3%A5%C2%A4%C2%A7%C3%A9%E2%80%A2%C5%93.png
INFO: [ app_init ] --START--
INFO: Run Behavior\BuildLiteBehavior [ RunTime:0.000019s ]
INFO: [ app_init ] --END-- [ RunTime:0.000268s ]
ERR: 无法加载模块:Application

[ 2017-04-22T16:10:56+08:00 ] 58.218.185.79 /coalball/Application/Home/Common/css/img/%C3%A8%C2%B5%E2%80%9E%C3%A6%C2%BA%C2%907.png
INFO: [ app_init ] --START--
INFO: Run Behavior\BuildLiteBehavior [ RunTime:0.000013s ]
INFO: [ app_init ] --END-- [ RunTime:0.000224s ]
ERR: 无法加载模块:Application

[ 2017-04-22T16:10:56+08:00 ] 58.218.185.79 /coalball/Application/Home/Common/css/img/%C3%A8%C2%B5%E2%80%9E%C3%A6%C2%BA%C2%908.png
INFO: [ app_init ] --START--
INFO: Run Behavior\BuildLiteBehavior [ RunTime:0.000013s ]
INFO: [ app_init ] --END-- [ RunTime:0.000237s ]
ERR: 无法加载模块:Application

[ 2017-04-22T16:11:03+08:00 ] 58.218.185.79 /coalball/Application/Home/Common/css/img/%C3%A6%E2%80%9D%C2%BE%C3%A5%C2%A4%C2%A7%C3%A9%E2%80%A2%C5%93.png
INFO: [ app_init ] --START--
INFO: Run Behavior\BuildLiteBehavior [ RunTime:0.000018s ]
INFO: [ app_init ] --END-- [ RunTime:0.000394s ]
ERR: 无法加载模块:Application

[ 2017-04-22T16:11:03+08:00 ] 58.218.185.79 /coalball/Application/Home/Common/css/img/%C3%A8%C2%B5%E2%80%9E%C3%A6%C2%BA%C2%908.png
INFO: [ app_init ] --START--
INFO: Run Behavior\BuildLiteBehavior [ RunTime:0.000018s ]
INFO: [ app_init ] --END-- [ RunTime:0.000369s ]
ERR: 无法加载模块:Application

[ 2017-04-22T16:11:03+08:00 ] 58.218.185.79 /coalball/Application/Home/Common/css/img/%C3%A8%C2%B5%E2%80%9E%C3%A6%C2%BA%C2%907.png
INFO: [ app_init ] --START--
INFO: Run Behavior\BuildLiteBehavior [ RunTime:0.000015s ]
INFO: [ app_init ] --END-- [ RunTime:0.000337s ]
ERR: 无法加载模块:Application

[ 2017-04-22T16:11:10+08:00 ] 58.218.185.79 /coalball/Application/Home/Common/css/img/%C3%A8%C2%B5%E2%80%9E%C3%A6%C2%BA%C2%908.png
INFO: [ app_init ] --START--
INFO: Run Behavior\BuildLiteBehavior [ RunTime:0.000019s ]
INFO: [ app_init ] --END-- [ RunTime:0.000317s ]
ERR: 无法加载模块:Application

[ 2017-04-22T16:11:10+08:00 ] 58.218.185.79 /coalball/Application/Home/Common/css/img/%C3%A6%E2%80%9D%C2%BE%C3%A5%C2%A4%C2%A7%C3%A9%E2%80%A2%C5%93.png
INFO: [ app_init ] --START--
INFO: Run Behavior\BuildLiteBehavior [ RunTime:0.000028s ]
INFO: [ app_init ] --END-- [ RunTime:0.003580s ]
ERR: 无法加载模块:Application

[ 2017-04-22T16:11:10+08:00 ] 58.218.185.79 /coalball/Application/Home/Common/css/img/%C3%A8%C2%B5%E2%80%9E%C3%A6%C2%BA%C2%907.png
INFO: [ app_init ] --START--
INFO: Run Behavior\BuildLiteBehavior [ RunTime:0.000015s ]
INFO: [ app_init ] --END-- [ RunTime:0.000416s ]
ERR: 无法加载模块:Application

[ 2017-04-22T16:11:11+08:00 ] 58.218.185.79 /coalball/Application/Home/Common/css/img/%C3%A8%C2%B5%E2%80%9E%C3%A6%C2%BA%C2%907.png
INFO: [ app_init ] --START--
INFO: Run Behavior\BuildLiteBehavior [ RunTime:0.000019s ]
INFO: [ app_init ] --END-- [ RunTime:0.000343s ]
ERR: 无法加载模块:Application

[ 2017-04-22T16:11:11+08:00 ] 58.218.185.79 /coalball/Application/Home/Common/css/img/%C3%A6%E2%80%9D%C2%BE%C3%A5%C2%A4%C2%A7%C3%A9%E2%80%A2%C5%93.png
INFO: [ app_init ] --START--
INFO: Run Behavior\BuildLiteBehavior [ RunTime:0.000017s ]
INFO: [ app_init ] --END-- [ RunTime:0.000395s ]
ERR: 无法加载模块:Application

[ 2017-04-22T16:11:11+08:00 ] 58.218.185.79 /coalball/Application/Home/Common/css/img/%C3%A8%C2%B5%E2%80%9E%C3%A6%C2%BA%C2%908.png
INFO: [ app_init ] --START--
INFO: Run Behavior\BuildLiteBehavior [ RunTime:0.000017s ]
INFO: [ app_init ] --END-- [ RunTime:0.000354s ]
ERR: 无法加载模块:Application

[ 2017-04-22T16:11:42+08:00 ] 58.218.185.79 /coalball/Application/Home/Common/css/img/%C3%A8%C2%B5%E2%80%9E%C3%A6%C2%BA%C2%908.png
INFO: [ app_init ] --START--
INFO: Run Behavior\BuildLiteBehavior [ RunTime:0.000013s ]
INFO: [ app_init ] --END-- [ RunTime:0.000247s ]
ERR: 无法加载模块:Application

[ 2017-04-22T16:11:42+08:00 ] 58.218.185.79 /coalball/Application/Home/Common/css/img/%C3%A8%C2%B5%E2%80%9E%C3%A6%C2%BA%C2%907.png
INFO: [ app_init ] --START--
INFO: Run Behavior\BuildLiteBehavior [ RunTime:0.000013s ]
INFO: [ app_init ] --END-- [ RunTime:0.000225s ]
ERR: 无法加载模块:Application

[ 2017-04-22T16:11:42+08:00 ] 58.218.185.79 /coalball/Application/Home/Common/css/img/%C3%A6%E2%80%9D%C2%BE%C3%A5%C2%A4%C2%A7%C3%A9%E2%80%A2%C5%93.png
INFO: [ app_init ] --START--
INFO: Run Behavior\BuildLiteBehavior [ RunTime:0.000018s ]
INFO: [ app_init ] --END-- [ RunTime:0.000375s ]
ERR: 无法加载模块:Application

[ 2017-04-22T16:11:42+08:00 ] 58.218.185.79 /coalball/Application/Home/Common/css/img/%C3%A8%C2%B5%E2%80%9E%C3%A6%C2%BA%C2%908.png
INFO: [ app_init ] --START--
INFO: Run Behavior\BuildLiteBehavior [ RunTime:0.000014s ]
INFO: [ app_init ] --END-- [ RunTime:0.000271s ]
ERR: 无法加载模块:Application

[ 2017-04-22T16:11:42+08:00 ] 58.218.185.79 /coalball/Application/Home/Common/css/img/%C3%A8%C2%B5%E2%80%9E%C3%A6%C2%BA%C2%907.png
INFO: [ app_init ] --START--
INFO: Run Behavior\BuildLiteBehavior [ RunTime:0.000020s ]
INFO: [ app_init ] --END-- [ RunTime:0.000387s ]
ERR: 无法加载模块:Application

[ 2017-04-22T16:11:42+08:00 ] 58.218.185.79 /coalball/Application/Home/Common/css/img/%C3%A6%E2%80%9D%C2%BE%C3%A5%C2%A4%C2%A7%C3%A9%E2%80%A2%C5%93.png
INFO: [ app_init ] --START--
INFO: Run Behavior\BuildLiteBehavior [ RunTime:0.000019s ]
INFO: [ app_init ] --END-- [ RunTime:0.000366s ]
ERR: 无法加载模块:Application

[ 2017-04-22T16:11:42+08:00 ] 58.218.185.79 /coalball/Application/Home/Common/css/img/%C3%A6%E2%80%9D%C2%BE%C3%A5%C2%A4%C2%A7%C3%A9%E2%80%A2%C5%93.png
INFO: [ app_init ] --START--
INFO: Run Behavior\BuildLiteBehavior [ RunTime:0.000013s ]
INFO: [ app_init ] --END-- [ RunTime:0.000304s ]
ERR: 无法加载模块:Application

[ 2017-04-22T16:11:42+08:00 ] 58.218.185.79 /coalball/Application/Home/Common/css/img/%C3%A8%C2%B5%E2%80%9E%C3%A6%C2%BA%C2%908.png
INFO: [ app_init ] --START--
INFO: Run Behavior\BuildLiteBehavior [ RunTime:0.000014s ]
INFO: [ app_init ] --END-- [ RunTime:0.000228s ]
ERR: 无法加载模块:Application

[ 2017-04-22T16:11:42+08:00 ] 58.218.185.79 /coalball/Application/Home/Common/css/img/%C3%A8%C2%B5%E2%80%9E%C3%A6%C2%BA%C2%907.png
INFO: [ app_init ] --START--
INFO: Run Behavior\BuildLiteBehavior [ RunTime:0.000019s ]
INFO: [ app_init ] --END-- [ RunTime:0.000287s ]
ERR: 无法加载模块:Application

[ 2017-04-22T16:11:43+08:00 ] 58.218.185.79 /coalball/Application/Home/Common/css/img/%C3%A8%C2%B5%E2%80%9E%C3%A6%C2%BA%C2%907.png
INFO: [ app_init ] --START--
INFO: Run Behavior\BuildLiteBehavior [ RunTime:0.000013s ]
INFO: [ app_init ] --END-- [ RunTime:0.000261s ]
ERR: 无法加载模块:Application

[ 2017-04-22T16:11:43+08:00 ] 58.218.185.79 /coalball/Application/Home/Common/css/img/%C3%A6%E2%80%9D%C2%BE%C3%A5%C2%A4%C2%A7%C3%A9%E2%80%A2%C5%93.png
INFO: [ app_init ] --START--
INFO: Run Behavior\BuildLiteBehavior [ RunTime:0.000012s ]
INFO: [ app_init ] --END-- [ RunTime:0.000254s ]
ERR: 无法加载模块:Application

[ 2017-04-22T16:11:43+08:00 ] 58.218.185.79 /coalball/Application/Home/Common/css/img/%C3%A8%C2%B5%E2%80%9E%C3%A6%C2%BA%C2%908.png
INFO: [ app_init ] --START--
INFO: Run Behavior\BuildLiteBehavior [ RunTime:0.000012s ]
INFO: [ app_init ] --END-- [ RunTime:0.000266s ]
ERR: 无法加载模块:Application

[ 2017-04-22T16:11:45+08:00 ] 58.218.185.79 /coalball/Application/Home/Common/css/img/%C3%A8%C2%B5%E2%80%9E%C3%A6%C2%BA%C2%907.png
INFO: [ app_init ] --START--
INFO: Run Behavior\BuildLiteBehavior [ RunTime:0.000020s ]
INFO: [ app_init ] --END-- [ RunTime:0.000350s ]
ERR: 无法加载模块:Application

[ 2017-04-22T16:11:45+08:00 ] 58.218.185.79 /coalball/Application/Home/Common/css/img/%C3%A6%E2%80%9D%C2%BE%C3%A5%C2%A4%C2%A7%C3%A9%E2%80%A2%C5%93.png
INFO: [ app_init ] --START--
INFO: Run Behavior\BuildLiteBehavior [ RunTime:0.000018s ]
INFO: [ app_init ] --END-- [ RunTime:0.000348s ]
ERR: 无法加载模块:Application

[ 2017-04-22T16:11:45+08:00 ] 58.218.185.79 /coalball/Application/Home/Common/css/img/%C3%A8%C2%B5%E2%80%9E%C3%A6%C2%BA%C2%908.png
INFO: [ app_init ] --START--
INFO: Run Behavior\BuildLiteBehavior [ RunTime:0.000019s ]
INFO: [ app_init ] --END-- [ RunTime:0.000381s ]
ERR: 无法加载模块:Application

[ 2017-04-22T16:11:45+08:00 ] 58.218.185.79 /coalball/Application/Home/Common/css/img/%C3%A8%C2%B5%E2%80%9E%C3%A6%C2%BA%C2%907.png
INFO: [ app_init ] --START--
INFO: Run Behavior\BuildLiteBehavior [ RunTime:0.000013s ]
INFO: [ app_init ] --END-- [ RunTime:0.000250s ]
ERR: 无法加载模块:Application

[ 2017-04-22T16:11:45+08:00 ] 58.218.185.79 /coalball/Application/Home/Common/css/img/%C3%A6%E2%80%9D%C2%BE%C3%A5%C2%A4%C2%A7%C3%A9%E2%80%A2%C5%93.png
INFO: [ app_init ] --START--
INFO: Run Behavior\BuildLiteBehavior [ RunTime:0.000018s ]
INFO: [ app_init ] --END-- [ RunTime:0.000241s ]
ERR: 无法加载模块:Application

[ 2017-04-22T16:11:45+08:00 ] 58.218.185.79 /coalball/Application/Home/Common/css/img/%C3%A8%C2%B5%E2%80%9E%C3%A6%C2%BA%C2%908.png
INFO: [ app_init ] --START--
INFO: Run Behavior\BuildLiteBehavior [ RunTime:0.000014s ]
INFO: [ app_init ] --END-- [ RunTime:0.000254s ]
ERR: 无法加载模块:Application

[ 2017-04-22T16:11:45+08:00 ] 58.218.185.79 /coalball/Application/Home/Common/css/img/%C3%A8%C2%B5%E2%80%9E%C3%A6%C2%BA%C2%907.png
INFO: [ app_init ] --START--
INFO: Run Behavior\BuildLiteBehavior [ RunTime:0.000021s ]
INFO: [ app_init ] --END-- [ RunTime:0.000363s ]
ERR: 无法加载模块:Application

[ 2017-04-22T16:11:45+08:00 ] 58.218.185.79 /coalball/Application/Home/Common/css/img/%C3%A6%E2%80%9D%C2%BE%C3%A5%C2%A4%C2%A7%C3%A9%E2%80%A2%C5%93.png
INFO: [ app_init ] --START--
INFO: Run Behavior\BuildLiteBehavior [ RunTime:0.000017s ]
INFO: [ app_init ] --END-- [ RunTime:0.000399s ]
ERR: 无法加载模块:Application

[ 2017-04-22T16:11:45+08:00 ] 58.218.185.79 /coalball/Application/Home/Common/css/img/%C3%A8%C2%B5%E2%80%9E%C3%A6%C2%BA%C2%908.png
INFO: [ app_init ] --START--
INFO: Run Behavior\BuildLiteBehavior [ RunTime:0.000021s ]
INFO: [ app_init ] --END-- [ RunTime:0.000396s ]
ERR: 无法加载模块:Application

[ 2017-04-22T16:11:46+08:00 ] 58.218.185.79 /coalball/Application/Home/Common/css/img/%C3%A6%E2%80%9D%C2%BE%C3%A5%C2%A4%C2%A7%C3%A9%E2%80%A2%C5%93.png
INFO: [ app_init ] --START--
INFO: Run Behavior\BuildLiteBehavior [ RunTime:0.000014s ]
INFO: [ app_init ] --END-- [ RunTime:0.000293s ]
ERR: 无法加载模块:Application

[ 2017-04-22T16:11:46+08:00 ] 58.218.185.79 /coalball/Application/Home/Common/css/img/%C3%A8%C2%B5%E2%80%9E%C3%A6%C2%BA%C2%907.png
INFO: [ app_init ] --START--
INFO: Run Behavior\BuildLiteBehavior [ RunTime:0.000014s ]
INFO: [ app_init ] --END-- [ RunTime:0.000266s ]
ERR: 无法加载模块:Application

[ 2017-04-22T16:11:46+08:00 ] 58.218.185.79 /coalball/Application/Home/Common/css/img/%C3%A8%C2%B5%E2%80%9E%C3%A6%C2%BA%C2%908.png
INFO: [ app_init ] --START--
INFO: Run Behavior\BuildLiteBehavior [ RunTime:0.000014s ]
INFO: [ app_init ] --END-- [ RunTime:0.000247s ]
ERR: 无法加载模块:Application

[ 2017-04-22T16:11:46+08:00 ] 58.218.185.79 /coalball/Application/Home/Common/css/img/%C3%A8%C2%B5%E2%80%9E%C3%A6%C2%BA%C2%907.png
INFO: [ app_init ] --START--
INFO: Run Behavior\BuildLiteBehavior [ RunTime:0.000013s ]
INFO: [ app_init ] --END-- [ RunTime:0.000304s ]
ERR: 无法加载模块:Application

[ 2017-04-22T16:11:46+08:00 ] 58.218.185.79 /coalball/Application/Home/Common/css/img/%C3%A6%E2%80%9D%C2%BE%C3%A5%C2%A4%C2%A7%C3%A9%E2%80%A2%C5%93.png
INFO: [ app_init ] --START--
INFO: Run Behavior\BuildLiteBehavior [ RunTime:0.000020s ]
INFO: [ app_init ] --END-- [ RunTime:0.000284s ]
ERR: 无法加载模块:Application

[ 2017-04-22T16:11:46+08:00 ] 58.218.185.79 /coalball/Application/Home/Common/css/img/%C3%A8%C2%B5%E2%80%9E%C3%A6%C2%BA%C2%908.png
INFO: [ app_init ] --START--
INFO: Run Behavior\BuildLiteBehavior [ RunTime:0.000017s ]
INFO: [ app_init ] --END-- [ RunTime:0.000330s ]
ERR: 无法加载模块:Application

[ 2017-04-22T16:11:53+08:00 ] 58.218.185.79 /coalball/Application/Home/Common/css/img/%C3%A8%C2%B5%E2%80%9E%C3%A6%C2%BA%C2%908.png
INFO: [ app_init ] --START--
INFO: Run Behavior\BuildLiteBehavior [ RunTime:0.000019s ]
INFO: [ app_init ] --END-- [ RunTime:0.000281s ]
ERR: 无法加载模块:Application

[ 2017-04-22T16:11:53+08:00 ] 58.218.185.79 /coalball/Application/Home/Common/css/img/%C3%A8%C2%B5%E2%80%9E%C3%A6%C2%BA%C2%907.png
INFO: [ app_init ] --START--
INFO: Run Behavior\BuildLiteBehavior [ RunTime:0.000017s ]
INFO: [ app_init ] --END-- [ RunTime:0.000313s ]
ERR: 无法加载模块:Application

[ 2017-04-22T16:11:53+08:00 ] 58.218.185.79 /coalball/Application/Home/Common/css/img/%C3%A6%E2%80%9D%C2%BE%C3%A5%C2%A4%C2%A7%C3%A9%E2%80%A2%C5%93.png
INFO: [ app_init ] --START--
INFO: Run Behavior\BuildLiteBehavior [ RunTime:0.000020s ]
INFO: [ app_init ] --END-- [ RunTime:0.000487s ]
ERR: 无法加载模块:Application

[ 2017-04-22T16:11:56+08:00 ] 58.218.185.79 /coalball/Application/Home/Common/css/img/%C3%A6%E2%80%9D%C2%BE%C3%A5%C2%A4%C2%A7%C3%A9%E2%80%A2%C5%93.png
INFO: [ app_init ] --START--
INFO: Run Behavior\BuildLiteBehavior [ RunTime:0.000014s ]
INFO: [ app_init ] --END-- [ RunTime:0.000240s ]
ERR: 无法加载模块:Application

[ 2017-04-22T16:11:56+08:00 ] 58.218.185.79 /coalball/Application/Home/Common/css/img/%C3%A8%C2%B5%E2%80%9E%C3%A6%C2%BA%C2%907.png
INFO: [ app_init ] --START--
INFO: Run Behavior\BuildLiteBehavior [ RunTime:0.000013s ]
INFO: [ app_init ] --END-- [ RunTime:0.000252s ]
ERR: 无法加载模块:Application

[ 2017-04-22T16:11:56+08:00 ] 58.218.185.79 /coalball/Application/Home/Common/css/img/%C3%A8%C2%B5%E2%80%9E%C3%A6%C2%BA%C2%908.png
INFO: [ app_init ] --START--
INFO: Run Behavior\BuildLiteBehavior [ RunTime:0.000013s ]
INFO: [ app_init ] --END-- [ RunTime:0.000297s ]
ERR: 无法加载模块:Application

[ 2017-04-22T16:11:57+08:00 ] 58.218.185.79 /coalball/Application/Home/Common/css/img/%C3%A6%E2%80%9D%C2%BE%C3%A5%C2%A4%C2%A7%C3%A9%E2%80%A2%C5%93.png
INFO: [ app_init ] --START--
INFO: Run Behavior\BuildLiteBehavior [ RunTime:0.000026s ]
INFO: [ app_init ] --END-- [ RunTime:0.000252s ]
ERR: 无法加载模块:Application

[ 2017-04-22T16:11:57+08:00 ] 58.218.185.79 /coalball/Application/Home/Common/css/img/%C3%A8%C2%B5%E2%80%9E%C3%A6%C2%BA%C2%907.png
INFO: [ app_init ] --START--
INFO: Run Behavior\BuildLiteBehavior [ RunTime:0.000017s ]
INFO: [ app_init ] --END-- [ RunTime:0.000396s ]
ERR: 无法加载模块:Application

[ 2017-04-22T16:11:57+08:00 ] 58.218.185.79 /coalball/Application/Home/Common/css/img/%C3%A8%C2%B5%E2%80%9E%C3%A6%C2%BA%C2%908.png
INFO: [ app_init ] --START--
INFO: Run Behavior\BuildLiteBehavior [ RunTime:0.000018s ]
INFO: [ app_init ] --END-- [ RunTime:0.000303s ]
ERR: 无法加载模块:Application

[ 2017-04-22T16:11:57+08:00 ] 58.218.185.79 /coalball/Application/Home/Common/css/img/%C3%A8%C2%B5%E2%80%9E%C3%A6%C2%BA%C2%907.png
INFO: [ app_init ] --START--
INFO: Run Behavior\BuildLiteBehavior [ RunTime:0.000018s ]
INFO: [ app_init ] --END-- [ RunTime:0.000337s ]
ERR: 无法加载模块:Application

[ 2017-04-22T16:11:57+08:00 ] 58.218.185.79 /coalball/Application/Home/Common/css/img/%C3%A8%C2%B5%E2%80%9E%C3%A6%C2%BA%C2%908.png
INFO: [ app_init ] --START--
INFO: Run Behavior\BuildLiteBehavior [ RunTime:0.000020s ]
INFO: [ app_init ] --END-- [ RunTime:0.000352s ]
ERR: 无法加载模块:Application

[ 2017-04-22T16:11:57+08:00 ] 58.218.185.79 /coalball/Application/Home/Common/css/img/%C3%A6%E2%80%9D%C2%BE%C3%A5%C2%A4%C2%A7%C3%A9%E2%80%A2%C5%93.png
INFO: [ app_init ] --START--
INFO: Run Behavior\BuildLiteBehavior [ RunTime:0.000020s ]
INFO: [ app_init ] --END-- [ RunTime:0.000379s ]
ERR: 无法加载模块:Application

[ 2017-04-22T16:11:57+08:00 ] 58.218.185.79 /coalball/Application/Home/Common/css/img/%C3%A6%E2%80%9D%C2%BE%C3%A5%C2%A4%C2%A7%C3%A9%E2%80%A2%C5%93.png
INFO: [ app_init ] --START--
INFO: Run Behavior\BuildLiteBehavior [ RunTime:0.000019s ]
INFO: [ app_init ] --END-- [ RunTime:0.000343s ]
ERR: 无法加载模块:Application

[ 2017-04-22T16:11:57+08:00 ] 58.218.185.79 /coalball/Application/Home/Common/css/img/%C3%A8%C2%B5%E2%80%9E%C3%A6%C2%BA%C2%907.png
INFO: [ app_init ] --START--
INFO: Run Behavior\BuildLiteBehavior [ RunTime:0.000019s ]
INFO: [ app_init ] --END-- [ RunTime:0.000365s ]
ERR: 无法加载模块:Application

[ 2017-04-22T16:11:57+08:00 ] 58.218.185.79 /coalball/Application/Home/Common/css/img/%C3%A8%C2%B5%E2%80%9E%C3%A6%C2%BA%C2%908.png
INFO: [ app_init ] --START--
INFO: Run Behavior\BuildLiteBehavior [ RunTime:0.000017s ]
INFO: [ app_init ] --END-- [ RunTime:0.000345s ]
ERR: 无法加载模块:Application

[ 2017-04-22T16:12:05+08:00 ] 58.218.185.79 /coalball/Application/Home/Common/css/img/%C3%A8%C2%B5%E2%80%9E%C3%A6%C2%BA%C2%907.png
INFO: [ app_init ] --START--
INFO: Run Behavior\BuildLiteBehavior [ RunTime:0.000013s ]
INFO: [ app_init ] --END-- [ RunTime:0.000217s ]
ERR: 无法加载模块:Application

[ 2017-04-22T16:12:05+08:00 ] 58.218.185.79 /coalball/Application/Home/Common/css/img/%C3%A6%E2%80%9D%C2%BE%C3%A5%C2%A4%C2%A7%C3%A9%E2%80%A2%C5%93.png
INFO: [ app_init ] --START--
INFO: Run Behavior\BuildLiteBehavior [ RunTime:0.000019s ]
INFO: [ app_init ] --END-- [ RunTime:0.000685s ]
ERR: 无法加载模块:Application

[ 2017-04-22T16:12:05+08:00 ] 58.218.185.79 /coalball/Application/Home/Common/css/img/%C3%A8%C2%B5%E2%80%9E%C3%A6%C2%BA%C2%908.png
INFO: [ app_init ] --START--
INFO: Run Behavior\BuildLiteBehavior [ RunTime:0.000012s ]
INFO: [ app_init ] --END-- [ RunTime:0.000220s ]
ERR: 无法加载模块:Application

[ 2017-04-22T16:12:07+08:00 ] 58.218.185.79 /coalball/Application/Home/Common/css/img/%C3%A8%C2%B5%E2%80%9E%C3%A6%C2%BA%C2%908.png
INFO: [ app_init ] --START--
INFO: Run Behavior\BuildLiteBehavior [ RunTime:0.000019s ]
INFO: [ app_init ] --END-- [ RunTime:0.000351s ]
ERR: 无法加载模块:Application

[ 2017-04-22T16:12:07+08:00 ] 58.218.185.79 /coalball/Application/Home/Common/css/img/%C3%A6%E2%80%9D%C2%BE%C3%A5%C2%A4%C2%A7%C3%A9%E2%80%A2%C5%93.png
INFO: [ app_init ] --START--
INFO: Run Behavior\BuildLiteBehavior [ RunTime:0.000015s ]
INFO: [ app_init ] --END-- [ RunTime:0.000378s ]
ERR: 无法加载模块:Application

[ 2017-04-22T16:12:07+08:00 ] 58.218.185.79 /coalball/Application/Home/Common/css/img/%C3%A8%C2%B5%E2%80%9E%C3%A6%C2%BA%C2%907.png
INFO: [ app_init ] --START--
INFO: Run Behavior\BuildLiteBehavior [ RunTime:0.000015s ]
INFO: [ app_init ] --END-- [ RunTime:0.000336s ]
ERR: 无法加载模块:Application

[ 2017-04-22T16:13:37+08:00 ] 58.218.185.79 /coalball/Application/Home/Common/css/img/%C3%A8%C2%B5%E2%80%9E%C3%A6%C2%BA%C2%908.png
INFO: [ app_init ] --START--
INFO: Run Behavior\BuildLiteBehavior [ RunTime:0.000019s ]
INFO: [ app_init ] --END-- [ RunTime:0.000555s ]
ERR: 无法加载模块:Application

[ 2017-04-22T16:13:37+08:00 ] 58.218.185.79 /coalball/Application/Home/Common/css/img/%C3%A8%C2%B5%E2%80%9E%C3%A6%C2%BA%C2%907.png
INFO: [ app_init ] --START--
INFO: Run Behavior\BuildLiteBehavior [ RunTime:0.000016s ]
INFO: [ app_init ] --END-- [ RunTime:0.000369s ]
ERR: 无法加载模块:Application

[ 2017-04-22T16:13:37+08:00 ] 58.218.185.79 /coalball/Application/Home/Common/css/img/%C3%A6%E2%80%9D%C2%BE%C3%A5%C2%A4%C2%A7%C3%A9%E2%80%A2%C5%93.png
INFO: [ app_init ] --START--
INFO: Run Behavior\BuildLiteBehavior [ RunTime:0.000015s ]
INFO: [ app_init ] --END-- [ RunTime:0.000450s ]
ERR: 无法加载模块:Application

[ 2017-04-22T16:13:37+08:00 ] 58.218.185.79 /coalball/Application/Home/Common/css/img/%C3%A8%C2%B5%E2%80%9E%C3%A6%C2%BA%C2%908.png
INFO: [ app_init ] --START--
INFO: Run Behavior\BuildLiteBehavior [ RunTime:0.000013s ]
INFO: [ app_init ] --END-- [ RunTime:0.000242s ]
ERR: 无法加载模块:Application

[ 2017-04-22T16:13:38+08:00 ] 58.218.185.79 /coalball/Application/Home/Common/css/img/%C3%A6%E2%80%9D%C2%BE%C3%A5%C2%A4%C2%A7%C3%A9%E2%80%A2%C5%93.png
INFO: [ app_init ] --START--
INFO: Run Behavior\BuildLiteBehavior [ RunTime:0.000018s ]
INFO: [ app_init ] --END-- [ RunTime:0.000342s ]
ERR: 无法加载模块:Application

[ 2017-04-22T16:13:38+08:00 ] 58.218.185.79 /coalball/Application/Home/Common/css/img/%C3%A8%C2%B5%E2%80%9E%C3%A6%C2%BA%C2%907.png
INFO: [ app_init ] --START--
INFO: Run Behavior\BuildLiteBehavior [ RunTime:0.000015s ]
INFO: [ app_init ] --END-- [ RunTime:0.010837s ]
ERR: 无法加载模块:Application

[ 2017-04-22T16:13:38+08:00 ] 58.218.185.79 /coalball/Application/Home/Common/css/img/%C3%A8%C2%B5%E2%80%9E%C3%A6%C2%BA%C2%908.png
INFO: [ app_init ] --START--
INFO: Run Behavior\BuildLiteBehavior [ RunTime:0.000019s ]
INFO: [ app_init ] --END-- [ RunTime:0.000297s ]
ERR: 无法加载模块:Application

[ 2017-04-22T16:13:38+08:00 ] 58.218.185.79 /coalball/Application/Home/Common/css/img/%C3%A6%E2%80%9D%C2%BE%C3%A5%C2%A4%C2%A7%C3%A9%E2%80%A2%C5%93.png
INFO: [ app_init ] --START--
INFO: Run Behavior\BuildLiteBehavior [ RunTime:0.000017s ]
INFO: [ app_init ] --END-- [ RunTime:0.000328s ]
ERR: 无法加载模块:Application

[ 2017-04-22T16:13:38+08:00 ] 58.218.185.79 /coalball/Application/Home/Common/css/img/%C3%A8%C2%B5%E2%80%9E%C3%A6%C2%BA%C2%907.png
INFO: [ app_init ] --START--
INFO: Run Behavior\BuildLiteBehavior [ RunTime:0.000013s ]
INFO: [ app_init ] --END-- [ RunTime:0.000230s ]
ERR: 无法加载模块:Application

[ 2017-04-22T16:13:38+08:00 ] 58.218.185.79 /coalball/Application/Home/Common/css/img/%C3%A8%C2%B5%E2%80%9E%C3%A6%C2%BA%C2%907.png
INFO: [ app_init ] --START--
INFO: Run Behavior\BuildLiteBehavior [ RunTime:0.000013s ]
INFO: [ app_init ] --END-- [ RunTime:0.000233s ]
ERR: 无法加载模块:Application

[ 2017-04-22T16:13:38+08:00 ] 58.218.185.79 /coalball/Application/Home/Common/css/img/%C3%A8%C2%B5%E2%80%9E%C3%A6%C2%BA%C2%908.png
INFO: [ app_init ] --START--
INFO: Run Behavior\BuildLiteBehavior [ RunTime:0.000016s ]
INFO: [ app_init ] --END-- [ RunTime:0.000347s ]
ERR: 无法加载模块:Application

[ 2017-04-22T16:13:38+08:00 ] 58.218.185.79 /coalball/Application/Home/Common/css/img/%C3%A6%E2%80%9D%C2%BE%C3%A5%C2%A4%C2%A7%C3%A9%E2%80%A2%C5%93.png
INFO: [ app_init ] --START--
INFO: Run Behavior\BuildLiteBehavior [ RunTime:0.000020s ]
INFO: [ app_init ] --END-- [ RunTime:0.000364s ]
ERR: 无法加载模块:Application

[ 2017-04-22T16:13:39+08:00 ] 58.218.185.79 /coalball/Application/Home/Common/css/img/%C3%A8%C2%B5%E2%80%9E%C3%A6%C2%BA%C2%907.png
INFO: [ app_init ] --START--
INFO: Run Behavior\BuildLiteBehavior [ RunTime:0.000016s ]
INFO: [ app_init ] --END-- [ RunTime:0.000318s ]
ERR: 无法加载模块:Application

[ 2017-04-22T16:13:39+08:00 ] 58.218.185.79 /coalball/Application/Home/Common/css/img/%C3%A6%E2%80%9D%C2%BE%C3%A5%C2%A4%C2%A7%C3%A9%E2%80%A2%C5%93.png
INFO: [ app_init ] --START--
INFO: Run Behavior\BuildLiteBehavior [ RunTime:0.000012s ]
INFO: [ app_init ] --END-- [ RunTime:0.000234s ]
ERR: 无法加载模块:Application

[ 2017-04-22T16:13:39+08:00 ] 58.218.185.79 /coalball/Application/Home/Common/css/img/%C3%A8%C2%B5%E2%80%9E%C3%A6%C2%BA%C2%908.png
INFO: [ app_init ] --START--
INFO: Run Behavior\BuildLiteBehavior [ RunTime:0.000018s ]
INFO: [ app_init ] --END-- [ RunTime:0.000307s ]
ERR: 无法加载模块:Application

[ 2017-04-22T16:13:40+08:00 ] 58.218.185.79 /coalball/Application/Home/Common/css/img/%C3%A8%C2%B5%E2%80%9E%C3%A6%C2%BA%C2%908.png
INFO: [ app_init ] --START--
INFO: Run Behavior\BuildLiteBehavior [ RunTime:0.000014s ]
INFO: [ app_init ] --END-- [ RunTime:0.000255s ]
ERR: 无法加载模块:Application

[ 2017-04-22T16:13:40+08:00 ] 58.218.185.79 /coalball/Application/Home/Common/css/img/%C3%A8%C2%B5%E2%80%9E%C3%A6%C2%BA%C2%907.png
INFO: [ app_init ] --START--
INFO: Run Behavior\BuildLiteBehavior [ RunTime:0.000019s ]
INFO: [ app_init ] --END-- [ RunTime:0.000349s ]
ERR: 无法加载模块:Application

[ 2017-04-22T16:13:40+08:00 ] 58.218.185.79 /coalball/Application/Home/Common/css/img/%C3%A6%E2%80%9D%C2%BE%C3%A5%C2%A4%C2%A7%C3%A9%E2%80%A2%C5%93.png
INFO: [ app_init ] --START--
INFO: Run Behavior\BuildLiteBehavior [ RunTime:0.000013s ]
INFO: [ app_init ] --END-- [ RunTime:0.000239s ]
ERR: 无法加载模块:Application

[ 2017-04-22T16:13:40+08:00 ] 58.218.185.79 /coalball/Application/Home/Common/css/img/%C3%A6%E2%80%9D%C2%BE%C3%A5%C2%A4%C2%A7%C3%A9%E2%80%A2%C5%93.png
INFO: [ app_init ] --START--
INFO: Run Behavior\BuildLiteBehavior [ RunTime:0.000017s ]
INFO: [ app_init ] --END-- [ RunTime:0.000303s ]
ERR: 无法加载模块:Application

[ 2017-04-22T16:13:40+08:00 ] 58.218.185.79 /coalball/Application/Home/Common/css/img/%C3%A8%C2%B5%E2%80%9E%C3%A6%C2%BA%C2%908.png
INFO: [ app_init ] --START--
INFO: Run Behavior\BuildLiteBehavior [ RunTime:0.000025s ]
INFO: [ app_init ] --END-- [ RunTime:0.000608s ]
ERR: 无法加载模块:Application

[ 2017-04-22T16:13:40+08:00 ] 58.218.185.79 /coalball/Application/Home/Common/css/img/%C3%A8%C2%B5%E2%80%9E%C3%A6%C2%BA%C2%907.png
INFO: [ app_init ] --START--
INFO: Run Behavior\BuildLiteBehavior [ RunTime:0.000019s ]
INFO: [ app_init ] --END-- [ RunTime:0.000317s ]
ERR: 无法加载模块:Application

[ 2017-04-22T16:13:41+08:00 ] 58.218.185.79 /coalball/Application/Home/Common/css/img/%C3%A6%E2%80%9D%C2%BE%C3%A5%C2%A4%C2%A7%C3%A9%E2%80%A2%C5%93.png
INFO: [ app_init ] --START--
INFO: Run Behavior\BuildLiteBehavior [ RunTime:0.000019s ]
INFO: [ app_init ] --END-- [ RunTime:0.000329s ]
ERR: 无法加载模块:Application

[ 2017-04-22T16:13:41+08:00 ] 58.218.185.79 /coalball/Application/Home/Common/css/img/%C3%A8%C2%B5%E2%80%9E%C3%A6%C2%BA%C2%908.png
INFO: [ app_init ] --START--
INFO: Run Behavior\BuildLiteBehavior [ RunTime:0.000017s ]
INFO: [ app_init ] --END-- [ RunTime:0.000326s ]
ERR: 无法加载模块:Application

[ 2017-04-22T16:13:41+08:00 ] 58.218.185.79 /coalball/Application/Home/Common/css/img/%C3%A8%C2%B5%E2%80%9E%C3%A6%C2%BA%C2%907.png
INFO: [ app_init ] --START--
INFO: Run Behavior\BuildLiteBehavior [ RunTime:0.000019s ]
INFO: [ app_init ] --END-- [ RunTime:0.000362s ]
ERR: 无法加载模块:Application

[ 2017-04-22T16:13:41+08:00 ] 58.218.185.79 /coalball/Application/Home/Common/css/img/%C3%A8%C2%B5%E2%80%9E%C3%A6%C2%BA%C2%908.png
INFO: [ app_init ] --START--
INFO: Run Behavior\BuildLiteBehavior [ RunTime:0.000018s ]
INFO: [ app_init ] --END-- [ RunTime:0.000418s ]
ERR: 无法加载模块:Application

[ 2017-04-22T16:13:41+08:00 ] 58.218.185.79 /coalball/Application/Home/Common/css/img/%C3%A6%E2%80%9D%C2%BE%C3%A5%C2%A4%C2%A7%C3%A9%E2%80%A2%C5%93.png
INFO: [ app_init ] --START--
INFO: Run Behavior\BuildLiteBehavior [ RunTime:0.000019s ]
INFO: [ app_init ] --END-- [ RunTime:0.000741s ]
ERR: 无法加载模块:Application

[ 2017-04-22T16:13:41+08:00 ] 58.218.185.79 /coalball/Application/Home/Common/css/img/%C3%A8%C2%B5%E2%80%9E%C3%A6%C2%BA%C2%907.png
INFO: [ app_init ] --START--
INFO: Run Behavior\BuildLiteBehavior [ RunTime:0.000020s ]
INFO: [ app_init ] --END-- [ RunTime:0.000595s ]
ERR: 无法加载模块:Application

[ 2017-04-22T16:13:41+08:00 ] 58.218.185.79 /coalball/Application/Home/Common/css/img/%C3%A6%E2%80%9D%C2%BE%C3%A5%C2%A4%C2%A7%C3%A9%E2%80%A2%C5%93.png
INFO: [ app_init ] --START--
INFO: Run Behavior\BuildLiteBehavior [ RunTime:0.000017s ]
INFO: [ app_init ] --END-- [ RunTime:0.000239s ]
ERR: 无法加载模块:Application

[ 2017-04-22T16:13:41+08:00 ] 58.218.185.79 /coalball/Application/Home/Common/css/img/%C3%A8%C2%B5%E2%80%9E%C3%A6%C2%BA%C2%907.png
INFO: [ app_init ] --START--
INFO: Run Behavior\BuildLiteBehavior [ RunTime:0.000016s ]
INFO: [ app_init ] --END-- [ RunTime:0.000250s ]
ERR: 无法加载模块:Application

[ 2017-04-22T16:13:41+08:00 ] 58.218.185.79 /coalball/Application/Home/Common/css/img/%C3%A8%C2%B5%E2%80%9E%C3%A6%C2%BA%C2%908.png
INFO: [ app_init ] --START--
INFO: Run Behavior\BuildLiteBehavior [ RunTime:0.000015s ]
INFO: [ app_init ] --END-- [ RunTime:0.021169s ]
ERR: 无法加载模块:Application

[ 2017-04-22T16:13:42+08:00 ] 58.218.185.79 /coalball/Application/Home/Common/css/img/%C3%A6%E2%80%9D%C2%BE%C3%A5%C2%A4%C2%A7%C3%A9%E2%80%A2%C5%93.png
INFO: [ app_init ] --START--
INFO: Run Behavior\BuildLiteBehavior [ RunTime:0.000021s ]
INFO: [ app_init ] --END-- [ RunTime:0.000277s ]
ERR: 无法加载模块:Application

[ 2017-04-22T16:13:42+08:00 ] 58.218.185.79 /coalball/Application/Home/Common/css/img/%C3%A8%C2%B5%E2%80%9E%C3%A6%C2%BA%C2%907.png
INFO: [ app_init ] --START--
INFO: Run Behavior\BuildLiteBehavior [ RunTime:0.000012s ]
INFO: [ app_init ] --END-- [ RunTime:0.000235s ]
ERR: 无法加载模块:Application

[ 2017-04-22T16:13:42+08:00 ] 58.218.185.79 /coalball/Application/Home/Common/css/img/%C3%A8%C2%B5%E2%80%9E%C3%A6%C2%BA%C2%908.png
INFO: [ app_init ] --START--
INFO: Run Behavior\BuildLiteBehavior [ RunTime:0.000017s ]
INFO: [ app_init ] --END-- [ RunTime:0.000334s ]
ERR: 无法加载模块:Application

[ 2017-04-22T16:13:42+08:00 ] 58.218.185.79 /coalball/Application/Home/Common/css/img/%C3%A6%E2%80%9D%C2%BE%C3%A5%C2%A4%C2%A7%C3%A9%E2%80%A2%C5%93.png
INFO: [ app_init ] --START--
INFO: Run Behavior\BuildLiteBehavior [ RunTime:0.000019s ]
INFO: [ app_init ] --END-- [ RunTime:0.000305s ]
ERR: 无法加载模块:Application

[ 2017-04-22T16:13:42+08:00 ] 58.218.185.79 /coalball/Application/Home/Common/css/img/%C3%A8%C2%B5%E2%80%9E%C3%A6%C2%BA%C2%907.png
INFO: [ app_init ] --START--
INFO: Run Behavior\BuildLiteBehavior [ RunTime:0.000018s ]
INFO: [ app_init ] --END-- [ RunTime:0.000302s ]
ERR: 无法加载模块:Application

[ 2017-04-22T16:13:42+08:00 ] 58.218.185.79 /coalball/Application/Home/Common/css/img/%C3%A8%C2%B5%E2%80%9E%C3%A6%C2%BA%C2%908.png
INFO: [ app_init ] --START--
INFO: Run Behavior\BuildLiteBehavior [ RunTime:0.000018s ]
INFO: [ app_init ] --END-- [ RunTime:0.000389s ]
ERR: 无法加载模块:Application

[ 2017-04-22T16:13:43+08:00 ] 58.218.185.79 /coalball/Application/Home/Common/css/img/%C3%A6%E2%80%9D%C2%BE%C3%A5%C2%A4%C2%A7%C3%A9%E2%80%A2%C5%93.png
INFO: [ app_init ] --START--
INFO: Run Behavior\BuildLiteBehavior [ RunTime:0.000015s ]
INFO: [ app_init ] --END-- [ RunTime:0.000290s ]
ERR: 无法加载模块:Application

[ 2017-04-22T16:13:43+08:00 ] 58.218.185.79 /coalball/Application/Home/Common/css/img/%C3%A8%C2%B5%E2%80%9E%C3%A6%C2%BA%C2%907.png
INFO: [ app_init ] --START--
INFO: Run Behavior\BuildLiteBehavior [ RunTime:0.000015s ]
INFO: [ app_init ] --END-- [ RunTime:0.000257s ]
ERR: 无法加载模块:Application

[ 2017-04-22T16:13:43+08:00 ] 58.218.185.79 /coalball/Application/Home/Common/css/img/%C3%A8%C2%B5%E2%80%9E%C3%A6%C2%BA%C2%908.png
INFO: [ app_init ] --START--
INFO: Run Behavior\BuildLiteBehavior [ RunTime:0.000018s ]
INFO: [ app_init ] --END-- [ RunTime:0.021513s ]
ERR: 无法加载模块:Application

[ 2017-04-22T16:15:47+08:00 ] 58.218.185.79 /coalball/Application/Home/Common/css/img/%C3%A8%C2%B5%E2%80%9E%C3%A6%C2%BA%C2%908.png
INFO: [ app_init ] --START--
INFO: Run Behavior\BuildLiteBehavior [ RunTime:0.000019s ]
INFO: [ app_init ] --END-- [ RunTime:0.000372s ]
ERR: 无法加载模块:Application

[ 2017-04-22T16:15:47+08:00 ] 58.218.185.79 /coalball/Application/Home/Common/css/img/%C3%A6%E2%80%9D%C2%BE%C3%A5%C2%A4%C2%A7%C3%A9%E2%80%A2%C5%93.png
INFO: [ app_init ] --START--
INFO: Run Behavior\BuildLiteBehavior [ RunTime:0.000017s ]
INFO: [ app_init ] --END-- [ RunTime:0.000342s ]
ERR: 无法加载模块:Application

[ 2017-04-22T16:15:47+08:00 ] 58.218.185.79 /coalball/Application/Home/Common/css/img/%C3%A8%C2%B5%E2%80%9E%C3%A6%C2%BA%C2%907.png
INFO: [ app_init ] --START--
INFO: Run Behavior\BuildLiteBehavior [ RunTime:0.000019s ]
INFO: [ app_init ] --END-- [ RunTime:0.000361s ]
ERR: 无法加载模块:Application

[ 2017-04-22T16:25:04+08:00 ] 58.218.185.79 /coalball/Application/Home/Common/css/img/%C3%A8%C2%B5%E2%80%9E%C3%A6%C2%BA%C2%907.png
INFO: [ app_init ] --START--
INFO: Run Behavior\BuildLiteBehavior [ RunTime:0.000021s ]
INFO: [ app_init ] --END-- [ RunTime:0.000382s ]
ERR: 无法加载模块:Application

[ 2017-04-22T16:25:04+08:00 ] 58.218.185.79 /coalball/Application/Home/Common/css/img/%C3%A6%E2%80%9D%C2%BE%C3%A5%C2%A4%C2%A7%C3%A9%E2%80%A2%C5%93.png
INFO: [ app_init ] --START--
INFO: Run Behavior\BuildLiteBehavior [ RunTime:0.000039s ]
INFO: [ app_init ] --END-- [ RunTime:0.000385s ]
ERR: 无法加载模块:Application

[ 2017-04-22T16:25:04+08:00 ] 58.218.185.79 /coalball/Application/Home/Common/css/img/%C3%A8%C2%B5%E2%80%9E%C3%A6%C2%BA%C2%908.png
INFO: [ app_init ] --START--
INFO: Run Behavior\BuildLiteBehavior [ RunTime:0.000018s ]
INFO: [ app_init ] --END-- [ RunTime:0.000355s ]
ERR: 无法加载模块:Application

