[ 2017-04-16T09:17:14+08:00 ] 120.195.97.92 /coalball/Application/Home/Common/css/img/%C3%A6%E2%80%9D%C2%BE%C3%A5%C2%A4%C2%A7%C3%A9%E2%80%A2%C5%93.png
INFO: [ app_init ] --START--
INFO: Run Behavior\BuildLiteBehavior [ RunTime:0.000031s ]
INFO: [ app_init ] --END-- [ RunTime:0.000345s ]
ERR: 无法加载模块:Application

[ 2017-04-16T09:17:14+08:00 ] 120.195.97.92 /coalball/Application/Home/Common/css/img/%C3%A8%C2%B5%E2%80%9E%C3%A6%C2%BA%C2%908.png
INFO: [ app_init ] --START--
INFO: Run Behavior\BuildLiteBehavior [ RunTime:0.000015s ]
INFO: [ app_init ] --END-- [ RunTime:0.000264s ]
ERR: 无法加载模块:Application

[ 2017-04-16T09:17:14+08:00 ] 120.195.97.92 /coalball/Application/Home/Common/css/img/%C3%A8%C2%B5%E2%80%9E%C3%A6%C2%BA%C2%907.png
INFO: [ app_init ] --START--
INFO: Run Behavior\BuildLiteBehavior [ RunTime:0.000025s ]
INFO: [ app_init ] --END-- [ RunTime:0.000848s ]
ERR: 无法加载模块:Application

[ 2017-04-16T09:17:49+08:00 ] 120.195.97.92 /coalball/Application/Home/Common/css/img/%C3%A6%E2%80%9D%C2%BE%C3%A5%C2%A4%C2%A7%C3%A9%E2%80%A2%C5%93.png
INFO: [ app_init ] --START--
INFO: Run Behavior\BuildLiteBehavior [ RunTime:0.000028s ]
INFO: [ app_init ] --END-- [ RunTime:0.000441s ]
ERR: 无法加载模块:Application

[ 2017-04-16T09:17:49+08:00 ] 120.195.97.92 /coalball/Application/Home/Common/css/img/%C3%A8%C2%B5%E2%80%9E%C3%A6%C2%BA%C2%908.png
INFO: [ app_init ] --START--
INFO: Run Behavior\BuildLiteBehavior [ RunTime:0.000013s ]
INFO: [ app_init ] --END-- [ RunTime:0.000258s ]
ERR: 无法加载模块:Application

[ 2017-04-16T09:17:49+08:00 ] 120.195.97.92 /coalball/Application/Home/Common/css/img/%C3%A8%C2%B5%E2%80%9E%C3%A6%C2%BA%C2%907.png
INFO: [ app_init ] --START--
INFO: Run Behavior\BuildLiteBehavior [ RunTime:0.000019s ]
INFO: [ app_init ] --END-- [ RunTime:0.000368s ]
ERR: 无法加载模块:Application

[ 2017-04-16T09:43:44+08:00 ] 120.195.97.92 /coalball/Application/Home/Common/css/img/%C3%A6%E2%80%9D%C2%BE%C3%A5%C2%A4%C2%A7%C3%A9%E2%80%A2%C5%93.png
INFO: [ app_init ] --START--
INFO: Run Behavior\BuildLiteBehavior [ RunTime:0.000017s ]
INFO: [ app_init ] --END-- [ RunTime:0.000282s ]
ERR: 无法加载模块:Application

[ 2017-04-16T09:43:44+08:00 ] 120.195.97.92 /coalball/Application/Home/Common/css/img/%C3%A8%C2%B5%E2%80%9E%C3%A6%C2%BA%C2%907.png
INFO: [ app_init ] --START--
INFO: Run Behavior\BuildLiteBehavior [ RunTime:0.000015s ]
INFO: [ app_init ] --END-- [ RunTime:0.000323s ]
ERR: 无法加载模块:Application

[ 2017-04-16T09:43:44+08:00 ] 120.195.97.92 /coalball/Application/Home/Common/css/img/%C3%A8%C2%B5%E2%80%9E%C3%A6%C2%BA%C2%908.png
INFO: [ app_init ] --START--
INFO: Run Behavior\BuildLiteBehavior [ RunTime:0.000020s ]
INFO: [ app_init ] --END-- [ RunTime:0.000409s ]
ERR: 无法加载模块:Application

[ 2017-04-16T10:21:39+08:00 ] 120.195.97.92 /coalball/Application/Home/Common/css/img/%C3%A6%E2%80%9D%C2%BE%C3%A5%C2%A4%C2%A7%C3%A9%E2%80%A2%C5%93.png
INFO: [ app_init ] --START--
INFO: Run Behavior\BuildLiteBehavior [ RunTime:0.000013s ]
INFO: [ app_init ] --END-- [ RunTime:0.000258s ]
ERR: 无法加载模块:Application

[ 2017-04-16T10:21:39+08:00 ] 120.195.97.92 /coalball/Application/Home/Common/css/img/%C3%A8%C2%B5%E2%80%9E%C3%A6%C2%BA%C2%907.png
INFO: [ app_init ] --START--
INFO: Run Behavior\BuildLiteBehavior [ RunTime:0.000025s ]
INFO: [ app_init ] --END-- [ RunTime:0.000251s ]
ERR: 无法加载模块:Application

[ 2017-04-16T10:21:39+08:00 ] 120.195.97.92 /coalball/Application/Home/Common/css/img/%C3%A8%C2%B5%E2%80%9E%C3%A6%C2%BA%C2%908.png
INFO: [ app_init ] --START--
INFO: Run Behavior\BuildLiteBehavior [ RunTime:0.000031s ]
INFO: [ app_init ] --END-- [ RunTime:0.000248s ]
ERR: 无法加载模块:Application

[ 2017-04-16T15:18:16+08:00 ] 36.149.219.184 /coalball/Application/Home/Common/css/img/%C3%A6%E2%80%9D%C2%BE%C3%A5%C2%A4%C2%A7%C3%A9%E2%80%A2%C5%93.png
INFO: [ app_init ] --START--
INFO: Run Behavior\BuildLiteBehavior [ RunTime:0.000013s ]
INFO: [ app_init ] --END-- [ RunTime:0.000262s ]
ERR: 无法加载模块:Application

[ 2017-04-16T15:18:16+08:00 ] 36.149.219.184 /coalball/Application/Home/Common/css/img/%C3%A8%C2%B5%E2%80%9E%C3%A6%C2%BA%C2%907.png
INFO: [ app_init ] --START--
INFO: Run Behavior\BuildLiteBehavior [ RunTime:0.000016s ]
INFO: [ app_init ] --END-- [ RunTime:0.000316s ]
ERR: 无法加载模块:Application

[ 2017-04-16T15:18:16+08:00 ] 36.149.219.184 /coalball/Application/Home/Common/css/img/%C3%A8%C2%B5%E2%80%9E%C3%A6%C2%BA%C2%908.png
INFO: [ app_init ] --START--
INFO: Run Behavior\BuildLiteBehavior [ RunTime:0.000018s ]
INFO: [ app_init ] --END-- [ RunTime:0.000357s ]
ERR: 无法加载模块:Application

[ 2017-04-16T17:13:50+08:00 ] 36.149.91.184 /coalball/Application/Home/Common/css/img/%C3%A8%C2%B5%E2%80%9E%C3%A6%C2%BA%C2%908.png
INFO: [ app_init ] --START--
INFO: Run Behavior\BuildLiteBehavior [ RunTime:0.000015s ]
INFO: [ app_init ] --END-- [ RunTime:0.000290s ]
ERR: 无法加载模块:Application

[ 2017-04-16T17:13:50+08:00 ] 36.149.91.184 /coalball/Application/Home/Common/css/img/%C3%A6%E2%80%9D%C2%BE%C3%A5%C2%A4%C2%A7%C3%A9%E2%80%A2%C5%93.png
INFO: [ app_init ] --START--
INFO: Run Behavior\BuildLiteBehavior [ RunTime:0.000017s ]
INFO: [ app_init ] --END-- [ RunTime:0.021464s ]
ERR: 无法加载模块:Application

[ 2017-04-16T17:13:50+08:00 ] 36.149.91.184 /coalball/Application/Home/Common/css/img/%C3%A8%C2%B5%E2%80%9E%C3%A6%C2%BA%C2%907.png
INFO: [ app_init ] --START--
INFO: Run Behavior\BuildLiteBehavior [ RunTime:0.000012s ]
INFO: [ app_init ] --END-- [ RunTime:0.000305s ]
ERR: 无法加载模块:Application

