[ 2017-05-20T08:00:26+08:00 ] 104.236.236.145 /coalball/Application/Common/Common/Uploads/2017-04-19/58f72f79841da.jpg
INFO: [ app_init ] --START--
INFO: Run Behavior\BuildLiteBehavior [ RunTime:0.000019s ]
INFO: [ app_init ] --END-- [ RunTime:0.000361s ]
ERR: 无法加载模块:Application

[ 2017-05-20T08:00:26+08:00 ] 104.236.236.145 /coalball/Application/Common/Common/Uploads/2017-04-14/58f059907dbd1.jpg
INFO: [ app_init ] --START--
INFO: Run Behavior\BuildLiteBehavior [ RunTime:0.000015s ]
INFO: [ app_init ] --END-- [ RunTime:0.000382s ]
ERR: 无法加载模块:Application

[ 2017-05-20T08:00:26+08:00 ] 104.236.236.145 /coalball/Application/Common/Common/Uploads/2017-04-19/58f6a32e86b56.jpg
INFO: [ app_init ] --START--
INFO: Run Behavior\BuildLiteBehavior [ RunTime:0.000016s ]
INFO: [ app_init ] --END-- [ RunTime:0.000322s ]
ERR: 无法加载模块:Application

[ 2017-05-20T08:00:26+08:00 ] 104.236.236.145 /coalball/Application/Common/Common/Uploads/2017-04-14/58f059907b1d0.jpg
INFO: [ app_init ] --START--
INFO: Run Behavior\BuildLiteBehavior [ RunTime:0.000016s ]
INFO: [ app_init ] --END-- [ RunTime:0.000316s ]
ERR: 无法加载模块:Application

[ 2017-05-20T08:00:26+08:00 ] 104.236.236.145 /coalball/Application/Common/Common/Uploads/2017-04-15/58f1e0d248fad.jpg
INFO: [ app_init ] --START--
INFO: Run Behavior\BuildLiteBehavior [ RunTime:0.000017s ]
INFO: [ app_init ] --END-- [ RunTime:0.000325s ]
ERR: 无法加载模块:Application

[ 2017-05-20T08:00:41+08:00 ] 104.236.236.145 /coalball/Application/Common/Common/Uploads/2017-04-14/58f055367005a.jpg
INFO: [ app_init ] --START--
INFO: Run Behavior\BuildLiteBehavior [ RunTime:0.000019s ]
INFO: [ app_init ] --END-- [ RunTime:0.000501s ]
ERR: 无法加载模块:Application

[ 2017-05-20T11:15:21+08:00 ] 104.236.236.145 /coalball/Application/Common/Common/Uploads/2017-04-15/58f1e0d248fad.jpg
INFO: [ app_init ] --START--
INFO: Run Behavior\BuildLiteBehavior [ RunTime:0.000014s ]
INFO: [ app_init ] --END-- [ RunTime:0.000300s ]
ERR: 无法加载模块:Application

[ 2017-05-20T11:15:21+08:00 ] 104.236.236.145 /coalball/Application/Common/Common/Uploads/2017-04-14/58f059907dbd1.jpg
INFO: [ app_init ] --START--
INFO: Run Behavior\BuildLiteBehavior [ RunTime:0.000018s ]
INFO: [ app_init ] --END-- [ RunTime:0.000341s ]
ERR: 无法加载模块:Application

[ 2017-05-20T11:15:21+08:00 ] 104.236.236.145 /coalball/Application/Common/Common/Uploads/2017-04-19/58f6a32e86b56.jpg
INFO: [ app_init ] --START--
INFO: Run Behavior\BuildLiteBehavior [ RunTime:0.000013s ]
INFO: [ app_init ] --END-- [ RunTime:0.000279s ]
ERR: 无法加载模块:Application

[ 2017-05-20T11:15:21+08:00 ] 104.236.236.145 /coalball/Application/Common/Common/Uploads/2017-04-14/58f059907b1d0.jpg
INFO: [ app_init ] --START--
INFO: Run Behavior\BuildLiteBehavior [ RunTime:0.000018s ]
INFO: [ app_init ] --END-- [ RunTime:0.000301s ]
ERR: 无法加载模块:Application

[ 2017-05-20T11:15:21+08:00 ] 104.236.236.145 /coalball/Application/Common/Common/Uploads/2017-04-19/58f72f79841da.jpg
INFO: [ app_init ] --START--
INFO: Run Behavior\BuildLiteBehavior [ RunTime:0.000018s ]
INFO: [ app_init ] --END-- [ RunTime:0.000355s ]
ERR: 无法加载模块:Application

[ 2017-05-20T11:15:22+08:00 ] 104.236.236.145 /coalball/Application/Common/Common/Uploads/2017-04-14/58f055367005a.jpg
INFO: [ app_init ] --START--
INFO: Run Behavior\BuildLiteBehavior [ RunTime:0.000021s ]
INFO: [ app_init ] --END-- [ RunTime:0.000271s ]
ERR: 无法加载模块:Application

[ 2017-05-20T11:15:26+08:00 ] 104.236.236.145 /coalball/Application/Common/Common/Uploads/2017-04-14/58f055367005a.jpg
INFO: [ app_init ] --START--
INFO: Run Behavior\BuildLiteBehavior [ RunTime:0.000013s ]
INFO: [ app_init ] --END-- [ RunTime:0.000252s ]
ERR: 无法加载模块:Application

[ 2017-05-20T11:16:00+08:00 ] 104.236.236.145 /coalball/Application/Common/Common/Uploads/2017-04-19/58f72f79841da.jpg
INFO: [ app_init ] --START--
INFO: Run Behavior\BuildLiteBehavior [ RunTime:0.000018s ]
INFO: [ app_init ] --END-- [ RunTime:0.000322s ]
ERR: 无法加载模块:Application

[ 2017-05-20T11:16:00+08:00 ] 104.236.236.145 /coalball/Application/Common/Common/Uploads/2017-04-15/58f1e0d248fad.jpg
INFO: [ app_init ] --START--
INFO: Run Behavior\BuildLiteBehavior [ RunTime:0.000023s ]
INFO: [ app_init ] --END-- [ RunTime:0.000352s ]
ERR: 无法加载模块:Application

[ 2017-05-20T17:59:33+08:00 ] 104.236.236.145 /coalball/Application/Common/Common/Uploads/2017-04-19/58f72f79841da.jpg
INFO: [ app_init ] --START--
INFO: Run Behavior\BuildLiteBehavior [ RunTime:0.000080s ]
INFO: [ app_init ] --END-- [ RunTime:0.000644s ]
ERR: 无法加载模块:Application

[ 2017-05-20T17:59:33+08:00 ] 104.236.236.145 /coalball/Application/Common/Common/Uploads/2017-04-15/58f1e0d248fad.jpg
INFO: [ app_init ] --START--
INFO: Run Behavior\BuildLiteBehavior [ RunTime:0.000013s ]
INFO: [ app_init ] --END-- [ RunTime:0.000230s ]
ERR: 无法加载模块:Application

[ 2017-05-20T17:59:33+08:00 ] 104.236.236.145 /coalball/Application/Common/Common/Uploads/2017-04-14/58f059907dbd1.jpg
INFO: [ app_init ] --START--
INFO: Run Behavior\BuildLiteBehavior [ RunTime:0.000013s ]
INFO: [ app_init ] --END-- [ RunTime:0.000249s ]
ERR: 无法加载模块:Application

[ 2017-05-20T17:59:33+08:00 ] 104.236.236.145 /coalball/Application/Common/Common/Uploads/2017-04-14/58f059907b1d0.jpg
INFO: [ app_init ] --START--
INFO: Run Behavior\BuildLiteBehavior [ RunTime:0.000014s ]
INFO: [ app_init ] --END-- [ RunTime:0.000253s ]
ERR: 无法加载模块:Application

[ 2017-05-20T17:59:33+08:00 ] 104.236.236.145 /coalball/Application/Common/Common/Uploads/2017-04-19/58f6a32e86b56.jpg
INFO: [ app_init ] --START--
INFO: Run Behavior\BuildLiteBehavior [ RunTime:0.000019s ]
INFO: [ app_init ] --END-- [ RunTime:0.000277s ]
ERR: 无法加载模块:Application

[ 2017-05-20T18:02:55+08:00 ] 104.236.236.145 /coalball/Application/Common/Common/Uploads/2017-04-19/58f72f79841da.jpg
INFO: [ app_init ] --START--
INFO: Run Behavior\BuildLiteBehavior [ RunTime:0.000015s ]
INFO: [ app_init ] --END-- [ RunTime:0.000311s ]
ERR: 无法加载模块:Application

[ 2017-05-20T18:02:55+08:00 ] 104.236.236.145 /coalball/Application/Common/Common/Uploads/2017-04-14/58f059907b1d0.jpg
INFO: [ app_init ] --START--
INFO: Run Behavior\BuildLiteBehavior [ RunTime:0.000017s ]
INFO: [ app_init ] --END-- [ RunTime:0.000311s ]
ERR: 无法加载模块:Application

[ 2017-05-20T18:02:55+08:00 ] 104.236.236.145 /coalball/Application/Common/Common/Uploads/2017-04-15/58f1e0d248fad.jpg
INFO: [ app_init ] --START--
INFO: Run Behavior\BuildLiteBehavior [ RunTime:0.000016s ]
INFO: [ app_init ] --END-- [ RunTime:0.000270s ]
ERR: 无法加载模块:Application

[ 2017-05-20T18:02:55+08:00 ] 104.236.236.145 /coalball/Application/Common/Common/Uploads/2017-04-14/58f059907dbd1.jpg
INFO: [ app_init ] --START--
INFO: Run Behavior\BuildLiteBehavior [ RunTime:0.000041s ]
INFO: [ app_init ] --END-- [ RunTime:0.005349s ]
ERR: 无法加载模块:Application

[ 2017-05-20T18:02:55+08:00 ] 104.236.236.145 /coalball/Application/Common/Common/Uploads/2017-04-19/58f6a32e86b56.jpg
INFO: [ app_init ] --START--
INFO: Run Behavior\BuildLiteBehavior [ RunTime:0.000017s ]
INFO: [ app_init ] --END-- [ RunTime:0.000358s ]
ERR: 无法加载模块:Application

[ 2017-05-20T18:03:10+08:00 ] 104.236.236.145 /coalball/Application/Common/Common/Uploads/2017-04-19/58f72f79841da.jpg
INFO: [ app_init ] --START--
INFO: Run Behavior\BuildLiteBehavior [ RunTime:0.000014s ]
INFO: [ app_init ] --END-- [ RunTime:0.000247s ]
ERR: 无法加载模块:Application

[ 2017-05-20T18:03:10+08:00 ] 104.236.236.145 /coalball/Application/Common/Common/Uploads/2017-04-14/58f059907b1d0.jpg
INFO: [ app_init ] --START--
INFO: Run Behavior\BuildLiteBehavior [ RunTime:0.000016s ]
INFO: [ app_init ] --END-- [ RunTime:0.000319s ]
ERR: 无法加载模块:Application

[ 2017-05-20T18:03:10+08:00 ] 104.236.236.145 /coalball/Application/Common/Common/Uploads/2017-04-19/58f6a32e86b56.jpg
INFO: [ app_init ] --START--
INFO: Run Behavior\BuildLiteBehavior [ RunTime:0.000013s ]
INFO: [ app_init ] --END-- [ RunTime:0.000259s ]
ERR: 无法加载模块:Application

[ 2017-05-20T18:03:10+08:00 ] 104.236.236.145 /coalball/Application/Common/Common/Uploads/2017-04-14/58f059907dbd1.jpg
INFO: [ app_init ] --START--
INFO: Run Behavior\BuildLiteBehavior [ RunTime:0.000019s ]
INFO: [ app_init ] --END-- [ RunTime:0.000320s ]
ERR: 无法加载模块:Application

[ 2017-05-20T18:03:11+08:00 ] 104.236.236.145 /coalball/Application/Common/Common/Uploads/2017-04-15/58f1e0d248fad.jpg
INFO: [ app_init ] --START--
INFO: Run Behavior\BuildLiteBehavior [ RunTime:0.000013s ]
INFO: [ app_init ] --END-- [ RunTime:0.000224s ]
ERR: 无法加载模块:Application

[ 2017-05-20T18:03:15+08:00 ] 104.236.236.145 /coalball/Application/Common/Common/Uploads/2017-04-14/58f055367005a.jpg
INFO: [ app_init ] --START--
INFO: Run Behavior\BuildLiteBehavior [ RunTime:0.000017s ]
INFO: [ app_init ] --END-- [ RunTime:0.000495s ]
ERR: 无法加载模块:Application

[ 2017-05-20T23:43:43+08:00 ] 104.236.236.145 /coalball/Application/Common/Common/Uploads/2017-05-20/5920642bef9fe.jpg
INFO: [ app_init ] --START--
INFO: Run Behavior\BuildLiteBehavior [ RunTime:0.000023s ]
INFO: [ app_init ] --END-- [ RunTime:0.000439s ]
ERR: 无法加载模块:Application

[ 2017-05-20T23:43:46+08:00 ] 104.236.236.145 /coalball/Application/Common/Common/Uploads/2017-05-20/5920642c00a7d.jpg
INFO: [ app_init ] --START--
INFO: Run Behavior\BuildLiteBehavior [ RunTime:0.000019s ]
INFO: [ app_init ] --END-- [ RunTime:0.000370s ]
ERR: 无法加载模块:Application

[ 2017-05-20T23:56:02+08:00 ] 104.236.236.145 /coalball/Application/Common/Common/Uploads/2017-05-20/5920642bef9fe.jpg
INFO: [ app_init ] --START--
INFO: Run Behavior\BuildLiteBehavior [ RunTime:0.000018s ]
INFO: [ app_init ] --END-- [ RunTime:0.000357s ]
ERR: 无法加载模块:Application

[ 2017-05-20T23:56:03+08:00 ] 104.236.236.145 /coalball/Application/Common/Common/Uploads/2017-05-20/5920642c00a7d.jpg
INFO: [ app_init ] --START--
INFO: Run Behavior\BuildLiteBehavior [ RunTime:0.000024s ]
INFO: [ app_init ] --END-- [ RunTime:0.000465s ]
ERR: 无法加载模块:Application

