[ 2017-05-29T10:21:38+08:00 ] 58.218.185.120 /coalball/Application/Common/Common/Uploads/2017-05-27/5928f809dfdd2.jpg
INFO: [ app_init ] --START--
INFO: Run Behavior\BuildLiteBehavior [ RunTime:0.000018s ]
INFO: [ app_init ] --END-- [ RunTime:0.000367s ]
ERR: 无法加载模块:Application

[ 2017-05-29T10:21:38+08:00 ] 58.218.185.120 /coalball/Application/Common/Common/Uploads/2017-05-27/5928f6ccae051.jpg
INFO: [ app_init ] --START--
INFO: Run Behavior\BuildLiteBehavior [ RunTime:0.000018s ]
INFO: [ app_init ] --END-- [ RunTime:0.000325s ]
ERR: 无法加载模块:Application

[ 2017-05-29T10:21:38+08:00 ] 58.218.185.120 /coalball/Application/Common/Common/Uploads/2017-05-27/59291631b1def.jpg
INFO: [ app_init ] --START--
INFO: Run Behavior\BuildLiteBehavior [ RunTime:0.000021s ]
INFO: [ app_init ] --END-- [ RunTime:0.000400s ]
ERR: 无法加载模块:Application

[ 2017-05-29T10:21:38+08:00 ] 58.218.185.120 /coalball/Application/Common/Common/Uploads/2017-05-27/5928f82af408f.jpg
INFO: [ app_init ] --START--
INFO: Run Behavior\BuildLiteBehavior [ RunTime:0.000013s ]
INFO: [ app_init ] --END-- [ RunTime:0.000258s ]
ERR: 无法加载模块:Application

[ 2017-05-29T10:21:38+08:00 ] 58.218.185.120 /coalball/Application/Common/Common/Uploads/2017-05-27/59291631b3a30.jpg
INFO: [ app_init ] --START--
INFO: Run Behavior\BuildLiteBehavior [ RunTime:0.000026s ]
INFO: [ app_init ] --END-- [ RunTime:0.000421s ]
ERR: 无法加载模块:Application

[ 2017-05-29T10:21:38+08:00 ] 58.218.185.120 /coalball/Application/Common/Common/Uploads/2017-05-27/5928f82b024b8.jpg
INFO: [ app_init ] --START--
INFO: Run Behavior\BuildLiteBehavior [ RunTime:0.000026s ]
INFO: [ app_init ] --END-- [ RunTime:0.000498s ]
ERR: 无法加载模块:Application

[ 2017-05-29T10:21:38+08:00 ] 58.218.185.120 /coalball/Application/Common/Common/Uploads/2017-05-27/5928f6cca82c3.jpg
INFO: [ app_init ] --START--
INFO: Run Behavior\BuildLiteBehavior [ RunTime:0.000014s ]
INFO: [ app_init ] --END-- [ RunTime:0.000275s ]
ERR: 无法加载模块:Application

