[ 2017-05-27T11:38:01+08:00 ] 58.218.185.121 /coalball/Application/Common/Common/Uploads/2017-05-20/5920642bef9fe.jpg
INFO: [ app_init ] --START--
INFO: Run Behavior\BuildLiteBehavior [ RunTime:0.000023s ]
INFO: [ app_init ] --END-- [ RunTime:0.000829s ]
ERR: 无法加载模块:Application

[ 2017-05-27T11:38:01+08:00 ] 58.218.185.121 /coalball/Application/Common/Common/Uploads/2017-05-20/5920642c00a7d.jpg
INFO: [ app_init ] --START--
INFO: Run Behavior\BuildLiteBehavior [ RunTime:0.000020s ]
INFO: [ app_init ] --END-- [ RunTime:0.000398s ]
ERR: 无法加载模块:Application

[ 2017-05-27T11:43:13+08:00 ] 58.218.185.121 /coalball/Application/Common/Common/Uploads/2017-05-20/5920642c00a7d.jpg
INFO: [ app_init ] --START--
INFO: Run Behavior\BuildLiteBehavior [ RunTime:0.000022s ]
INFO: [ app_init ] --END-- [ RunTime:0.000382s ]
ERR: 无法加载模块:Application

[ 2017-05-27T11:43:13+08:00 ] 58.218.185.121 /coalball/Application/Common/Common/Uploads/2017-05-20/5920642bef9fe.jpg
INFO: [ app_init ] --START--
INFO: Run Behavior\BuildLiteBehavior [ RunTime:0.000018s ]
INFO: [ app_init ] --END-- [ RunTime:0.000369s ]
ERR: 无法加载模块:Application

[ 2017-05-27T11:43:23+08:00 ] 58.218.185.121 /coalball/Application/Common/Common/Uploads/2017-05-20/5920642bef9fe.jpg
INFO: [ app_init ] --START--
INFO: Run Behavior\BuildLiteBehavior [ RunTime:0.000017s ]
INFO: [ app_init ] --END-- [ RunTime:0.000475s ]
ERR: 无法加载模块:Application

[ 2017-05-27T11:43:23+08:00 ] 58.218.185.121 /coalball/Application/Common/Common/Uploads/2017-05-20/5920642c00a7d.jpg
INFO: [ app_init ] --START--
INFO: Run Behavior\BuildLiteBehavior [ RunTime:0.000015s ]
INFO: [ app_init ] --END-- [ RunTime:0.000442s ]
ERR: 无法加载模块:Application

[ 2017-05-27T11:43:32+08:00 ] 58.218.185.121 /coalball/Application/Common/Common/Uploads/2017-05-20/5920642bef9fe.jpg
INFO: [ app_init ] --START--
INFO: Run Behavior\BuildLiteBehavior [ RunTime:0.000024s ]
INFO: [ app_init ] --END-- [ RunTime:0.000358s ]
ERR: 无法加载模块:Application

[ 2017-05-27T11:43:33+08:00 ] 58.218.185.121 /coalball/Application/Common/Common/Uploads/2017-05-20/5920642c00a7d.jpg
INFO: [ app_init ] --START--
INFO: Run Behavior\BuildLiteBehavior [ RunTime:0.000019s ]
INFO: [ app_init ] --END-- [ RunTime:0.000349s ]
ERR: 无法加载模块:Application

[ 2017-05-27T11:43:41+08:00 ] 58.218.185.121 /coalball/Application/Common/Common/Uploads/2017-05-20/5920642c00a7d.jpg
INFO: [ app_init ] --START--
INFO: Run Behavior\BuildLiteBehavior [ RunTime:0.000020s ]
INFO: [ app_init ] --END-- [ RunTime:0.000384s ]
ERR: 无法加载模块:Application

[ 2017-05-27T11:44:54+08:00 ] 58.218.185.121 /coalball/Application/Common/Common/Uploads/2017-05-20/5920642bef9fe.jpg
INFO: [ app_init ] --START--
INFO: Run Behavior\BuildLiteBehavior [ RunTime:0.000027s ]
INFO: [ app_init ] --END-- [ RunTime:0.000480s ]
ERR: 无法加载模块:Application

[ 2017-05-27T11:44:54+08:00 ] 58.218.185.121 /coalball/Application/Common/Common/Uploads/2017-05-20/5920642c00a7d.jpg
INFO: [ app_init ] --START--
INFO: Run Behavior\BuildLiteBehavior [ RunTime:0.000015s ]
INFO: [ app_init ] --END-- [ RunTime:0.000291s ]
ERR: 无法加载模块:Application

[ 2017-05-27T11:44:57+08:00 ] 58.218.185.121 /coalball/Application/Common/Common/Uploads/2017-05-20/5920642c00a7d.jpg
INFO: [ app_init ] --START--
INFO: Run Behavior\BuildLiteBehavior [ RunTime:0.000015s ]
INFO: [ app_init ] --END-- [ RunTime:0.000308s ]
ERR: 无法加载模块:Application

[ 2017-05-27T11:44:57+08:00 ] 58.218.185.121 /coalball/Application/Common/Common/Uploads/2017-05-20/5920642bef9fe.jpg
INFO: [ app_init ] --START--
INFO: Run Behavior\BuildLiteBehavior [ RunTime:0.000014s ]
INFO: [ app_init ] --END-- [ RunTime:0.000246s ]
ERR: 无法加载模块:Application

[ 2017-05-27T11:44:59+08:00 ] 58.218.185.121 /coalball/Application/Common/Common/Uploads/2017-05-20/5920642c00a7d.jpg
INFO: [ app_init ] --START--
INFO: Run Behavior\BuildLiteBehavior [ RunTime:0.000020s ]
INFO: [ app_init ] --END-- [ RunTime:0.000381s ]
ERR: 无法加载模块:Application

[ 2017-05-27T11:44:59+08:00 ] 58.218.185.121 /coalball/Application/Common/Common/Uploads/2017-05-20/5920642bef9fe.jpg
INFO: [ app_init ] --START--
INFO: Run Behavior\BuildLiteBehavior [ RunTime:0.000019s ]
INFO: [ app_init ] --END-- [ RunTime:0.000359s ]
ERR: 无法加载模块:Application

[ 2017-05-27T11:47:28+08:00 ] 58.218.185.121 /coalball/Application/Common/Common/Uploads/2017-05-27/5928f6cca82c3.jpg
INFO: [ app_init ] --START--
INFO: Run Behavior\BuildLiteBehavior [ RunTime:0.000013s ]
INFO: [ app_init ] --END-- [ RunTime:0.000246s ]
ERR: 无法加载模块:Application

[ 2017-05-27T11:47:28+08:00 ] 58.218.185.121 /coalball/Application/Common/Common/Uploads/2017-05-27/5928f6ccae051.jpg
INFO: [ app_init ] --START--
INFO: Run Behavior\BuildLiteBehavior [ RunTime:0.000014s ]
INFO: [ app_init ] --END-- [ RunTime:0.000301s ]
ERR: 无法加载模块:Application

[ 2017-05-27T11:47:29+08:00 ] 58.218.185.121 /coalball/Application/Common/Common/Uploads/2017-05-20/5920642bef9fe.jpg
INFO: [ app_init ] --START--
INFO: Run Behavior\BuildLiteBehavior [ RunTime:0.000017s ]
INFO: [ app_init ] --END-- [ RunTime:0.000398s ]
ERR: 无法加载模块:Application

[ 2017-05-27T11:47:29+08:00 ] 58.218.185.121 /coalball/Application/Common/Common/Uploads/2017-05-20/5920642c00a7d.jpg
INFO: [ app_init ] --START--
INFO: Run Behavior\BuildLiteBehavior [ RunTime:0.000017s ]
INFO: [ app_init ] --END-- [ RunTime:0.000268s ]
ERR: 无法加载模块:Application

[ 2017-05-27T11:48:23+08:00 ] 58.218.185.121 /coalball/Application/Common/Common/Uploads/2017-05-27/5928f6cca82c3.jpg
INFO: [ app_init ] --START--
INFO: Run Behavior\BuildLiteBehavior [ RunTime:0.000020s ]
INFO: [ app_init ] --END-- [ RunTime:0.000337s ]
ERR: 无法加载模块:Application

[ 2017-05-27T11:48:23+08:00 ] 58.218.185.121 /coalball/Application/Common/Common/Uploads/2017-05-27/5928f6ccae051.jpg
INFO: [ app_init ] --START--
INFO: Run Behavior\BuildLiteBehavior [ RunTime:0.000018s ]
INFO: [ app_init ] --END-- [ RunTime:0.000484s ]
ERR: 无法加载模块:Application

[ 2017-05-27T11:48:24+08:00 ] 58.218.185.121 /coalball/Application/Common/Common/Uploads/2017-05-27/5928f6ccae051.jpg
INFO: [ app_init ] --START--
INFO: Run Behavior\BuildLiteBehavior [ RunTime:0.000016s ]
INFO: [ app_init ] --END-- [ RunTime:0.000331s ]
ERR: 无法加载模块:Application

[ 2017-05-27T11:48:24+08:00 ] 58.218.185.121 /coalball/Application/Common/Common/Uploads/2017-05-27/5928f6cca82c3.jpg
INFO: [ app_init ] --START--
INFO: Run Behavior\BuildLiteBehavior [ RunTime:0.000013s ]
INFO: [ app_init ] --END-- [ RunTime:0.000228s ]
ERR: 无法加载模块:Application

[ 2017-05-27T11:48:25+08:00 ] 58.218.185.121 /coalball/Application/Common/Common/Uploads/2017-05-27/5928f6cca82c3.jpg
INFO: [ app_init ] --START--
INFO: Run Behavior\BuildLiteBehavior [ RunTime:0.000014s ]
INFO: [ app_init ] --END-- [ RunTime:0.000281s ]
ERR: 无法加载模块:Application

[ 2017-05-27T11:48:25+08:00 ] 58.218.185.121 /coalball/Application/Common/Common/Uploads/2017-05-27/5928f6ccae051.jpg
INFO: [ app_init ] --START--
INFO: Run Behavior\BuildLiteBehavior [ RunTime:0.000022s ]
INFO: [ app_init ] --END-- [ RunTime:0.000296s ]
ERR: 无法加载模块:Application

[ 2017-05-27T11:48:26+08:00 ] 58.218.185.121 /coalball/Application/Common/Common/Uploads/2017-05-27/5928f6ccae051.jpg
INFO: [ app_init ] --START--
INFO: Run Behavior\BuildLiteBehavior [ RunTime:0.000019s ]
INFO: [ app_init ] --END-- [ RunTime:0.000396s ]
ERR: 无法加载模块:Application

[ 2017-05-27T11:48:26+08:00 ] 58.218.185.121 /coalball/Application/Common/Common/Uploads/2017-05-27/5928f6cca82c3.jpg
INFO: [ app_init ] --START--
INFO: Run Behavior\BuildLiteBehavior [ RunTime:0.000017s ]
INFO: [ app_init ] --END-- [ RunTime:0.000459s ]
ERR: 无法加载模块:Application

[ 2017-05-27T11:48:29+08:00 ] 58.218.185.121 /coalball/Application/Common/Common/Uploads/2017-05-27/5928f6cca82c3.jpg
INFO: [ app_init ] --START--
INFO: Run Behavior\BuildLiteBehavior [ RunTime:0.000017s ]
INFO: [ app_init ] --END-- [ RunTime:0.000280s ]
ERR: 无法加载模块:Application

[ 2017-05-27T11:48:29+08:00 ] 58.218.185.121 /coalball/Application/Common/Common/Uploads/2017-05-27/5928f6ccae051.jpg
INFO: [ app_init ] --START--
INFO: Run Behavior\BuildLiteBehavior [ RunTime:0.000020s ]
INFO: [ app_init ] --END-- [ RunTime:0.000376s ]
ERR: 无法加载模块:Application

[ 2017-05-27T11:48:31+08:00 ] 58.218.185.121 /coalball/Application/Common/Common/Uploads/2017-05-27/5928f6cca82c3.jpg
INFO: [ app_init ] --START--
INFO: Run Behavior\BuildLiteBehavior [ RunTime:0.000022s ]
INFO: [ app_init ] --END-- [ RunTime:0.000352s ]
ERR: 无法加载模块:Application

[ 2017-05-27T11:48:31+08:00 ] 58.218.185.121 /coalball/Application/Common/Common/Uploads/2017-05-27/5928f6ccae051.jpg
INFO: [ app_init ] --START--
INFO: Run Behavior\BuildLiteBehavior [ RunTime:0.000019s ]
INFO: [ app_init ] --END-- [ RunTime:0.000265s ]
ERR: 无法加载模块:Application

[ 2017-05-27T11:48:34+08:00 ] 58.218.185.121 /coalball/Application/Common/Common/Uploads/2017-05-20/5920642bef9fe.jpg
INFO: [ app_init ] --START--
INFO: Run Behavior\BuildLiteBehavior [ RunTime:0.000019s ]
INFO: [ app_init ] --END-- [ RunTime:0.000341s ]
ERR: 无法加载模块:Application

[ 2017-05-27T11:48:34+08:00 ] 58.218.185.121 /coalball/Application/Common/Common/Uploads/2017-05-20/5920642c00a7d.jpg
INFO: [ app_init ] --START--
INFO: Run Behavior\BuildLiteBehavior [ RunTime:0.000021s ]
INFO: [ app_init ] --END-- [ RunTime:0.000368s ]
ERR: 无法加载模块:Application

[ 2017-05-27T11:51:48+08:00 ] 58.218.185.121 /coalball/Application/Common/Common/Uploads/2017-05-27/5928f6cca82c3.jpg
INFO: [ app_init ] --START--
INFO: Run Behavior\BuildLiteBehavior [ RunTime:0.000017s ]
INFO: [ app_init ] --END-- [ RunTime:0.000330s ]
ERR: 无法加载模块:Application

[ 2017-05-27T11:51:48+08:00 ] 58.218.185.121 /coalball/Application/Common/Common/Uploads/2017-05-27/5928f6ccae051.jpg
INFO: [ app_init ] --START--
INFO: Run Behavior\BuildLiteBehavior [ RunTime:0.000015s ]
INFO: [ app_init ] --END-- [ RunTime:0.000349s ]
ERR: 无法加载模块:Application

[ 2017-05-27T11:51:49+08:00 ] 58.218.185.121 /coalball/Application/Common/Common/Uploads/2017-05-27/5928f6cca82c3.jpg
INFO: [ app_init ] --START--
INFO: Run Behavior\BuildLiteBehavior [ RunTime:0.000015s ]
INFO: [ app_init ] --END-- [ RunTime:0.000265s ]
ERR: 无法加载模块:Application

[ 2017-05-27T11:51:50+08:00 ] 58.218.185.121 /coalball/Application/Common/Common/Uploads/2017-05-27/5928f6ccae051.jpg
INFO: [ app_init ] --START--
INFO: Run Behavior\BuildLiteBehavior [ RunTime:0.000020s ]
INFO: [ app_init ] --END-- [ RunTime:0.000340s ]
ERR: 无法加载模块:Application

[ 2017-05-27T11:52:09+08:00 ] 58.218.185.121 /coalball/Application/Common/Common/Uploads/2017-05-27/5928f6cca82c3.jpg
INFO: [ app_init ] --START--
INFO: Run Behavior\BuildLiteBehavior [ RunTime:0.000017s ]
INFO: [ app_init ] --END-- [ RunTime:0.000339s ]
ERR: 无法加载模块:Application

[ 2017-05-27T11:52:09+08:00 ] 58.218.185.121 /coalball/Application/Common/Common/Uploads/2017-05-27/5928f6ccae051.jpg
INFO: [ app_init ] --START--
INFO: Run Behavior\BuildLiteBehavior [ RunTime:0.000013s ]
INFO: [ app_init ] --END-- [ RunTime:0.000265s ]
ERR: 无法加载模块:Application

[ 2017-05-27T11:52:10+08:00 ] 58.218.185.121 /coalball/Application/Common/Common/Uploads/2017-05-27/5928f6ccae051.jpg
INFO: [ app_init ] --START--
INFO: Run Behavior\BuildLiteBehavior [ RunTime:0.000012s ]
INFO: [ app_init ] --END-- [ RunTime:0.000228s ]
ERR: 无法加载模块:Application

[ 2017-05-27T11:52:10+08:00 ] 58.218.185.121 /coalball/Application/Common/Common/Uploads/2017-05-27/5928f6cca82c3.jpg
INFO: [ app_init ] --START--
INFO: Run Behavior\BuildLiteBehavior [ RunTime:0.000020s ]
INFO: [ app_init ] --END-- [ RunTime:0.000278s ]
ERR: 无法加载模块:Application

[ 2017-05-27T11:52:45+08:00 ] 58.218.185.121 /coalball/Application/Common/Common/Uploads/2017-05-27/5928f809dfdd2.jpg
INFO: [ app_init ] --START--
INFO: Run Behavior\BuildLiteBehavior [ RunTime:0.000020s ]
INFO: [ app_init ] --END-- [ RunTime:0.000346s ]
ERR: 无法加载模块:Application

[ 2017-05-27T11:52:45+08:00 ] 58.218.185.121 /coalball/Application/Common/Common/Uploads/2017-05-27/5928f6cca82c3.jpg
INFO: [ app_init ] --START--
INFO: Run Behavior\BuildLiteBehavior [ RunTime:0.000018s ]
INFO: [ app_init ] --END-- [ RunTime:0.000331s ]
ERR: 无法加载模块:Application

[ 2017-05-27T11:52:45+08:00 ] 58.218.185.121 /coalball/Application/Common/Common/Uploads/2017-05-27/5928f6ccae051.jpg
INFO: [ app_init ] --START--
INFO: Run Behavior\BuildLiteBehavior [ RunTime:0.000014s ]
INFO: [ app_init ] --END-- [ RunTime:0.000289s ]
ERR: 无法加载模块:Application

[ 2017-05-27T11:52:54+08:00 ] 58.218.185.121 /coalball/Application/Common/Common/Uploads/2017-05-27/5928f809dfdd2.jpg
INFO: [ app_init ] --START--
INFO: Run Behavior\BuildLiteBehavior [ RunTime:0.000019s ]
INFO: [ app_init ] --END-- [ RunTime:0.000337s ]
ERR: 无法加载模块:Application

[ 2017-05-27T11:52:54+08:00 ] 58.218.185.121 /coalball/Application/Common/Common/Uploads/2017-05-27/5928f6ccae051.jpg
INFO: [ app_init ] --START--
INFO: Run Behavior\BuildLiteBehavior [ RunTime:0.000013s ]
INFO: [ app_init ] --END-- [ RunTime:0.000263s ]
ERR: 无法加载模块:Application

[ 2017-05-27T11:52:54+08:00 ] 58.218.185.121 /coalball/Application/Common/Common/Uploads/2017-05-27/5928f6cca82c3.jpg
INFO: [ app_init ] --START--
INFO: Run Behavior\BuildLiteBehavior [ RunTime:0.000013s ]
INFO: [ app_init ] --END-- [ RunTime:0.000227s ]
ERR: 无法加载模块:Application

[ 2017-05-27T11:53:18+08:00 ] 58.218.185.121 /coalball/Application/Common/Common/Uploads/2017-05-27/5928f82af408f.jpg
INFO: [ app_init ] --START--
INFO: Run Behavior\BuildLiteBehavior [ RunTime:0.000019s ]
INFO: [ app_init ] --END-- [ RunTime:0.000415s ]
ERR: 无法加载模块:Application

[ 2017-05-27T11:53:18+08:00 ] 58.218.185.121 /coalball/Application/Common/Common/Uploads/2017-05-27/5928f82b024b8.jpg
INFO: [ app_init ] --START--
INFO: Run Behavior\BuildLiteBehavior [ RunTime:0.000018s ]
INFO: [ app_init ] --END-- [ RunTime:0.000332s ]
ERR: 无法加载模块:Application

[ 2017-05-27T11:53:18+08:00 ] 58.218.185.121 /coalball/Application/Common/Common/Uploads/2017-05-27/5928f809dfdd2.jpg
INFO: [ app_init ] --START--
INFO: Run Behavior\BuildLiteBehavior [ RunTime:0.000015s ]
INFO: [ app_init ] --END-- [ RunTime:0.000271s ]
ERR: 无法加载模块:Application

[ 2017-05-27T11:53:18+08:00 ] 58.218.185.121 /coalball/Application/Common/Common/Uploads/2017-05-27/5928f6ccae051.jpg
INFO: [ app_init ] --START--
INFO: Run Behavior\BuildLiteBehavior [ RunTime:0.000019s ]
INFO: [ app_init ] --END-- [ RunTime:0.000352s ]
ERR: 无法加载模块:Application

[ 2017-05-27T11:53:18+08:00 ] 58.218.185.121 /coalball/Application/Common/Common/Uploads/2017-05-27/5928f6cca82c3.jpg
INFO: [ app_init ] --START--
INFO: Run Behavior\BuildLiteBehavior [ RunTime:0.000014s ]
INFO: [ app_init ] --END-- [ RunTime:0.000296s ]
ERR: 无法加载模块:Application

[ 2017-05-27T13:58:15+08:00 ] 58.218.185.121 /coalball/Application/Common/Common/Uploads/2017-05-20/5920642bef9fe.jpg
INFO: [ app_init ] --START--
INFO: Run Behavior\BuildLiteBehavior [ RunTime:0.000028s ]
INFO: [ app_init ] --END-- [ RunTime:0.000355s ]
ERR: 无法加载模块:Application

[ 2017-05-27T13:58:15+08:00 ] 58.218.185.121 /coalball/Application/Common/Common/Uploads/2017-05-20/5920642c00a7d.jpg
INFO: [ app_init ] --START--
INFO: Run Behavior\BuildLiteBehavior [ RunTime:0.000017s ]
INFO: [ app_init ] --END-- [ RunTime:0.000322s ]
ERR: 无法加载模块:Application

[ 2017-05-27T14:01:05+08:00 ] 58.218.185.121 /coalball/Application/Common/Common/Uploads/2017-05-27/5928f809dfdd2.jpg
INFO: [ app_init ] --START--
INFO: Run Behavior\BuildLiteBehavior [ RunTime:0.000017s ]
INFO: [ app_init ] --END-- [ RunTime:0.000326s ]
ERR: 无法加载模块:Application

[ 2017-05-27T14:01:05+08:00 ] 58.218.185.121 /coalball/Application/Common/Common/Uploads/2017-05-27/5928f82af408f.jpg
INFO: [ app_init ] --START--
INFO: Run Behavior\BuildLiteBehavior [ RunTime:0.000012s ]
INFO: [ app_init ] --END-- [ RunTime:0.000228s ]
ERR: 无法加载模块:Application

[ 2017-05-27T14:01:05+08:00 ] 58.218.185.121 /coalball/Application/Common/Common/Uploads/2017-05-27/5928f82b024b8.jpg
INFO: [ app_init ] --START--
INFO: Run Behavior\BuildLiteBehavior [ RunTime:0.000019s ]
INFO: [ app_init ] --END-- [ RunTime:0.000433s ]
ERR: 无法加载模块:Application

[ 2017-05-27T14:01:05+08:00 ] 58.218.185.121 /coalball/Application/Common/Common/Uploads/2017-05-27/5928f6ccae051.jpg
INFO: [ app_init ] --START--
INFO: Run Behavior\BuildLiteBehavior [ RunTime:0.000019s ]
INFO: [ app_init ] --END-- [ RunTime:0.000292s ]
ERR: 无法加载模块:Application

[ 2017-05-27T14:01:05+08:00 ] 58.218.185.121 /coalball/Application/Common/Common/Uploads/2017-05-27/5928f6cca82c3.jpg
INFO: [ app_init ] --START--
INFO: Run Behavior\BuildLiteBehavior [ RunTime:0.000015s ]
INFO: [ app_init ] --END-- [ RunTime:0.000280s ]
ERR: 无法加载模块:Application

[ 2017-05-27T14:01:25+08:00 ] 58.218.185.121 /coalball/Application/Common/Common/Uploads/2017-05-27/5928f6ccae051.jpg
INFO: [ app_init ] --START--
INFO: Run Behavior\BuildLiteBehavior [ RunTime:0.000014s ]
INFO: [ app_init ] --END-- [ RunTime:0.000238s ]
ERR: 无法加载模块:Application

[ 2017-05-27T14:01:25+08:00 ] 58.218.185.121 /coalball/Application/Common/Common/Uploads/2017-05-27/5928f809dfdd2.jpg
INFO: [ app_init ] --START--
INFO: Run Behavior\BuildLiteBehavior [ RunTime:0.000013s ]
INFO: [ app_init ] --END-- [ RunTime:0.000236s ]
ERR: 无法加载模块:Application

[ 2017-05-27T14:01:25+08:00 ] 58.218.185.121 /coalball/Application/Common/Common/Uploads/2017-05-27/59291631b1def.jpg
INFO: [ app_init ] --START--
INFO: Run Behavior\BuildLiteBehavior [ RunTime:0.000020s ]
INFO: [ app_init ] --END-- [ RunTime:0.000373s ]
ERR: 无法加载模块:Application

[ 2017-05-27T14:01:25+08:00 ] 58.218.185.121 /coalball/Application/Common/Common/Uploads/2017-05-27/5928f82af408f.jpg
INFO: [ app_init ] --START--
INFO: Run Behavior\BuildLiteBehavior [ RunTime:0.000022s ]
INFO: [ app_init ] --END-- [ RunTime:0.002770s ]
ERR: 无法加载模块:Application

[ 2017-05-27T14:01:25+08:00 ] 58.218.185.121 /coalball/Application/Common/Common/Uploads/2017-05-27/59291631b3a30.jpg
INFO: [ app_init ] --START--
INFO: Run Behavior\BuildLiteBehavior [ RunTime:0.000020s ]
INFO: [ app_init ] --END-- [ RunTime:0.000348s ]
ERR: 无法加载模块:Application

[ 2017-05-27T14:01:25+08:00 ] 58.218.185.121 /coalball/Application/Common/Common/Uploads/2017-05-27/5928f82b024b8.jpg
INFO: [ app_init ] --START--
INFO: Run Behavior\BuildLiteBehavior [ RunTime:0.000018s ]
INFO: [ app_init ] --END-- [ RunTime:0.000366s ]
ERR: 无法加载模块:Application

[ 2017-05-27T14:01:25+08:00 ] 58.218.185.121 /coalball/Application/Common/Common/Uploads/2017-05-27/5928f6cca82c3.jpg
INFO: [ app_init ] --START--
INFO: Run Behavior\BuildLiteBehavior [ RunTime:0.000014s ]
INFO: [ app_init ] --END-- [ RunTime:0.000277s ]
ERR: 无法加载模块:Application

[ 2017-05-27T14:02:48+08:00 ] 58.218.185.121 /coalball/Application/Common/Common/Uploads/2017-05-27/59291631b3a30.jpg
INFO: [ app_init ] --START--
INFO: Run Behavior\BuildLiteBehavior [ RunTime:0.000016s ]
INFO: [ app_init ] --END-- [ RunTime:0.000289s ]
ERR: 无法加载模块:Application

[ 2017-05-27T14:02:48+08:00 ] 58.218.185.121 /coalball/Application/Common/Common/Uploads/2017-05-27/5928f82af408f.jpg
INFO: [ app_init ] --START--
INFO: Run Behavior\BuildLiteBehavior [ RunTime:0.000013s ]
INFO: [ app_init ] --END-- [ RunTime:0.000227s ]
ERR: 无法加载模块:Application

[ 2017-05-27T14:02:48+08:00 ] 58.218.185.121 /coalball/Application/Common/Common/Uploads/2017-05-27/5928f809dfdd2.jpg
INFO: [ app_init ] --START--
INFO: Run Behavior\BuildLiteBehavior [ RunTime:0.000013s ]
INFO: [ app_init ] --END-- [ RunTime:0.000239s ]
ERR: 无法加载模块:Application

[ 2017-05-27T14:02:48+08:00 ] 58.218.185.121 /coalball/Application/Common/Common/Uploads/2017-05-27/5928f6cca82c3.jpg
INFO: [ app_init ] --START--
INFO: Run Behavior\BuildLiteBehavior [ RunTime:0.000020s ]
INFO: [ app_init ] --END-- [ RunTime:0.000760s ]
ERR: 无法加载模块:Application

[ 2017-05-27T14:02:48+08:00 ] 58.218.185.121 /coalball/Application/Common/Common/Uploads/2017-05-27/59291631b1def.jpg
INFO: [ app_init ] --START--
INFO: Run Behavior\BuildLiteBehavior [ RunTime:0.000018s ]
INFO: [ app_init ] --END-- [ RunTime:0.000416s ]
ERR: 无法加载模块:Application

[ 2017-05-27T14:02:48+08:00 ] 58.218.185.121 /coalball/Application/Common/Common/Uploads/2017-05-27/5928f82b024b8.jpg
INFO: [ app_init ] --START--
INFO: Run Behavior\BuildLiteBehavior [ RunTime:0.000014s ]
INFO: [ app_init ] --END-- [ RunTime:0.000254s ]
ERR: 无法加载模块:Application

[ 2017-05-27T14:02:48+08:00 ] 58.218.185.121 /coalball/Application/Common/Common/Uploads/2017-05-27/5928f6ccae051.jpg
INFO: [ app_init ] --START--
INFO: Run Behavior\BuildLiteBehavior [ RunTime:0.000013s ]
INFO: [ app_init ] --END-- [ RunTime:0.000225s ]
ERR: 无法加载模块:Application

[ 2017-05-27T14:02:50+08:00 ] 58.218.185.121 /coalball/Application/Common/Common/Uploads/2017-05-27/59291631b3a30.jpg
INFO: [ app_init ] --START--
INFO: Run Behavior\BuildLiteBehavior [ RunTime:0.000013s ]
INFO: [ app_init ] --END-- [ RunTime:0.000250s ]
ERR: 无法加载模块:Application

[ 2017-05-27T14:02:50+08:00 ] 58.218.185.121 /coalball/Application/Common/Common/Uploads/2017-05-27/5928f82af408f.jpg
INFO: [ app_init ] --START--
INFO: Run Behavior\BuildLiteBehavior [ RunTime:0.000015s ]
INFO: [ app_init ] --END-- [ RunTime:0.000302s ]
ERR: 无法加载模块:Application

[ 2017-05-27T14:02:50+08:00 ] 58.218.185.121 /coalball/Application/Common/Common/Uploads/2017-05-27/5928f809dfdd2.jpg
INFO: [ app_init ] --START--
INFO: Run Behavior\BuildLiteBehavior [ RunTime:0.000018s ]
INFO: [ app_init ] --END-- [ RunTime:0.000249s ]
ERR: 无法加载模块:Application

[ 2017-05-27T14:02:50+08:00 ] 58.218.185.121 /coalball/Application/Common/Common/Uploads/2017-05-27/59291631b1def.jpg
INFO: [ app_init ] --START--
INFO: Run Behavior\BuildLiteBehavior [ RunTime:0.000015s ]
INFO: [ app_init ] --END-- [ RunTime:0.000257s ]
ERR: 无法加载模块:Application

[ 2017-05-27T14:02:50+08:00 ] 58.218.185.121 /coalball/Application/Common/Common/Uploads/2017-05-27/5928f82b024b8.jpg
INFO: [ app_init ] --START--
INFO: Run Behavior\BuildLiteBehavior [ RunTime:0.000020s ]
INFO: [ app_init ] --END-- [ RunTime:0.000359s ]
ERR: 无法加载模块:Application

[ 2017-05-27T14:02:50+08:00 ] 58.218.185.121 /coalball/Application/Common/Common/Uploads/2017-05-27/5928f6cca82c3.jpg
INFO: [ app_init ] --START--
INFO: Run Behavior\BuildLiteBehavior [ RunTime:0.000014s ]
INFO: [ app_init ] --END-- [ RunTime:0.000269s ]
ERR: 无法加载模块:Application

[ 2017-05-27T14:02:50+08:00 ] 58.218.185.121 /coalball/Application/Common/Common/Uploads/2017-05-27/5928f6ccae051.jpg
INFO: [ app_init ] --START--
INFO: Run Behavior\BuildLiteBehavior [ RunTime:0.000014s ]
INFO: [ app_init ] --END-- [ RunTime:0.000335s ]
ERR: 无法加载模块:Application

[ 2017-05-27T14:02:51+08:00 ] 58.218.185.121 /coalball/Application/Common/Common/Uploads/2017-05-27/5928f6cca82c3.jpg
INFO: [ app_init ] --START--
INFO: Run Behavior\BuildLiteBehavior [ RunTime:0.000014s ]
INFO: [ app_init ] --END-- [ RunTime:0.000237s ]
ERR: 无法加载模块:Application

[ 2017-05-27T14:02:51+08:00 ] 58.218.185.121 /coalball/Application/Common/Common/Uploads/2017-05-27/5928f82af408f.jpg
INFO: [ app_init ] --START--
INFO: Run Behavior\BuildLiteBehavior [ RunTime:0.000018s ]
INFO: [ app_init ] --END-- [ RunTime:0.000236s ]
ERR: 无法加载模块:Application

[ 2017-05-27T14:02:51+08:00 ] 58.218.185.121 /coalball/Application/Common/Common/Uploads/2017-05-27/5928f809dfdd2.jpg
INFO: [ app_init ] --START--
INFO: Run Behavior\BuildLiteBehavior [ RunTime:0.000013s ]
INFO: [ app_init ] --END-- [ RunTime:0.000241s ]
ERR: 无法加载模块:Application

[ 2017-05-27T14:02:51+08:00 ] 58.218.185.121 /coalball/Application/Common/Common/Uploads/2017-05-27/59291631b3a30.jpg
INFO: [ app_init ] --START--
INFO: Run Behavior\BuildLiteBehavior [ RunTime:0.000018s ]
INFO: [ app_init ] --END-- [ RunTime:0.000529s ]
ERR: 无法加载模块:Application

[ 2017-05-27T14:02:51+08:00 ] 58.218.185.121 /coalball/Application/Common/Common/Uploads/2017-05-27/5928f82b024b8.jpg
INFO: [ app_init ] --START--
INFO: Run Behavior\BuildLiteBehavior [ RunTime:0.000012s ]
INFO: [ app_init ] --END-- [ RunTime:0.000278s ]
ERR: 无法加载模块:Application

[ 2017-05-27T14:02:51+08:00 ] 58.218.185.121 /coalball/Application/Common/Common/Uploads/2017-05-27/59291631b1def.jpg
INFO: [ app_init ] --START--
INFO: Run Behavior\BuildLiteBehavior [ RunTime:0.000013s ]
INFO: [ app_init ] --END-- [ RunTime:0.000223s ]
ERR: 无法加载模块:Application

[ 2017-05-27T14:02:51+08:00 ] 58.218.185.121 /coalball/Application/Common/Common/Uploads/2017-05-27/5928f6ccae051.jpg
INFO: [ app_init ] --START--
INFO: Run Behavior\BuildLiteBehavior [ RunTime:0.000019s ]
INFO: [ app_init ] --END-- [ RunTime:0.000365s ]
ERR: 无法加载模块:Application

[ 2017-05-27T14:02:53+08:00 ] 58.218.185.121 /coalball/Application/Common/Common/Uploads/2017-05-27/59291631b1def.jpg
INFO: [ app_init ] --START--
INFO: Run Behavior\BuildLiteBehavior [ RunTime:0.000018s ]
INFO: [ app_init ] --END-- [ RunTime:0.000352s ]
ERR: 无法加载模块:Application

[ 2017-05-27T14:02:53+08:00 ] 58.218.185.121 /coalball/Application/Common/Common/Uploads/2017-05-27/5928f82b024b8.jpg
INFO: [ app_init ] --START--
INFO: Run Behavior\BuildLiteBehavior [ RunTime:0.000020s ]
INFO: [ app_init ] --END-- [ RunTime:0.000371s ]
ERR: 无法加载模块:Application

[ 2017-05-27T14:02:53+08:00 ] 58.218.185.121 /coalball/Application/Common/Common/Uploads/2017-05-27/5928f82af408f.jpg
INFO: [ app_init ] --START--
INFO: Run Behavior\BuildLiteBehavior [ RunTime:0.000021s ]
INFO: [ app_init ] --END-- [ RunTime:0.000403s ]
ERR: 无法加载模块:Application

[ 2017-05-27T14:02:53+08:00 ] 58.218.185.121 /coalball/Application/Common/Common/Uploads/2017-05-27/5928f809dfdd2.jpg
INFO: [ app_init ] --START--
INFO: Run Behavior\BuildLiteBehavior [ RunTime:0.000013s ]
INFO: [ app_init ] --END-- [ RunTime:0.000228s ]
ERR: 无法加载模块:Application

[ 2017-05-27T14:02:53+08:00 ] 58.218.185.121 /coalball/Application/Common/Common/Uploads/2017-05-27/59291631b3a30.jpg
INFO: [ app_init ] --START--
INFO: Run Behavior\BuildLiteBehavior [ RunTime:0.000012s ]
INFO: [ app_init ] --END-- [ RunTime:0.000230s ]
ERR: 无法加载模块:Application

[ 2017-05-27T14:02:53+08:00 ] 58.218.185.121 /coalball/Application/Common/Common/Uploads/2017-05-27/5928f6ccae051.jpg
INFO: [ app_init ] --START--
INFO: Run Behavior\BuildLiteBehavior [ RunTime:0.000086s ]
INFO: [ app_init ] --END-- [ RunTime:0.000810s ]
ERR: 无法加载模块:Application

[ 2017-05-27T14:02:53+08:00 ] 58.218.185.121 /coalball/Application/Common/Common/Uploads/2017-05-27/5928f6cca82c3.jpg
INFO: [ app_init ] --START--
INFO: Run Behavior\BuildLiteBehavior [ RunTime:0.000014s ]
INFO: [ app_init ] --END-- [ RunTime:0.000287s ]
ERR: 无法加载模块:Application

[ 2017-05-27T14:02:54+08:00 ] 58.218.185.121 /coalball/Application/Common/Common/Uploads/2017-05-27/59291631b1def.jpg
INFO: [ app_init ] --START--
INFO: Run Behavior\BuildLiteBehavior [ RunTime:0.000014s ]
INFO: [ app_init ] --END-- [ RunTime:0.000262s ]
ERR: 无法加载模块:Application

[ 2017-05-27T14:02:54+08:00 ] 58.218.185.121 /coalball/Application/Common/Common/Uploads/2017-05-27/59291631b3a30.jpg
INFO: [ app_init ] --START--
INFO: Run Behavior\BuildLiteBehavior [ RunTime:0.000019s ]
INFO: [ app_init ] --END-- [ RunTime:0.000300s ]
ERR: 无法加载模块:Application

[ 2017-05-27T14:02:54+08:00 ] 58.218.185.121 /coalball/Application/Common/Common/Uploads/2017-05-27/5928f82b024b8.jpg
INFO: [ app_init ] --START--
INFO: Run Behavior\BuildLiteBehavior [ RunTime:0.000013s ]
INFO: [ app_init ] --END-- [ RunTime:0.000224s ]
ERR: 无法加载模块:Application

[ 2017-05-27T14:02:54+08:00 ] 58.218.185.121 /coalball/Application/Common/Common/Uploads/2017-05-27/5928f809dfdd2.jpg
INFO: [ app_init ] --START--
INFO: Run Behavior\BuildLiteBehavior [ RunTime:0.000019s ]
INFO: [ app_init ] --END-- [ RunTime:0.000377s ]
ERR: 无法加载模块:Application

[ 2017-05-27T14:02:54+08:00 ] 58.218.185.121 /coalball/Application/Common/Common/Uploads/2017-05-27/5928f6cca82c3.jpg
INFO: [ app_init ] --START--
INFO: Run Behavior\BuildLiteBehavior [ RunTime:0.000017s ]
INFO: [ app_init ] --END-- [ RunTime:0.000308s ]
ERR: 无法加载模块:Application

[ 2017-05-27T14:02:54+08:00 ] 58.218.185.121 /coalball/Application/Common/Common/Uploads/2017-05-27/5928f82af408f.jpg
INFO: [ app_init ] --START--
INFO: Run Behavior\BuildLiteBehavior [ RunTime:0.000019s ]
INFO: [ app_init ] --END-- [ RunTime:0.000352s ]
ERR: 无法加载模块:Application

[ 2017-05-27T14:02:54+08:00 ] 58.218.185.121 /coalball/Application/Common/Common/Uploads/2017-05-27/5928f6ccae051.jpg
INFO: [ app_init ] --START--
INFO: Run Behavior\BuildLiteBehavior [ RunTime:0.000012s ]
INFO: [ app_init ] --END-- [ RunTime:0.000281s ]
ERR: 无法加载模块:Application

[ 2017-05-27T14:03:19+08:00 ] 58.218.185.121 /coalball/Application/Common/Common/Uploads/2017-05-27/59291631b1def.jpg
INFO: [ app_init ] --START--
INFO: Run Behavior\BuildLiteBehavior [ RunTime:0.000020s ]
INFO: [ app_init ] --END-- [ RunTime:0.000390s ]
ERR: 无法加载模块:Application

[ 2017-05-27T14:03:19+08:00 ] 58.218.185.121 /coalball/Application/Common/Common/Uploads/2017-05-27/59291631b3a30.jpg
INFO: [ app_init ] --START--
INFO: Run Behavior\BuildLiteBehavior [ RunTime:0.000025s ]
INFO: [ app_init ] --END-- [ RunTime:0.000457s ]
ERR: 无法加载模块:Application

[ 2017-05-27T14:03:19+08:00 ] 58.218.185.121 /coalball/Application/Common/Common/Uploads/2017-05-27/5928f82af408f.jpg
INFO: [ app_init ] --START--
INFO: Run Behavior\BuildLiteBehavior [ RunTime:0.000026s ]
INFO: [ app_init ] --END-- [ RunTime:0.000474s ]
ERR: 无法加载模块:Application

[ 2017-05-27T14:03:19+08:00 ] 58.218.185.121 /coalball/Application/Common/Common/Uploads/2017-05-27/5928f82b024b8.jpg
INFO: [ app_init ] --START--
INFO: Run Behavior\BuildLiteBehavior [ RunTime:0.000019s ]
INFO: [ app_init ] --END-- [ RunTime:0.000372s ]
ERR: 无法加载模块:Application

[ 2017-05-27T14:03:19+08:00 ] 58.218.185.121 /coalball/Application/Common/Common/Uploads/2017-05-27/5928f809dfdd2.jpg
INFO: [ app_init ] --START--
INFO: Run Behavior\BuildLiteBehavior [ RunTime:0.000019s ]
INFO: [ app_init ] --END-- [ RunTime:0.000570s ]
ERR: 无法加载模块:Application

[ 2017-05-27T14:03:19+08:00 ] 58.218.185.121 /coalball/Application/Common/Common/Uploads/2017-05-27/5928f6cca82c3.jpg
INFO: [ app_init ] --START--
INFO: Run Behavior\BuildLiteBehavior [ RunTime:0.000018s ]
INFO: [ app_init ] --END-- [ RunTime:0.000428s ]
ERR: 无法加载模块:Application

[ 2017-05-27T14:03:19+08:00 ] 58.218.185.121 /coalball/Application/Common/Common/Uploads/2017-05-27/5928f6ccae051.jpg
INFO: [ app_init ] --START--
INFO: Run Behavior\BuildLiteBehavior [ RunTime:0.000021s ]
INFO: [ app_init ] --END-- [ RunTime:0.000379s ]
ERR: 无法加载模块:Application

[ 2017-05-27T14:03:37+08:00 ] 58.218.185.121 /coalball/Application/Common/Common/Uploads/2017-05-27/59291631b1def.jpg
INFO: [ app_init ] --START--
INFO: Run Behavior\BuildLiteBehavior [ RunTime:0.000018s ]
INFO: [ app_init ] --END-- [ RunTime:0.000331s ]
ERR: 无法加载模块:Application

[ 2017-05-27T14:03:37+08:00 ] 58.218.185.121 /coalball/Application/Common/Common/Uploads/2017-05-27/59291631b3a30.jpg
INFO: [ app_init ] --START--
INFO: Run Behavior\BuildLiteBehavior [ RunTime:0.000016s ]
INFO: [ app_init ] --END-- [ RunTime:0.000369s ]
ERR: 无法加载模块:Application

[ 2017-05-27T14:03:37+08:00 ] 58.218.185.121 /coalball/Application/Common/Common/Uploads/2017-05-27/5928f82af408f.jpg
INFO: [ app_init ] --START--
INFO: Run Behavior\BuildLiteBehavior [ RunTime:0.000018s ]
INFO: [ app_init ] --END-- [ RunTime:0.000347s ]
ERR: 无法加载模块:Application

[ 2017-05-27T14:03:37+08:00 ] 58.218.185.121 /coalball/Application/Common/Common/Uploads/2017-05-27/5928f6ccae051.jpg
INFO: [ app_init ] --START--
INFO: Run Behavior\BuildLiteBehavior [ RunTime:0.000024s ]
INFO: [ app_init ] --END-- [ RunTime:0.000510s ]
ERR: 无法加载模块:Application

[ 2017-05-27T14:03:37+08:00 ] 58.218.185.121 /coalball/Application/Common/Common/Uploads/2017-05-27/5928f6cca82c3.jpg
INFO: [ app_init ] --START--
INFO: Run Behavior\BuildLiteBehavior [ RunTime:0.000020s ]
INFO: [ app_init ] --END-- [ RunTime:0.000340s ]
ERR: 无法加载模块:Application

[ 2017-05-27T14:03:37+08:00 ] 58.218.185.121 /coalball/Application/Common/Common/Uploads/2017-05-27/5928f809dfdd2.jpg
INFO: [ app_init ] --START--
INFO: Run Behavior\BuildLiteBehavior [ RunTime:0.000017s ]
INFO: [ app_init ] --END-- [ RunTime:0.000331s ]
ERR: 无法加载模块:Application

[ 2017-05-27T14:03:37+08:00 ] 58.218.185.121 /coalball/Application/Common/Common/Uploads/2017-05-27/5928f82b024b8.jpg
INFO: [ app_init ] --START--
INFO: Run Behavior\BuildLiteBehavior [ RunTime:0.000018s ]
INFO: [ app_init ] --END-- [ RunTime:0.000328s ]
ERR: 无法加载模块:Application

[ 2017-05-27T14:03:39+08:00 ] 58.218.185.121 /coalball/Application/Common/Common/Uploads/2017-05-20/5920642bef9fe.jpg
INFO: [ app_init ] --START--
INFO: Run Behavior\BuildLiteBehavior [ RunTime:0.000016s ]
INFO: [ app_init ] --END-- [ RunTime:0.000360s ]
ERR: 无法加载模块:Application

[ 2017-05-27T14:03:39+08:00 ] 58.218.185.121 /coalball/Application/Common/Common/Uploads/2017-05-20/5920642c00a7d.jpg
INFO: [ app_init ] --START--
INFO: Run Behavior\BuildLiteBehavior [ RunTime:0.000014s ]
INFO: [ app_init ] --END-- [ RunTime:0.000262s ]
ERR: 无法加载模块:Application

[ 2017-05-27T14:05:28+08:00 ] 58.218.185.121 /coalball/Application/Common/Common/Uploads/2017-05-27/59291631b1def.jpg
INFO: [ app_init ] --START--
INFO: Run Behavior\BuildLiteBehavior [ RunTime:0.000015s ]
INFO: [ app_init ] --END-- [ RunTime:0.000254s ]
ERR: 无法加载模块:Application

[ 2017-05-27T14:05:28+08:00 ] 58.218.185.121 /coalball/Application/Common/Common/Uploads/2017-05-27/5928f809dfdd2.jpg
INFO: [ app_init ] --START--
INFO: Run Behavior\BuildLiteBehavior [ RunTime:0.000019s ]
INFO: [ app_init ] --END-- [ RunTime:0.000340s ]
ERR: 无法加载模块:Application

[ 2017-05-27T14:05:28+08:00 ] 58.218.185.121 /coalball/Application/Common/Common/Uploads/2017-05-27/5928f82af408f.jpg
INFO: [ app_init ] --START--
INFO: Run Behavior\BuildLiteBehavior [ RunTime:0.000014s ]
INFO: [ app_init ] --END-- [ RunTime:0.000242s ]
ERR: 无法加载模块:Application

[ 2017-05-27T14:05:28+08:00 ] 58.218.185.121 /coalball/Application/Common/Common/Uploads/2017-05-27/5928f82b024b8.jpg
INFO: [ app_init ] --START--
INFO: Run Behavior\BuildLiteBehavior [ RunTime:0.000014s ]
INFO: [ app_init ] --END-- [ RunTime:0.000238s ]
ERR: 无法加载模块:Application

[ 2017-05-27T14:05:28+08:00 ] 58.218.185.121 /coalball/Application/Common/Common/Uploads/2017-05-27/59291631b3a30.jpg
INFO: [ app_init ] --START--
INFO: Run Behavior\BuildLiteBehavior [ RunTime:0.000018s ]
INFO: [ app_init ] --END-- [ RunTime:0.000356s ]
ERR: 无法加载模块:Application

[ 2017-05-27T14:05:28+08:00 ] 58.218.185.121 /coalball/Application/Common/Common/Uploads/2017-05-27/5928f6ccae051.jpg
INFO: [ app_init ] --START--
INFO: Run Behavior\BuildLiteBehavior [ RunTime:0.000013s ]
INFO: [ app_init ] --END-- [ RunTime:0.000280s ]
ERR: 无法加载模块:Application

[ 2017-05-27T14:05:28+08:00 ] 58.218.185.121 /coalball/Application/Common/Common/Uploads/2017-05-27/5928f6cca82c3.jpg
INFO: [ app_init ] --START--
INFO: Run Behavior\BuildLiteBehavior [ RunTime:0.000014s ]
INFO: [ app_init ] --END-- [ RunTime:0.000289s ]
ERR: 无法加载模块:Application

[ 2017-05-27T14:06:26+08:00 ] 58.218.185.121 /coalball/Application/Common/Common/Uploads/2017-05-27/59291631b1def.jpg
INFO: [ app_init ] --START--
INFO: Run Behavior\BuildLiteBehavior [ RunTime:0.000020s ]
INFO: [ app_init ] --END-- [ RunTime:0.000374s ]
ERR: 无法加载模块:Application

[ 2017-05-27T14:06:26+08:00 ] 58.218.185.121 /coalball/Application/Common/Common/Uploads/2017-05-27/5928f6ccae051.jpg
INFO: [ app_init ] --START--
INFO: Run Behavior\BuildLiteBehavior [ RunTime:0.000018s ]
INFO: [ app_init ] --END-- [ RunTime:0.000278s ]
ERR: 无法加载模块:Application

[ 2017-05-27T14:06:26+08:00 ] 58.218.185.121 /coalball/Application/Common/Common/Uploads/2017-05-27/5928f82af408f.jpg
INFO: [ app_init ] --START--
INFO: Run Behavior\BuildLiteBehavior [ RunTime:0.000016s ]
INFO: [ app_init ] --END-- [ RunTime:0.000245s ]
ERR: 无法加载模块:Application

[ 2017-05-27T14:06:26+08:00 ] 58.218.185.121 /coalball/Application/Common/Common/Uploads/2017-05-27/59291631b3a30.jpg
INFO: [ app_init ] --START--
INFO: Run Behavior\BuildLiteBehavior [ RunTime:0.000017s ]
INFO: [ app_init ] --END-- [ RunTime:0.000319s ]
ERR: 无法加载模块:Application

[ 2017-05-27T14:06:26+08:00 ] 58.218.185.121 /coalball/Application/Common/Common/Uploads/2017-05-27/5928f82b024b8.jpg
INFO: [ app_init ] --START--
INFO: Run Behavior\BuildLiteBehavior [ RunTime:0.000014s ]
INFO: [ app_init ] --END-- [ RunTime:0.000336s ]
ERR: 无法加载模块:Application

[ 2017-05-27T14:06:26+08:00 ] 58.218.185.121 /coalball/Application/Common/Common/Uploads/2017-05-27/5928f809dfdd2.jpg
INFO: [ app_init ] --START--
INFO: Run Behavior\BuildLiteBehavior [ RunTime:0.000020s ]
INFO: [ app_init ] --END-- [ RunTime:0.000288s ]
ERR: 无法加载模块:Application

[ 2017-05-27T14:06:26+08:00 ] 58.218.185.121 /coalball/Application/Common/Common/Uploads/2017-05-27/5928f6cca82c3.jpg
INFO: [ app_init ] --START--
INFO: Run Behavior\BuildLiteBehavior [ RunTime:0.000019s ]
INFO: [ app_init ] --END-- [ RunTime:0.000341s ]
ERR: 无法加载模块:Application

[ 2017-05-27T14:06:27+08:00 ] 58.218.185.121 /coalball/Application/Common/Common/Uploads/2017-05-20/5920642c00a7d.jpg
INFO: [ app_init ] --START--
INFO: Run Behavior\BuildLiteBehavior [ RunTime:0.000020s ]
INFO: [ app_init ] --END-- [ RunTime:0.000399s ]
ERR: 无法加载模块:Application

[ 2017-05-27T14:06:27+08:00 ] 58.218.185.121 /coalball/Application/Common/Common/Uploads/2017-05-20/5920642bef9fe.jpg
INFO: [ app_init ] --START--
INFO: Run Behavior\BuildLiteBehavior [ RunTime:0.000019s ]
INFO: [ app_init ] --END-- [ RunTime:0.000345s ]
ERR: 无法加载模块:Application

[ 2017-05-27T15:49:20+08:00 ] 58.218.185.121 /coalball/Application/Common/Common/Uploads/2017-05-27/5928f6ccae051.jpg
INFO: [ app_init ] --START--
INFO: Run Behavior\BuildLiteBehavior [ RunTime:0.000019s ]
INFO: [ app_init ] --END-- [ RunTime:0.000359s ]
ERR: 无法加载模块:Application

[ 2017-05-27T15:49:20+08:00 ] 58.218.185.121 /coalball/Application/Common/Common/Uploads/2017-05-27/5928f82b024b8.jpg
INFO: [ app_init ] --START--
INFO: Run Behavior\BuildLiteBehavior [ RunTime:0.000035s ]
INFO: [ app_init ] --END-- [ RunTime:0.000364s ]
ERR: 无法加载模块:Application

[ 2017-05-27T15:49:20+08:00 ] 58.218.185.121 /coalball/Application/Common/Common/Uploads/2017-05-27/59291631b1def.jpg
INFO: [ app_init ] --START--
INFO: Run Behavior\BuildLiteBehavior [ RunTime:0.000016s ]
INFO: [ app_init ] --END-- [ RunTime:0.000349s ]
ERR: 无法加载模块:Application

[ 2017-05-27T15:49:20+08:00 ] 58.218.185.121 /coalball/Application/Common/Common/Uploads/2017-05-27/5928f82af408f.jpg
INFO: [ app_init ] --START--
INFO: Run Behavior\BuildLiteBehavior [ RunTime:0.000018s ]
INFO: [ app_init ] --END-- [ RunTime:0.000563s ]
ERR: 无法加载模块:Application

[ 2017-05-27T15:49:20+08:00 ] 58.218.185.121 /coalball/Application/Common/Common/Uploads/2017-05-27/59291631b3a30.jpg
INFO: [ app_init ] --START--
INFO: Run Behavior\BuildLiteBehavior [ RunTime:0.000017s ]
INFO: [ app_init ] --END-- [ RunTime:0.000340s ]
ERR: 无法加载模块:Application

[ 2017-05-27T15:49:20+08:00 ] 58.218.185.121 /coalball/Application/Common/Common/Uploads/2017-05-27/5928f809dfdd2.jpg
INFO: [ app_init ] --START--
INFO: Run Behavior\BuildLiteBehavior [ RunTime:0.000014s ]
INFO: [ app_init ] --END-- [ RunTime:0.000423s ]
ERR: 无法加载模块:Application

[ 2017-05-27T15:49:20+08:00 ] 58.218.185.121 /coalball/Application/Common/Common/Uploads/2017-05-27/5928f6cca82c3.jpg
INFO: [ app_init ] --START--
INFO: Run Behavior\BuildLiteBehavior [ RunTime:0.000015s ]
INFO: [ app_init ] --END-- [ RunTime:0.000250s ]
ERR: 无法加载模块:Application

[ 2017-05-27T15:49:25+08:00 ] 58.218.185.121 /coalball/Application/Common/Common/Uploads/2017-05-27/5928f82af408f.jpg
INFO: [ app_init ] --START--
INFO: Run Behavior\BuildLiteBehavior [ RunTime:0.000019s ]
INFO: [ app_init ] --END-- [ RunTime:0.000370s ]
ERR: 无法加载模块:Application

[ 2017-05-27T15:49:25+08:00 ] 58.218.185.121 /coalball/Application/Common/Common/Uploads/2017-05-27/5928f82b024b8.jpg
INFO: [ app_init ] --START--
INFO: Run Behavior\BuildLiteBehavior [ RunTime:0.000019s ]
INFO: [ app_init ] --END-- [ RunTime:0.000369s ]
ERR: 无法加载模块:Application

[ 2017-05-27T15:49:25+08:00 ] 58.218.185.121 /coalball/Application/Common/Common/Uploads/2017-05-27/5928f809dfdd2.jpg
INFO: [ app_init ] --START--
INFO: Run Behavior\BuildLiteBehavior [ RunTime:0.000019s ]
INFO: [ app_init ] --END-- [ RunTime:0.000339s ]
ERR: 无法加载模块:Application

[ 2017-05-27T15:49:25+08:00 ] 58.218.185.121 /coalball/Application/Common/Common/Uploads/2017-05-27/5928f6cca82c3.jpg
INFO: [ app_init ] --START--
INFO: Run Behavior\BuildLiteBehavior [ RunTime:0.000020s ]
INFO: [ app_init ] --END-- [ RunTime:0.000383s ]
ERR: 无法加载模块:Application

[ 2017-05-27T15:49:25+08:00 ] 58.218.185.121 /coalball/Application/Common/Common/Uploads/2017-05-27/5928f6ccae051.jpg
INFO: [ app_init ] --START--
INFO: Run Behavior\BuildLiteBehavior [ RunTime:0.000020s ]
INFO: [ app_init ] --END-- [ RunTime:0.000348s ]
ERR: 无法加载模块:Application

[ 2017-05-27T15:49:25+08:00 ] 58.218.185.121 /coalball/Application/Common/Common/Uploads/2017-05-27/59291631b1def.jpg
INFO: [ app_init ] --START--
INFO: Run Behavior\BuildLiteBehavior [ RunTime:0.000020s ]
INFO: [ app_init ] --END-- [ RunTime:0.000318s ]
ERR: 无法加载模块:Application

[ 2017-05-27T15:49:26+08:00 ] 58.218.185.121 /coalball/Application/Common/Common/Uploads/2017-05-27/59291631b3a30.jpg
INFO: [ app_init ] --START--
INFO: Run Behavior\BuildLiteBehavior [ RunTime:0.000015s ]
INFO: [ app_init ] --END-- [ RunTime:0.000285s ]
ERR: 无法加载模块:Application

[ 2017-05-27T16:01:24+08:00 ] 58.218.185.121 /coalball/Application/Common/Common/Uploads/2017-05-27/59291631b1def.jpg
INFO: [ app_init ] --START--
INFO: Run Behavior\BuildLiteBehavior [ RunTime:0.000021s ]
INFO: [ app_init ] --END-- [ RunTime:0.000388s ]
ERR: 无法加载模块:Application

[ 2017-05-27T16:01:24+08:00 ] 58.218.185.121 /coalball/Application/Common/Common/Uploads/2017-05-27/59291631b3a30.jpg
INFO: [ app_init ] --START--
INFO: Run Behavior\BuildLiteBehavior [ RunTime:0.000019s ]
INFO: [ app_init ] --END-- [ RunTime:0.000377s ]
ERR: 无法加载模块:Application

[ 2017-05-27T16:01:24+08:00 ] 58.218.185.121 /coalball/Application/Common/Common/Uploads/2017-05-27/5928f82af408f.jpg
INFO: [ app_init ] --START--
INFO: Run Behavior\BuildLiteBehavior [ RunTime:0.000020s ]
INFO: [ app_init ] --END-- [ RunTime:0.000406s ]
ERR: 无法加载模块:Application

[ 2017-05-27T16:01:24+08:00 ] 58.218.185.121 /coalball/Application/Common/Common/Uploads/2017-05-27/5928f82b024b8.jpg
INFO: [ app_init ] --START--
INFO: Run Behavior\BuildLiteBehavior [ RunTime:0.000019s ]
INFO: [ app_init ] --END-- [ RunTime:0.000367s ]
ERR: 无法加载模块:Application

[ 2017-05-27T16:01:24+08:00 ] 58.218.185.121 /coalball/Application/Common/Common/Uploads/2017-05-27/5928f6cca82c3.jpg
INFO: [ app_init ] --START--
INFO: Run Behavior\BuildLiteBehavior [ RunTime:0.000042s ]
INFO: [ app_init ] --END-- [ RunTime:0.000360s ]
ERR: 无法加载模块:Application

[ 2017-05-27T16:01:24+08:00 ] 58.218.185.121 /coalball/Application/Common/Common/Uploads/2017-05-27/5928f6ccae051.jpg
INFO: [ app_init ] --START--
INFO: Run Behavior\BuildLiteBehavior [ RunTime:0.000020s ]
INFO: [ app_init ] --END-- [ RunTime:0.000364s ]
ERR: 无法加载模块:Application

[ 2017-05-27T16:01:24+08:00 ] 58.218.185.121 /coalball/Application/Common/Common/Uploads/2017-05-27/5928f809dfdd2.jpg
INFO: [ app_init ] --START--
INFO: Run Behavior\BuildLiteBehavior [ RunTime:0.000014s ]
INFO: [ app_init ] --END-- [ RunTime:0.000257s ]
ERR: 无法加载模块:Application

[ 2017-05-27T16:01:25+08:00 ] 58.218.185.121 /coalball/Application/Common/Common/Uploads/2017-05-27/5928f82af408f.jpg
INFO: [ app_init ] --START--
INFO: Run Behavior\BuildLiteBehavior [ RunTime:0.000017s ]
INFO: [ app_init ] --END-- [ RunTime:0.000319s ]
ERR: 无法加载模块:Application

[ 2017-05-27T16:01:25+08:00 ] 58.218.185.121 /coalball/Application/Common/Common/Uploads/2017-05-27/59291631b1def.jpg
INFO: [ app_init ] --START--
INFO: Run Behavior\BuildLiteBehavior [ RunTime:0.000019s ]
INFO: [ app_init ] --END-- [ RunTime:0.000395s ]
ERR: 无法加载模块:Application

[ 2017-05-27T16:01:25+08:00 ] 58.218.185.121 /coalball/Application/Common/Common/Uploads/2017-05-27/5928f82b024b8.jpg
INFO: [ app_init ] --START--
INFO: Run Behavior\BuildLiteBehavior [ RunTime:0.000014s ]
INFO: [ app_init ] --END-- [ RunTime:0.000232s ]
ERR: 无法加载模块:Application

[ 2017-05-27T16:01:25+08:00 ] 58.218.185.121 /coalball/Application/Common/Common/Uploads/2017-05-27/5928f6cca82c3.jpg
INFO: [ app_init ] --START--
INFO: Run Behavior\BuildLiteBehavior [ RunTime:0.000019s ]
INFO: [ app_init ] --END-- [ RunTime:0.000280s ]
ERR: 无法加载模块:Application

[ 2017-05-27T16:01:25+08:00 ] 58.218.185.121 /coalball/Application/Common/Common/Uploads/2017-05-27/5928f809dfdd2.jpg
INFO: [ app_init ] --START--
INFO: Run Behavior\BuildLiteBehavior [ RunTime:0.000019s ]
INFO: [ app_init ] --END-- [ RunTime:0.000317s ]
ERR: 无法加载模块:Application

[ 2017-05-27T16:01:25+08:00 ] 58.218.185.121 /coalball/Application/Common/Common/Uploads/2017-05-27/59291631b3a30.jpg
INFO: [ app_init ] --START--
INFO: Run Behavior\BuildLiteBehavior [ RunTime:0.000014s ]
INFO: [ app_init ] --END-- [ RunTime:0.000250s ]
ERR: 无法加载模块:Application

[ 2017-05-27T16:01:25+08:00 ] 58.218.185.121 /coalball/Application/Common/Common/Uploads/2017-05-27/5928f6ccae051.jpg
INFO: [ app_init ] --START--
INFO: Run Behavior\BuildLiteBehavior [ RunTime:0.000014s ]
INFO: [ app_init ] --END-- [ RunTime:0.000289s ]
ERR: 无法加载模块:Application

[ 2017-05-27T16:01:26+08:00 ] 58.218.185.121 /coalball/Application/Common/Common/Uploads/2017-05-27/59291631b3a30.jpg
INFO: [ app_init ] --START--
INFO: Run Behavior\BuildLiteBehavior [ RunTime:0.000014s ]
INFO: [ app_init ] --END-- [ RunTime:0.000267s ]
ERR: 无法加载模块:Application

[ 2017-05-27T16:01:26+08:00 ] 58.218.185.121 /coalball/Application/Common/Common/Uploads/2017-05-27/5928f82af408f.jpg
INFO: [ app_init ] --START--
INFO: Run Behavior\BuildLiteBehavior [ RunTime:0.000019s ]
INFO: [ app_init ] --END-- [ RunTime:0.000348s ]
ERR: 无法加载模块:Application

[ 2017-05-27T16:01:26+08:00 ] 58.218.185.121 /coalball/Application/Common/Common/Uploads/2017-05-27/5928f82b024b8.jpg
INFO: [ app_init ] --START--
INFO: Run Behavior\BuildLiteBehavior [ RunTime:0.000019s ]
INFO: [ app_init ] --END-- [ RunTime:0.000351s ]
ERR: 无法加载模块:Application

[ 2017-05-27T16:01:26+08:00 ] 58.218.185.121 /coalball/Application/Common/Common/Uploads/2017-05-27/59291631b1def.jpg
INFO: [ app_init ] --START--
INFO: Run Behavior\BuildLiteBehavior [ RunTime:0.000015s ]
INFO: [ app_init ] --END-- [ RunTime:0.000234s ]
ERR: 无法加载模块:Application

[ 2017-05-27T16:01:26+08:00 ] 58.218.185.121 /coalball/Application/Common/Common/Uploads/2017-05-27/5928f6ccae051.jpg
INFO: [ app_init ] --START--
INFO: Run Behavior\BuildLiteBehavior [ RunTime:0.000021s ]
INFO: [ app_init ] --END-- [ RunTime:0.000377s ]
ERR: 无法加载模块:Application

[ 2017-05-27T16:01:26+08:00 ] 58.218.185.121 /coalball/Application/Common/Common/Uploads/2017-05-27/5928f809dfdd2.jpg
INFO: [ app_init ] --START--
INFO: Run Behavior\BuildLiteBehavior [ RunTime:0.000019s ]
INFO: [ app_init ] --END-- [ RunTime:0.000390s ]
ERR: 无法加载模块:Application

[ 2017-05-27T16:01:26+08:00 ] 58.218.185.121 /coalball/Application/Common/Common/Uploads/2017-05-27/5928f6cca82c3.jpg
INFO: [ app_init ] --START--
INFO: Run Behavior\BuildLiteBehavior [ RunTime:0.000020s ]
INFO: [ app_init ] --END-- [ RunTime:0.000414s ]
ERR: 无法加载模块:Application

[ 2017-05-27T16:01:36+08:00 ] 58.218.185.121 /coalball/Application/Common/Common/Uploads/2017-05-27/5928f82af408f.jpg
INFO: [ app_init ] --START--
INFO: Run Behavior\BuildLiteBehavior [ RunTime:0.000021s ]
INFO: [ app_init ] --END-- [ RunTime:0.000324s ]
ERR: 无法加载模块:Application

[ 2017-05-27T16:01:36+08:00 ] 58.218.185.121 /coalball/Application/Common/Common/Uploads/2017-05-27/5928f809dfdd2.jpg
INFO: [ app_init ] --START--
INFO: Run Behavior\BuildLiteBehavior [ RunTime:0.000018s ]
INFO: [ app_init ] --END-- [ RunTime:0.000374s ]
ERR: 无法加载模块:Application

[ 2017-05-27T16:01:36+08:00 ] 58.218.185.121 /coalball/Application/Common/Common/Uploads/2017-05-27/59291631b3a30.jpg
INFO: [ app_init ] --START--
INFO: Run Behavior\BuildLiteBehavior [ RunTime:0.000025s ]
INFO: [ app_init ] --END-- [ RunTime:0.000473s ]
ERR: 无法加载模块:Application

[ 2017-05-27T16:01:36+08:00 ] 58.218.185.121 /coalball/Application/Common/Common/Uploads/2017-05-27/5928f82b024b8.jpg
INFO: [ app_init ] --START--
INFO: Run Behavior\BuildLiteBehavior [ RunTime:0.000021s ]
INFO: [ app_init ] --END-- [ RunTime:0.000684s ]
ERR: 无法加载模块:Application

[ 2017-05-27T16:01:36+08:00 ] 58.218.185.121 /coalball/Application/Common/Common/Uploads/2017-05-27/5928f6cca82c3.jpg
INFO: [ app_init ] --START--
INFO: Run Behavior\BuildLiteBehavior [ RunTime:0.000018s ]
INFO: [ app_init ] --END-- [ RunTime:0.000411s ]
ERR: 无法加载模块:Application

[ 2017-05-27T16:01:36+08:00 ] 58.218.185.121 /coalball/Application/Common/Common/Uploads/2017-05-27/59291631b1def.jpg
INFO: [ app_init ] --START--
INFO: Run Behavior\BuildLiteBehavior [ RunTime:0.000018s ]
INFO: [ app_init ] --END-- [ RunTime:0.000353s ]
ERR: 无法加载模块:Application

[ 2017-05-27T16:01:36+08:00 ] 58.218.185.121 /coalball/Application/Common/Common/Uploads/2017-05-27/5928f6ccae051.jpg
INFO: [ app_init ] --START--
INFO: Run Behavior\BuildLiteBehavior [ RunTime:0.000013s ]
INFO: [ app_init ] --END-- [ RunTime:0.000269s ]
ERR: 无法加载模块:Application

[ 2017-05-27T16:01:37+08:00 ] 58.218.185.121 /coalball/Application/Common/Common/Uploads/2017-05-27/5928f82b024b8.jpg
INFO: [ app_init ] --START--
INFO: Run Behavior\BuildLiteBehavior [ RunTime:0.000020s ]
INFO: [ app_init ] --END-- [ RunTime:0.000383s ]
ERR: 无法加载模块:Application

[ 2017-05-27T16:01:37+08:00 ] 58.218.185.121 /coalball/Application/Common/Common/Uploads/2017-05-27/5928f82af408f.jpg
INFO: [ app_init ] --START--
INFO: Run Behavior\BuildLiteBehavior [ RunTime:0.000019s ]
INFO: [ app_init ] --END-- [ RunTime:0.000364s ]
ERR: 无法加载模块:Application

[ 2017-05-27T16:01:37+08:00 ] 58.218.185.121 /coalball/Application/Common/Common/Uploads/2017-05-27/5928f809dfdd2.jpg
INFO: [ app_init ] --START--
INFO: Run Behavior\BuildLiteBehavior [ RunTime:0.000019s ]
INFO: [ app_init ] --END-- [ RunTime:0.000384s ]
ERR: 无法加载模块:Application

[ 2017-05-27T16:01:37+08:00 ] 58.218.185.121 /coalball/Application/Common/Common/Uploads/2017-05-27/59291631b3a30.jpg
INFO: [ app_init ] --START--
INFO: Run Behavior\BuildLiteBehavior [ RunTime:0.000020s ]
INFO: [ app_init ] --END-- [ RunTime:0.000370s ]
ERR: 无法加载模块:Application

[ 2017-05-27T16:01:37+08:00 ] 58.218.185.121 /coalball/Application/Common/Common/Uploads/2017-05-27/5928f6cca82c3.jpg
INFO: [ app_init ] --START--
INFO: Run Behavior\BuildLiteBehavior [ RunTime:0.000019s ]
INFO: [ app_init ] --END-- [ RunTime:0.000369s ]
ERR: 无法加载模块:Application

[ 2017-05-27T16:01:37+08:00 ] 58.218.185.121 /coalball/Application/Common/Common/Uploads/2017-05-27/59291631b1def.jpg
INFO: [ app_init ] --START--
INFO: Run Behavior\BuildLiteBehavior [ RunTime:0.000019s ]
INFO: [ app_init ] --END-- [ RunTime:0.000423s ]
ERR: 无法加载模块:Application

[ 2017-05-27T16:01:37+08:00 ] 58.218.185.121 /coalball/Application/Common/Common/Uploads/2017-05-27/5928f6ccae051.jpg
INFO: [ app_init ] --START--
INFO: Run Behavior\BuildLiteBehavior [ RunTime:0.000019s ]
INFO: [ app_init ] --END-- [ RunTime:0.000476s ]
ERR: 无法加载模块:Application

[ 2017-05-27T16:21:41+08:00 ] 58.218.185.121 /coalball/Application/Common/Common/Uploads/2017-05-27/5928f6ccae051.jpg
INFO: [ app_init ] --START--
INFO: Run Behavior\BuildLiteBehavior [ RunTime:0.000021s ]
INFO: [ app_init ] --END-- [ RunTime:0.000366s ]
ERR: 无法加载模块:Application

[ 2017-05-27T16:21:41+08:00 ] 58.218.185.121 /coalball/Application/Common/Common/Uploads/2017-05-27/59291631b1def.jpg
INFO: [ app_init ] --START--
INFO: Run Behavior\BuildLiteBehavior [ RunTime:0.000015s ]
INFO: [ app_init ] --END-- [ RunTime:0.000235s ]
ERR: 无法加载模块:Application

[ 2017-05-27T16:21:41+08:00 ] 58.218.185.121 /coalball/Application/Common/Common/Uploads/2017-05-27/59291631b3a30.jpg
INFO: [ app_init ] --START--
INFO: Run Behavior\BuildLiteBehavior [ RunTime:0.000016s ]
INFO: [ app_init ] --END-- [ RunTime:0.000295s ]
ERR: 无法加载模块:Application

[ 2017-05-27T16:21:41+08:00 ] 58.218.185.121 /coalball/Application/Common/Common/Uploads/2017-05-27/5928f82af408f.jpg
INFO: [ app_init ] --START--
INFO: Run Behavior\BuildLiteBehavior [ RunTime:0.000019s ]
INFO: [ app_init ] --END-- [ RunTime:0.000295s ]
ERR: 无法加载模块:Application

[ 2017-05-27T16:21:42+08:00 ] 58.218.185.121 /coalball/Application/Common/Common/Uploads/2017-05-27/5928f82b024b8.jpg
INFO: [ app_init ] --START--
INFO: Run Behavior\BuildLiteBehavior [ RunTime:0.000020s ]
INFO: [ app_init ] --END-- [ RunTime:0.000346s ]
ERR: 无法加载模块:Application

[ 2017-05-27T16:21:42+08:00 ] 58.218.185.121 /coalball/Application/Common/Common/Uploads/2017-05-27/5928f809dfdd2.jpg
INFO: [ app_init ] --START--
INFO: Run Behavior\BuildLiteBehavior [ RunTime:0.000020s ]
INFO: [ app_init ] --END-- [ RunTime:0.000339s ]
ERR: 无法加载模块:Application

[ 2017-05-27T16:21:42+08:00 ] 58.218.185.121 /coalball/Application/Common/Common/Uploads/2017-05-27/5928f6cca82c3.jpg
INFO: [ app_init ] --START--
INFO: Run Behavior\BuildLiteBehavior [ RunTime:0.000015s ]
INFO: [ app_init ] --END-- [ RunTime:0.000346s ]
ERR: 无法加载模块:Application

[ 2017-05-27T16:21:51+08:00 ] 58.218.185.121 /coalball/Application/Common/Common/Uploads/2017-05-27/5928f82af408f.jpg
INFO: [ app_init ] --START--
INFO: Run Behavior\BuildLiteBehavior [ RunTime:0.000015s ]
INFO: [ app_init ] --END-- [ RunTime:0.000310s ]
ERR: 无法加载模块:Application

[ 2017-05-27T16:21:51+08:00 ] 58.218.185.121 /coalball/Application/Common/Common/Uploads/2017-05-27/59291631b1def.jpg
INFO: [ app_init ] --START--
INFO: Run Behavior\BuildLiteBehavior [ RunTime:0.000017s ]
INFO: [ app_init ] --END-- [ RunTime:0.000385s ]
ERR: 无法加载模块:Application

[ 2017-05-27T16:21:51+08:00 ] 58.218.185.121 /coalball/Application/Common/Common/Uploads/2017-05-27/59291631b3a30.jpg
INFO: [ app_init ] --START--
INFO: Run Behavior\BuildLiteBehavior [ RunTime:0.000021s ]
INFO: [ app_init ] --END-- [ RunTime:0.025203s ]
ERR: 无法加载模块:Application

[ 2017-05-27T16:21:51+08:00 ] 58.218.185.121 /coalball/Application/Common/Common/Uploads/2017-05-27/5928f82b024b8.jpg
INFO: [ app_init ] --START--
INFO: Run Behavior\BuildLiteBehavior [ RunTime:0.000018s ]
INFO: [ app_init ] --END-- [ RunTime:0.000316s ]
ERR: 无法加载模块:Application

[ 2017-05-27T16:21:51+08:00 ] 58.218.185.121 /coalball/Application/Common/Common/Uploads/2017-05-27/5928f6ccae051.jpg
INFO: [ app_init ] --START--
INFO: Run Behavior\BuildLiteBehavior [ RunTime:0.000013s ]
INFO: [ app_init ] --END-- [ RunTime:0.000234s ]
ERR: 无法加载模块:Application

[ 2017-05-27T16:21:51+08:00 ] 58.218.185.121 /coalball/Application/Common/Common/Uploads/2017-05-27/5928f809dfdd2.jpg
INFO: [ app_init ] --START--
INFO: Run Behavior\BuildLiteBehavior [ RunTime:0.000020s ]
INFO: [ app_init ] --END-- [ RunTime:0.000411s ]
ERR: 无法加载模块:Application

[ 2017-05-27T16:21:51+08:00 ] 58.218.185.121 /coalball/Application/Common/Common/Uploads/2017-05-27/5928f6cca82c3.jpg
INFO: [ app_init ] --START--
INFO: Run Behavior\BuildLiteBehavior [ RunTime:0.000019s ]
INFO: [ app_init ] --END-- [ RunTime:0.000360s ]
ERR: 无法加载模块:Application

[ 2017-05-27T16:21:52+08:00 ] 58.218.185.121 /coalball/Application/Common/Common/Uploads/2017-05-27/59291631b3a30.jpg
INFO: [ app_init ] --START--
INFO: Run Behavior\BuildLiteBehavior [ RunTime:0.000015s ]
INFO: [ app_init ] --END-- [ RunTime:0.000466s ]
ERR: 无法加载模块:Application

[ 2017-05-27T16:21:52+08:00 ] 58.218.185.121 /coalball/Application/Common/Common/Uploads/2017-05-27/59291631b1def.jpg
INFO: [ app_init ] --START--
INFO: Run Behavior\BuildLiteBehavior [ RunTime:0.000038s ]
INFO: [ app_init ] --END-- [ RunTime:0.000337s ]
ERR: 无法加载模块:Application

[ 2017-05-27T16:21:52+08:00 ] 58.218.185.121 /coalball/Application/Common/Common/Uploads/2017-05-27/5928f82af408f.jpg
INFO: [ app_init ] --START--
INFO: Run Behavior\BuildLiteBehavior [ RunTime:0.000014s ]
INFO: [ app_init ] --END-- [ RunTime:0.000237s ]
ERR: 无法加载模块:Application

[ 2017-05-27T16:21:52+08:00 ] 58.218.185.121 /coalball/Application/Common/Common/Uploads/2017-05-27/5928f82b024b8.jpg
INFO: [ app_init ] --START--
INFO: Run Behavior\BuildLiteBehavior [ RunTime:0.000018s ]
INFO: [ app_init ] --END-- [ RunTime:0.000360s ]
ERR: 无法加载模块:Application

[ 2017-05-27T16:21:52+08:00 ] 58.218.185.121 /coalball/Application/Common/Common/Uploads/2017-05-27/5928f809dfdd2.jpg
INFO: [ app_init ] --START--
INFO: Run Behavior\BuildLiteBehavior [ RunTime:0.000018s ]
INFO: [ app_init ] --END-- [ RunTime:0.000355s ]
ERR: 无法加载模块:Application

[ 2017-05-27T16:21:52+08:00 ] 58.218.185.121 /coalball/Application/Common/Common/Uploads/2017-05-27/5928f6ccae051.jpg
INFO: [ app_init ] --START--
INFO: Run Behavior\BuildLiteBehavior [ RunTime:0.000020s ]
INFO: [ app_init ] --END-- [ RunTime:0.000333s ]
ERR: 无法加载模块:Application

[ 2017-05-27T16:21:52+08:00 ] 58.218.185.121 /coalball/Application/Common/Common/Uploads/2017-05-27/5928f6cca82c3.jpg
INFO: [ app_init ] --START--
INFO: Run Behavior\BuildLiteBehavior [ RunTime:0.000018s ]
INFO: [ app_init ] --END-- [ RunTime:0.000298s ]
ERR: 无法加载模块:Application

[ 2017-05-27T16:21:53+08:00 ] 58.218.185.121 /coalball/Application/Common/Common/Uploads/2017-05-27/59291631b1def.jpg
INFO: [ app_init ] --START--
INFO: Run Behavior\BuildLiteBehavior [ RunTime:0.000020s ]
INFO: [ app_init ] --END-- [ RunTime:0.000358s ]
ERR: 无法加载模块:Application

[ 2017-05-27T16:21:53+08:00 ] 58.218.185.121 /coalball/Application/Common/Common/Uploads/2017-05-27/5928f82af408f.jpg
INFO: [ app_init ] --START--
INFO: Run Behavior\BuildLiteBehavior [ RunTime:0.000014s ]
INFO: [ app_init ] --END-- [ RunTime:0.000289s ]
ERR: 无法加载模块:Application

[ 2017-05-27T16:21:53+08:00 ] 58.218.185.121 /coalball/Application/Common/Common/Uploads/2017-05-27/5928f82b024b8.jpg
INFO: [ app_init ] --START--
INFO: Run Behavior\BuildLiteBehavior [ RunTime:0.000018s ]
INFO: [ app_init ] --END-- [ RunTime:0.000336s ]
ERR: 无法加载模块:Application

[ 2017-05-27T16:21:53+08:00 ] 58.218.185.121 /coalball/Application/Common/Common/Uploads/2017-05-27/5928f809dfdd2.jpg
INFO: [ app_init ] --START--
INFO: Run Behavior\BuildLiteBehavior [ RunTime:0.000040s ]
INFO: [ app_init ] --END-- [ RunTime:0.000310s ]
ERR: 无法加载模块:Application

[ 2017-05-27T16:21:53+08:00 ] 58.218.185.121 /coalball/Application/Common/Common/Uploads/2017-05-27/5928f6cca82c3.jpg
INFO: [ app_init ] --START--
INFO: Run Behavior\BuildLiteBehavior [ RunTime:0.000019s ]
INFO: [ app_init ] --END-- [ RunTime:0.000338s ]
ERR: 无法加载模块:Application

[ 2017-05-27T16:21:53+08:00 ] 58.218.185.121 /coalball/Application/Common/Common/Uploads/2017-05-27/5928f6ccae051.jpg
INFO: [ app_init ] --START--
INFO: Run Behavior\BuildLiteBehavior [ RunTime:0.000018s ]
INFO: [ app_init ] --END-- [ RunTime:0.000354s ]
ERR: 无法加载模块:Application

[ 2017-05-27T16:21:54+08:00 ] 58.218.185.121 /coalball/Application/Common/Common/Uploads/2017-05-27/59291631b3a30.jpg
INFO: [ app_init ] --START--
INFO: Run Behavior\BuildLiteBehavior [ RunTime:0.000019s ]
INFO: [ app_init ] --END-- [ RunTime:0.000367s ]
ERR: 无法加载模块:Application

[ 2017-05-27T16:21:56+08:00 ] 58.218.185.121 /coalball/Application/Common/Common/Uploads/2017-05-27/59291631b3a30.jpg
INFO: [ app_init ] --START--
INFO: Run Behavior\BuildLiteBehavior [ RunTime:0.000013s ]
INFO: [ app_init ] --END-- [ RunTime:0.000250s ]
ERR: 无法加载模块:Application

[ 2017-05-27T16:21:56+08:00 ] 58.218.185.121 /coalball/Application/Common/Common/Uploads/2017-05-27/5928f82b024b8.jpg
INFO: [ app_init ] --START--
INFO: Run Behavior\BuildLiteBehavior [ RunTime:0.000018s ]
INFO: [ app_init ] --END-- [ RunTime:0.000343s ]
ERR: 无法加载模块:Application

[ 2017-05-27T16:21:56+08:00 ] 58.218.185.121 /coalball/Application/Common/Common/Uploads/2017-05-27/59291631b1def.jpg
INFO: [ app_init ] --START--
INFO: Run Behavior\BuildLiteBehavior [ RunTime:0.000018s ]
INFO: [ app_init ] --END-- [ RunTime:0.000316s ]
ERR: 无法加载模块:Application

[ 2017-05-27T16:21:56+08:00 ] 58.218.185.121 /coalball/Application/Common/Common/Uploads/2017-05-27/5928f6ccae051.jpg
INFO: [ app_init ] --START--
INFO: Run Behavior\BuildLiteBehavior [ RunTime:0.000016s ]
INFO: [ app_init ] --END-- [ RunTime:0.000345s ]
ERR: 无法加载模块:Application

[ 2017-05-27T16:21:56+08:00 ] 58.218.185.121 /coalball/Application/Common/Common/Uploads/2017-05-27/5928f6cca82c3.jpg
INFO: [ app_init ] --START--
INFO: Run Behavior\BuildLiteBehavior [ RunTime:0.000014s ]
INFO: [ app_init ] --END-- [ RunTime:0.000259s ]
ERR: 无法加载模块:Application

[ 2017-05-27T16:21:56+08:00 ] 58.218.185.121 /coalball/Application/Common/Common/Uploads/2017-05-27/5928f809dfdd2.jpg
INFO: [ app_init ] --START--
INFO: Run Behavior\BuildLiteBehavior [ RunTime:0.000014s ]
INFO: [ app_init ] --END-- [ RunTime:0.000248s ]
ERR: 无法加载模块:Application

[ 2017-05-27T16:21:57+08:00 ] 58.218.185.121 /coalball/Application/Common/Common/Uploads/2017-05-27/5928f82b024b8.jpg
INFO: [ app_init ] --START--
INFO: Run Behavior\BuildLiteBehavior [ RunTime:0.000014s ]
INFO: [ app_init ] --END-- [ RunTime:0.000252s ]
ERR: 无法加载模块:Application

[ 2017-05-27T16:21:57+08:00 ] 58.218.185.121 /coalball/Application/Common/Common/Uploads/2017-05-27/5928f82af408f.jpg
INFO: [ app_init ] --START--
INFO: Run Behavior\BuildLiteBehavior [ RunTime:0.000015s ]
INFO: [ app_init ] --END-- [ RunTime:0.000300s ]
ERR: 无法加载模块:Application

[ 2017-05-27T16:21:57+08:00 ] 58.218.185.121 /coalball/Application/Common/Common/Uploads/2017-05-27/59291631b3a30.jpg
INFO: [ app_init ] --START--
INFO: Run Behavior\BuildLiteBehavior [ RunTime:0.000014s ]
INFO: [ app_init ] --END-- [ RunTime:0.000284s ]
ERR: 无法加载模块:Application

[ 2017-05-27T16:21:57+08:00 ] 58.218.185.121 /coalball/Application/Common/Common/Uploads/2017-05-27/59291631b1def.jpg
INFO: [ app_init ] --START--
INFO: Run Behavior\BuildLiteBehavior [ RunTime:0.000018s ]
INFO: [ app_init ] --END-- [ RunTime:0.000332s ]
ERR: 无法加载模块:Application

[ 2017-05-27T16:21:57+08:00 ] 58.218.185.121 /coalball/Application/Common/Common/Uploads/2017-05-27/5928f809dfdd2.jpg
INFO: [ app_init ] --START--
INFO: Run Behavior\BuildLiteBehavior [ RunTime:0.000019s ]
INFO: [ app_init ] --END-- [ RunTime:0.000323s ]
ERR: 无法加载模块:Application

[ 2017-05-27T16:21:57+08:00 ] 58.218.185.121 /coalball/Application/Common/Common/Uploads/2017-05-27/5928f6cca82c3.jpg
INFO: [ app_init ] --START--
INFO: Run Behavior\BuildLiteBehavior [ RunTime:0.000014s ]
INFO: [ app_init ] --END-- [ RunTime:0.000323s ]
ERR: 无法加载模块:Application

[ 2017-05-27T16:21:57+08:00 ] 58.218.185.121 /coalball/Application/Common/Common/Uploads/2017-05-27/5928f6ccae051.jpg
INFO: [ app_init ] --START--
INFO: Run Behavior\BuildLiteBehavior [ RunTime:0.000014s ]
INFO: [ app_init ] --END-- [ RunTime:0.000311s ]
ERR: 无法加载模块:Application

[ 2017-05-27T16:21:59+08:00 ] 58.218.185.121 /coalball/Application/Common/Common/Uploads/2017-05-27/5928f82af408f.jpg
INFO: [ app_init ] --START--
INFO: Run Behavior\BuildLiteBehavior [ RunTime:0.000019s ]
INFO: [ app_init ] --END-- [ RunTime:0.000368s ]
ERR: 无法加载模块:Application

