[ 2017-05-22T12:53:46+08:00 ] 104.236.236.145 /coalball/Application/Common/Common/Uploads/2017-05-20/5920642c00a7d.jpg
INFO: [ app_init ] --START--
INFO: Run Behavior\BuildLiteBehavior [ RunTime:0.000025s ]
INFO: [ app_init ] --END-- [ RunTime:0.000454s ]
ERR: 无法加载模块:Application

[ 2017-05-22T12:53:49+08:00 ] 104.236.236.145 /coalball/Application/Common/Common/Uploads/2017-05-20/5920642bef9fe.jpg
INFO: [ app_init ] --START--
INFO: Run Behavior\BuildLiteBehavior [ RunTime:0.000024s ]
INFO: [ app_init ] --END-- [ RunTime:0.000502s ]
ERR: 无法加载模块:Application

[ 2017-05-22T12:54:47+08:00 ] 104.236.236.145 /coalball/Application/Common/Common/Uploads/2017-05-20/5920642c00a7d.jpg
INFO: [ app_init ] --START--
INFO: Run Behavior\BuildLiteBehavior [ RunTime:0.000025s ]
INFO: [ app_init ] --END-- [ RunTime:0.000502s ]
ERR: 无法加载模块:Application

[ 2017-05-22T12:54:47+08:00 ] 104.236.236.145 /coalball/Application/Common/Common/Uploads/2017-05-20/5920642bef9fe.jpg
INFO: [ app_init ] --START--
INFO: Run Behavior\BuildLiteBehavior [ RunTime:0.000022s ]
INFO: [ app_init ] --END-- [ RunTime:0.000484s ]
ERR: 无法加载模块:Application

[ 2017-05-22T12:59:02+08:00 ] 104.236.236.145 /coalball/Application/Common/Common/Uploads/2017-05-20/5920642c00a7d.jpg
INFO: [ app_init ] --START--
INFO: Run Behavior\BuildLiteBehavior [ RunTime:0.000024s ]
INFO: [ app_init ] --END-- [ RunTime:0.000468s ]
ERR: 无法加载模块:Application

[ 2017-05-22T12:59:03+08:00 ] 104.236.236.145 /coalball/Application/Common/Common/Uploads/2017-05-20/5920642bef9fe.jpg
INFO: [ app_init ] --START--
INFO: Run Behavior\BuildLiteBehavior [ RunTime:0.000020s ]
INFO: [ app_init ] --END-- [ RunTime:0.000404s ]
ERR: 无法加载模块:Application

[ 2017-05-22T13:00:03+08:00 ] 104.236.236.145 /coalball/Application/Common/Common/Uploads/2017-05-20/5920642bef9fe.jpg
INFO: [ app_init ] --START--
INFO: Run Behavior\BuildLiteBehavior [ RunTime:0.000026s ]
INFO: [ app_init ] --END-- [ RunTime:0.000502s ]
ERR: 无法加载模块:Application

[ 2017-05-22T13:00:03+08:00 ] 104.236.236.145 /coalball/Application/Common/Common/Uploads/2017-05-20/5920642c00a7d.jpg
INFO: [ app_init ] --START--
INFO: Run Behavior\BuildLiteBehavior [ RunTime:0.000018s ]
INFO: [ app_init ] --END-- [ RunTime:0.000377s ]
ERR: 无法加载模块:Application

[ 2017-05-22T13:00:27+08:00 ] 104.236.236.145 /coalball/Application/Common/Common/Uploads/2017-05-20/5920642bef9fe.jpg
INFO: [ app_init ] --START--
INFO: Run Behavior\BuildLiteBehavior [ RunTime:0.000020s ]
INFO: [ app_init ] --END-- [ RunTime:0.000360s ]
ERR: 无法加载模块:Application

[ 2017-05-22T13:00:28+08:00 ] 104.236.236.145 /coalball/Application/Common/Common/Uploads/2017-05-20/5920642c00a7d.jpg
INFO: [ app_init ] --START--
INFO: Run Behavior\BuildLiteBehavior [ RunTime:0.000027s ]
INFO: [ app_init ] --END-- [ RunTime:0.000324s ]
ERR: 无法加载模块:Application

[ 2017-05-22T13:00:41+08:00 ] 104.236.236.145 /coalball/Application/Common/Common/Uploads/2017-05-20/5920642c00a7d.jpg
INFO: [ app_init ] --START--
INFO: Run Behavior\BuildLiteBehavior [ RunTime:0.000020s ]
INFO: [ app_init ] --END-- [ RunTime:0.000393s ]
ERR: 无法加载模块:Application

[ 2017-05-22T13:00:41+08:00 ] 104.236.236.145 /coalball/Application/Common/Common/Uploads/2017-05-20/5920642bef9fe.jpg
INFO: [ app_init ] --START--
INFO: Run Behavior\BuildLiteBehavior [ RunTime:0.000019s ]
INFO: [ app_init ] --END-- [ RunTime:0.000380s ]
ERR: 无法加载模块:Application

[ 2017-05-22T13:05:00+08:00 ] 104.236.236.145 /coalball/Application/Common/Common/Uploads/2017-05-20/5920642bef9fe.jpg
INFO: [ app_init ] --START--
INFO: Run Behavior\BuildLiteBehavior [ RunTime:0.000042s ]
INFO: [ app_init ] --END-- [ RunTime:0.000548s ]
ERR: 无法加载模块:Application

[ 2017-05-22T13:05:00+08:00 ] 104.236.236.145 /coalball/Application/Common/Common/Uploads/2017-05-20/5920642c00a7d.jpg
INFO: [ app_init ] --START--
INFO: Run Behavior\BuildLiteBehavior [ RunTime:0.000020s ]
INFO: [ app_init ] --END-- [ RunTime:0.000414s ]
ERR: 无法加载模块:Application

[ 2017-05-22T17:28:39+08:00 ] 104.236.236.145 /coalball/Application/Common/Common/Uploads/2017-05-20/5920642bef9fe.jpg
INFO: [ app_init ] --START--
INFO: Run Behavior\BuildLiteBehavior [ RunTime:0.000017s ]
INFO: [ app_init ] --END-- [ RunTime:0.000323s ]
ERR: 无法加载模块:Application

[ 2017-05-22T17:28:39+08:00 ] 104.236.236.145 /coalball/Application/Common/Common/Uploads/2017-05-20/5920642c00a7d.jpg
INFO: [ app_init ] --START--
INFO: Run Behavior\BuildLiteBehavior [ RunTime:0.000018s ]
INFO: [ app_init ] --END-- [ RunTime:0.000326s ]
ERR: 无法加载模块:Application

[ 2017-05-22T17:28:51+08:00 ] 104.236.236.145 /coalball/Application/Common/Common/Uploads/2017-05-20/5920642bef9fe.jpg
INFO: [ app_init ] --START--
INFO: Run Behavior\BuildLiteBehavior [ RunTime:0.000013s ]
INFO: [ app_init ] --END-- [ RunTime:0.000250s ]
ERR: 无法加载模块:Application

[ 2017-05-22T17:28:51+08:00 ] 104.236.236.145 /coalball/Application/Common/Common/Uploads/2017-05-20/5920642c00a7d.jpg
INFO: [ app_init ] --START--
INFO: Run Behavior\BuildLiteBehavior [ RunTime:0.000017s ]
INFO: [ app_init ] --END-- [ RunTime:0.000262s ]
ERR: 无法加载模块:Application

[ 2017-05-22T17:29:52+08:00 ] 104.236.236.145 /coalball/Application/Common/Common/Uploads/2017-05-20/5920642bef9fe.jpg
INFO: [ app_init ] --START--
INFO: Run Behavior\BuildLiteBehavior [ RunTime:0.000021s ]
INFO: [ app_init ] --END-- [ RunTime:0.000369s ]
ERR: 无法加载模块:Application

[ 2017-05-22T17:29:52+08:00 ] 104.236.236.145 /coalball/Application/Common/Common/Uploads/2017-05-20/5920642c00a7d.jpg
INFO: [ app_init ] --START--
INFO: Run Behavior\BuildLiteBehavior [ RunTime:0.000019s ]
INFO: [ app_init ] --END-- [ RunTime:0.000329s ]
ERR: 无法加载模块:Application

[ 2017-05-22T17:29:55+08:00 ] 104.236.236.145 /coalball/Application/Common/Common/Uploads/2017-05-20/5920642c00a7d.jpg
INFO: [ app_init ] --START--
INFO: Run Behavior\BuildLiteBehavior [ RunTime:0.000014s ]
INFO: [ app_init ] --END-- [ RunTime:0.000274s ]
ERR: 无法加载模块:Application

[ 2017-05-22T17:29:55+08:00 ] 104.236.236.145 /coalball/Application/Common/Common/Uploads/2017-05-20/5920642bef9fe.jpg
INFO: [ app_init ] --START--
INFO: Run Behavior\BuildLiteBehavior [ RunTime:0.000016s ]
INFO: [ app_init ] --END-- [ RunTime:0.000363s ]
ERR: 无法加载模块:Application

[ 2017-05-22T17:29:57+08:00 ] 104.236.236.145 /coalball/Application/Common/Common/Uploads/2017-05-20/5920642bef9fe.jpg
INFO: [ app_init ] --START--
INFO: Run Behavior\BuildLiteBehavior [ RunTime:0.000022s ]
INFO: [ app_init ] --END-- [ RunTime:0.001492s ]
ERR: 无法加载模块:Application

[ 2017-05-22T17:29:59+08:00 ] 104.236.236.145 /coalball/Application/Common/Common/Uploads/2017-05-20/5920642bef9fe.jpg
INFO: [ app_init ] --START--
INFO: Run Behavior\BuildLiteBehavior [ RunTime:0.000021s ]
INFO: [ app_init ] --END-- [ RunTime:0.000402s ]
ERR: 无法加载模块:Application

[ 2017-05-22T17:30:00+08:00 ] 104.236.236.145 /coalball/Application/Common/Common/Uploads/2017-05-20/5920642c00a7d.jpg
INFO: [ app_init ] --START--
INFO: Run Behavior\BuildLiteBehavior [ RunTime:0.000014s ]
INFO: [ app_init ] --END-- [ RunTime:0.000297s ]
ERR: 无法加载模块:Application

[ 2017-05-22T17:31:13+08:00 ] 104.236.236.145 /coalball/Application/Common/Common/Uploads/2017-05-20/5920642bef9fe.jpg
INFO: [ app_init ] --START--
INFO: Run Behavior\BuildLiteBehavior [ RunTime:0.000019s ]
INFO: [ app_init ] --END-- [ RunTime:0.000375s ]
ERR: 无法加载模块:Application

[ 2017-05-22T17:31:13+08:00 ] 104.236.236.145 /coalball/Application/Common/Common/Uploads/2017-05-20/5920642c00a7d.jpg
INFO: [ app_init ] --START--
INFO: Run Behavior\BuildLiteBehavior [ RunTime:0.000013s ]
INFO: [ app_init ] --END-- [ RunTime:0.000256s ]
ERR: 无法加载模块:Application

[ 2017-05-22T17:31:15+08:00 ] 104.236.236.145 /coalball/Application/Common/Common/Uploads/2017-05-20/5920642bef9fe.jpg
INFO: [ app_init ] --START--
INFO: Run Behavior\BuildLiteBehavior [ RunTime:0.000020s ]
INFO: [ app_init ] --END-- [ RunTime:0.000495s ]
ERR: 无法加载模块:Application

[ 2017-05-22T17:31:16+08:00 ] 104.236.236.145 /coalball/Application/Common/Common/Uploads/2017-05-20/5920642c00a7d.jpg
INFO: [ app_init ] --START--
INFO: Run Behavior\BuildLiteBehavior [ RunTime:0.000019s ]
INFO: [ app_init ] --END-- [ RunTime:0.001045s ]
ERR: 无法加载模块:Application

[ 2017-05-22T17:31:26+08:00 ] 104.236.236.145 /coalball/Application/Common/Common/Uploads/2017-05-20/5920642bef9fe.jpg
INFO: [ app_init ] --START--
INFO: Run Behavior\BuildLiteBehavior [ RunTime:0.000015s ]
INFO: [ app_init ] --END-- [ RunTime:0.000252s ]
ERR: 无法加载模块:Application

[ 2017-05-22T17:31:26+08:00 ] 104.236.236.145 /coalball/Application/Common/Common/Uploads/2017-05-20/5920642c00a7d.jpg
INFO: [ app_init ] --START--
INFO: Run Behavior\BuildLiteBehavior [ RunTime:0.000015s ]
INFO: [ app_init ] --END-- [ RunTime:0.000343s ]
ERR: 无法加载模块:Application

[ 2017-05-22T17:31:41+08:00 ] 104.236.236.145 /coalball/Application/Common/Common/Uploads/2017-05-20/5920642bef9fe.jpg
INFO: [ app_init ] --START--
INFO: Run Behavior\BuildLiteBehavior [ RunTime:0.000018s ]
INFO: [ app_init ] --END-- [ RunTime:0.000376s ]
ERR: 无法加载模块:Application

[ 2017-05-22T17:31:42+08:00 ] 104.236.236.145 /coalball/Application/Common/Common/Uploads/2017-05-20/5920642c00a7d.jpg
INFO: [ app_init ] --START--
INFO: Run Behavior\BuildLiteBehavior [ RunTime:0.000014s ]
INFO: [ app_init ] --END-- [ RunTime:0.000282s ]
ERR: 无法加载模块:Application

[ 2017-05-22T17:33:06+08:00 ] 104.236.236.145 /coalball/Application/Common/Common/Uploads/2017-05-20/5920642bef9fe.jpg
INFO: [ app_init ] --START--
INFO: Run Behavior\BuildLiteBehavior [ RunTime:0.000013s ]
INFO: [ app_init ] --END-- [ RunTime:0.000261s ]
ERR: 无法加载模块:Application

[ 2017-05-22T17:33:06+08:00 ] 104.236.236.145 /coalball/Application/Common/Common/Uploads/2017-05-20/5920642c00a7d.jpg
INFO: [ app_init ] --START--
INFO: Run Behavior\BuildLiteBehavior [ RunTime:0.000013s ]
INFO: [ app_init ] --END-- [ RunTime:0.000263s ]
ERR: 无法加载模块:Application

[ 2017-05-22T17:35:06+08:00 ] 104.236.236.145 /coalball/Application/Common/Common/Uploads/2017-05-20/5920642bef9fe.jpg
INFO: [ app_init ] --START--
INFO: Run Behavior\BuildLiteBehavior [ RunTime:0.000020s ]
INFO: [ app_init ] --END-- [ RunTime:0.000616s ]
ERR: 无法加载模块:Application

[ 2017-05-22T17:35:06+08:00 ] 104.236.236.145 /coalball/Application/Common/Common/Uploads/2017-05-20/5920642c00a7d.jpg
INFO: [ app_init ] --START--
INFO: Run Behavior\BuildLiteBehavior [ RunTime:0.000019s ]
INFO: [ app_init ] --END-- [ RunTime:0.000434s ]
ERR: 无法加载模块:Application

[ 2017-05-22T17:35:08+08:00 ] 104.236.236.145 /coalball/Application/Common/Common/Uploads/2017-05-20/5920642bef9fe.jpg
INFO: [ app_init ] --START--
INFO: Run Behavior\BuildLiteBehavior [ RunTime:0.000023s ]
INFO: [ app_init ] --END-- [ RunTime:0.000377s ]
ERR: 无法加载模块:Application

[ 2017-05-22T17:35:08+08:00 ] 104.236.236.145 /coalball/Application/Common/Common/Uploads/2017-05-20/5920642c00a7d.jpg
INFO: [ app_init ] --START--
INFO: Run Behavior\BuildLiteBehavior [ RunTime:0.000021s ]
INFO: [ app_init ] --END-- [ RunTime:0.000371s ]
ERR: 无法加载模块:Application

[ 2017-05-22T17:36:33+08:00 ] 104.236.236.145 /coalball/Application/Common/Common/Uploads/2017-05-20/5920642c00a7d.jpg
INFO: [ app_init ] --START--
INFO: Run Behavior\BuildLiteBehavior [ RunTime:0.000020s ]
INFO: [ app_init ] --END-- [ RunTime:0.000399s ]
ERR: 无法加载模块:Application

[ 2017-05-22T17:36:33+08:00 ] 104.236.236.145 /coalball/Application/Common/Common/Uploads/2017-05-20/5920642bef9fe.jpg
INFO: [ app_init ] --START--
INFO: Run Behavior\BuildLiteBehavior [ RunTime:0.000018s ]
INFO: [ app_init ] --END-- [ RunTime:0.000345s ]
ERR: 无法加载模块:Application

[ 2017-05-22T17:37:09+08:00 ] 104.236.236.145 /coalball/Application/Common/Common/Uploads/2017-05-20/5920642c00a7d.jpg
INFO: [ app_init ] --START--
INFO: Run Behavior\BuildLiteBehavior [ RunTime:0.000021s ]
INFO: [ app_init ] --END-- [ RunTime:0.000382s ]
ERR: 无法加载模块:Application

[ 2017-05-22T17:37:09+08:00 ] 104.236.236.145 /coalball/Application/Common/Common/Uploads/2017-05-20/5920642bef9fe.jpg
INFO: [ app_init ] --START--
INFO: Run Behavior\BuildLiteBehavior [ RunTime:0.000020s ]
INFO: [ app_init ] --END-- [ RunTime:0.000386s ]
ERR: 无法加载模块:Application

[ 2017-05-22T17:59:38+08:00 ] 104.236.236.145 /coalball/Application/Common/Common/Uploads/2017-05-20/5920642c00a7d.jpg
INFO: [ app_init ] --START--
INFO: Run Behavior\BuildLiteBehavior [ RunTime:0.000027s ]
INFO: [ app_init ] --END-- [ RunTime:0.000480s ]
ERR: 无法加载模块:Application

[ 2017-05-22T17:59:38+08:00 ] 104.236.236.145 /coalball/Application/Common/Common/Uploads/2017-05-20/5920642bef9fe.jpg
INFO: [ app_init ] --START--
INFO: Run Behavior\BuildLiteBehavior [ RunTime:0.000019s ]
INFO: [ app_init ] --END-- [ RunTime:0.000393s ]
ERR: 无法加载模块:Application

[ 2017-05-22T17:59:39+08:00 ] 104.236.236.145 /coalball/Application/Common/Common/Uploads/2017-05-20/5920642bef9fe.jpg
INFO: [ app_init ] --START--
INFO: Run Behavior\BuildLiteBehavior [ RunTime:0.000019s ]
INFO: [ app_init ] --END-- [ RunTime:0.000347s ]
ERR: 无法加载模块:Application

[ 2017-05-22T17:59:39+08:00 ] 104.236.236.145 /coalball/Application/Common/Common/Uploads/2017-05-20/5920642c00a7d.jpg
INFO: [ app_init ] --START--
INFO: Run Behavior\BuildLiteBehavior [ RunTime:0.000021s ]
INFO: [ app_init ] --END-- [ RunTime:0.000351s ]
ERR: 无法加载模块:Application

[ 2017-05-22T17:59:40+08:00 ] 104.236.236.145 /coalball/Application/Common/Common/Uploads/2017-05-20/5920642bef9fe.jpg
INFO: [ app_init ] --START--
INFO: Run Behavior\BuildLiteBehavior [ RunTime:0.000019s ]
INFO: [ app_init ] --END-- [ RunTime:0.000381s ]
ERR: 无法加载模块:Application

[ 2017-05-22T17:59:41+08:00 ] 104.236.236.145 /coalball/Application/Common/Common/Uploads/2017-05-20/5920642c00a7d.jpg
INFO: [ app_init ] --START--
INFO: Run Behavior\BuildLiteBehavior [ RunTime:0.000014s ]
INFO: [ app_init ] --END-- [ RunTime:0.000268s ]
ERR: 无法加载模块:Application

[ 2017-05-22T17:59:42+08:00 ] 104.236.236.145 /coalball/Application/Common/Common/Uploads/2017-05-20/5920642bef9fe.jpg
INFO: [ app_init ] --START--
INFO: Run Behavior\BuildLiteBehavior [ RunTime:0.000039s ]
INFO: [ app_init ] --END-- [ RunTime:0.000359s ]
ERR: 无法加载模块:Application

[ 2017-05-22T17:59:42+08:00 ] 104.236.236.145 /coalball/Application/Common/Common/Uploads/2017-05-20/5920642c00a7d.jpg
INFO: [ app_init ] --START--
INFO: Run Behavior\BuildLiteBehavior [ RunTime:0.000013s ]
INFO: [ app_init ] --END-- [ RunTime:0.000246s ]
ERR: 无法加载模块:Application

[ 2017-05-22T17:59:43+08:00 ] 104.236.236.145 /coalball/Application/Common/Common/Uploads/2017-05-20/5920642bef9fe.jpg
INFO: [ app_init ] --START--
INFO: Run Behavior\BuildLiteBehavior [ RunTime:0.000017s ]
INFO: [ app_init ] --END-- [ RunTime:0.000278s ]
ERR: 无法加载模块:Application

[ 2017-05-22T17:59:43+08:00 ] 104.236.236.145 /coalball/Application/Common/Common/Uploads/2017-05-20/5920642c00a7d.jpg
INFO: [ app_init ] --START--
INFO: Run Behavior\BuildLiteBehavior [ RunTime:0.000026s ]
INFO: [ app_init ] --END-- [ RunTime:0.000358s ]
ERR: 无法加载模块:Application

[ 2017-05-22T18:00:41+08:00 ] 104.236.236.145 /coalball/Application/Common/Common/Uploads/2017-05-20/5920642bef9fe.jpg
INFO: [ app_init ] --START--
INFO: Run Behavior\BuildLiteBehavior [ RunTime:0.000020s ]
INFO: [ app_init ] --END-- [ RunTime:0.000349s ]
ERR: 无法加载模块:Application

[ 2017-05-22T18:00:41+08:00 ] 104.236.236.145 /coalball/Application/Common/Common/Uploads/2017-05-20/5920642c00a7d.jpg
INFO: [ app_init ] --START--
INFO: Run Behavior\BuildLiteBehavior [ RunTime:0.000020s ]
INFO: [ app_init ] --END-- [ RunTime:0.000340s ]
ERR: 无法加载模块:Application

[ 2017-05-22T18:00:42+08:00 ] 104.236.236.145 /coalball/Application/Common/Common/Uploads/2017-05-20/5920642bef9fe.jpg
INFO: [ app_init ] --START--
INFO: Run Behavior\BuildLiteBehavior [ RunTime:0.000018s ]
INFO: [ app_init ] --END-- [ RunTime:0.000368s ]
ERR: 无法加载模块:Application

[ 2017-05-22T18:00:45+08:00 ] 104.236.236.145 /coalball/Application/Common/Common/Uploads/2017-05-20/5920642c00a7d.jpg
INFO: [ app_init ] --START--
INFO: Run Behavior\BuildLiteBehavior [ RunTime:0.000018s ]
INFO: [ app_init ] --END-- [ RunTime:0.000384s ]
ERR: 无法加载模块:Application

[ 2017-05-22T18:00:45+08:00 ] 104.236.236.145 /coalball/Application/Common/Common/Uploads/2017-05-20/5920642bef9fe.jpg
INFO: [ app_init ] --START--
INFO: Run Behavior\BuildLiteBehavior [ RunTime:0.000021s ]
INFO: [ app_init ] --END-- [ RunTime:0.000397s ]
ERR: 无法加载模块:Application

[ 2017-05-22T18:00:47+08:00 ] 104.236.236.145 /coalball/Application/Common/Common/Uploads/2017-05-20/5920642bef9fe.jpg
INFO: [ app_init ] --START--
INFO: Run Behavior\BuildLiteBehavior [ RunTime:0.000020s ]
INFO: [ app_init ] --END-- [ RunTime:0.000444s ]
ERR: 无法加载模块:Application

[ 2017-05-22T18:00:48+08:00 ] 104.236.236.145 /coalball/Application/Common/Common/Uploads/2017-05-20/5920642c00a7d.jpg
INFO: [ app_init ] --START--
INFO: Run Behavior\BuildLiteBehavior [ RunTime:0.000259s ]
INFO: [ app_init ] --END-- [ RunTime:0.001848s ]
ERR: 无法加载模块:Application

[ 2017-05-22T18:01:45+08:00 ] 104.236.236.145 /coalball/Application/Common/Common/Uploads/2017-05-20/5920642bef9fe.jpg
INFO: [ app_init ] --START--
INFO: Run Behavior\BuildLiteBehavior [ RunTime:0.000018s ]
INFO: [ app_init ] --END-- [ RunTime:0.000352s ]
ERR: 无法加载模块:Application

[ 2017-05-22T18:01:45+08:00 ] 104.236.236.145 /coalball/Application/Common/Common/Uploads/2017-05-20/5920642c00a7d.jpg
INFO: [ app_init ] --START--
INFO: Run Behavior\BuildLiteBehavior [ RunTime:0.000017s ]
INFO: [ app_init ] --END-- [ RunTime:0.000360s ]
ERR: 无法加载模块:Application

[ 2017-05-22T18:01:46+08:00 ] 104.236.236.145 /coalball/Application/Common/Common/Uploads/2017-05-20/5920642c00a7d.jpg
INFO: [ app_init ] --START--
INFO: Run Behavior\BuildLiteBehavior [ RunTime:0.000018s ]
INFO: [ app_init ] --END-- [ RunTime:0.000427s ]
ERR: 无法加载模块:Application

[ 2017-05-22T18:01:46+08:00 ] 104.236.236.145 /coalball/Application/Common/Common/Uploads/2017-05-20/5920642bef9fe.jpg
INFO: [ app_init ] --START--
INFO: Run Behavior\BuildLiteBehavior [ RunTime:0.000017s ]
INFO: [ app_init ] --END-- [ RunTime:0.000362s ]
ERR: 无法加载模块:Application

[ 2017-05-22T18:01:47+08:00 ] 104.236.236.145 /coalball/Application/Common/Common/Uploads/2017-05-20/5920642bef9fe.jpg
INFO: [ app_init ] --START--
INFO: Run Behavior\BuildLiteBehavior [ RunTime:0.000017s ]
INFO: [ app_init ] --END-- [ RunTime:0.000324s ]
ERR: 无法加载模块:Application

[ 2017-05-22T18:01:49+08:00 ] 104.236.236.145 /coalball/Application/Common/Common/Uploads/2017-05-20/5920642c00a7d.jpg
INFO: [ app_init ] --START--
INFO: Run Behavior\BuildLiteBehavior [ RunTime:0.000014s ]
INFO: [ app_init ] --END-- [ RunTime:0.000318s ]
ERR: 无法加载模块:Application

[ 2017-05-22T18:01:50+08:00 ] 104.236.236.145 /coalball/Application/Common/Common/Uploads/2017-05-20/5920642bef9fe.jpg
INFO: [ app_init ] --START--
INFO: Run Behavior\BuildLiteBehavior [ RunTime:0.000017s ]
INFO: [ app_init ] --END-- [ RunTime:0.000317s ]
ERR: 无法加载模块:Application

[ 2017-05-22T18:02:42+08:00 ] 104.236.236.145 /coalball/Application/Common/Common/Uploads/2017-05-20/5920642bef9fe.jpg
INFO: [ app_init ] --START--
INFO: Run Behavior\BuildLiteBehavior [ RunTime:0.000020s ]
INFO: [ app_init ] --END-- [ RunTime:0.000345s ]
ERR: 无法加载模块:Application

[ 2017-05-22T18:02:42+08:00 ] 104.236.236.145 /coalball/Application/Common/Common/Uploads/2017-05-20/5920642c00a7d.jpg
INFO: [ app_init ] --START--
INFO: Run Behavior\BuildLiteBehavior [ RunTime:0.000014s ]
INFO: [ app_init ] --END-- [ RunTime:0.000249s ]
ERR: 无法加载模块:Application

[ 2017-05-22T18:02:44+08:00 ] 104.236.236.145 /coalball/Application/Common/Common/Uploads/2017-05-20/5920642bef9fe.jpg
INFO: [ app_init ] --START--
INFO: Run Behavior\BuildLiteBehavior [ RunTime:0.000019s ]
INFO: [ app_init ] --END-- [ RunTime:0.000260s ]
ERR: 无法加载模块:Application

[ 2017-05-22T18:02:44+08:00 ] 104.236.236.145 /coalball/Application/Common/Common/Uploads/2017-05-20/5920642c00a7d.jpg
INFO: [ app_init ] --START--
INFO: Run Behavior\BuildLiteBehavior [ RunTime:0.000019s ]
INFO: [ app_init ] --END-- [ RunTime:0.002564s ]
ERR: 无法加载模块:Application

[ 2017-05-22T18:02:46+08:00 ] 104.236.236.145 /coalball/Application/Common/Common/Uploads/2017-05-20/5920642bef9fe.jpg
INFO: [ app_init ] --START--
INFO: Run Behavior\BuildLiteBehavior [ RunTime:0.000018s ]
INFO: [ app_init ] --END-- [ RunTime:0.000355s ]
ERR: 无法加载模块:Application

[ 2017-05-22T18:02:46+08:00 ] 104.236.236.145 /coalball/Application/Common/Common/Uploads/2017-05-20/5920642c00a7d.jpg
INFO: [ app_init ] --START--
INFO: Run Behavior\BuildLiteBehavior [ RunTime:0.000018s ]
INFO: [ app_init ] --END-- [ RunTime:0.000362s ]
ERR: 无法加载模块:Application

[ 2017-05-22T18:02:47+08:00 ] 104.236.236.145 /coalball/Application/Common/Common/Uploads/2017-05-20/5920642c00a7d.jpg
INFO: [ app_init ] --START--
INFO: Run Behavior\BuildLiteBehavior [ RunTime:0.000019s ]
INFO: [ app_init ] --END-- [ RunTime:0.000360s ]
ERR: 无法加载模块:Application

[ 2017-05-22T18:02:47+08:00 ] 104.236.236.145 /coalball/Application/Common/Common/Uploads/2017-05-20/5920642bef9fe.jpg
INFO: [ app_init ] --START--
INFO: Run Behavior\BuildLiteBehavior [ RunTime:0.000016s ]
INFO: [ app_init ] --END-- [ RunTime:0.000336s ]
ERR: 无法加载模块:Application

[ 2017-05-22T18:02:48+08:00 ] 104.236.236.145 /coalball/Application/Common/Common/Uploads/2017-05-20/5920642c00a7d.jpg
INFO: [ app_init ] --START--
INFO: Run Behavior\BuildLiteBehavior [ RunTime:0.000019s ]
INFO: [ app_init ] --END-- [ RunTime:0.000363s ]
ERR: 无法加载模块:Application

[ 2017-05-22T18:02:48+08:00 ] 104.236.236.145 /coalball/Application/Common/Common/Uploads/2017-05-20/5920642bef9fe.jpg
INFO: [ app_init ] --START--
INFO: Run Behavior\BuildLiteBehavior [ RunTime:0.000018s ]
INFO: [ app_init ] --END-- [ RunTime:0.000353s ]
ERR: 无法加载模块:Application

[ 2017-05-22T18:02:50+08:00 ] 104.236.236.145 /coalball/Application/Common/Common/Uploads/2017-05-20/5920642bef9fe.jpg
INFO: [ app_init ] --START--
INFO: Run Behavior\BuildLiteBehavior [ RunTime:0.000020s ]
INFO: [ app_init ] --END-- [ RunTime:0.000295s ]
ERR: 无法加载模块:Application

[ 2017-05-22T18:02:50+08:00 ] 104.236.236.145 /coalball/Application/Common/Common/Uploads/2017-05-20/5920642c00a7d.jpg
INFO: [ app_init ] --START--
INFO: Run Behavior\BuildLiteBehavior [ RunTime:0.000014s ]
INFO: [ app_init ] --END-- [ RunTime:0.000288s ]
ERR: 无法加载模块:Application

[ 2017-05-22T18:02:52+08:00 ] 104.236.236.145 /coalball/Application/Common/Common/Uploads/2017-05-20/5920642bef9fe.jpg
INFO: [ app_init ] --START--
INFO: Run Behavior\BuildLiteBehavior [ RunTime:0.000036s ]
INFO: [ app_init ] --END-- [ RunTime:0.000505s ]
ERR: 无法加载模块:Application

[ 2017-05-22T18:02:52+08:00 ] 104.236.236.145 /coalball/Application/Common/Common/Uploads/2017-05-20/5920642c00a7d.jpg
INFO: [ app_init ] --START--
INFO: Run Behavior\BuildLiteBehavior [ RunTime:0.000018s ]
INFO: [ app_init ] --END-- [ RunTime:0.000396s ]
ERR: 无法加载模块:Application

[ 2017-05-22T18:03:58+08:00 ] 104.236.236.145 /coalball/Application/Common/Common/Uploads/2017-05-20/5920642bef9fe.jpg
INFO: [ app_init ] --START--
INFO: Run Behavior\BuildLiteBehavior [ RunTime:0.000015s ]
INFO: [ app_init ] --END-- [ RunTime:0.000287s ]
ERR: 无法加载模块:Application

[ 2017-05-22T18:03:58+08:00 ] 104.236.236.145 /coalball/Application/Common/Common/Uploads/2017-05-20/5920642c00a7d.jpg
INFO: [ app_init ] --START--
INFO: Run Behavior\BuildLiteBehavior [ RunTime:0.000015s ]
INFO: [ app_init ] --END-- [ RunTime:0.000265s ]
ERR: 无法加载模块:Application

[ 2017-05-22T18:03:59+08:00 ] 104.236.236.145 /coalball/Application/Common/Common/Uploads/2017-05-20/5920642c00a7d.jpg
INFO: [ app_init ] --START--
INFO: Run Behavior\BuildLiteBehavior [ RunTime:0.000020s ]
INFO: [ app_init ] --END-- [ RunTime:0.000405s ]
ERR: 无法加载模块:Application

[ 2017-05-22T18:03:59+08:00 ] 104.236.236.145 /coalball/Application/Common/Common/Uploads/2017-05-20/5920642bef9fe.jpg
INFO: [ app_init ] --START--
INFO: Run Behavior\BuildLiteBehavior [ RunTime:0.000020s ]
INFO: [ app_init ] --END-- [ RunTime:0.000373s ]
ERR: 无法加载模块:Application

[ 2017-05-22T18:05:00+08:00 ] 104.236.236.145 /coalball/Application/Common/Common/Uploads/2017-05-20/5920642c00a7d.jpg
INFO: [ app_init ] --START--
INFO: Run Behavior\BuildLiteBehavior [ RunTime:0.000014s ]
INFO: [ app_init ] --END-- [ RunTime:0.000311s ]
ERR: 无法加载模块:Application

[ 2017-05-22T18:05:00+08:00 ] 104.236.236.145 /coalball/Application/Common/Common/Uploads/2017-05-20/5920642bef9fe.jpg
INFO: [ app_init ] --START--
INFO: Run Behavior\BuildLiteBehavior [ RunTime:0.000015s ]
INFO: [ app_init ] --END-- [ RunTime:0.010622s ]
ERR: 无法加载模块:Application

[ 2017-05-22T18:05:03+08:00 ] 104.236.236.145 /coalball/Application/Common/Common/Uploads/2017-05-20/5920642bef9fe.jpg
INFO: [ app_init ] --START--
INFO: Run Behavior\BuildLiteBehavior [ RunTime:0.000018s ]
INFO: [ app_init ] --END-- [ RunTime:0.000286s ]
ERR: 无法加载模块:Application

[ 2017-05-22T18:05:03+08:00 ] 104.236.236.145 /coalball/Application/Common/Common/Uploads/2017-05-20/5920642c00a7d.jpg
INFO: [ app_init ] --START--
INFO: Run Behavior\BuildLiteBehavior [ RunTime:0.000017s ]
INFO: [ app_init ] --END-- [ RunTime:0.000319s ]
ERR: 无法加载模块:Application

[ 2017-05-22T18:06:17+08:00 ] 104.236.236.145 /coalball/Application/Common/Common/Uploads/2017-05-20/5920642c00a7d.jpg
INFO: [ app_init ] --START--
INFO: Run Behavior\BuildLiteBehavior [ RunTime:0.000018s ]
INFO: [ app_init ] --END-- [ RunTime:0.000323s ]
ERR: 无法加载模块:Application

[ 2017-05-22T18:06:17+08:00 ] 104.236.236.145 /coalball/Application/Common/Common/Uploads/2017-05-20/5920642bef9fe.jpg
INFO: [ app_init ] --START--
INFO: Run Behavior\BuildLiteBehavior [ RunTime:0.000013s ]
INFO: [ app_init ] --END-- [ RunTime:0.000287s ]
ERR: 无法加载模块:Application

[ 2017-05-22T18:06:19+08:00 ] 104.236.236.145 /coalball/Application/Common/Common/Uploads/2017-05-20/5920642bef9fe.jpg
INFO: [ app_init ] --START--
INFO: Run Behavior\BuildLiteBehavior [ RunTime:0.000019s ]
INFO: [ app_init ] --END-- [ RunTime:0.000346s ]
ERR: 无法加载模块:Application

[ 2017-05-22T18:06:20+08:00 ] 104.236.236.145 /coalball/Application/Common/Common/Uploads/2017-05-20/5920642c00a7d.jpg
INFO: [ app_init ] --START--
INFO: Run Behavior\BuildLiteBehavior [ RunTime:0.000038s ]
INFO: [ app_init ] --END-- [ RunTime:0.000489s ]
ERR: 无法加载模块:Application

[ 2017-05-22T18:06:24+08:00 ] 104.236.236.145 /coalball/Application/Common/Common/Uploads/2017-05-20/5920642bef9fe.jpg
INFO: [ app_init ] --START--
INFO: Run Behavior\BuildLiteBehavior [ RunTime:0.000020s ]
INFO: [ app_init ] --END-- [ RunTime:0.000351s ]
ERR: 无法加载模块:Application

[ 2017-05-22T18:06:25+08:00 ] 104.236.236.145 /coalball/Application/Common/Common/Uploads/2017-05-20/5920642c00a7d.jpg
INFO: [ app_init ] --START--
INFO: Run Behavior\BuildLiteBehavior [ RunTime:0.000018s ]
INFO: [ app_init ] --END-- [ RunTime:0.000612s ]
ERR: 无法加载模块:Application

[ 2017-05-22T18:06:27+08:00 ] 104.236.236.145 /coalball/Application/Common/Common/Uploads/2017-05-20/5920642bef9fe.jpg
INFO: [ app_init ] --START--
INFO: Run Behavior\BuildLiteBehavior [ RunTime:0.000019s ]
INFO: [ app_init ] --END-- [ RunTime:0.000347s ]
ERR: 无法加载模块:Application

[ 2017-05-22T18:06:28+08:00 ] 104.236.236.145 /coalball/Application/Common/Common/Uploads/2017-05-20/5920642c00a7d.jpg
INFO: [ app_init ] --START--
INFO: Run Behavior\BuildLiteBehavior [ RunTime:0.000016s ]
INFO: [ app_init ] --END-- [ RunTime:0.000319s ]
ERR: 无法加载模块:Application

[ 2017-05-22T18:07:14+08:00 ] 104.236.236.145 /coalball/Application/Common/Common/Uploads/2017-05-20/5920642bef9fe.jpg
INFO: [ app_init ] --START--
INFO: Run Behavior\BuildLiteBehavior [ RunTime:0.000019s ]
INFO: [ app_init ] --END-- [ RunTime:0.000340s ]
ERR: 无法加载模块:Application

[ 2017-05-22T18:07:14+08:00 ] 104.236.236.145 /coalball/Application/Common/Common/Uploads/2017-05-20/5920642c00a7d.jpg
INFO: [ app_init ] --START--
INFO: Run Behavior\BuildLiteBehavior [ RunTime:0.000018s ]
INFO: [ app_init ] --END-- [ RunTime:0.000327s ]
ERR: 无法加载模块:Application

[ 2017-05-22T18:07:16+08:00 ] 104.236.236.145 /coalball/Application/Common/Common/Uploads/2017-05-20/5920642bef9fe.jpg
INFO: [ app_init ] --START--
INFO: Run Behavior\BuildLiteBehavior [ RunTime:0.000019s ]
INFO: [ app_init ] --END-- [ RunTime:0.000360s ]
ERR: 无法加载模块:Application

[ 2017-05-22T18:07:16+08:00 ] 104.236.236.145 /coalball/Application/Common/Common/Uploads/2017-05-20/5920642c00a7d.jpg
INFO: [ app_init ] --START--
INFO: Run Behavior\BuildLiteBehavior [ RunTime:0.000018s ]
INFO: [ app_init ] --END-- [ RunTime:0.000355s ]
ERR: 无法加载模块:Application

[ 2017-05-22T18:07:19+08:00 ] 104.236.236.145 /coalball/Application/Common/Common/Uploads/2017-05-20/5920642bef9fe.jpg
INFO: [ app_init ] --START--
INFO: Run Behavior\BuildLiteBehavior [ RunTime:0.000013s ]
INFO: [ app_init ] --END-- [ RunTime:0.000238s ]
ERR: 无法加载模块:Application

[ 2017-05-22T18:07:19+08:00 ] 104.236.236.145 /coalball/Application/Common/Common/Uploads/2017-05-20/5920642c00a7d.jpg
INFO: [ app_init ] --START--
INFO: Run Behavior\BuildLiteBehavior [ RunTime:0.000016s ]
INFO: [ app_init ] --END-- [ RunTime:0.010013s ]
ERR: 无法加载模块:Application

[ 2017-05-22T18:07:21+08:00 ] 104.236.236.145 /coalball/Application/Common/Common/Uploads/2017-05-20/5920642c00a7d.jpg
INFO: [ app_init ] --START--
INFO: Run Behavior\BuildLiteBehavior [ RunTime:0.000021s ]
INFO: [ app_init ] --END-- [ RunTime:0.000378s ]
ERR: 无法加载模块:Application

[ 2017-05-22T18:07:21+08:00 ] 104.236.236.145 /coalball/Application/Common/Common/Uploads/2017-05-20/5920642bef9fe.jpg
INFO: [ app_init ] --START--
INFO: Run Behavior\BuildLiteBehavior [ RunTime:0.000018s ]
INFO: [ app_init ] --END-- [ RunTime:0.000272s ]
ERR: 无法加载模块:Application

[ 2017-05-22T18:08:15+08:00 ] 104.236.236.145 /coalball/Application/Common/Common/Uploads/2017-05-20/5920642bef9fe.jpg
INFO: [ app_init ] --START--
INFO: Run Behavior\BuildLiteBehavior [ RunTime:0.000018s ]
INFO: [ app_init ] --END-- [ RunTime:0.000311s ]
ERR: 无法加载模块:Application

[ 2017-05-22T18:08:15+08:00 ] 104.236.236.145 /coalball/Application/Common/Common/Uploads/2017-05-20/5920642c00a7d.jpg
INFO: [ app_init ] --START--
INFO: Run Behavior\BuildLiteBehavior [ RunTime:0.000013s ]
INFO: [ app_init ] --END-- [ RunTime:0.000307s ]
ERR: 无法加载模块:Application

[ 2017-05-22T18:08:19+08:00 ] 104.236.236.145 /coalball/Application/Common/Common/Uploads/2017-05-20/5920642bef9fe.jpg
INFO: [ app_init ] --START--
INFO: Run Behavior\BuildLiteBehavior [ RunTime:0.000018s ]
INFO: [ app_init ] --END-- [ RunTime:0.000386s ]
ERR: 无法加载模块:Application

[ 2017-05-22T18:08:19+08:00 ] 104.236.236.145 /coalball/Application/Common/Common/Uploads/2017-05-20/5920642c00a7d.jpg
INFO: [ app_init ] --START--
INFO: Run Behavior\BuildLiteBehavior [ RunTime:0.000020s ]
INFO: [ app_init ] --END-- [ RunTime:0.000340s ]
ERR: 无法加载模块:Application

[ 2017-05-22T18:08:20+08:00 ] 104.236.236.145 /coalball/Application/Common/Common/Uploads/2017-05-20/5920642c00a7d.jpg
INFO: [ app_init ] --START--
INFO: Run Behavior\BuildLiteBehavior [ RunTime:0.000012s ]
INFO: [ app_init ] --END-- [ RunTime:0.000276s ]
ERR: 无法加载模块:Application

[ 2017-05-22T18:08:20+08:00 ] 104.236.236.145 /coalball/Application/Common/Common/Uploads/2017-05-20/5920642bef9fe.jpg
INFO: [ app_init ] --START--
INFO: Run Behavior\BuildLiteBehavior [ RunTime:0.000017s ]
INFO: [ app_init ] --END-- [ RunTime:0.000262s ]
ERR: 无法加载模块:Application

[ 2017-05-22T18:09:16+08:00 ] 104.236.236.145 /coalball/Application/Common/Common/Uploads/2017-05-20/5920642bef9fe.jpg
INFO: [ app_init ] --START--
INFO: Run Behavior\BuildLiteBehavior [ RunTime:0.000019s ]
INFO: [ app_init ] --END-- [ RunTime:0.000341s ]
ERR: 无法加载模块:Application

[ 2017-05-22T18:09:16+08:00 ] 104.236.236.145 /coalball/Application/Common/Common/Uploads/2017-05-20/5920642c00a7d.jpg
INFO: [ app_init ] --START--
INFO: Run Behavior\BuildLiteBehavior [ RunTime:0.000023s ]
INFO: [ app_init ] --END-- [ RunTime:0.000386s ]
ERR: 无法加载模块:Application

[ 2017-05-22T18:09:28+08:00 ] 104.236.236.145 /coalball/Application/Common/Common/Uploads/2017-05-20/5920642bef9fe.jpg
INFO: [ app_init ] --START--
INFO: Run Behavior\BuildLiteBehavior [ RunTime:0.000020s ]
INFO: [ app_init ] --END-- [ RunTime:0.000361s ]
ERR: 无法加载模块:Application

[ 2017-05-22T18:09:28+08:00 ] 104.236.236.145 /coalball/Application/Common/Common/Uploads/2017-05-20/5920642c00a7d.jpg
INFO: [ app_init ] --START--
INFO: Run Behavior\BuildLiteBehavior [ RunTime:0.000020s ]
INFO: [ app_init ] --END-- [ RunTime:0.000400s ]
ERR: 无法加载模块:Application

[ 2017-05-22T18:11:30+08:00 ] 104.236.236.145 /coalball/Application/Common/Common/Uploads/2017-05-20/5920642c00a7d.jpg
INFO: [ app_init ] --START--
INFO: Run Behavior\BuildLiteBehavior [ RunTime:0.000018s ]
INFO: [ app_init ] --END-- [ RunTime:0.000411s ]
ERR: 无法加载模块:Application

[ 2017-05-22T18:11:30+08:00 ] 104.236.236.145 /coalball/Application/Common/Common/Uploads/2017-05-20/5920642bef9fe.jpg
INFO: [ app_init ] --START--
INFO: Run Behavior\BuildLiteBehavior [ RunTime:0.000022s ]
INFO: [ app_init ] --END-- [ RunTime:0.000596s ]
ERR: 无法加载模块:Application

[ 2017-05-22T18:11:47+08:00 ] 104.236.236.145 /coalball/Application/Common/Common/Uploads/2017-05-20/5920642c00a7d.jpg
INFO: [ app_init ] --START--
INFO: Run Behavior\BuildLiteBehavior [ RunTime:0.000019s ]
INFO: [ app_init ] --END-- [ RunTime:0.011490s ]
ERR: 无法加载模块:Application

[ 2017-05-22T18:11:47+08:00 ] 104.236.236.145 /coalball/Application/Common/Common/Uploads/2017-05-20/5920642bef9fe.jpg
INFO: [ app_init ] --START--
INFO: Run Behavior\BuildLiteBehavior [ RunTime:0.001390s ]
INFO: [ app_init ] --END-- [ RunTime:0.001653s ]
ERR: 无法加载模块:Application

[ 2017-05-22T18:11:57+08:00 ] 104.236.236.145 /coalball/Application/Common/Common/Uploads/2017-05-20/5920642c00a7d.jpg
INFO: [ app_init ] --START--
INFO: Run Behavior\BuildLiteBehavior [ RunTime:0.000019s ]
INFO: [ app_init ] --END-- [ RunTime:0.000349s ]
ERR: 无法加载模块:Application

[ 2017-05-22T18:11:57+08:00 ] 104.236.236.145 /coalball/Application/Common/Common/Uploads/2017-05-20/5920642bef9fe.jpg
INFO: [ app_init ] --START--
INFO: Run Behavior\BuildLiteBehavior [ RunTime:0.000018s ]
INFO: [ app_init ] --END-- [ RunTime:0.000350s ]
ERR: 无法加载模块:Application

[ 2017-05-22T18:12:51+08:00 ] 104.236.236.145 /coalball/Application/Common/Common/Uploads/2017-05-20/5920642bef9fe.jpg
INFO: [ app_init ] --START--
INFO: Run Behavior\BuildLiteBehavior [ RunTime:0.000021s ]
INFO: [ app_init ] --END-- [ RunTime:0.000449s ]
ERR: 无法加载模块:Application

[ 2017-05-22T18:12:51+08:00 ] 104.236.236.145 /coalball/Application/Common/Common/Uploads/2017-05-20/5920642c00a7d.jpg
INFO: [ app_init ] --START--
INFO: Run Behavior\BuildLiteBehavior [ RunTime:0.000019s ]
INFO: [ app_init ] --END-- [ RunTime:0.000367s ]
ERR: 无法加载模块:Application

[ 2017-05-22T18:13:28+08:00 ] 104.236.236.145 /coalball/Application/Common/Common/Uploads/2017-05-20/5920642bef9fe.jpg
INFO: [ app_init ] --START--
INFO: Run Behavior\BuildLiteBehavior [ RunTime:0.000016s ]
INFO: [ app_init ] --END-- [ RunTime:0.000249s ]
ERR: 无法加载模块:Application

[ 2017-05-22T18:13:28+08:00 ] 104.236.236.145 /coalball/Application/Common/Common/Uploads/2017-05-20/5920642c00a7d.jpg
INFO: [ app_init ] --START--
INFO: Run Behavior\BuildLiteBehavior [ RunTime:0.000014s ]
INFO: [ app_init ] --END-- [ RunTime:0.000243s ]
ERR: 无法加载模块:Application

[ 2017-05-22T18:16:34+08:00 ] 104.236.236.145 /coalball/Application/Common/Common/Uploads/2017-05-20/5920642bef9fe.jpg
INFO: [ app_init ] --START--
INFO: Run Behavior\BuildLiteBehavior [ RunTime:0.000014s ]
INFO: [ app_init ] --END-- [ RunTime:0.000266s ]
ERR: 无法加载模块:Application

[ 2017-05-22T18:16:34+08:00 ] 104.236.236.145 /coalball/Application/Common/Common/Uploads/2017-05-20/5920642c00a7d.jpg
INFO: [ app_init ] --START--
INFO: Run Behavior\BuildLiteBehavior [ RunTime:0.000018s ]
INFO: [ app_init ] --END-- [ RunTime:0.000327s ]
ERR: 无法加载模块:Application

[ 2017-05-22T18:16:37+08:00 ] 104.236.236.145 /coalball/Application/Common/Common/Uploads/2017-05-20/5920642c00a7d.jpg
INFO: [ app_init ] --START--
INFO: Run Behavior\BuildLiteBehavior [ RunTime:0.000019s ]
INFO: [ app_init ] --END-- [ RunTime:0.000262s ]
ERR: 无法加载模块:Application

[ 2017-05-22T18:16:37+08:00 ] 104.236.236.145 /coalball/Application/Common/Common/Uploads/2017-05-20/5920642bef9fe.jpg
INFO: [ app_init ] --START--
INFO: Run Behavior\BuildLiteBehavior [ RunTime:0.000014s ]
INFO: [ app_init ] --END-- [ RunTime:0.011380s ]
ERR: 无法加载模块:Application

[ 2017-05-22T18:16:42+08:00 ] 104.236.236.145 /coalball/Application/Common/Common/Uploads/2017-05-20/5920642c00a7d.jpg
INFO: [ app_init ] --START--
INFO: Run Behavior\BuildLiteBehavior [ RunTime:0.000018s ]
INFO: [ app_init ] --END-- [ RunTime:0.000308s ]
ERR: 无法加载模块:Application

[ 2017-05-22T18:16:42+08:00 ] 104.236.236.145 /coalball/Application/Common/Common/Uploads/2017-05-20/5920642bef9fe.jpg
INFO: [ app_init ] --START--
INFO: Run Behavior\BuildLiteBehavior [ RunTime:0.000018s ]
INFO: [ app_init ] --END-- [ RunTime:0.000354s ]
ERR: 无法加载模块:Application

[ 2017-05-22T18:16:44+08:00 ] 104.236.236.145 /coalball/Application/Common/Common/Uploads/2017-05-20/5920642c00a7d.jpg
INFO: [ app_init ] --START--
INFO: Run Behavior\BuildLiteBehavior [ RunTime:0.000014s ]
INFO: [ app_init ] --END-- [ RunTime:0.000286s ]
ERR: 无法加载模块:Application

[ 2017-05-22T18:16:44+08:00 ] 104.236.236.145 /coalball/Application/Common/Common/Uploads/2017-05-20/5920642bef9fe.jpg
INFO: [ app_init ] --START--
INFO: Run Behavior\BuildLiteBehavior [ RunTime:0.000020s ]
INFO: [ app_init ] --END-- [ RunTime:0.000353s ]
ERR: 无法加载模块:Application

[ 2017-05-22T18:16:47+08:00 ] 104.236.236.145 /coalball/Application/Common/Common/Uploads/2017-05-20/5920642bef9fe.jpg
INFO: [ app_init ] --START--
INFO: Run Behavior\BuildLiteBehavior [ RunTime:0.000019s ]
INFO: [ app_init ] --END-- [ RunTime:0.000345s ]
ERR: 无法加载模块:Application

[ 2017-05-22T18:16:47+08:00 ] 104.236.236.145 /coalball/Application/Common/Common/Uploads/2017-05-20/5920642c00a7d.jpg
INFO: [ app_init ] --START--
INFO: Run Behavior\BuildLiteBehavior [ RunTime:0.000014s ]
INFO: [ app_init ] --END-- [ RunTime:0.000243s ]
ERR: 无法加载模块:Application

[ 2017-05-22T18:16:48+08:00 ] 104.236.236.145 /coalball/Application/Common/Common/Uploads/2017-05-20/5920642c00a7d.jpg
INFO: [ app_init ] --START--
INFO: Run Behavior\BuildLiteBehavior [ RunTime:0.000019s ]
INFO: [ app_init ] --END-- [ RunTime:0.000315s ]
ERR: 无法加载模块:Application

[ 2017-05-22T18:16:48+08:00 ] 104.236.236.145 /coalball/Application/Common/Common/Uploads/2017-05-20/5920642bef9fe.jpg
INFO: [ app_init ] --START--
INFO: Run Behavior\BuildLiteBehavior [ RunTime:0.000019s ]
INFO: [ app_init ] --END-- [ RunTime:0.000352s ]
ERR: 无法加载模块:Application

[ 2017-05-22T18:16:50+08:00 ] 104.236.236.145 /coalball/Application/Common/Common/Uploads/2017-05-20/5920642bef9fe.jpg
INFO: [ app_init ] --START--
INFO: Run Behavior\BuildLiteBehavior [ RunTime:0.000020s ]
INFO: [ app_init ] --END-- [ RunTime:0.000363s ]
ERR: 无法加载模块:Application

[ 2017-05-22T18:16:51+08:00 ] 104.236.236.145 /coalball/Application/Common/Common/Uploads/2017-05-20/5920642c00a7d.jpg
INFO: [ app_init ] --START--
INFO: Run Behavior\BuildLiteBehavior [ RunTime:0.000020s ]
INFO: [ app_init ] --END-- [ RunTime:0.000429s ]
ERR: 无法加载模块:Application

[ 2017-05-22T18:16:51+08:00 ] 104.236.236.145 /coalball/Application/Common/Common/Uploads/2017-05-20/5920642bef9fe.jpg
INFO: [ app_init ] --START--
INFO: Run Behavior\BuildLiteBehavior [ RunTime:0.000020s ]
INFO: [ app_init ] --END-- [ RunTime:0.000414s ]
ERR: 无法加载模块:Application

[ 2017-05-22T18:16:53+08:00 ] 104.236.236.145 /coalball/Application/Common/Common/Uploads/2017-05-20/5920642bef9fe.jpg
INFO: [ app_init ] --START--
INFO: Run Behavior\BuildLiteBehavior [ RunTime:0.000013s ]
INFO: [ app_init ] --END-- [ RunTime:0.000258s ]
ERR: 无法加载模块:Application

[ 2017-05-22T18:16:53+08:00 ] 104.236.236.145 /coalball/Application/Common/Common/Uploads/2017-05-20/5920642c00a7d.jpg
INFO: [ app_init ] --START--
INFO: Run Behavior\BuildLiteBehavior [ RunTime:0.000019s ]
INFO: [ app_init ] --END-- [ RunTime:0.000340s ]
ERR: 无法加载模块:Application

[ 2017-05-22T18:16:56+08:00 ] 104.236.236.145 /coalball/Application/Common/Common/Uploads/2017-05-20/5920642bef9fe.jpg
INFO: [ app_init ] --START--
INFO: Run Behavior\BuildLiteBehavior [ RunTime:0.000019s ]
INFO: [ app_init ] --END-- [ RunTime:0.000340s ]
ERR: 无法加载模块:Application

[ 2017-05-22T18:16:56+08:00 ] 104.236.236.145 /coalball/Application/Common/Common/Uploads/2017-05-20/5920642c00a7d.jpg
INFO: [ app_init ] --START--
INFO: Run Behavior\BuildLiteBehavior [ RunTime:0.000014s ]
INFO: [ app_init ] --END-- [ RunTime:0.000291s ]
ERR: 无法加载模块:Application

[ 2017-05-22T18:16:58+08:00 ] 104.236.236.145 /coalball/Application/Common/Common/Uploads/2017-05-20/5920642c00a7d.jpg
INFO: [ app_init ] --START--
INFO: Run Behavior\BuildLiteBehavior [ RunTime:0.000020s ]
INFO: [ app_init ] --END-- [ RunTime:0.000382s ]
ERR: 无法加载模块:Application

[ 2017-05-22T18:16:58+08:00 ] 104.236.236.145 /coalball/Application/Common/Common/Uploads/2017-05-20/5920642bef9fe.jpg
INFO: [ app_init ] --START--
INFO: Run Behavior\BuildLiteBehavior [ RunTime:0.000018s ]
INFO: [ app_init ] --END-- [ RunTime:0.000373s ]
ERR: 无法加载模块:Application

[ 2017-05-22T18:17:01+08:00 ] 104.236.236.145 /coalball/Application/Common/Common/Uploads/2017-05-20/5920642bef9fe.jpg
INFO: [ app_init ] --START--
INFO: Run Behavior\BuildLiteBehavior [ RunTime:0.000019s ]
INFO: [ app_init ] --END-- [ RunTime:0.000380s ]
ERR: 无法加载模块:Application

[ 2017-05-22T18:17:01+08:00 ] 104.236.236.145 /coalball/Application/Common/Common/Uploads/2017-05-20/5920642c00a7d.jpg
INFO: [ app_init ] --START--
INFO: Run Behavior\BuildLiteBehavior [ RunTime:0.000039s ]
INFO: [ app_init ] --END-- [ RunTime:0.000387s ]
ERR: 无法加载模块:Application

[ 2017-05-22T18:17:18+08:00 ] 104.236.236.145 /coalball/Application/Common/Common/Uploads/2017-05-20/5920642bef9fe.jpg
INFO: [ app_init ] --START--
INFO: Run Behavior\BuildLiteBehavior [ RunTime:0.000036s ]
INFO: [ app_init ] --END-- [ RunTime:0.000352s ]
ERR: 无法加载模块:Application

[ 2017-05-22T18:17:18+08:00 ] 104.236.236.145 /coalball/Application/Common/Common/Uploads/2017-05-20/5920642c00a7d.jpg
INFO: [ app_init ] --START--
INFO: Run Behavior\BuildLiteBehavior [ RunTime:0.000018s ]
INFO: [ app_init ] --END-- [ RunTime:0.000347s ]
ERR: 无法加载模块:Application

[ 2017-05-22T18:17:19+08:00 ] 104.236.236.145 /coalball/Application/Common/Common/Uploads/2017-05-20/5920642c00a7d.jpg
INFO: [ app_init ] --START--
INFO: Run Behavior\BuildLiteBehavior [ RunTime:0.000013s ]
INFO: [ app_init ] --END-- [ RunTime:0.000232s ]
ERR: 无法加载模块:Application

[ 2017-05-22T18:17:20+08:00 ] 104.236.236.145 /coalball/Application/Common/Common/Uploads/2017-05-20/5920642c00a7d.jpg
INFO: [ app_init ] --START--
INFO: Run Behavior\BuildLiteBehavior [ RunTime:0.000020s ]
INFO: [ app_init ] --END-- [ RunTime:0.000261s ]
ERR: 无法加载模块:Application

[ 2017-05-22T18:17:22+08:00 ] 104.236.236.145 /coalball/Application/Common/Common/Uploads/2017-05-20/5920642bef9fe.jpg
INFO: [ app_init ] --START--
INFO: Run Behavior\BuildLiteBehavior [ RunTime:0.000020s ]
INFO: [ app_init ] --END-- [ RunTime:0.000377s ]
ERR: 无法加载模块:Application

[ 2017-05-22T18:17:23+08:00 ] 104.236.236.145 /coalball/Application/Common/Common/Uploads/2017-05-20/5920642bef9fe.jpg
INFO: [ app_init ] --START--
INFO: Run Behavior\BuildLiteBehavior [ RunTime:0.000018s ]
INFO: [ app_init ] --END-- [ RunTime:0.000351s ]
ERR: 无法加载模块:Application

[ 2017-05-22T18:17:24+08:00 ] 104.236.236.145 /coalball/Application/Common/Common/Uploads/2017-05-20/5920642bef9fe.jpg
INFO: [ app_init ] --START--
INFO: Run Behavior\BuildLiteBehavior [ RunTime:0.000026s ]
INFO: [ app_init ] --END-- [ RunTime:0.000419s ]
ERR: 无法加载模块:Application

[ 2017-05-22T18:17:26+08:00 ] 104.236.236.145 /coalball/Application/Common/Common/Uploads/2017-05-20/5920642bef9fe.jpg
INFO: [ app_init ] --START--
INFO: Run Behavior\BuildLiteBehavior [ RunTime:0.000020s ]
INFO: [ app_init ] --END-- [ RunTime:0.000296s ]
ERR: 无法加载模块:Application

[ 2017-05-22T18:17:26+08:00 ] 104.236.236.145 /coalball/Application/Common/Common/Uploads/2017-05-20/5920642c00a7d.jpg
INFO: [ app_init ] --START--
INFO: Run Behavior\BuildLiteBehavior [ RunTime:0.000014s ]
INFO: [ app_init ] --END-- [ RunTime:0.000359s ]
ERR: 无法加载模块:Application

[ 2017-05-22T18:17:35+08:00 ] 104.236.236.145 /coalball/Application/Common/Common/Uploads/2017-05-20/5920642c00a7d.jpg
INFO: [ app_init ] --START--
INFO: Run Behavior\BuildLiteBehavior [ RunTime:0.000019s ]
INFO: [ app_init ] --END-- [ RunTime:0.000336s ]
ERR: 无法加载模块:Application

[ 2017-05-22T18:17:35+08:00 ] 104.236.236.145 /coalball/Application/Common/Common/Uploads/2017-05-20/5920642bef9fe.jpg
INFO: [ app_init ] --START--
INFO: Run Behavior\BuildLiteBehavior [ RunTime:0.000017s ]
INFO: [ app_init ] --END-- [ RunTime:0.000346s ]
ERR: 无法加载模块:Application

[ 2017-05-22T18:17:54+08:00 ] 104.236.236.145 /coalball/Application/Common/Common/Uploads/2017-05-20/5920642bef9fe.jpg
INFO: [ app_init ] --START--
INFO: Run Behavior\BuildLiteBehavior [ RunTime:0.000030s ]
INFO: [ app_init ] --END-- [ RunTime:0.000256s ]
ERR: 无法加载模块:Application

[ 2017-05-22T18:17:54+08:00 ] 104.236.236.145 /coalball/Application/Common/Common/Uploads/2017-05-20/5920642c00a7d.jpg
INFO: [ app_init ] --START--
INFO: Run Behavior\BuildLiteBehavior [ RunTime:0.000013s ]
INFO: [ app_init ] --END-- [ RunTime:0.000267s ]
ERR: 无法加载模块:Application

[ 2017-05-22T18:18:12+08:00 ] 104.236.236.145 /coalball/Application/Common/Common/Uploads/2017-05-20/5920642c00a7d.jpg
INFO: [ app_init ] --START--
INFO: Run Behavior\BuildLiteBehavior [ RunTime:0.000035s ]
INFO: [ app_init ] --END-- [ RunTime:0.000259s ]
ERR: 无法加载模块:Application

[ 2017-05-22T18:18:12+08:00 ] 104.236.236.145 /coalball/Application/Common/Common/Uploads/2017-05-20/5920642bef9fe.jpg
INFO: [ app_init ] --START--
INFO: Run Behavior\BuildLiteBehavior [ RunTime:0.000018s ]
INFO: [ app_init ] --END-- [ RunTime:0.000275s ]
ERR: 无法加载模块:Application

[ 2017-05-22T18:18:15+08:00 ] 104.236.236.145 /coalball/Application/Common/Common/Uploads/2017-05-20/5920642c00a7d.jpg
INFO: [ app_init ] --START--
INFO: Run Behavior\BuildLiteBehavior [ RunTime:0.000020s ]
INFO: [ app_init ] --END-- [ RunTime:0.000339s ]
ERR: 无法加载模块:Application

[ 2017-05-22T18:18:15+08:00 ] 104.236.236.145 /coalball/Application/Common/Common/Uploads/2017-05-20/5920642bef9fe.jpg
INFO: [ app_init ] --START--
INFO: Run Behavior\BuildLiteBehavior [ RunTime:0.000020s ]
INFO: [ app_init ] --END-- [ RunTime:0.000354s ]
ERR: 无法加载模块:Application

[ 2017-05-22T18:18:17+08:00 ] 104.236.236.145 /coalball/Application/Common/Common/Uploads/2017-05-20/5920642bef9fe.jpg
INFO: [ app_init ] --START--
INFO: Run Behavior\BuildLiteBehavior [ RunTime:0.000019s ]
INFO: [ app_init ] --END-- [ RunTime:0.000302s ]
ERR: 无法加载模块:Application

[ 2017-05-22T18:18:19+08:00 ] 104.236.236.145 /coalball/Application/Common/Common/Uploads/2017-05-20/5920642c00a7d.jpg
INFO: [ app_init ] --START--
INFO: Run Behavior\BuildLiteBehavior [ RunTime:0.000012s ]
INFO: [ app_init ] --END-- [ RunTime:0.000267s ]
ERR: 无法加载模块:Application

[ 2017-05-22T18:18:19+08:00 ] 104.236.236.145 /coalball/Application/Common/Common/Uploads/2017-05-20/5920642bef9fe.jpg
INFO: [ app_init ] --START--
INFO: Run Behavior\BuildLiteBehavior [ RunTime:0.000018s ]
INFO: [ app_init ] --END-- [ RunTime:0.000344s ]
ERR: 无法加载模块:Application

[ 2017-05-22T18:18:26+08:00 ] 104.236.236.145 /coalball/Application/Common/Common/Uploads/2017-05-20/5920642c00a7d.jpg
INFO: [ app_init ] --START--
INFO: Run Behavior\BuildLiteBehavior [ RunTime:0.000018s ]
INFO: [ app_init ] --END-- [ RunTime:0.000264s ]
ERR: 无法加载模块:Application

[ 2017-05-22T18:18:26+08:00 ] 104.236.236.145 /coalball/Application/Common/Common/Uploads/2017-05-20/5920642bef9fe.jpg
INFO: [ app_init ] --START--
INFO: Run Behavior\BuildLiteBehavior [ RunTime:0.000019s ]
INFO: [ app_init ] --END-- [ RunTime:0.000373s ]
ERR: 无法加载模块:Application

[ 2017-05-22T18:19:00+08:00 ] 104.236.236.145 /coalball/Application/Common/Common/Uploads/2017-05-20/5920642bef9fe.jpg
INFO: [ app_init ] --START--
INFO: Run Behavior\BuildLiteBehavior [ RunTime:0.000017s ]
INFO: [ app_init ] --END-- [ RunTime:0.000338s ]
ERR: 无法加载模块:Application

[ 2017-05-22T18:19:00+08:00 ] 104.236.236.145 /coalball/Application/Common/Common/Uploads/2017-05-20/5920642c00a7d.jpg
INFO: [ app_init ] --START--
INFO: Run Behavior\BuildLiteBehavior [ RunTime:0.000014s ]
INFO: [ app_init ] --END-- [ RunTime:0.000541s ]
ERR: 无法加载模块:Application

[ 2017-05-22T18:19:07+08:00 ] 104.236.236.145 /coalball/Application/Common/Common/Uploads/2017-05-20/5920642c00a7d.jpg
INFO: [ app_init ] --START--
INFO: Run Behavior\BuildLiteBehavior [ RunTime:0.000016s ]
INFO: [ app_init ] --END-- [ RunTime:0.000338s ]
ERR: 无法加载模块:Application

[ 2017-05-22T18:19:07+08:00 ] 104.236.236.145 /coalball/Application/Common/Common/Uploads/2017-05-20/5920642bef9fe.jpg
INFO: [ app_init ] --START--
INFO: Run Behavior\BuildLiteBehavior [ RunTime:0.000019s ]
INFO: [ app_init ] --END-- [ RunTime:0.000356s ]
ERR: 无法加载模块:Application

[ 2017-05-22T18:19:22+08:00 ] 104.236.236.145 /coalball/Application/Common/Common/Uploads/2017-05-20/5920642c00a7d.jpg
INFO: [ app_init ] --START--
INFO: Run Behavior\BuildLiteBehavior [ RunTime:0.000018s ]
INFO: [ app_init ] --END-- [ RunTime:0.000303s ]
ERR: 无法加载模块:Application

[ 2017-05-22T18:19:22+08:00 ] 104.236.236.145 /coalball/Application/Common/Common/Uploads/2017-05-20/5920642bef9fe.jpg
INFO: [ app_init ] --START--
INFO: Run Behavior\BuildLiteBehavior [ RunTime:0.000017s ]
INFO: [ app_init ] --END-- [ RunTime:0.000364s ]
ERR: 无法加载模块:Application

[ 2017-05-22T18:19:23+08:00 ] 104.236.236.145 /coalball/Application/Common/Common/Uploads/2017-05-20/5920642c00a7d.jpg
INFO: [ app_init ] --START--
INFO: Run Behavior\BuildLiteBehavior [ RunTime:0.000013s ]
INFO: [ app_init ] --END-- [ RunTime:0.000246s ]
ERR: 无法加载模块:Application

[ 2017-05-22T18:19:23+08:00 ] 104.236.236.145 /coalball/Application/Common/Common/Uploads/2017-05-20/5920642bef9fe.jpg
INFO: [ app_init ] --START--
INFO: Run Behavior\BuildLiteBehavior [ RunTime:0.000013s ]
INFO: [ app_init ] --END-- [ RunTime:0.000242s ]
ERR: 无法加载模块:Application

[ 2017-05-22T18:19:24+08:00 ] 104.236.236.145 /coalball/Application/Common/Common/Uploads/2017-05-20/5920642c00a7d.jpg
INFO: [ app_init ] --START--
INFO: Run Behavior\BuildLiteBehavior [ RunTime:0.000014s ]
INFO: [ app_init ] --END-- [ RunTime:0.000226s ]
ERR: 无法加载模块:Application

[ 2017-05-22T18:19:24+08:00 ] 104.236.236.145 /coalball/Application/Common/Common/Uploads/2017-05-20/5920642bef9fe.jpg
INFO: [ app_init ] --START--
INFO: Run Behavior\BuildLiteBehavior [ RunTime:0.000020s ]
INFO: [ app_init ] --END-- [ RunTime:0.000346s ]
ERR: 无法加载模块:Application

[ 2017-05-22T18:19:28+08:00 ] 104.236.236.145 /coalball/Application/Common/Common/Uploads/2017-05-20/5920642bef9fe.jpg
INFO: [ app_init ] --START--
INFO: Run Behavior\BuildLiteBehavior [ RunTime:0.000019s ]
INFO: [ app_init ] --END-- [ RunTime:0.000343s ]
ERR: 无法加载模块:Application

[ 2017-05-22T18:19:28+08:00 ] 104.236.236.145 /coalball/Application/Common/Common/Uploads/2017-05-20/5920642c00a7d.jpg
INFO: [ app_init ] --START--
INFO: Run Behavior\BuildLiteBehavior [ RunTime:0.000018s ]
INFO: [ app_init ] --END-- [ RunTime:0.000344s ]
ERR: 无法加载模块:Application

[ 2017-05-22T18:19:29+08:00 ] 104.236.236.145 /coalball/Application/Common/Common/Uploads/2017-05-20/5920642bef9fe.jpg
INFO: [ app_init ] --START--
INFO: Run Behavior\BuildLiteBehavior [ RunTime:0.000020s ]
INFO: [ app_init ] --END-- [ RunTime:0.000440s ]
ERR: 无法加载模块:Application

[ 2017-05-22T18:19:32+08:00 ] 104.236.236.145 /coalball/Application/Common/Common/Uploads/2017-05-20/5920642c00a7d.jpg
INFO: [ app_init ] --START--
INFO: Run Behavior\BuildLiteBehavior [ RunTime:0.000019s ]
INFO: [ app_init ] --END-- [ RunTime:0.000342s ]
ERR: 无法加载模块:Application

[ 2017-05-22T18:19:32+08:00 ] 104.236.236.145 /coalball/Application/Common/Common/Uploads/2017-05-20/5920642bef9fe.jpg
INFO: [ app_init ] --START--
INFO: Run Behavior\BuildLiteBehavior [ RunTime:0.000017s ]
INFO: [ app_init ] --END-- [ RunTime:0.000339s ]
ERR: 无法加载模块:Application

[ 2017-05-22T18:19:41+08:00 ] 104.236.236.145 /coalball/Application/Common/Common/Uploads/2017-05-20/5920642c00a7d.jpg
INFO: [ app_init ] --START--
INFO: Run Behavior\BuildLiteBehavior [ RunTime:0.000021s ]
INFO: [ app_init ] --END-- [ RunTime:0.000486s ]
ERR: 无法加载模块:Application

[ 2017-05-22T18:19:42+08:00 ] 104.236.236.145 /coalball/Application/Common/Common/Uploads/2017-05-20/5920642bef9fe.jpg
INFO: [ app_init ] --START--
INFO: Run Behavior\BuildLiteBehavior [ RunTime:0.000020s ]
INFO: [ app_init ] --END-- [ RunTime:0.000380s ]
ERR: 无法加载模块:Application

[ 2017-05-22T18:19:43+08:00 ] 104.236.236.145 /coalball/Application/Common/Common/Uploads/2017-05-20/5920642c00a7d.jpg
INFO: [ app_init ] --START--
INFO: Run Behavior\BuildLiteBehavior [ RunTime:0.000017s ]
INFO: [ app_init ] --END-- [ RunTime:0.000324s ]
ERR: 无法加载模块:Application

[ 2017-05-22T18:19:43+08:00 ] 104.236.236.145 /coalball/Application/Common/Common/Uploads/2017-05-20/5920642bef9fe.jpg
INFO: [ app_init ] --START--
INFO: Run Behavior\BuildLiteBehavior [ RunTime:0.000017s ]
INFO: [ app_init ] --END-- [ RunTime:0.000297s ]
ERR: 无法加载模块:Application

[ 2017-05-22T18:23:24+08:00 ] 104.236.236.145 /coalball/Application/Common/Common/Uploads/2017-05-20/5920642c00a7d.jpg
INFO: [ app_init ] --START--
INFO: Run Behavior\BuildLiteBehavior [ RunTime:0.000014s ]
INFO: [ app_init ] --END-- [ RunTime:0.000260s ]
ERR: 无法加载模块:Application

[ 2017-05-22T18:23:24+08:00 ] 104.236.236.145 /coalball/Application/Common/Common/Uploads/2017-05-20/5920642bef9fe.jpg
INFO: [ app_init ] --START--
INFO: Run Behavior\BuildLiteBehavior [ RunTime:0.000013s ]
INFO: [ app_init ] --END-- [ RunTime:0.000273s ]
ERR: 无法加载模块:Application

[ 2017-05-22T18:23:40+08:00 ] 104.236.236.145 /coalball/Application/Common/Common/Uploads/2017-05-20/5920642bef9fe.jpg
INFO: [ app_init ] --START--
INFO: Run Behavior\BuildLiteBehavior [ RunTime:0.000015s ]
INFO: [ app_init ] --END-- [ RunTime:0.000314s ]
ERR: 无法加载模块:Application

[ 2017-05-22T18:23:41+08:00 ] 104.236.236.145 /coalball/Application/Common/Common/Uploads/2017-05-20/5920642c00a7d.jpg
INFO: [ app_init ] --START--
INFO: Run Behavior\BuildLiteBehavior [ RunTime:0.000020s ]
INFO: [ app_init ] --END-- [ RunTime:0.000853s ]
ERR: 无法加载模块:Application

[ 2017-05-22T18:23:43+08:00 ] 104.236.236.145 /coalball/Application/Common/Common/Uploads/2017-05-20/5920642c00a7d.jpg
INFO: [ app_init ] --START--
INFO: Run Behavior\BuildLiteBehavior [ RunTime:0.000018s ]
INFO: [ app_init ] --END-- [ RunTime:0.000320s ]
ERR: 无法加载模块:Application

[ 2017-05-22T18:23:43+08:00 ] 104.236.236.145 /coalball/Application/Common/Common/Uploads/2017-05-20/5920642bef9fe.jpg
INFO: [ app_init ] --START--
INFO: Run Behavior\BuildLiteBehavior [ RunTime:0.000014s ]
INFO: [ app_init ] --END-- [ RunTime:0.000340s ]
ERR: 无法加载模块:Application

[ 2017-05-22T18:27:48+08:00 ] 104.236.236.145 /coalball/Application/Common/Common/Uploads/2017-05-20/5920642c00a7d.jpg
INFO: [ app_init ] --START--
INFO: Run Behavior\BuildLiteBehavior [ RunTime:0.000015s ]
INFO: [ app_init ] --END-- [ RunTime:0.000291s ]
ERR: 无法加载模块:Application

[ 2017-05-22T18:27:49+08:00 ] 104.236.236.145 /coalball/Application/Common/Common/Uploads/2017-05-20/5920642bef9fe.jpg
INFO: [ app_init ] --START--
INFO: Run Behavior\BuildLiteBehavior [ RunTime:0.000018s ]
INFO: [ app_init ] --END-- [ RunTime:0.000375s ]
ERR: 无法加载模块:Application

[ 2017-05-22T18:27:55+08:00 ] 104.236.236.145 /coalball/Application/Common/Common/Uploads/2017-05-20/5920642c00a7d.jpg
INFO: [ app_init ] --START--
INFO: Run Behavior\BuildLiteBehavior [ RunTime:0.000017s ]
INFO: [ app_init ] --END-- [ RunTime:0.000244s ]
ERR: 无法加载模块:Application

[ 2017-05-22T18:27:55+08:00 ] 104.236.236.145 /coalball/Application/Common/Common/Uploads/2017-05-20/5920642bef9fe.jpg
INFO: [ app_init ] --START--
INFO: Run Behavior\BuildLiteBehavior [ RunTime:0.000014s ]
INFO: [ app_init ] --END-- [ RunTime:0.000275s ]
ERR: 无法加载模块:Application

[ 2017-05-22T18:28:05+08:00 ] 104.236.236.145 /coalball/Application/Common/Common/Uploads/2017-05-20/5920642c00a7d.jpg
INFO: [ app_init ] --START--
INFO: Run Behavior\BuildLiteBehavior [ RunTime:0.000019s ]
INFO: [ app_init ] --END-- [ RunTime:0.000327s ]
ERR: 无法加载模块:Application

[ 2017-05-22T18:28:05+08:00 ] 104.236.236.145 /coalball/Application/Common/Common/Uploads/2017-05-20/5920642bef9fe.jpg
INFO: [ app_init ] --START--
INFO: Run Behavior\BuildLiteBehavior [ RunTime:0.000018s ]
INFO: [ app_init ] --END-- [ RunTime:0.000332s ]
ERR: 无法加载模块:Application

[ 2017-05-22T18:28:09+08:00 ] 104.236.236.145 /coalball/Application/Common/Common/Uploads/2017-05-20/5920642c00a7d.jpg
INFO: [ app_init ] --START--
INFO: Run Behavior\BuildLiteBehavior [ RunTime:0.000019s ]
INFO: [ app_init ] --END-- [ RunTime:0.000361s ]
ERR: 无法加载模块:Application

[ 2017-05-22T18:28:09+08:00 ] 104.236.236.145 /coalball/Application/Common/Common/Uploads/2017-05-20/5920642bef9fe.jpg
INFO: [ app_init ] --START--
INFO: Run Behavior\BuildLiteBehavior [ RunTime:0.000020s ]
INFO: [ app_init ] --END-- [ RunTime:0.000355s ]
ERR: 无法加载模块:Application

[ 2017-05-22T18:28:11+08:00 ] 104.236.236.145 /coalball/Application/Common/Common/Uploads/2017-05-20/5920642bef9fe.jpg
INFO: [ app_init ] --START--
INFO: Run Behavior\BuildLiteBehavior [ RunTime:0.000019s ]
INFO: [ app_init ] --END-- [ RunTime:0.000346s ]
ERR: 无法加载模块:Application

[ 2017-05-22T18:28:11+08:00 ] 104.236.236.145 /coalball/Application/Common/Common/Uploads/2017-05-20/5920642c00a7d.jpg
INFO: [ app_init ] --START--
INFO: Run Behavior\BuildLiteBehavior [ RunTime:0.000020s ]
INFO: [ app_init ] --END-- [ RunTime:0.000364s ]
ERR: 无法加载模块:Application

[ 2017-05-22T18:28:11+08:00 ] 104.236.236.145 /coalball/Application/Common/Common/Uploads/2017-05-20/5920642bef9fe.jpg
INFO: [ app_init ] --START--
INFO: Run Behavior\BuildLiteBehavior [ RunTime:0.000021s ]
INFO: [ app_init ] --END-- [ RunTime:0.000528s ]
ERR: 无法加载模块:Application

[ 2017-05-22T18:28:13+08:00 ] 104.236.236.145 /coalball/Application/Common/Common/Uploads/2017-05-20/5920642bef9fe.jpg
INFO: [ app_init ] --START--
INFO: Run Behavior\BuildLiteBehavior [ RunTime:0.000019s ]
INFO: [ app_init ] --END-- [ RunTime:0.000331s ]
ERR: 无法加载模块:Application

[ 2017-05-22T18:28:13+08:00 ] 104.236.236.145 /coalball/Application/Common/Common/Uploads/2017-05-20/5920642c00a7d.jpg
INFO: [ app_init ] --START--
INFO: Run Behavior\BuildLiteBehavior [ RunTime:0.000018s ]
INFO: [ app_init ] --END-- [ RunTime:0.000333s ]
ERR: 无法加载模块:Application

[ 2017-05-22T18:28:14+08:00 ] 104.236.236.145 /coalball/Application/Common/Common/Uploads/2017-05-20/5920642bef9fe.jpg
INFO: [ app_init ] --START--
INFO: Run Behavior\BuildLiteBehavior [ RunTime:0.000019s ]
INFO: [ app_init ] --END-- [ RunTime:0.000345s ]
ERR: 无法加载模块:Application

[ 2017-05-22T18:28:14+08:00 ] 104.236.236.145 /coalball/Application/Common/Common/Uploads/2017-05-20/5920642c00a7d.jpg
INFO: [ app_init ] --START--
INFO: Run Behavior\BuildLiteBehavior [ RunTime:0.000017s ]
INFO: [ app_init ] --END-- [ RunTime:0.000331s ]
ERR: 无法加载模块:Application

[ 2017-05-22T18:28:16+08:00 ] 104.236.236.145 /coalball/Application/Common/Common/Uploads/2017-05-20/5920642c00a7d.jpg
INFO: [ app_init ] --START--
INFO: Run Behavior\BuildLiteBehavior [ RunTime:0.000015s ]
INFO: [ app_init ] --END-- [ RunTime:0.000280s ]
ERR: 无法加载模块:Application

[ 2017-05-22T18:28:16+08:00 ] 104.236.236.145 /coalball/Application/Common/Common/Uploads/2017-05-20/5920642bef9fe.jpg
INFO: [ app_init ] --START--
INFO: Run Behavior\BuildLiteBehavior [ RunTime:0.000018s ]
INFO: [ app_init ] --END-- [ RunTime:0.000341s ]
ERR: 无法加载模块:Application

[ 2017-05-22T18:28:42+08:00 ] 104.236.236.145 /coalball/Application/Common/Common/Uploads/2017-05-20/5920642c00a7d.jpg
INFO: [ app_init ] --START--
INFO: Run Behavior\BuildLiteBehavior [ RunTime:0.000019s ]
INFO: [ app_init ] --END-- [ RunTime:0.000549s ]
ERR: 无法加载模块:Application

[ 2017-05-22T18:28:42+08:00 ] 104.236.236.145 /coalball/Application/Common/Common/Uploads/2017-05-20/5920642bef9fe.jpg
INFO: [ app_init ] --START--
INFO: Run Behavior\BuildLiteBehavior [ RunTime:0.000018s ]
INFO: [ app_init ] --END-- [ RunTime:0.000411s ]
ERR: 无法加载模块:Application

[ 2017-05-22T18:28:45+08:00 ] 104.236.236.145 /coalball/Application/Common/Common/Uploads/2017-05-20/5920642c00a7d.jpg
INFO: [ app_init ] --START--
INFO: Run Behavior\BuildLiteBehavior [ RunTime:0.000019s ]
INFO: [ app_init ] --END-- [ RunTime:0.000392s ]
ERR: 无法加载模块:Application

[ 2017-05-22T18:28:45+08:00 ] 104.236.236.145 /coalball/Application/Common/Common/Uploads/2017-05-20/5920642bef9fe.jpg
INFO: [ app_init ] --START--
INFO: Run Behavior\BuildLiteBehavior [ RunTime:0.000018s ]
INFO: [ app_init ] --END-- [ RunTime:0.000394s ]
ERR: 无法加载模块:Application

[ 2017-05-22T18:28:47+08:00 ] 104.236.236.145 /coalball/Application/Common/Common/Uploads/2017-05-20/5920642bef9fe.jpg
INFO: [ app_init ] --START--
INFO: Run Behavior\BuildLiteBehavior [ RunTime:0.000443s ]
INFO: [ app_init ] --END-- [ RunTime:0.002100s ]
ERR: 无法加载模块:Application

[ 2017-05-22T18:28:47+08:00 ] 104.236.236.145 /coalball/Application/Common/Common/Uploads/2017-05-20/5920642c00a7d.jpg
INFO: [ app_init ] --START--
INFO: Run Behavior\BuildLiteBehavior [ RunTime:0.000020s ]
INFO: [ app_init ] --END-- [ RunTime:0.000425s ]
ERR: 无法加载模块:Application

[ 2017-05-22T18:31:36+08:00 ] 104.236.236.145 /coalball/Application/Common/Common/Uploads/2017-05-20/5920642c00a7d.jpg
INFO: [ app_init ] --START--
INFO: Run Behavior\BuildLiteBehavior [ RunTime:0.000018s ]
INFO: [ app_init ] --END-- [ RunTime:0.000384s ]
ERR: 无法加载模块:Application

[ 2017-05-22T18:31:36+08:00 ] 104.236.236.145 /coalball/Application/Common/Common/Uploads/2017-05-20/5920642bef9fe.jpg
INFO: [ app_init ] --START--
INFO: Run Behavior\BuildLiteBehavior [ RunTime:0.000013s ]
INFO: [ app_init ] --END-- [ RunTime:0.000379s ]
ERR: 无法加载模块:Application

[ 2017-05-22T18:31:49+08:00 ] 104.236.236.145 /coalball/Application/Common/Common/Uploads/2017-05-20/5920642c00a7d.jpg
INFO: [ app_init ] --START--
INFO: Run Behavior\BuildLiteBehavior [ RunTime:0.000037s ]
INFO: [ app_init ] --END-- [ RunTime:0.000382s ]
ERR: 无法加载模块:Application

[ 2017-05-22T18:31:50+08:00 ] 104.236.236.145 /coalball/Application/Common/Common/Uploads/2017-05-20/5920642bef9fe.jpg
INFO: [ app_init ] --START--
INFO: Run Behavior\BuildLiteBehavior [ RunTime:0.000014s ]
INFO: [ app_init ] --END-- [ RunTime:0.000254s ]
ERR: 无法加载模块:Application

[ 2017-05-22T18:36:41+08:00 ] 104.236.236.145 /coalball/Application/Common/Common/Uploads/2017-05-20/5920642bef9fe.jpg
INFO: [ app_init ] --START--
INFO: Run Behavior\BuildLiteBehavior [ RunTime:0.000018s ]
INFO: [ app_init ] --END-- [ RunTime:0.000323s ]
ERR: 无法加载模块:Application

[ 2017-05-22T18:36:42+08:00 ] 104.236.236.145 /coalball/Application/Common/Common/Uploads/2017-05-20/5920642c00a7d.jpg
INFO: [ app_init ] --START--
INFO: Run Behavior\BuildLiteBehavior [ RunTime:0.000019s ]
INFO: [ app_init ] --END-- [ RunTime:0.000363s ]
ERR: 无法加载模块:Application

[ 2017-05-22T18:36:42+08:00 ] 104.236.236.145 /coalball/Application/Common/Common/Uploads/2017-05-20/5920642bef9fe.jpg
INFO: [ app_init ] --START--
INFO: Run Behavior\BuildLiteBehavior [ RunTime:0.000021s ]
INFO: [ app_init ] --END-- [ RunTime:0.000419s ]
ERR: 无法加载模块:Application

[ 2017-05-22T18:36:43+08:00 ] 104.236.236.145 /coalball/Application/Common/Common/Uploads/2017-05-20/5920642c00a7d.jpg
INFO: [ app_init ] --START--
INFO: Run Behavior\BuildLiteBehavior [ RunTime:0.000019s ]
INFO: [ app_init ] --END-- [ RunTime:0.000344s ]
ERR: 无法加载模块:Application

[ 2017-05-22T18:36:46+08:00 ] 104.236.236.145 /coalball/Application/Common/Common/Uploads/2017-05-20/5920642c00a7d.jpg
INFO: [ app_init ] --START--
INFO: Run Behavior\BuildLiteBehavior [ RunTime:0.000013s ]
INFO: [ app_init ] --END-- [ RunTime:0.000275s ]
ERR: 无法加载模块:Application

[ 2017-05-22T18:36:47+08:00 ] 104.236.236.145 /coalball/Application/Common/Common/Uploads/2017-05-20/5920642bef9fe.jpg
INFO: [ app_init ] --START--
INFO: Run Behavior\BuildLiteBehavior [ RunTime:0.000019s ]
INFO: [ app_init ] --END-- [ RunTime:0.000346s ]
ERR: 无法加载模块:Application

[ 2017-05-22T18:36:50+08:00 ] 104.236.236.145 /coalball/Application/Common/Common/Uploads/2017-05-20/5920642bef9fe.jpg
INFO: [ app_init ] --START--
INFO: Run Behavior\BuildLiteBehavior [ RunTime:0.000019s ]
INFO: [ app_init ] --END-- [ RunTime:0.000349s ]
ERR: 无法加载模块:Application

[ 2017-05-22T18:36:51+08:00 ] 104.236.236.145 /coalball/Application/Common/Common/Uploads/2017-05-20/5920642c00a7d.jpg
INFO: [ app_init ] --START--
INFO: Run Behavior\BuildLiteBehavior [ RunTime:0.000019s ]
INFO: [ app_init ] --END-- [ RunTime:0.000347s ]
ERR: 无法加载模块:Application

[ 2017-05-22T18:37:08+08:00 ] 104.236.236.145 /coalball/Application/Common/Common/Uploads/2017-05-20/5920642bef9fe.jpg
INFO: [ app_init ] --START--
INFO: Run Behavior\BuildLiteBehavior [ RunTime:0.000020s ]
INFO: [ app_init ] --END-- [ RunTime:0.000358s ]
ERR: 无法加载模块:Application

[ 2017-05-22T18:37:08+08:00 ] 104.236.236.145 /coalball/Application/Common/Common/Uploads/2017-05-20/5920642c00a7d.jpg
INFO: [ app_init ] --START--
INFO: Run Behavior\BuildLiteBehavior [ RunTime:0.000018s ]
INFO: [ app_init ] --END-- [ RunTime:0.000348s ]
ERR: 无法加载模块:Application

[ 2017-05-22T22:13:06+08:00 ] 104.236.236.145 /coalball/Application/Common/Common/Uploads/2017-05-20/5920642bef9fe.jpg
INFO: [ app_init ] --START--
INFO: Run Behavior\BuildLiteBehavior [ RunTime:0.000014s ]
INFO: [ app_init ] --END-- [ RunTime:0.000257s ]
ERR: 无法加载模块:Application

[ 2017-05-22T22:13:06+08:00 ] 104.236.236.145 /coalball/Application/Common/Common/Uploads/2017-05-20/5920642c00a7d.jpg
INFO: [ app_init ] --START--
INFO: Run Behavior\BuildLiteBehavior [ RunTime:0.000014s ]
INFO: [ app_init ] --END-- [ RunTime:0.000283s ]
ERR: 无法加载模块:Application

[ 2017-05-22T22:13:15+08:00 ] 104.236.236.145 /coalball/Application/Common/Common/Uploads/2017-05-20/5920642bef9fe.jpg
INFO: [ app_init ] --START--
INFO: Run Behavior\BuildLiteBehavior [ RunTime:0.000018s ]
INFO: [ app_init ] --END-- [ RunTime:0.000345s ]
ERR: 无法加载模块:Application

[ 2017-05-22T22:13:16+08:00 ] 104.236.236.145 /coalball/Application/Common/Common/Uploads/2017-05-20/5920642c00a7d.jpg
INFO: [ app_init ] --START--
INFO: Run Behavior\BuildLiteBehavior [ RunTime:0.000017s ]
INFO: [ app_init ] --END-- [ RunTime:0.000334s ]
ERR: 无法加载模块:Application

[ 2017-05-22T22:13:24+08:00 ] 104.236.236.145 /coalball/Application/Common/Common/Uploads/2017-05-20/5920642bef9fe.jpg
INFO: [ app_init ] --START--
INFO: Run Behavior\BuildLiteBehavior [ RunTime:0.000020s ]
INFO: [ app_init ] --END-- [ RunTime:0.000353s ]
ERR: 无法加载模块:Application

[ 2017-05-22T22:13:24+08:00 ] 104.236.236.145 /coalball/Application/Common/Common/Uploads/2017-05-20/5920642c00a7d.jpg
INFO: [ app_init ] --START--
INFO: Run Behavior\BuildLiteBehavior [ RunTime:0.000019s ]
INFO: [ app_init ] --END-- [ RunTime:0.000342s ]
ERR: 无法加载模块:Application

[ 2017-05-22T22:14:16+08:00 ] 104.236.236.145 /coalball/Application/Common/Common/Uploads/2017-05-20/5920642bef9fe.jpg
INFO: [ app_init ] --START--
INFO: Run Behavior\BuildLiteBehavior [ RunTime:0.000019s ]
INFO: [ app_init ] --END-- [ RunTime:0.000266s ]
ERR: 无法加载模块:Application

[ 2017-05-22T22:14:18+08:00 ] 104.236.236.145 /coalball/Application/Common/Common/Uploads/2017-05-20/5920642c00a7d.jpg
INFO: [ app_init ] --START--
INFO: Run Behavior\BuildLiteBehavior [ RunTime:0.000019s ]
INFO: [ app_init ] --END-- [ RunTime:0.000364s ]
ERR: 无法加载模块:Application

[ 2017-05-22T22:14:20+08:00 ] 104.236.236.145 /coalball/Application/Common/Common/Uploads/2017-05-20/5920642c00a7d.jpg
INFO: [ app_init ] --START--
INFO: Run Behavior\BuildLiteBehavior [ RunTime:0.000014s ]
INFO: [ app_init ] --END-- [ RunTime:0.000265s ]
ERR: 无法加载模块:Application

[ 2017-05-22T22:14:20+08:00 ] 104.236.236.145 /coalball/Application/Common/Common/Uploads/2017-05-20/5920642bef9fe.jpg
INFO: [ app_init ] --START--
INFO: Run Behavior\BuildLiteBehavior [ RunTime:0.000013s ]
INFO: [ app_init ] --END-- [ RunTime:0.000265s ]
ERR: 无法加载模块:Application

[ 2017-05-22T22:14:22+08:00 ] 104.236.236.145 /coalball/Application/Common/Common/Uploads/2017-05-20/5920642c00a7d.jpg
INFO: [ app_init ] --START--
INFO: Run Behavior\BuildLiteBehavior [ RunTime:0.000014s ]
INFO: [ app_init ] --END-- [ RunTime:0.000232s ]
ERR: 无法加载模块:Application

[ 2017-05-22T22:14:23+08:00 ] 104.236.236.145 /coalball/Application/Common/Common/Uploads/2017-05-20/5920642bef9fe.jpg
INFO: [ app_init ] --START--
INFO: Run Behavior\BuildLiteBehavior [ RunTime:0.000013s ]
INFO: [ app_init ] --END-- [ RunTime:0.000244s ]
ERR: 无法加载模块:Application

[ 2017-05-22T22:14:23+08:00 ] 104.236.236.145 /coalball/Application/Common/Common/Uploads/2017-05-20/5920642c00a7d.jpg
INFO: [ app_init ] --START--
INFO: Run Behavior\BuildLiteBehavior [ RunTime:0.000021s ]
INFO: [ app_init ] --END-- [ RunTime:0.000274s ]
ERR: 无法加载模块:Application

[ 2017-05-22T22:14:24+08:00 ] 104.236.236.145 /coalball/Application/Common/Common/Uploads/2017-05-20/5920642bef9fe.jpg
INFO: [ app_init ] --START--
INFO: Run Behavior\BuildLiteBehavior [ RunTime:0.000019s ]
INFO: [ app_init ] --END-- [ RunTime:0.000334s ]
ERR: 无法加载模块:Application

[ 2017-05-22T22:14:58+08:00 ] 104.236.236.145 /coalball/Application/Common/Common/Uploads/2017-05-20/5920642bef9fe.jpg
INFO: [ app_init ] --START--
INFO: Run Behavior\BuildLiteBehavior [ RunTime:0.000020s ]
INFO: [ app_init ] --END-- [ RunTime:0.000347s ]
ERR: 无法加载模块:Application

[ 2017-05-22T22:14:58+08:00 ] 104.236.236.145 /coalball/Application/Common/Common/Uploads/2017-05-20/5920642c00a7d.jpg
INFO: [ app_init ] --START--
INFO: Run Behavior\BuildLiteBehavior [ RunTime:0.000014s ]
INFO: [ app_init ] --END-- [ RunTime:0.000321s ]
ERR: 无法加载模块:Application

[ 2017-05-22T22:16:48+08:00 ] 104.236.236.145 /coalball/Application/Common/Common/Uploads/2017-05-20/5920642c00a7d.jpg
INFO: [ app_init ] --START--
INFO: Run Behavior\BuildLiteBehavior [ RunTime:0.000017s ]
INFO: [ app_init ] --END-- [ RunTime:0.000312s ]
ERR: 无法加载模块:Application

[ 2017-05-22T22:16:48+08:00 ] 104.236.236.145 /coalball/Application/Common/Common/Uploads/2017-05-20/5920642bef9fe.jpg
INFO: [ app_init ] --START--
INFO: Run Behavior\BuildLiteBehavior [ RunTime:0.000019s ]
INFO: [ app_init ] --END-- [ RunTime:0.000255s ]
ERR: 无法加载模块:Application

[ 2017-05-22T22:17:59+08:00 ] 104.236.236.145 /coalball/Application/Common/Common/Uploads/2017-05-20/5920642c00a7d.jpg
INFO: [ app_init ] --START--
INFO: Run Behavior\BuildLiteBehavior [ RunTime:0.000016s ]
INFO: [ app_init ] --END-- [ RunTime:0.000269s ]
ERR: 无法加载模块:Application

[ 2017-05-22T22:17:59+08:00 ] 104.236.236.145 /coalball/Application/Common/Common/Uploads/2017-05-20/5920642bef9fe.jpg
INFO: [ app_init ] --START--
INFO: Run Behavior\BuildLiteBehavior [ RunTime:0.000020s ]
INFO: [ app_init ] --END-- [ RunTime:0.000242s ]
ERR: 无法加载模块:Application

[ 2017-05-22T22:18:04+08:00 ] 104.236.236.145 /coalball/Application/Common/Common/Uploads/2017-05-20/5920642c00a7d.jpg
INFO: [ app_init ] --START--
INFO: Run Behavior\BuildLiteBehavior [ RunTime:0.000018s ]
INFO: [ app_init ] --END-- [ RunTime:0.000353s ]
ERR: 无法加载模块:Application

[ 2017-05-22T22:18:04+08:00 ] 104.236.236.145 /coalball/Application/Common/Common/Uploads/2017-05-20/5920642bef9fe.jpg
INFO: [ app_init ] --START--
INFO: Run Behavior\BuildLiteBehavior [ RunTime:0.000020s ]
INFO: [ app_init ] --END-- [ RunTime:0.000363s ]
ERR: 无法加载模块:Application

[ 2017-05-22T22:18:41+08:00 ] 104.236.236.145 /coalball/Application/Common/Common/Uploads/2017-05-20/5920642bef9fe.jpg
INFO: [ app_init ] --START--
INFO: Run Behavior\BuildLiteBehavior [ RunTime:0.000015s ]
INFO: [ app_init ] --END-- [ RunTime:0.000294s ]
ERR: 无法加载模块:Application

[ 2017-05-22T22:18:41+08:00 ] 104.236.236.145 /coalball/Application/Common/Common/Uploads/2017-05-20/5920642c00a7d.jpg
INFO: [ app_init ] --START--
INFO: Run Behavior\BuildLiteBehavior [ RunTime:0.000013s ]
INFO: [ app_init ] --END-- [ RunTime:0.000240s ]
ERR: 无法加载模块:Application

