[ 2017-05-19T16:17:11+08:00 ] 104.236.236.145 /coalball/Application/Common/Common/Uploads/2017-04-19/58f72f79841da.jpg
INFO: [ app_init ] --START--
INFO: Run Behavior\BuildLiteBehavior [ RunTime:0.000016s ]
INFO: [ app_init ] --END-- [ RunTime:0.000307s ]
ERR: 无法加载模块:Application

[ 2017-05-19T16:17:11+08:00 ] 104.236.236.145 /coalball/Application/Common/Common/Uploads/2017-04-15/58f1e0d248fad.jpg
INFO: [ app_init ] --START--
INFO: Run Behavior\BuildLiteBehavior [ RunTime:0.000015s ]
INFO: [ app_init ] --END-- [ RunTime:0.000327s ]
ERR: 无法加载模块:Application

[ 2017-05-19T16:17:11+08:00 ] 104.236.236.145 /coalball/Application/Common/Common/Uploads/2017-04-14/58f059907b1d0.jpg
INFO: [ app_init ] --START--
INFO: Run Behavior\BuildLiteBehavior [ RunTime:0.000014s ]
INFO: [ app_init ] --END-- [ RunTime:0.000245s ]
ERR: 无法加载模块:Application

[ 2017-05-19T16:17:11+08:00 ] 104.236.236.145 /coalball/Application/Common/Common/Uploads/2017-04-14/58f059907dbd1.jpg
INFO: [ app_init ] --START--
INFO: Run Behavior\BuildLiteBehavior [ RunTime:0.000019s ]
INFO: [ app_init ] --END-- [ RunTime:0.000333s ]
ERR: 无法加载模块:Application

[ 2017-05-19T16:17:12+08:00 ] 104.236.236.145 /coalball/Application/Common/Common/Uploads/2017-04-14/58f055367005a.jpg
INFO: [ app_init ] --START--
INFO: Run Behavior\BuildLiteBehavior [ RunTime:0.000014s ]
INFO: [ app_init ] --END-- [ RunTime:0.000277s ]
ERR: 无法加载模块:Application

[ 2017-05-19T16:17:12+08:00 ] 104.236.236.145 /coalball/Application/Common/Common/Uploads/2017-04-19/58f6a32e86b56.jpg
INFO: [ app_init ] --START--
INFO: Run Behavior\BuildLiteBehavior [ RunTime:0.000019s ]
INFO: [ app_init ] --END-- [ RunTime:0.000340s ]
ERR: 无法加载模块:Application

[ 2017-05-19T16:29:07+08:00 ] 104.236.236.145 /coalball/Application/Common/Common/Uploads/2017-04-19/58f72f79841da.jpg
INFO: [ app_init ] --START--
INFO: Run Behavior\BuildLiteBehavior [ RunTime:0.000018s ]
INFO: [ app_init ] --END-- [ RunTime:0.000311s ]
ERR: 无法加载模块:Application

[ 2017-05-19T16:29:07+08:00 ] 104.236.236.145 /coalball/Application/Common/Common/Uploads/2017-04-14/58f059907b1d0.jpg
INFO: [ app_init ] --START--
INFO: Run Behavior\BuildLiteBehavior [ RunTime:0.000016s ]
INFO: [ app_init ] --END-- [ RunTime:0.000375s ]
ERR: 无法加载模块:Application

[ 2017-05-19T16:29:07+08:00 ] 104.236.236.145 /coalball/Application/Common/Common/Uploads/2017-04-15/58f1e0d248fad.jpg
INFO: [ app_init ] --START--
INFO: Run Behavior\BuildLiteBehavior [ RunTime:0.000019s ]
INFO: [ app_init ] --END-- [ RunTime:0.000396s ]
ERR: 无法加载模块:Application

[ 2017-05-19T16:29:07+08:00 ] 104.236.236.145 /coalball/Application/Common/Common/Uploads/2017-04-14/58f059907dbd1.jpg
INFO: [ app_init ] --START--
INFO: Run Behavior\BuildLiteBehavior [ RunTime:0.000020s ]
INFO: [ app_init ] --END-- [ RunTime:0.000358s ]
ERR: 无法加载模块:Application

[ 2017-05-19T16:29:07+08:00 ] 104.236.236.145 /coalball/Application/Common/Common/Uploads/2017-04-19/58f6a32e86b56.jpg
INFO: [ app_init ] --START--
INFO: Run Behavior\BuildLiteBehavior [ RunTime:0.000020s ]
INFO: [ app_init ] --END-- [ RunTime:0.000363s ]
ERR: 无法加载模块:Application

[ 2017-05-19T16:29:07+08:00 ] 104.236.236.145 /coalball/Application/Common/Common/Uploads/2017-04-14/58f055367005a.jpg
INFO: [ app_init ] --START--
INFO: Run Behavior\BuildLiteBehavior [ RunTime:0.000013s ]
INFO: [ app_init ] --END-- [ RunTime:0.000227s ]
ERR: 无法加载模块:Application

[ 2017-05-19T16:29:26+08:00 ] 104.236.236.145 /coalball/Application/Common/Common/Uploads/2017-04-19/58f6a32e86b56.jpg
INFO: [ app_init ] --START--
INFO: Run Behavior\BuildLiteBehavior [ RunTime:0.000019s ]
INFO: [ app_init ] --END-- [ RunTime:0.000334s ]
ERR: 无法加载模块:Application

[ 2017-05-19T16:29:26+08:00 ] 104.236.236.145 /coalball/Application/Common/Common/Uploads/2017-04-15/58f1e0d248fad.jpg
INFO: [ app_init ] --START--
INFO: Run Behavior\BuildLiteBehavior [ RunTime:0.000013s ]
INFO: [ app_init ] --END-- [ RunTime:0.000228s ]
ERR: 无法加载模块:Application

[ 2017-05-19T16:29:26+08:00 ] 104.236.236.145 /coalball/Application/Common/Common/Uploads/2017-04-14/58f059907dbd1.jpg
INFO: [ app_init ] --START--
INFO: Run Behavior\BuildLiteBehavior [ RunTime:0.000014s ]
INFO: [ app_init ] --END-- [ RunTime:0.000268s ]
ERR: 无法加载模块:Application

[ 2017-05-19T16:29:26+08:00 ] 104.236.236.145 /coalball/Application/Common/Common/Uploads/2017-04-19/58f72f79841da.jpg
INFO: [ app_init ] --START--
INFO: Run Behavior\BuildLiteBehavior [ RunTime:0.000014s ]
INFO: [ app_init ] --END-- [ RunTime:0.000294s ]
ERR: 无法加载模块:Application

[ 2017-05-19T16:29:26+08:00 ] 104.236.236.145 /coalball/Application/Common/Common/Uploads/2017-04-14/58f059907b1d0.jpg
INFO: [ app_init ] --START--
INFO: Run Behavior\BuildLiteBehavior [ RunTime:0.000018s ]
INFO: [ app_init ] --END-- [ RunTime:0.000327s ]
ERR: 无法加载模块:Application

[ 2017-05-19T16:29:26+08:00 ] 104.236.236.145 /coalball/Application/Common/Common/Uploads/2017-04-14/58f055367005a.jpg
INFO: [ app_init ] --START--
INFO: Run Behavior\BuildLiteBehavior [ RunTime:0.000015s ]
INFO: [ app_init ] --END-- [ RunTime:0.000390s ]
ERR: 无法加载模块:Application

[ 2017-05-19T16:55:45+08:00 ] 104.236.236.145 /coalball/Application/Common/Common/Uploads/2017-04-19/58f6a32e86b56.jpg
INFO: [ app_init ] --START--
INFO: Run Behavior\BuildLiteBehavior [ RunTime:0.000016s ]
INFO: [ app_init ] --END-- [ RunTime:0.000273s ]
ERR: 无法加载模块:Application

[ 2017-05-19T16:55:45+08:00 ] 104.236.236.145 /coalball/Application/Common/Common/Uploads/2017-04-19/58f72f79841da.jpg
INFO: [ app_init ] --START--
INFO: Run Behavior\BuildLiteBehavior [ RunTime:0.000013s ]
INFO: [ app_init ] --END-- [ RunTime:0.000258s ]
ERR: 无法加载模块:Application

[ 2017-05-19T16:55:45+08:00 ] 104.236.236.145 /coalball/Application/Common/Common/Uploads/2017-04-14/58f059907b1d0.jpg
INFO: [ app_init ] --START--
INFO: Run Behavior\BuildLiteBehavior [ RunTime:0.000018s ]
INFO: [ app_init ] --END-- [ RunTime:0.000320s ]
ERR: 无法加载模块:Application

[ 2017-05-19T16:55:46+08:00 ] 104.236.236.145 /coalball/Application/Common/Common/Uploads/2017-04-15/58f1e0d248fad.jpg
INFO: [ app_init ] --START--
INFO: Run Behavior\BuildLiteBehavior [ RunTime:0.000014s ]
INFO: [ app_init ] --END-- [ RunTime:0.000262s ]
ERR: 无法加载模块:Application

[ 2017-05-19T16:55:47+08:00 ] 104.236.236.145 /coalball/Application/Common/Common/Uploads/2017-04-14/58f055367005a.jpg
INFO: [ app_init ] --START--
INFO: Run Behavior\BuildLiteBehavior [ RunTime:0.000013s ]
INFO: [ app_init ] --END-- [ RunTime:0.000254s ]
ERR: 无法加载模块:Application

[ 2017-05-19T16:55:48+08:00 ] 104.236.236.145 /coalball/Application/Common/Common/Uploads/2017-04-14/58f059907dbd1.jpg
INFO: [ app_init ] --START--
INFO: Run Behavior\BuildLiteBehavior [ RunTime:0.000018s ]
INFO: [ app_init ] --END-- [ RunTime:0.000360s ]
ERR: 无法加载模块:Application

[ 2017-05-19T16:55:51+08:00 ] 104.236.236.145 /coalball/Application/Common/Common/Uploads/2017-04-14/58f055367005a.jpg
INFO: [ app_init ] --START--
INFO: Run Behavior\BuildLiteBehavior [ RunTime:0.000020s ]
INFO: [ app_init ] --END-- [ RunTime:0.000362s ]
ERR: 无法加载模块:Application

