[ 2017-05-21T00:20:42+08:00 ] 104.236.236.145 /coalball/Application/Common/Common/Uploads/2017-05-20/5920642bef9fe.jpg
INFO: [ app_init ] --START--
INFO: Run Behavior\BuildLiteBehavior [ RunTime:0.000013s ]
INFO: [ app_init ] --END-- [ RunTime:0.000224s ]
ERR: 无法加载模块:Application

[ 2017-05-21T00:20:42+08:00 ] 104.236.236.145 /coalball/Application/Common/Common/Uploads/2017-05-20/5920642c00a7d.jpg
INFO: [ app_init ] --START--
INFO: Run Behavior\BuildLiteBehavior [ RunTime:0.000018s ]
INFO: [ app_init ] --END-- [ RunTime:0.010056s ]
ERR: 无法加载模块:Application

[ 2017-05-21T00:22:53+08:00 ] 104.236.236.145 /coalball/Application/Common/Common/Uploads/2017-05-20/5920642c00a7d.jpg
INFO: [ app_init ] --START--
INFO: Run Behavior\BuildLiteBehavior [ RunTime:0.000019s ]
INFO: [ app_init ] --END-- [ RunTime:0.000368s ]
ERR: 无法加载模块:Application

[ 2017-05-21T00:22:53+08:00 ] 104.236.236.145 /coalball/Application/Common/Common/Uploads/2017-05-20/5920642bef9fe.jpg
INFO: [ app_init ] --START--
INFO: Run Behavior\BuildLiteBehavior [ RunTime:0.000019s ]
INFO: [ app_init ] --END-- [ RunTime:0.000358s ]
ERR: 无法加载模块:Application

[ 2017-05-21T00:23:16+08:00 ] 104.236.236.145 /coalball/Application/Common/Common/Uploads/2017-05-20/5920642c00a7d.jpg
INFO: [ app_init ] --START--
INFO: Run Behavior\BuildLiteBehavior [ RunTime:0.000013s ]
INFO: [ app_init ] --END-- [ RunTime:0.000289s ]
ERR: 无法加载模块:Application

[ 2017-05-21T00:23:16+08:00 ] 104.236.236.145 /coalball/Application/Common/Common/Uploads/2017-05-20/5920642bef9fe.jpg
INFO: [ app_init ] --START--
INFO: Run Behavior\BuildLiteBehavior [ RunTime:0.000013s ]
INFO: [ app_init ] --END-- [ RunTime:0.000281s ]
ERR: 无法加载模块:Application

[ 2017-05-21T00:23:18+08:00 ] 104.236.236.145 /coalball/Application/Common/Common/Uploads/2017-05-20/5920642bef9fe.jpg
INFO: [ app_init ] --START--
INFO: Run Behavior\BuildLiteBehavior [ RunTime:0.000015s ]
INFO: [ app_init ] --END-- [ RunTime:0.000250s ]
ERR: 无法加载模块:Application

[ 2017-05-21T00:23:19+08:00 ] 104.236.236.145 /coalball/Application/Common/Common/Uploads/2017-05-20/5920642c00a7d.jpg
INFO: [ app_init ] --START--
INFO: Run Behavior\BuildLiteBehavior [ RunTime:0.000018s ]
INFO: [ app_init ] --END-- [ RunTime:0.000431s ]
ERR: 无法加载模块:Application

[ 2017-05-21T00:23:38+08:00 ] 104.236.236.145 /coalball/Application/Common/Common/Uploads/2017-05-20/5920642bef9fe.jpg
INFO: [ app_init ] --START--
INFO: Run Behavior\BuildLiteBehavior [ RunTime:0.000015s ]
INFO: [ app_init ] --END-- [ RunTime:0.000259s ]
ERR: 无法加载模块:Application

[ 2017-05-21T00:23:38+08:00 ] 104.236.236.145 /coalball/Application/Common/Common/Uploads/2017-05-20/5920642c00a7d.jpg
INFO: [ app_init ] --START--
INFO: Run Behavior\BuildLiteBehavior [ RunTime:0.000017s ]
INFO: [ app_init ] --END-- [ RunTime:0.000341s ]
ERR: 无法加载模块:Application

[ 2017-05-21T00:24:11+08:00 ] 104.236.236.145 /coalball/Application/Common/Common/Uploads/2017-05-20/5920642bef9fe.jpg
INFO: [ app_init ] --START--
INFO: Run Behavior\BuildLiteBehavior [ RunTime:0.000019s ]
INFO: [ app_init ] --END-- [ RunTime:0.000340s ]
ERR: 无法加载模块:Application

[ 2017-05-21T00:24:11+08:00 ] 104.236.236.145 /coalball/Application/Common/Common/Uploads/2017-05-20/5920642c00a7d.jpg
INFO: [ app_init ] --START--
INFO: Run Behavior\BuildLiteBehavior [ RunTime:0.000019s ]
INFO: [ app_init ] --END-- [ RunTime:0.000356s ]
ERR: 无法加载模块:Application

[ 2017-05-21T00:25:36+08:00 ] 104.236.236.145 /coalball/Application/Common/Common/Uploads/2017-05-20/5920642bef9fe.jpg
INFO: [ app_init ] --START--
INFO: Run Behavior\BuildLiteBehavior [ RunTime:0.000035s ]
INFO: [ app_init ] --END-- [ RunTime:0.000452s ]
ERR: 无法加载模块:Application

[ 2017-05-21T00:25:36+08:00 ] 104.236.236.145 /coalball/Application/Common/Common/Uploads/2017-05-20/5920642c00a7d.jpg
INFO: [ app_init ] --START--
INFO: Run Behavior\BuildLiteBehavior [ RunTime:0.000019s ]
INFO: [ app_init ] --END-- [ RunTime:0.000402s ]
ERR: 无法加载模块:Application

[ 2017-05-21T00:26:01+08:00 ] 104.236.236.145 /coalball/Application/Common/Common/Uploads/2017-05-20/5920642c00a7d.jpg
INFO: [ app_init ] --START--
INFO: Run Behavior\BuildLiteBehavior [ RunTime:0.000017s ]
INFO: [ app_init ] --END-- [ RunTime:0.000317s ]
ERR: 无法加载模块:Application

[ 2017-05-21T00:26:02+08:00 ] 104.236.236.145 /coalball/Application/Common/Common/Uploads/2017-05-20/5920642bef9fe.jpg
INFO: [ app_init ] --START--
INFO: Run Behavior\BuildLiteBehavior [ RunTime:0.000015s ]
INFO: [ app_init ] --END-- [ RunTime:0.000269s ]
ERR: 无法加载模块:Application

[ 2017-05-21T00:26:15+08:00 ] 104.236.236.145 /coalball/Application/Common/Common/Uploads/2017-05-20/5920642c00a7d.jpg
INFO: [ app_init ] --START--
INFO: Run Behavior\BuildLiteBehavior [ RunTime:0.000012s ]
INFO: [ app_init ] --END-- [ RunTime:0.000253s ]
ERR: 无法加载模块:Application

[ 2017-05-21T00:26:15+08:00 ] 104.236.236.145 /coalball/Application/Common/Common/Uploads/2017-05-20/5920642bef9fe.jpg
INFO: [ app_init ] --START--
INFO: Run Behavior\BuildLiteBehavior [ RunTime:0.000019s ]
INFO: [ app_init ] --END-- [ RunTime:0.000355s ]
ERR: 无法加载模块:Application

[ 2017-05-21T00:27:22+08:00 ] 104.236.236.145 /coalball/Application/Common/Common/Uploads/2017-05-20/5920642c00a7d.jpg
INFO: [ app_init ] --START--
INFO: Run Behavior\BuildLiteBehavior [ RunTime:0.000013s ]
INFO: [ app_init ] --END-- [ RunTime:0.000258s ]
ERR: 无法加载模块:Application

[ 2017-05-21T00:27:24+08:00 ] 104.236.236.145 /coalball/Application/Common/Common/Uploads/2017-05-20/5920642bef9fe.jpg
INFO: [ app_init ] --START--
INFO: Run Behavior\BuildLiteBehavior [ RunTime:0.000013s ]
INFO: [ app_init ] --END-- [ RunTime:0.000231s ]
ERR: 无法加载模块:Application

[ 2017-05-21T00:29:48+08:00 ] 104.236.236.145 /coalball/Application/Common/Common/Uploads/2017-05-20/5920642c00a7d.jpg
INFO: [ app_init ] --START--
INFO: Run Behavior\BuildLiteBehavior [ RunTime:0.000015s ]
INFO: [ app_init ] --END-- [ RunTime:0.000260s ]
ERR: 无法加载模块:Application

[ 2017-05-21T00:29:48+08:00 ] 104.236.236.145 /coalball/Application/Common/Common/Uploads/2017-05-20/5920642bef9fe.jpg
INFO: [ app_init ] --START--
INFO: Run Behavior\BuildLiteBehavior [ RunTime:0.000014s ]
INFO: [ app_init ] --END-- [ RunTime:0.000286s ]
ERR: 无法加载模块:Application

[ 2017-05-21T00:33:25+08:00 ] 104.236.236.145 /coalball/Application/Common/Common/Uploads/2017-05-20/5920642c00a7d.jpg
INFO: [ app_init ] --START--
INFO: Run Behavior\BuildLiteBehavior [ RunTime:0.000014s ]
INFO: [ app_init ] --END-- [ RunTime:0.000257s ]
ERR: 无法加载模块:Application

[ 2017-05-21T00:33:25+08:00 ] 104.236.236.145 /coalball/Application/Common/Common/Uploads/2017-05-20/5920642bef9fe.jpg
INFO: [ app_init ] --START--
INFO: Run Behavior\BuildLiteBehavior [ RunTime:0.000019s ]
INFO: [ app_init ] --END-- [ RunTime:0.001293s ]
ERR: 无法加载模块:Application

[ 2017-05-21T00:33:38+08:00 ] 104.236.236.145 /coalball/Application/Common/Common/Uploads/2017-05-20/5920642c00a7d.jpg
INFO: [ app_init ] --START--
INFO: Run Behavior\BuildLiteBehavior [ RunTime:0.000020s ]
INFO: [ app_init ] --END-- [ RunTime:0.000392s ]
ERR: 无法加载模块:Application

[ 2017-05-21T00:33:47+08:00 ] 104.236.236.145 /coalball/Application/Common/Common/Uploads/2017-05-20/5920642c00a7d.jpg
INFO: [ app_init ] --START--
INFO: Run Behavior\BuildLiteBehavior [ RunTime:0.000015s ]
INFO: [ app_init ] --END-- [ RunTime:0.000527s ]
ERR: 无法加载模块:Application

[ 2017-05-21T00:33:47+08:00 ] 104.236.236.145 /coalball/Application/Common/Common/Uploads/2017-05-20/5920642bef9fe.jpg
INFO: [ app_init ] --START--
INFO: Run Behavior\BuildLiteBehavior [ RunTime:0.000017s ]
INFO: [ app_init ] --END-- [ RunTime:0.000303s ]
ERR: 无法加载模块:Application

[ 2017-05-21T00:33:58+08:00 ] 104.236.236.145 /coalball/Application/Common/Common/Uploads/2017-05-20/5920642bef9fe.jpg
INFO: [ app_init ] --START--
INFO: Run Behavior\BuildLiteBehavior [ RunTime:0.000018s ]
INFO: [ app_init ] --END-- [ RunTime:0.000334s ]
ERR: 无法加载模块:Application

[ 2017-05-21T00:33:58+08:00 ] 104.236.236.145 /coalball/Application/Common/Common/Uploads/2017-05-20/5920642c00a7d.jpg
INFO: [ app_init ] --START--
INFO: Run Behavior\BuildLiteBehavior [ RunTime:0.000044s ]
INFO: [ app_init ] --END-- [ RunTime:0.000358s ]
ERR: 无法加载模块:Application

[ 2017-05-21T00:35:49+08:00 ] 104.236.236.145 /coalball/Application/Common/Common/Uploads/2017-05-20/5920642c00a7d.jpg
INFO: [ app_init ] --START--
INFO: Run Behavior\BuildLiteBehavior [ RunTime:0.000019s ]
INFO: [ app_init ] --END-- [ RunTime:0.000473s ]
ERR: 无法加载模块:Application

[ 2017-05-21T00:35:49+08:00 ] 104.236.236.145 /coalball/Application/Common/Common/Uploads/2017-05-20/5920642bef9fe.jpg
INFO: [ app_init ] --START--
INFO: Run Behavior\BuildLiteBehavior [ RunTime:0.000019s ]
INFO: [ app_init ] --END-- [ RunTime:0.000379s ]
ERR: 无法加载模块:Application

[ 2017-05-21T00:35:51+08:00 ] 104.236.236.145 /coalball/Application/Common/Common/Uploads/2017-05-20/5920642c00a7d.jpg
INFO: [ app_init ] --START--
INFO: Run Behavior\BuildLiteBehavior [ RunTime:0.000017s ]
INFO: [ app_init ] --END-- [ RunTime:0.000332s ]
ERR: 无法加载模块:Application

[ 2017-05-21T00:35:51+08:00 ] 104.236.236.145 /coalball/Application/Common/Common/Uploads/2017-05-20/5920642bef9fe.jpg
INFO: [ app_init ] --START--
INFO: Run Behavior\BuildLiteBehavior [ RunTime:0.000021s ]
INFO: [ app_init ] --END-- [ RunTime:0.000578s ]
ERR: 无法加载模块:Application

[ 2017-05-21T00:37:35+08:00 ] 104.236.236.145 /coalball/Application/Common/Common/Uploads/2017-05-20/5920642c00a7d.jpg
INFO: [ app_init ] --START--
INFO: Run Behavior\BuildLiteBehavior [ RunTime:0.000021s ]
INFO: [ app_init ] --END-- [ RunTime:0.000377s ]
ERR: 无法加载模块:Application

[ 2017-05-21T00:37:35+08:00 ] 104.236.236.145 /coalball/Application/Common/Common/Uploads/2017-05-20/5920642bef9fe.jpg
INFO: [ app_init ] --START--
INFO: Run Behavior\BuildLiteBehavior [ RunTime:0.000019s ]
INFO: [ app_init ] --END-- [ RunTime:0.000361s ]
ERR: 无法加载模块:Application

[ 2017-05-21T00:39:25+08:00 ] 104.236.236.145 /coalball/Application/Home/Common/css/img/%C3%A6%E2%80%9D%C2%BE%C3%A5%C2%A4%C2%A7%C3%A9%E2%80%A2%C5%93.png
INFO: [ app_init ] --START--
INFO: Run Behavior\BuildLiteBehavior [ RunTime:0.000018s ]
INFO: [ app_init ] --END-- [ RunTime:0.000268s ]
ERR: 无法加载模块:Application

[ 2017-05-21T00:39:26+08:00 ] 104.236.236.145 /coalball/Application/Home/Common/css/img/%C3%A8%C2%B5%E2%80%9E%C3%A6%C2%BA%C2%907.png
INFO: [ app_init ] --START--
INFO: Run Behavior\BuildLiteBehavior [ RunTime:0.000017s ]
INFO: [ app_init ] --END-- [ RunTime:0.000317s ]
ERR: 无法加载模块:Application

[ 2017-05-21T00:39:26+08:00 ] 104.236.236.145 /coalball/Application/Home/Common/css/img/%C3%A8%C2%B5%E2%80%9E%C3%A6%C2%BA%C2%908.png
INFO: [ app_init ] --START--
INFO: Run Behavior\BuildLiteBehavior [ RunTime:0.000018s ]
INFO: [ app_init ] --END-- [ RunTime:0.000308s ]
ERR: 无法加载模块:Application

[ 2017-05-21T00:39:30+08:00 ] 104.236.236.145 /coalball/Application/Common/Common/Uploads/2017-05-20/5920642c00a7d.jpg
INFO: [ app_init ] --START--
INFO: Run Behavior\BuildLiteBehavior [ RunTime:0.000018s ]
INFO: [ app_init ] --END-- [ RunTime:0.000329s ]
ERR: 无法加载模块:Application

[ 2017-05-21T00:39:30+08:00 ] 104.236.236.145 /coalball/Application/Common/Common/Uploads/2017-05-20/5920642bef9fe.jpg
INFO: [ app_init ] --START--
INFO: Run Behavior\BuildLiteBehavior [ RunTime:0.000017s ]
INFO: [ app_init ] --END-- [ RunTime:0.000330s ]
ERR: 无法加载模块:Application

[ 2017-05-21T00:41:21+08:00 ] 104.236.236.145 /coalball/Application/Common/Common/Uploads/2017-05-20/5920642c00a7d.jpg
INFO: [ app_init ] --START--
INFO: Run Behavior\BuildLiteBehavior [ RunTime:0.000013s ]
INFO: [ app_init ] --END-- [ RunTime:0.000288s ]
ERR: 无法加载模块:Application

[ 2017-05-21T00:41:21+08:00 ] 104.236.236.145 /coalball/Application/Common/Common/Uploads/2017-05-20/5920642bef9fe.jpg
INFO: [ app_init ] --START--
INFO: Run Behavior\BuildLiteBehavior [ RunTime:0.000019s ]
INFO: [ app_init ] --END-- [ RunTime:0.000376s ]
ERR: 无法加载模块:Application

[ 2017-05-21T00:42:36+08:00 ] 104.236.236.145 /coalball/Application/Common/Common/Uploads/2017-05-20/5920642bef9fe.jpg
INFO: [ app_init ] --START--
INFO: Run Behavior\BuildLiteBehavior [ RunTime:0.000015s ]
INFO: [ app_init ] --END-- [ RunTime:0.000315s ]
ERR: 无法加载模块:Application

[ 2017-05-21T00:42:36+08:00 ] 104.236.236.145 /coalball/Application/Common/Common/Uploads/2017-05-20/5920642c00a7d.jpg
INFO: [ app_init ] --START--
INFO: Run Behavior\BuildLiteBehavior [ RunTime:0.000021s ]
INFO: [ app_init ] --END-- [ RunTime:0.003660s ]
ERR: 无法加载模块:Application

[ 2017-05-21T00:42:53+08:00 ] 104.236.236.145 /coalball/Application/Common/Common/Uploads/2017-05-20/5920642c00a7d.jpg
INFO: [ app_init ] --START--
INFO: Run Behavior\BuildLiteBehavior [ RunTime:0.000014s ]
INFO: [ app_init ] --END-- [ RunTime:0.000280s ]
ERR: 无法加载模块:Application

[ 2017-05-21T00:42:53+08:00 ] 104.236.236.145 /coalball/Application/Common/Common/Uploads/2017-05-20/5920642bef9fe.jpg
INFO: [ app_init ] --START--
INFO: Run Behavior\BuildLiteBehavior [ RunTime:0.000012s ]
INFO: [ app_init ] --END-- [ RunTime:0.000258s ]
ERR: 无法加载模块:Application

[ 2017-05-21T00:43:20+08:00 ] 104.236.236.145 /coalball/Application/Common/Common/Uploads/2017-05-20/5920642bef9fe.jpg
INFO: [ app_init ] --START--
INFO: Run Behavior\BuildLiteBehavior [ RunTime:0.000018s ]
INFO: [ app_init ] --END-- [ RunTime:0.000319s ]
ERR: 无法加载模块:Application

[ 2017-05-21T00:43:20+08:00 ] 104.236.236.145 /coalball/Application/Common/Common/Uploads/2017-05-20/5920642c00a7d.jpg
INFO: [ app_init ] --START--
INFO: Run Behavior\BuildLiteBehavior [ RunTime:0.000017s ]
INFO: [ app_init ] --END-- [ RunTime:0.000299s ]
ERR: 无法加载模块:Application

[ 2017-05-21T00:43:25+08:00 ] 104.236.236.145 /coalball/Application/Common/Common/Uploads/2017-05-20/5920642bef9fe.jpg
INFO: [ app_init ] --START--
INFO: Run Behavior\BuildLiteBehavior [ RunTime:0.000019s ]
INFO: [ app_init ] --END-- [ RunTime:0.000336s ]
ERR: 无法加载模块:Application

[ 2017-05-21T00:43:25+08:00 ] 104.236.236.145 /coalball/Application/Common/Common/Uploads/2017-05-20/5920642c00a7d.jpg
INFO: [ app_init ] --START--
INFO: Run Behavior\BuildLiteBehavior [ RunTime:0.000014s ]
INFO: [ app_init ] --END-- [ RunTime:0.000306s ]
ERR: 无法加载模块:Application

[ 2017-05-21T00:48:35+08:00 ] 104.236.236.145 /coalball/Application/Common/Common/Uploads/2017-05-20/5920642c00a7d.jpg
INFO: [ app_init ] --START--
INFO: Run Behavior\BuildLiteBehavior [ RunTime:0.000020s ]
INFO: [ app_init ] --END-- [ RunTime:0.000366s ]
ERR: 无法加载模块:Application

[ 2017-05-21T00:48:35+08:00 ] 104.236.236.145 /coalball/Application/Common/Common/Uploads/2017-05-20/5920642bef9fe.jpg
INFO: [ app_init ] --START--
INFO: Run Behavior\BuildLiteBehavior [ RunTime:0.000018s ]
INFO: [ app_init ] --END-- [ RunTime:0.000341s ]
ERR: 无法加载模块:Application

[ 2017-05-21T00:55:23+08:00 ] 104.236.236.145 /coalball/Application/Common/Common/Uploads/2017-05-20/5920642bef9fe.jpg
INFO: [ app_init ] --START--
INFO: Run Behavior\BuildLiteBehavior [ RunTime:0.000016s ]
INFO: [ app_init ] --END-- [ RunTime:0.000287s ]
ERR: 无法加载模块:Application

[ 2017-05-21T00:55:23+08:00 ] 104.236.236.145 /coalball/Application/Common/Common/Uploads/2017-05-20/5920642c00a7d.jpg
INFO: [ app_init ] --START--
INFO: Run Behavior\BuildLiteBehavior [ RunTime:0.000014s ]
INFO: [ app_init ] --END-- [ RunTime:0.000263s ]
ERR: 无法加载模块:Application

[ 2017-05-21T09:46:04+08:00 ] 104.236.236.145 /coalball/Application/Common/Common/Uploads/2017-05-20/5920642c00a7d.jpg
INFO: [ app_init ] --START--
INFO: Run Behavior\BuildLiteBehavior [ RunTime:0.000019s ]
INFO: [ app_init ] --END-- [ RunTime:0.000345s ]
ERR: 无法加载模块:Application

[ 2017-05-21T09:46:04+08:00 ] 104.236.236.145 /coalball/Application/Common/Common/Uploads/2017-05-20/5920642bef9fe.jpg
INFO: [ app_init ] --START--
INFO: Run Behavior\BuildLiteBehavior [ RunTime:0.000020s ]
INFO: [ app_init ] --END-- [ RunTime:0.000359s ]
ERR: 无法加载模块:Application

[ 2017-05-21T09:48:28+08:00 ] 104.236.236.145 /coalball/Application/Common/Common/Uploads/2017-05-20/5920642c00a7d.jpg
INFO: [ app_init ] --START--
INFO: Run Behavior\BuildLiteBehavior [ RunTime:0.000018s ]
INFO: [ app_init ] --END-- [ RunTime:0.000322s ]
ERR: 无法加载模块:Application

[ 2017-05-21T09:48:28+08:00 ] 104.236.236.145 /coalball/Application/Common/Common/Uploads/2017-05-20/5920642bef9fe.jpg
INFO: [ app_init ] --START--
INFO: Run Behavior\BuildLiteBehavior [ RunTime:0.000013s ]
INFO: [ app_init ] --END-- [ RunTime:0.000257s ]
ERR: 无法加载模块:Application

[ 2017-05-21T09:48:51+08:00 ] 104.236.236.145 /coalball/Application/Common/Common/Uploads/2017-05-20/5920642bef9fe.jpg
INFO: [ app_init ] --START--
INFO: Run Behavior\BuildLiteBehavior [ RunTime:0.000017s ]
INFO: [ app_init ] --END-- [ RunTime:0.000357s ]
ERR: 无法加载模块:Application

[ 2017-05-21T09:48:52+08:00 ] 104.236.236.145 /coalball/Application/Common/Common/Uploads/2017-05-20/5920642c00a7d.jpg
INFO: [ app_init ] --START--
INFO: Run Behavior\BuildLiteBehavior [ RunTime:0.000018s ]
INFO: [ app_init ] --END-- [ RunTime:0.000338s ]
ERR: 无法加载模块:Application

[ 2017-05-21T09:55:53+08:00 ] 104.236.236.145 /coalball/Application/Common/Common/Uploads/2017-05-20/5920642bef9fe.jpg
INFO: [ app_init ] --START--
INFO: Run Behavior\BuildLiteBehavior [ RunTime:0.000013s ]
INFO: [ app_init ] --END-- [ RunTime:0.000283s ]
ERR: 无法加载模块:Application

[ 2017-05-21T09:55:53+08:00 ] 104.236.236.145 /coalball/Application/Common/Common/Uploads/2017-05-20/5920642c00a7d.jpg
INFO: [ app_init ] --START--
INFO: Run Behavior\BuildLiteBehavior [ RunTime:0.000013s ]
INFO: [ app_init ] --END-- [ RunTime:0.000255s ]
ERR: 无法加载模块:Application

[ 2017-05-21T10:14:57+08:00 ] 104.236.236.145 /coalball/Application/Common/Common/Uploads/2017-05-20/5920642bef9fe.jpg
INFO: [ app_init ] --START--
INFO: Run Behavior\BuildLiteBehavior [ RunTime:0.000017s ]
INFO: [ app_init ] --END-- [ RunTime:0.000321s ]
ERR: 无法加载模块:Application

[ 2017-05-21T10:14:57+08:00 ] 104.236.236.145 /coalball/Application/Common/Common/Uploads/2017-05-20/5920642c00a7d.jpg
INFO: [ app_init ] --START--
INFO: Run Behavior\BuildLiteBehavior [ RunTime:0.000019s ]
INFO: [ app_init ] --END-- [ RunTime:0.000331s ]
ERR: 无法加载模块:Application

[ 2017-05-21T10:16:43+08:00 ] 104.236.236.145 /coalball/Application/Common/Common/Uploads/2017-05-20/5920642bef9fe.jpg
INFO: [ app_init ] --START--
INFO: Run Behavior\BuildLiteBehavior [ RunTime:0.000060s ]
INFO: [ app_init ] --END-- [ RunTime:0.011593s ]
ERR: 无法加载模块:Application

[ 2017-05-21T10:16:43+08:00 ] 104.236.236.145 /coalball/Application/Common/Common/Uploads/2017-05-20/5920642c00a7d.jpg
INFO: [ app_init ] --START--
INFO: Run Behavior\BuildLiteBehavior [ RunTime:0.000019s ]
INFO: [ app_init ] --END-- [ RunTime:0.002305s ]
ERR: 无法加载模块:Application

[ 2017-05-21T15:27:37+08:00 ] 104.236.236.145 /coalball/Application/Common/Common/Uploads/2017-05-20/5920642c00a7d.jpg
INFO: [ app_init ] --START--
INFO: Run Behavior\BuildLiteBehavior [ RunTime:0.000018s ]
INFO: [ app_init ] --END-- [ RunTime:0.000387s ]
ERR: 无法加载模块:Application

[ 2017-05-21T15:27:37+08:00 ] 104.236.236.145 /coalball/Application/Common/Common/Uploads/2017-05-20/5920642bef9fe.jpg
INFO: [ app_init ] --START--
INFO: Run Behavior\BuildLiteBehavior [ RunTime:0.000018s ]
INFO: [ app_init ] --END-- [ RunTime:0.000344s ]
ERR: 无法加载模块:Application

[ 2017-05-21T16:25:26+08:00 ] 104.236.236.145 /coalball/Application/Common/Common/Uploads/2017-05-20/5920642bef9fe.jpg
INFO: [ app_init ] --START--
INFO: Run Behavior\BuildLiteBehavior [ RunTime:0.000170s ]
INFO: [ app_init ] --END-- [ RunTime:0.000521s ]
ERR: 无法加载模块:Application

[ 2017-05-21T16:25:27+08:00 ] 104.236.236.145 /coalball/Application/Common/Common/Uploads/2017-05-20/5920642c00a7d.jpg
INFO: [ app_init ] --START--
INFO: Run Behavior\BuildLiteBehavior [ RunTime:0.000019s ]
INFO: [ app_init ] --END-- [ RunTime:0.000298s ]
ERR: 无法加载模块:Application

[ 2017-05-21T16:25:31+08:00 ] 104.236.236.145 /coalball/Application/Common/Common/Uploads/2017-05-20/5920642c00a7d.jpg
INFO: [ app_init ] --START--
INFO: Run Behavior\BuildLiteBehavior [ RunTime:0.000013s ]
INFO: [ app_init ] --END-- [ RunTime:0.000301s ]
ERR: 无法加载模块:Application

[ 2017-05-21T16:25:32+08:00 ] 104.236.236.145 /coalball/Application/Common/Common/Uploads/2017-05-20/5920642bef9fe.jpg
INFO: [ app_init ] --START--
INFO: Run Behavior\BuildLiteBehavior [ RunTime:0.000019s ]
INFO: [ app_init ] --END-- [ RunTime:0.000332s ]
ERR: 无法加载模块:Application

[ 2017-05-21T16:27:16+08:00 ] 104.236.236.145 /coalball/Application/Common/Common/Uploads/2017-05-20/5920642c00a7d.jpg
INFO: [ app_init ] --START--
INFO: Run Behavior\BuildLiteBehavior [ RunTime:0.000015s ]
INFO: [ app_init ] --END-- [ RunTime:0.000321s ]
ERR: 无法加载模块:Application

[ 2017-05-21T16:27:16+08:00 ] 104.236.236.145 /coalball/Application/Common/Common/Uploads/2017-05-20/5920642bef9fe.jpg
INFO: [ app_init ] --START--
INFO: Run Behavior\BuildLiteBehavior [ RunTime:0.000061s ]
INFO: [ app_init ] --END-- [ RunTime:0.000480s ]
ERR: 无法加载模块:Application

[ 2017-05-21T16:54:15+08:00 ] 104.236.236.145 /coalball/Application/Common/Common/Uploads/2017-05-20/5920642bef9fe.jpg
INFO: [ app_init ] --START--
INFO: Run Behavior\BuildLiteBehavior [ RunTime:0.000019s ]
INFO: [ app_init ] --END-- [ RunTime:0.000335s ]
ERR: 无法加载模块:Application

[ 2017-05-21T16:54:15+08:00 ] 104.236.236.145 /coalball/Application/Common/Common/Uploads/2017-05-20/5920642c00a7d.jpg
INFO: [ app_init ] --START--
INFO: Run Behavior\BuildLiteBehavior [ RunTime:0.000018s ]
INFO: [ app_init ] --END-- [ RunTime:0.000264s ]
ERR: 无法加载模块:Application

[ 2017-05-21T16:57:29+08:00 ] 104.236.236.145 /coalball/Application/Common/Common/Uploads/2017-05-20/5920642bef9fe.jpg
INFO: [ app_init ] --START--
INFO: Run Behavior\BuildLiteBehavior [ RunTime:0.000017s ]
INFO: [ app_init ] --END-- [ RunTime:0.000382s ]
ERR: 无法加载模块:Application

[ 2017-05-21T16:57:29+08:00 ] 104.236.236.145 /coalball/Application/Common/Common/Uploads/2017-05-20/5920642c00a7d.jpg
INFO: [ app_init ] --START--
INFO: Run Behavior\BuildLiteBehavior [ RunTime:0.000013s ]
INFO: [ app_init ] --END-- [ RunTime:0.000286s ]
ERR: 无法加载模块:Application

