[ 2017-04-17T22:25:33+08:00 ] 36.149.155.71 /coalball/Application/Home/Common/css/img/%C3%A8%C2%B5%E2%80%9E%C3%A6%C2%BA%C2%908.png
INFO: [ app_init ] --START--
INFO: Run Behavior\BuildLiteBehavior [ RunTime:0.000012s ]
INFO: [ app_init ] --END-- [ RunTime:0.000219s ]
ERR: 无法加载模块:Application

[ 2017-04-17T22:25:33+08:00 ] 36.149.155.71 /coalball/Application/Home/Common/css/img/%C3%A6%E2%80%9D%C2%BE%C3%A5%C2%A4%C2%A7%C3%A9%E2%80%A2%C5%93.png
INFO: [ app_init ] --START--
INFO: Run Behavior\BuildLiteBehavior [ RunTime:0.000018s ]
INFO: [ app_init ] --END-- [ RunTime:0.000332s ]
ERR: 无法加载模块:Application

[ 2017-04-17T22:25:33+08:00 ] 36.149.27.71 /coalball/Application/Home/Common/css/img/%C3%A8%C2%B5%E2%80%9E%C3%A6%C2%BA%C2%907.png
INFO: [ app_init ] --START--
INFO: Run Behavior\BuildLiteBehavior [ RunTime:0.000040s ]
INFO: [ app_init ] --END-- [ RunTime:0.000271s ]
ERR: 无法加载模块:Application

[ 2017-04-17T22:25:34+08:00 ] 36.149.27.71 /coalball/Application/Home/Common/css/img/%C3%A8%C2%B5%E2%80%9E%C3%A6%C2%BA%C2%908.png
INFO: [ app_init ] --START--
INFO: Run Behavior\BuildLiteBehavior [ RunTime:0.000014s ]
INFO: [ app_init ] --END-- [ RunTime:0.000230s ]
ERR: 无法加载模块:Application

[ 2017-04-17T22:25:34+08:00 ] 36.149.155.71 /coalball/Application/Home/Common/css/img/%C3%A8%C2%B5%E2%80%9E%C3%A6%C2%BA%C2%907.png
INFO: [ app_init ] --START--
INFO: Run Behavior\BuildLiteBehavior [ RunTime:0.000012s ]
INFO: [ app_init ] --END-- [ RunTime:0.000233s ]
ERR: 无法加载模块:Application

[ 2017-04-17T22:25:34+08:00 ] 36.149.155.71 /coalball/Application/Home/Common/css/img/%C3%A6%E2%80%9D%C2%BE%C3%A5%C2%A4%C2%A7%C3%A9%E2%80%A2%C5%93.png
INFO: [ app_init ] --START--
INFO: Run Behavior\BuildLiteBehavior [ RunTime:0.000018s ]
INFO: [ app_init ] --END-- [ RunTime:0.000322s ]
ERR: 无法加载模块:Application

[ 2017-04-17T22:25:34+08:00 ] 36.149.27.71 /coalball/Application/Home/Common/css/img/%C3%A6%E2%80%9D%C2%BE%C3%A5%C2%A4%C2%A7%C3%A9%E2%80%A2%C5%93.png
INFO: [ app_init ] --START--
INFO: Run Behavior\BuildLiteBehavior [ RunTime:0.000018s ]
INFO: [ app_init ] --END-- [ RunTime:0.000296s ]
ERR: 无法加载模块:Application

[ 2017-04-17T22:25:34+08:00 ] 36.149.155.71 /coalball/Application/Home/Common/css/img/%C3%A8%C2%B5%E2%80%9E%C3%A6%C2%BA%C2%908.png
INFO: [ app_init ] --START--
INFO: Run Behavior\BuildLiteBehavior [ RunTime:0.000019s ]
INFO: [ app_init ] --END-- [ RunTime:0.000342s ]
ERR: 无法加载模块:Application

[ 2017-04-17T22:25:34+08:00 ] 36.149.155.71 /coalball/Application/Home/Common/css/img/%C3%A8%C2%B5%E2%80%9E%C3%A6%C2%BA%C2%907.png
INFO: [ app_init ] --START--
INFO: Run Behavior\BuildLiteBehavior [ RunTime:0.000012s ]
INFO: [ app_init ] --END-- [ RunTime:0.000226s ]
ERR: 无法加载模块:Application

[ 2017-04-17T22:25:35+08:00 ] 36.149.155.71 /coalball/Application/Home/Common/css/img/%C3%A8%C2%B5%E2%80%9E%C3%A6%C2%BA%C2%907.png
INFO: [ app_init ] --START--
INFO: Run Behavior\BuildLiteBehavior [ RunTime:0.000013s ]
INFO: [ app_init ] --END-- [ RunTime:0.000253s ]
ERR: 无法加载模块:Application

[ 2017-04-17T22:25:35+08:00 ] 36.149.155.71 /coalball/Application/Home/Common/css/img/%C3%A8%C2%B5%E2%80%9E%C3%A6%C2%BA%C2%908.png
INFO: [ app_init ] --START--
INFO: Run Behavior\BuildLiteBehavior [ RunTime:0.000018s ]
INFO: [ app_init ] --END-- [ RunTime:0.000656s ]
ERR: 无法加载模块:Application

[ 2017-04-17T22:25:35+08:00 ] 36.149.27.71 /coalball/Application/Home/Common/css/img/%C3%A6%E2%80%9D%C2%BE%C3%A5%C2%A4%C2%A7%C3%A9%E2%80%A2%C5%93.png
INFO: [ app_init ] --START--
INFO: Run Behavior\BuildLiteBehavior [ RunTime:0.000028s ]
INFO: [ app_init ] --END-- [ RunTime:0.000469s ]
ERR: 无法加载模块:Application

[ 2017-04-17T22:25:36+08:00 ] 36.149.155.71 /coalball/Application/Home/Common/css/img/%C3%A8%C2%B5%E2%80%9E%C3%A6%C2%BA%C2%907.png
INFO: [ app_init ] --START--
INFO: Run Behavior\BuildLiteBehavior [ RunTime:0.000019s ]
INFO: [ app_init ] --END-- [ RunTime:0.000375s ]
ERR: 无法加载模块:Application

[ 2017-04-17T22:25:36+08:00 ] 36.149.155.71 /coalball/Application/Home/Common/css/img/%C3%A6%E2%80%9D%C2%BE%C3%A5%C2%A4%C2%A7%C3%A9%E2%80%A2%C5%93.png
INFO: [ app_init ] --START--
INFO: Run Behavior\BuildLiteBehavior [ RunTime:0.000015s ]
INFO: [ app_init ] --END-- [ RunTime:0.000446s ]
ERR: 无法加载模块:Application

[ 2017-04-17T22:25:36+08:00 ] 36.149.27.71 /coalball/Application/Home/Common/css/img/%C3%A8%C2%B5%E2%80%9E%C3%A6%C2%BA%C2%908.png
INFO: [ app_init ] --START--
INFO: Run Behavior\BuildLiteBehavior [ RunTime:0.000019s ]
INFO: [ app_init ] --END-- [ RunTime:0.000434s ]
ERR: 无法加载模块:Application

[ 2017-04-17T22:25:37+08:00 ] 36.149.155.71 /coalball/Application/Home/Common/css/img/%C3%A8%C2%B5%E2%80%9E%C3%A6%C2%BA%C2%908.png
INFO: [ app_init ] --START--
INFO: Run Behavior\BuildLiteBehavior [ RunTime:0.000019s ]
INFO: [ app_init ] --END-- [ RunTime:0.000343s ]
ERR: 无法加载模块:Application

[ 2017-04-17T22:25:37+08:00 ] 36.149.155.71 /coalball/Application/Home/Common/css/img/%C3%A8%C2%B5%E2%80%9E%C3%A6%C2%BA%C2%907.png
INFO: [ app_init ] --START--
INFO: Run Behavior\BuildLiteBehavior [ RunTime:0.000018s ]
INFO: [ app_init ] --END-- [ RunTime:0.002888s ]
ERR: 无法加载模块:Application

[ 2017-04-17T22:25:37+08:00 ] 36.149.155.71 /coalball/Application/Home/Common/css/img/%C3%A6%E2%80%9D%C2%BE%C3%A5%C2%A4%C2%A7%C3%A9%E2%80%A2%C5%93.png
INFO: [ app_init ] --START--
INFO: Run Behavior\BuildLiteBehavior [ RunTime:0.000020s ]
INFO: [ app_init ] --END-- [ RunTime:0.000368s ]
ERR: 无法加载模块:Application

[ 2017-04-17T22:25:38+08:00 ] 36.149.155.71 /coalball/Application/Home/Common/css/img/%C3%A8%C2%B5%E2%80%9E%C3%A6%C2%BA%C2%907.png
INFO: [ app_init ] --START--
INFO: Run Behavior\BuildLiteBehavior [ RunTime:0.000020s ]
INFO: [ app_init ] --END-- [ RunTime:0.000348s ]
ERR: 无法加载模块:Application

[ 2017-04-17T22:25:38+08:00 ] 36.149.155.71 /coalball/Application/Home/Common/css/img/%C3%A8%C2%B5%E2%80%9E%C3%A6%C2%BA%C2%908.png
INFO: [ app_init ] --START--
INFO: Run Behavior\BuildLiteBehavior [ RunTime:0.000025s ]
INFO: [ app_init ] --END-- [ RunTime:0.000382s ]
ERR: 无法加载模块:Application

[ 2017-04-17T22:25:38+08:00 ] 36.149.155.71 /coalball/Application/Home/Common/css/img/%C3%A6%E2%80%9D%C2%BE%C3%A5%C2%A4%C2%A7%C3%A9%E2%80%A2%C5%93.png
INFO: [ app_init ] --START--
INFO: Run Behavior\BuildLiteBehavior [ RunTime:0.000020s ]
INFO: [ app_init ] --END-- [ RunTime:0.000349s ]
ERR: 无法加载模块:Application

[ 2017-04-17T22:25:38+08:00 ] 36.149.155.71 /coalball/Application/Home/Common/css/img/%C3%A8%C2%B5%E2%80%9E%C3%A6%C2%BA%C2%907.png
INFO: [ app_init ] --START--
INFO: Run Behavior\BuildLiteBehavior [ RunTime:0.000019s ]
INFO: [ app_init ] --END-- [ RunTime:0.000301s ]
ERR: 无法加载模块:Application

[ 2017-04-17T22:25:38+08:00 ] 36.149.155.71 /coalball/Application/Home/Common/css/img/%C3%A6%E2%80%9D%C2%BE%C3%A5%C2%A4%C2%A7%C3%A9%E2%80%A2%C5%93.png
INFO: [ app_init ] --START--
INFO: Run Behavior\BuildLiteBehavior [ RunTime:0.000013s ]
INFO: [ app_init ] --END-- [ RunTime:0.000293s ]
ERR: 无法加载模块:Application

[ 2017-04-17T22:25:38+08:00 ] 36.149.155.71 /coalball/Application/Home/Common/css/img/%C3%A8%C2%B5%E2%80%9E%C3%A6%C2%BA%C2%908.png
INFO: [ app_init ] --START--
INFO: Run Behavior\BuildLiteBehavior [ RunTime:0.000019s ]
INFO: [ app_init ] --END-- [ RunTime:0.020519s ]
ERR: 无法加载模块:Application

[ 2017-04-17T22:25:38+08:00 ] 36.149.155.71 /coalball/Application/Home/Common/css/img/%C3%A8%C2%B5%E2%80%9E%C3%A6%C2%BA%C2%908.png
INFO: [ app_init ] --START--
INFO: Run Behavior\BuildLiteBehavior [ RunTime:0.000018s ]
INFO: [ app_init ] --END-- [ RunTime:0.000233s ]
ERR: 无法加载模块:Application

[ 2017-04-17T22:25:38+08:00 ] 36.149.155.71 /coalball/Application/Home/Common/css/img/%C3%A8%C2%B5%E2%80%9E%C3%A6%C2%BA%C2%907.png
INFO: [ app_init ] --START--
INFO: Run Behavior\BuildLiteBehavior [ RunTime:0.000013s ]
INFO: [ app_init ] --END-- [ RunTime:0.000223s ]
ERR: 无法加载模块:Application

[ 2017-04-17T22:25:39+08:00 ] 36.149.27.71 /coalball/Application/Home/Common/css/img/%C3%A6%E2%80%9D%C2%BE%C3%A5%C2%A4%C2%A7%C3%A9%E2%80%A2%C5%93.png
INFO: [ app_init ] --START--
INFO: Run Behavior\BuildLiteBehavior [ RunTime:0.000021s ]
INFO: [ app_init ] --END-- [ RunTime:0.000399s ]
ERR: 无法加载模块:Application

[ 2017-04-17T22:25:39+08:00 ] 36.149.155.71 /coalball/Application/Home/Common/css/img/%C3%A8%C2%B5%E2%80%9E%C3%A6%C2%BA%C2%907.png
INFO: [ app_init ] --START--
INFO: Run Behavior\BuildLiteBehavior [ RunTime:0.000013s ]
INFO: [ app_init ] --END-- [ RunTime:0.000266s ]
ERR: 无法加载模块:Application

[ 2017-04-17T22:25:39+08:00 ] 36.149.155.71 /coalball/Application/Home/Common/css/img/%C3%A6%E2%80%9D%C2%BE%C3%A5%C2%A4%C2%A7%C3%A9%E2%80%A2%C5%93.png
INFO: [ app_init ] --START--
INFO: Run Behavior\BuildLiteBehavior [ RunTime:0.000017s ]
INFO: [ app_init ] --END-- [ RunTime:0.000349s ]
ERR: 无法加载模块:Application

[ 2017-04-17T22:25:39+08:00 ] 36.149.27.71 /coalball/Application/Home/Common/css/img/%C3%A8%C2%B5%E2%80%9E%C3%A6%C2%BA%C2%908.png
INFO: [ app_init ] --START--
INFO: Run Behavior\BuildLiteBehavior [ RunTime:0.000015s ]
INFO: [ app_init ] --END-- [ RunTime:0.000275s ]
ERR: 无法加载模块:Application

[ 2017-04-17T22:25:39+08:00 ] 36.149.155.71 /coalball/Application/Home/Common/css/img/%C3%A6%E2%80%9D%C2%BE%C3%A5%C2%A4%C2%A7%C3%A9%E2%80%A2%C5%93.png
INFO: [ app_init ] --START--
INFO: Run Behavior\BuildLiteBehavior [ RunTime:0.000038s ]
INFO: [ app_init ] --END-- [ RunTime:0.000292s ]
ERR: 无法加载模块:Application

[ 2017-04-17T22:25:39+08:00 ] 36.149.155.71 /coalball/Application/Home/Common/css/img/%C3%A8%C2%B5%E2%80%9E%C3%A6%C2%BA%C2%907.png
INFO: [ app_init ] --START--
INFO: Run Behavior\BuildLiteBehavior [ RunTime:0.000016s ]
INFO: [ app_init ] --END-- [ RunTime:0.000246s ]
ERR: 无法加载模块:Application

[ 2017-04-17T22:25:39+08:00 ] 36.149.27.71 /coalball/Application/Home/Common/css/img/%C3%A8%C2%B5%E2%80%9E%C3%A6%C2%BA%C2%908.png
INFO: [ app_init ] --START--
INFO: Run Behavior\BuildLiteBehavior [ RunTime:0.000013s ]
INFO: [ app_init ] --END-- [ RunTime:0.000351s ]
ERR: 无法加载模块:Application

