[ 2017-05-23T12:43:34+08:00 ] 104.236.236.145 /coalball/Application/Common/Common/Uploads/2017-05-20/5920642bef9fe.jpg
INFO: [ app_init ] --START--
INFO: Run Behavior\BuildLiteBehavior [ RunTime:0.000020s ]
INFO: [ app_init ] --END-- [ RunTime:0.000343s ]
ERR: 无法加载模块:Application

[ 2017-05-23T12:43:36+08:00 ] 104.236.236.145 /coalball/Application/Common/Common/Uploads/2017-05-20/5920642c00a7d.jpg
INFO: [ app_init ] --START--
INFO: Run Behavior\BuildLiteBehavior [ RunTime:0.000013s ]
INFO: [ app_init ] --END-- [ RunTime:0.000272s ]
ERR: 无法加载模块:Application

[ 2017-05-23T12:49:10+08:00 ] 104.236.236.145 /coalball/Application/Common/Common/Uploads/2017-05-20/5920642c00a7d.jpg
INFO: [ app_init ] --START--
INFO: Run Behavior\BuildLiteBehavior [ RunTime:0.000017s ]
INFO: [ app_init ] --END-- [ RunTime:0.000252s ]
ERR: 无法加载模块:Application

[ 2017-05-23T12:49:10+08:00 ] 104.236.236.145 /coalball/Application/Common/Common/Uploads/2017-05-20/5920642bef9fe.jpg
INFO: [ app_init ] --START--
INFO: Run Behavior\BuildLiteBehavior [ RunTime:0.000019s ]
INFO: [ app_init ] --END-- [ RunTime:0.000338s ]
ERR: 无法加载模块:Application

[ 2017-05-23T12:49:24+08:00 ] 104.236.236.145 /coalball/Application/Common/Common/Uploads/2017-05-20/5920642c00a7d.jpg
INFO: [ app_init ] --START--
INFO: Run Behavior\BuildLiteBehavior [ RunTime:0.000019s ]
INFO: [ app_init ] --END-- [ RunTime:0.000335s ]
ERR: 无法加载模块:Application

[ 2017-05-23T12:49:25+08:00 ] 104.236.236.145 /coalball/Application/Common/Common/Uploads/2017-05-20/5920642bef9fe.jpg
INFO: [ app_init ] --START--
INFO: Run Behavior\BuildLiteBehavior [ RunTime:0.000020s ]
INFO: [ app_init ] --END-- [ RunTime:0.000384s ]
ERR: 无法加载模块:Application

[ 2017-05-23T12:49:39+08:00 ] 104.236.236.145 /coalball/Application/Common/Common/Uploads/2017-05-20/5920642c00a7d.jpg
INFO: [ app_init ] --START--
INFO: Run Behavior\BuildLiteBehavior [ RunTime:0.000022s ]
INFO: [ app_init ] --END-- [ RunTime:0.000384s ]
ERR: 无法加载模块:Application

[ 2017-05-23T12:49:39+08:00 ] 104.236.236.145 /coalball/Application/Common/Common/Uploads/2017-05-20/5920642bef9fe.jpg
INFO: [ app_init ] --START--
INFO: Run Behavior\BuildLiteBehavior [ RunTime:0.000018s ]
INFO: [ app_init ] --END-- [ RunTime:0.000402s ]
ERR: 无法加载模块:Application

[ 2017-05-23T19:32:40+08:00 ] 104.236.236.145 /coalball/Application/Common/Common/Uploads/2017-05-20/5920642bef9fe.jpg
INFO: [ app_init ] --START--
INFO: Run Behavior\BuildLiteBehavior [ RunTime:0.000019s ]
INFO: [ app_init ] --END-- [ RunTime:0.000363s ]
ERR: 无法加载模块:Application

[ 2017-05-23T19:32:40+08:00 ] 104.236.236.145 /coalball/Application/Common/Common/Uploads/2017-05-20/5920642c00a7d.jpg
INFO: [ app_init ] --START--
INFO: Run Behavior\BuildLiteBehavior [ RunTime:0.000019s ]
INFO: [ app_init ] --END-- [ RunTime:0.000388s ]
ERR: 无法加载模块:Application

[ 2017-05-23T19:36:00+08:00 ] 104.236.236.145 /coalball/Application/Common/Common/Uploads/2017-05-20/5920642bef9fe.jpg
INFO: [ app_init ] --START--
INFO: Run Behavior\BuildLiteBehavior [ RunTime:0.000020s ]
INFO: [ app_init ] --END-- [ RunTime:0.000242s ]
ERR: 无法加载模块:Application

[ 2017-05-23T19:36:01+08:00 ] 104.236.236.145 /coalball/Application/Common/Common/Uploads/2017-05-20/5920642c00a7d.jpg
INFO: [ app_init ] --START--
INFO: Run Behavior\BuildLiteBehavior [ RunTime:0.000023s ]
INFO: [ app_init ] --END-- [ RunTime:0.000585s ]
ERR: 无法加载模块:Application

[ 2017-05-23T19:36:04+08:00 ] 104.236.236.145 /coalball/Application/Common/Common/Uploads/2017-05-20/5920642bef9fe.jpg
INFO: [ app_init ] --START--
INFO: Run Behavior\BuildLiteBehavior [ RunTime:0.000019s ]
INFO: [ app_init ] --END-- [ RunTime:0.000281s ]
ERR: 无法加载模块:Application

[ 2017-05-23T19:36:04+08:00 ] 104.236.236.145 /coalball/Application/Common/Common/Uploads/2017-05-20/5920642c00a7d.jpg
INFO: [ app_init ] --START--
INFO: Run Behavior\BuildLiteBehavior [ RunTime:0.000018s ]
INFO: [ app_init ] --END-- [ RunTime:0.004655s ]
ERR: 无法加载模块:Application

[ 2017-05-23T19:36:08+08:00 ] 104.236.236.145 /coalball/Application/Common/Common/Uploads/2017-05-20/5920642bef9fe.jpg
INFO: [ app_init ] --START--
INFO: Run Behavior\BuildLiteBehavior [ RunTime:0.000018s ]
INFO: [ app_init ] --END-- [ RunTime:0.000365s ]
ERR: 无法加载模块:Application

[ 2017-05-23T19:36:08+08:00 ] 104.236.236.145 /coalball/Application/Common/Common/Uploads/2017-05-20/5920642c00a7d.jpg
INFO: [ app_init ] --START--
INFO: Run Behavior\BuildLiteBehavior [ RunTime:0.000013s ]
INFO: [ app_init ] --END-- [ RunTime:0.000273s ]
ERR: 无法加载模块:Application

[ 2017-05-23T19:36:09+08:00 ] 104.236.236.145 /coalball/Application/Common/Common/Uploads/2017-05-20/5920642bef9fe.jpg
INFO: [ app_init ] --START--
INFO: Run Behavior\BuildLiteBehavior [ RunTime:0.000014s ]
INFO: [ app_init ] --END-- [ RunTime:0.000268s ]
ERR: 无法加载模块:Application

[ 2017-05-23T19:36:09+08:00 ] 104.236.236.145 /coalball/Application/Common/Common/Uploads/2017-05-20/5920642c00a7d.jpg
INFO: [ app_init ] --START--
INFO: Run Behavior\BuildLiteBehavior [ RunTime:0.000014s ]
INFO: [ app_init ] --END-- [ RunTime:0.000251s ]
ERR: 无法加载模块:Application

[ 2017-05-23T19:36:13+08:00 ] 104.236.236.145 /coalball/Application/Common/Common/Uploads/2017-05-20/5920642bef9fe.jpg
INFO: [ app_init ] --START--
INFO: Run Behavior\BuildLiteBehavior [ RunTime:0.000012s ]
INFO: [ app_init ] --END-- [ RunTime:0.000265s ]
ERR: 无法加载模块:Application

[ 2017-05-23T19:36:13+08:00 ] 104.236.236.145 /coalball/Application/Common/Common/Uploads/2017-05-20/5920642c00a7d.jpg
INFO: [ app_init ] --START--
INFO: Run Behavior\BuildLiteBehavior [ RunTime:0.000014s ]
INFO: [ app_init ] --END-- [ RunTime:0.000240s ]
ERR: 无法加载模块:Application

[ 2017-05-23T19:36:16+08:00 ] 104.236.236.145 /coalball/Application/Common/Common/Uploads/2017-05-20/5920642bef9fe.jpg
INFO: [ app_init ] --START--
INFO: Run Behavior\BuildLiteBehavior [ RunTime:0.000019s ]
INFO: [ app_init ] --END-- [ RunTime:0.000346s ]
ERR: 无法加载模块:Application

[ 2017-05-23T19:36:16+08:00 ] 104.236.236.145 /coalball/Application/Common/Common/Uploads/2017-05-20/5920642c00a7d.jpg
INFO: [ app_init ] --START--
INFO: Run Behavior\BuildLiteBehavior [ RunTime:0.000014s ]
INFO: [ app_init ] --END-- [ RunTime:0.000302s ]
ERR: 无法加载模块:Application

[ 2017-05-23T19:36:18+08:00 ] 104.236.236.145 /coalball/Application/Common/Common/Uploads/2017-05-20/5920642c00a7d.jpg
INFO: [ app_init ] --START--
INFO: Run Behavior\BuildLiteBehavior [ RunTime:0.000020s ]
INFO: [ app_init ] --END-- [ RunTime:0.000393s ]
ERR: 无法加载模块:Application

[ 2017-05-23T19:36:18+08:00 ] 104.236.236.145 /coalball/Application/Common/Common/Uploads/2017-05-20/5920642bef9fe.jpg
INFO: [ app_init ] --START--
INFO: Run Behavior\BuildLiteBehavior [ RunTime:0.000018s ]
INFO: [ app_init ] --END-- [ RunTime:0.000284s ]
ERR: 无法加载模块:Application

[ 2017-05-23T19:36:21+08:00 ] 104.236.236.145 /coalball/Application/Common/Common/Uploads/2017-05-20/5920642bef9fe.jpg
INFO: [ app_init ] --START--
INFO: Run Behavior\BuildLiteBehavior [ RunTime:0.000018s ]
INFO: [ app_init ] --END-- [ RunTime:0.000343s ]
ERR: 无法加载模块:Application

[ 2017-05-23T19:36:21+08:00 ] 104.236.236.145 /coalball/Application/Common/Common/Uploads/2017-05-20/5920642c00a7d.jpg
INFO: [ app_init ] --START--
INFO: Run Behavior\BuildLiteBehavior [ RunTime:0.000017s ]
INFO: [ app_init ] --END-- [ RunTime:0.000335s ]
ERR: 无法加载模块:Application

[ 2017-05-23T19:36:22+08:00 ] 104.236.236.145 /coalball/Application/Common/Common/Uploads/2017-05-20/5920642bef9fe.jpg
INFO: [ app_init ] --START--
INFO: Run Behavior\BuildLiteBehavior [ RunTime:0.000018s ]
INFO: [ app_init ] --END-- [ RunTime:0.000338s ]
ERR: 无法加载模块:Application

[ 2017-05-23T19:36:22+08:00 ] 104.236.236.145 /coalball/Application/Common/Common/Uploads/2017-05-20/5920642c00a7d.jpg
INFO: [ app_init ] --START--
INFO: Run Behavior\BuildLiteBehavior [ RunTime:0.000019s ]
INFO: [ app_init ] --END-- [ RunTime:0.000351s ]
ERR: 无法加载模块:Application

[ 2017-05-23T19:36:46+08:00 ] 104.236.236.145 /coalball/Application/Common/Common/Uploads/2017-05-20/5920642bef9fe.jpg
INFO: [ app_init ] --START--
INFO: Run Behavior\BuildLiteBehavior [ RunTime:0.000014s ]
INFO: [ app_init ] --END-- [ RunTime:0.000240s ]
ERR: 无法加载模块:Application

[ 2017-05-23T19:36:46+08:00 ] 104.236.236.145 /coalball/Application/Common/Common/Uploads/2017-05-20/5920642c00a7d.jpg
INFO: [ app_init ] --START--
INFO: Run Behavior\BuildLiteBehavior [ RunTime:0.000013s ]
INFO: [ app_init ] --END-- [ RunTime:0.000249s ]
ERR: 无法加载模块:Application

[ 2017-05-23T19:36:48+08:00 ] 104.236.236.145 /coalball/Application/Common/Common/Uploads/2017-05-20/5920642c00a7d.jpg
INFO: [ app_init ] --START--
INFO: Run Behavior\BuildLiteBehavior [ RunTime:0.000019s ]
INFO: [ app_init ] --END-- [ RunTime:0.000370s ]
ERR: 无法加载模块:Application

[ 2017-05-23T19:36:48+08:00 ] 104.236.236.145 /coalball/Application/Common/Common/Uploads/2017-05-20/5920642bef9fe.jpg
INFO: [ app_init ] --START--
INFO: Run Behavior\BuildLiteBehavior [ RunTime:0.000014s ]
INFO: [ app_init ] --END-- [ RunTime:0.000299s ]
ERR: 无法加载模块:Application

[ 2017-05-23T19:36:54+08:00 ] 104.236.236.145 /coalball/Application/Common/Common/Uploads/2017-05-20/5920642bef9fe.jpg
INFO: [ app_init ] --START--
INFO: Run Behavior\BuildLiteBehavior [ RunTime:0.000025s ]
INFO: [ app_init ] --END-- [ RunTime:0.000312s ]
ERR: 无法加载模块:Application

[ 2017-05-23T19:36:54+08:00 ] 104.236.236.145 /coalball/Application/Common/Common/Uploads/2017-05-20/5920642c00a7d.jpg
INFO: [ app_init ] --START--
INFO: Run Behavior\BuildLiteBehavior [ RunTime:0.000014s ]
INFO: [ app_init ] --END-- [ RunTime:0.000271s ]
ERR: 无法加载模块:Application

[ 2017-05-23T19:37:07+08:00 ] 104.236.236.145 /coalball/Application/Common/Common/Uploads/2017-05-20/5920642bef9fe.jpg
INFO: [ app_init ] --START--
INFO: Run Behavior\BuildLiteBehavior [ RunTime:0.000017s ]
INFO: [ app_init ] --END-- [ RunTime:0.000324s ]
ERR: 无法加载模块:Application

[ 2017-05-23T19:37:07+08:00 ] 104.236.236.145 /coalball/Application/Common/Common/Uploads/2017-05-20/5920642c00a7d.jpg
INFO: [ app_init ] --START--
INFO: Run Behavior\BuildLiteBehavior [ RunTime:0.000019s ]
INFO: [ app_init ] --END-- [ RunTime:0.000349s ]
ERR: 无法加载模块:Application

[ 2017-05-23T19:37:08+08:00 ] 104.236.236.145 /coalball/Application/Common/Common/Uploads/2017-05-20/5920642bef9fe.jpg
INFO: [ app_init ] --START--
INFO: Run Behavior\BuildLiteBehavior [ RunTime:0.000024s ]
INFO: [ app_init ] --END-- [ RunTime:0.011591s ]
ERR: 无法加载模块:Application

[ 2017-05-23T19:37:08+08:00 ] 104.236.236.145 /coalball/Application/Common/Common/Uploads/2017-05-20/5920642c00a7d.jpg
INFO: [ app_init ] --START--
INFO: Run Behavior\BuildLiteBehavior [ RunTime:0.000018s ]
INFO: [ app_init ] --END-- [ RunTime:0.000373s ]
ERR: 无法加载模块:Application

[ 2017-05-23T19:38:47+08:00 ] 104.236.236.145 /coalball/Application/Common/Common/Uploads/2017-05-20/5920642c00a7d.jpg
INFO: [ app_init ] --START--
INFO: Run Behavior\BuildLiteBehavior [ RunTime:0.000018s ]
INFO: [ app_init ] --END-- [ RunTime:0.000302s ]
ERR: 无法加载模块:Application

[ 2017-05-23T19:38:47+08:00 ] 104.236.236.145 /coalball/Application/Common/Common/Uploads/2017-05-20/5920642bef9fe.jpg
INFO: [ app_init ] --START--
INFO: Run Behavior\BuildLiteBehavior [ RunTime:0.000017s ]
INFO: [ app_init ] --END-- [ RunTime:0.000336s ]
ERR: 无法加载模块:Application

[ 2017-05-23T19:38:48+08:00 ] 104.236.236.145 /coalball/Application/Common/Common/Uploads/2017-05-20/5920642c00a7d.jpg
INFO: [ app_init ] --START--
INFO: Run Behavior\BuildLiteBehavior [ RunTime:0.000021s ]
INFO: [ app_init ] --END-- [ RunTime:0.000381s ]
ERR: 无法加载模块:Application

[ 2017-05-23T19:38:48+08:00 ] 104.236.236.145 /coalball/Application/Common/Common/Uploads/2017-05-20/5920642bef9fe.jpg
INFO: [ app_init ] --START--
INFO: Run Behavior\BuildLiteBehavior [ RunTime:0.000014s ]
INFO: [ app_init ] --END-- [ RunTime:0.000253s ]
ERR: 无法加载模块:Application

[ 2017-05-23T19:38:54+08:00 ] 104.236.236.145 /coalball/Application/Common/Common/Uploads/2017-05-20/5920642c00a7d.jpg
INFO: [ app_init ] --START--
INFO: Run Behavior\BuildLiteBehavior [ RunTime:0.000019s ]
INFO: [ app_init ] --END-- [ RunTime:0.000309s ]
ERR: 无法加载模块:Application

[ 2017-05-23T19:38:54+08:00 ] 104.236.236.145 /coalball/Application/Common/Common/Uploads/2017-05-20/5920642bef9fe.jpg
INFO: [ app_init ] --START--
INFO: Run Behavior\BuildLiteBehavior [ RunTime:0.000019s ]
INFO: [ app_init ] --END-- [ RunTime:0.000378s ]
ERR: 无法加载模块:Application

[ 2017-05-23T19:39:09+08:00 ] 104.236.236.145 /coalball/Application/Common/Common/Uploads/2017-05-20/5920642c00a7d.jpg
INFO: [ app_init ] --START--
INFO: Run Behavior\BuildLiteBehavior [ RunTime:0.000013s ]
INFO: [ app_init ] --END-- [ RunTime:0.000242s ]
ERR: 无法加载模块:Application

[ 2017-05-23T19:39:09+08:00 ] 104.236.236.145 /coalball/Application/Common/Common/Uploads/2017-05-20/5920642bef9fe.jpg
INFO: [ app_init ] --START--
INFO: Run Behavior\BuildLiteBehavior [ RunTime:0.000019s ]
INFO: [ app_init ] --END-- [ RunTime:0.000283s ]
ERR: 无法加载模块:Application

[ 2017-05-23T19:39:16+08:00 ] 104.236.236.145 /coalball/Application/Common/Common/Uploads/2017-05-20/5920642c00a7d.jpg
INFO: [ app_init ] --START--
INFO: Run Behavior\BuildLiteBehavior [ RunTime:0.000018s ]
INFO: [ app_init ] --END-- [ RunTime:0.000676s ]
ERR: 无法加载模块:Application

[ 2017-05-23T19:39:17+08:00 ] 104.236.236.145 /coalball/Application/Common/Common/Uploads/2017-05-20/5920642bef9fe.jpg
INFO: [ app_init ] --START--
INFO: Run Behavior\BuildLiteBehavior [ RunTime:0.000018s ]
INFO: [ app_init ] --END-- [ RunTime:0.000326s ]
ERR: 无法加载模块:Application

[ 2017-05-23T19:39:21+08:00 ] 104.236.236.145 /coalball/Application/Common/Common/Uploads/2017-05-20/5920642bef9fe.jpg
INFO: [ app_init ] --START--
INFO: Run Behavior\BuildLiteBehavior [ RunTime:0.000013s ]
INFO: [ app_init ] --END-- [ RunTime:0.000242s ]
ERR: 无法加载模块:Application

[ 2017-05-23T19:39:21+08:00 ] 104.236.236.145 /coalball/Application/Common/Common/Uploads/2017-05-20/5920642c00a7d.jpg
INFO: [ app_init ] --START--
INFO: Run Behavior\BuildLiteBehavior [ RunTime:0.000016s ]
INFO: [ app_init ] --END-- [ RunTime:0.000290s ]
ERR: 无法加载模块:Application

[ 2017-05-23T19:39:46+08:00 ] 104.236.236.145 /coalball/Application/Common/Common/Uploads/2017-05-20/5920642c00a7d.jpg
INFO: [ app_init ] --START--
INFO: Run Behavior\BuildLiteBehavior [ RunTime:0.000013s ]
INFO: [ app_init ] --END-- [ RunTime:0.000234s ]
ERR: 无法加载模块:Application

[ 2017-05-23T19:39:46+08:00 ] 104.236.236.145 /coalball/Application/Common/Common/Uploads/2017-05-20/5920642bef9fe.jpg
INFO: [ app_init ] --START--
INFO: Run Behavior\BuildLiteBehavior [ RunTime:0.000017s ]
INFO: [ app_init ] --END-- [ RunTime:0.000326s ]
ERR: 无法加载模块:Application

[ 2017-05-23T19:39:49+08:00 ] 104.236.236.145 /coalball/Application/Common/Common/Uploads/2017-05-20/5920642bef9fe.jpg
INFO: [ app_init ] --START--
INFO: Run Behavior\BuildLiteBehavior [ RunTime:0.000021s ]
INFO: [ app_init ] --END-- [ RunTime:0.000399s ]
ERR: 无法加载模块:Application

[ 2017-05-23T19:39:49+08:00 ] 104.236.236.145 /coalball/Application/Common/Common/Uploads/2017-05-20/5920642c00a7d.jpg
INFO: [ app_init ] --START--
INFO: Run Behavior\BuildLiteBehavior [ RunTime:0.000027s ]
INFO: [ app_init ] --END-- [ RunTime:0.000347s ]
ERR: 无法加载模块:Application

[ 2017-05-23T19:39:51+08:00 ] 104.236.236.145 /coalball/Application/Common/Common/Uploads/2017-05-20/5920642bef9fe.jpg
INFO: [ app_init ] --START--
INFO: Run Behavior\BuildLiteBehavior [ RunTime:0.000020s ]
INFO: [ app_init ] --END-- [ RunTime:0.000353s ]
ERR: 无法加载模块:Application

[ 2017-05-23T19:39:52+08:00 ] 104.236.236.145 /coalball/Application/Common/Common/Uploads/2017-05-20/5920642c00a7d.jpg
INFO: [ app_init ] --START--
INFO: Run Behavior\BuildLiteBehavior [ RunTime:0.000015s ]
INFO: [ app_init ] --END-- [ RunTime:0.000399s ]
ERR: 无法加载模块:Application

[ 2017-05-23T19:40:19+08:00 ] 104.236.236.145 /coalball/Application/Common/Common/Uploads/2017-05-20/5920642bef9fe.jpg
INFO: [ app_init ] --START--
INFO: Run Behavior\BuildLiteBehavior [ RunTime:0.000019s ]
INFO: [ app_init ] --END-- [ RunTime:0.000364s ]
ERR: 无法加载模块:Application

[ 2017-05-23T19:40:21+08:00 ] 104.236.236.145 /coalball/Application/Common/Common/Uploads/2017-05-20/5920642bef9fe.jpg
INFO: [ app_init ] --START--
INFO: Run Behavior\BuildLiteBehavior [ RunTime:0.000019s ]
INFO: [ app_init ] --END-- [ RunTime:0.000373s ]
ERR: 无法加载模块:Application

[ 2017-05-23T19:40:22+08:00 ] 104.236.236.145 /coalball/Application/Common/Common/Uploads/2017-05-20/5920642c00a7d.jpg
INFO: [ app_init ] --START--
INFO: Run Behavior\BuildLiteBehavior [ RunTime:0.000016s ]
INFO: [ app_init ] --END-- [ RunTime:0.000252s ]
ERR: 无法加载模块:Application

[ 2017-05-23T21:06:01+08:00 ] 104.236.236.145 /coalball/Application/Common/Common/Uploads/2017-05-20/5920642bef9fe.jpg
INFO: [ app_init ] --START--
INFO: Run Behavior\BuildLiteBehavior [ RunTime:0.000020s ]
INFO: [ app_init ] --END-- [ RunTime:0.000385s ]
ERR: 无法加载模块:Application

[ 2017-05-23T21:06:02+08:00 ] 104.236.236.145 /coalball/Application/Common/Common/Uploads/2017-05-20/5920642c00a7d.jpg
INFO: [ app_init ] --START--
INFO: Run Behavior\BuildLiteBehavior [ RunTime:0.000019s ]
INFO: [ app_init ] --END-- [ RunTime:0.000336s ]
ERR: 无法加载模块:Application

[ 2017-05-23T21:07:43+08:00 ] 104.236.236.145 /coalball/Application/Common/Common/Uploads/2017-05-20/5920642c00a7d.jpg
INFO: [ app_init ] --START--
INFO: Run Behavior\BuildLiteBehavior [ RunTime:0.000018s ]
INFO: [ app_init ] --END-- [ RunTime:0.000346s ]
ERR: 无法加载模块:Application

[ 2017-05-23T21:07:43+08:00 ] 104.236.236.145 /coalball/Application/Common/Common/Uploads/2017-05-20/5920642bef9fe.jpg
INFO: [ app_init ] --START--
INFO: Run Behavior\BuildLiteBehavior [ RunTime:0.000016s ]
INFO: [ app_init ] --END-- [ RunTime:0.000346s ]
ERR: 无法加载模块:Application

[ 2017-05-23T21:07:45+08:00 ] 104.236.236.145 /coalball/Application/Common/Common/Uploads/2017-05-20/5920642bef9fe.jpg
INFO: [ app_init ] --START--
INFO: Run Behavior\BuildLiteBehavior [ RunTime:0.000014s ]
INFO: [ app_init ] --END-- [ RunTime:0.000247s ]
ERR: 无法加载模块:Application

[ 2017-05-23T21:07:45+08:00 ] 104.236.236.145 /coalball/Application/Common/Common/Uploads/2017-05-20/5920642c00a7d.jpg
INFO: [ app_init ] --START--
INFO: Run Behavior\BuildLiteBehavior [ RunTime:0.000016s ]
INFO: [ app_init ] --END-- [ RunTime:0.000240s ]
ERR: 无法加载模块:Application

[ 2017-05-23T21:08:05+08:00 ] 104.236.236.145 /coalball/Application/Common/Common/Uploads/2017-05-20/5920642bef9fe.jpg
INFO: [ app_init ] --START--
INFO: Run Behavior\BuildLiteBehavior [ RunTime:0.000020s ]
INFO: [ app_init ] --END-- [ RunTime:0.000346s ]
ERR: 无法加载模块:Application

[ 2017-05-23T21:08:05+08:00 ] 104.236.236.145 /coalball/Application/Common/Common/Uploads/2017-05-20/5920642c00a7d.jpg
INFO: [ app_init ] --START--
INFO: Run Behavior\BuildLiteBehavior [ RunTime:0.000018s ]
INFO: [ app_init ] --END-- [ RunTime:0.000346s ]
ERR: 无法加载模块:Application

[ 2017-05-23T21:08:07+08:00 ] 104.236.236.145 /coalball/Application/Common/Common/Uploads/2017-05-20/5920642c00a7d.jpg
INFO: [ app_init ] --START--
INFO: Run Behavior\BuildLiteBehavior [ RunTime:0.000017s ]
INFO: [ app_init ] --END-- [ RunTime:0.000334s ]
ERR: 无法加载模块:Application

[ 2017-05-23T21:08:07+08:00 ] 104.236.236.145 /coalball/Application/Common/Common/Uploads/2017-05-20/5920642bef9fe.jpg
INFO: [ app_init ] --START--
INFO: Run Behavior\BuildLiteBehavior [ RunTime:0.000018s ]
INFO: [ app_init ] --END-- [ RunTime:0.000335s ]
ERR: 无法加载模块:Application

[ 2017-05-23T21:08:36+08:00 ] 104.236.236.145 /coalball/Application/Common/Common/Uploads/2017-05-20/5920642c00a7d.jpg
INFO: [ app_init ] --START--
INFO: Run Behavior\BuildLiteBehavior [ RunTime:0.000020s ]
INFO: [ app_init ] --END-- [ RunTime:0.000429s ]
ERR: 无法加载模块:Application

[ 2017-05-23T21:08:36+08:00 ] 104.236.236.145 /coalball/Application/Common/Common/Uploads/2017-05-20/5920642bef9fe.jpg
INFO: [ app_init ] --START--
INFO: Run Behavior\BuildLiteBehavior [ RunTime:0.000022s ]
INFO: [ app_init ] --END-- [ RunTime:0.000446s ]
ERR: 无法加载模块:Application

[ 2017-05-23T21:08:38+08:00 ] 104.236.236.145 /coalball/Application/Common/Common/Uploads/2017-05-20/5920642bef9fe.jpg
INFO: [ app_init ] --START--
INFO: Run Behavior\BuildLiteBehavior [ RunTime:0.000019s ]
INFO: [ app_init ] --END-- [ RunTime:0.000335s ]
ERR: 无法加载模块:Application

[ 2017-05-23T21:08:38+08:00 ] 104.236.236.145 /coalball/Application/Common/Common/Uploads/2017-05-20/5920642c00a7d.jpg
INFO: [ app_init ] --START--
INFO: Run Behavior\BuildLiteBehavior [ RunTime:0.000020s ]
INFO: [ app_init ] --END-- [ RunTime:0.000358s ]
ERR: 无法加载模块:Application

[ 2017-05-23T21:11:08+08:00 ] 104.236.236.145 /coalball/Application/Common/Common/Uploads/2017-05-20/5920642bef9fe.jpg
INFO: [ app_init ] --START--
INFO: Run Behavior\BuildLiteBehavior [ RunTime:0.000019s ]
INFO: [ app_init ] --END-- [ RunTime:0.000335s ]
ERR: 无法加载模块:Application

[ 2017-05-23T21:11:08+08:00 ] 104.236.236.145 /coalball/Application/Common/Common/Uploads/2017-05-20/5920642c00a7d.jpg
INFO: [ app_init ] --START--
INFO: Run Behavior\BuildLiteBehavior [ RunTime:0.000014s ]
INFO: [ app_init ] --END-- [ RunTime:0.000227s ]
ERR: 无法加载模块:Application

[ 2017-05-23T21:11:09+08:00 ] 104.236.236.145 /coalball/Application/Common/Common/Uploads/2017-05-20/5920642c00a7d.jpg
INFO: [ app_init ] --START--
INFO: Run Behavior\BuildLiteBehavior [ RunTime:0.000020s ]
INFO: [ app_init ] --END-- [ RunTime:0.000487s ]
ERR: 无法加载模块:Application

[ 2017-05-23T21:11:09+08:00 ] 104.236.236.145 /coalball/Application/Common/Common/Uploads/2017-05-20/5920642bef9fe.jpg
INFO: [ app_init ] --START--
INFO: Run Behavior\BuildLiteBehavior [ RunTime:0.000024s ]
INFO: [ app_init ] --END-- [ RunTime:0.000332s ]
ERR: 无法加载模块:Application

[ 2017-05-23T21:11:11+08:00 ] 104.236.236.145 /coalball/Application/Common/Common/Uploads/2017-05-20/5920642c00a7d.jpg
INFO: [ app_init ] --START--
INFO: Run Behavior\BuildLiteBehavior [ RunTime:0.000014s ]
INFO: [ app_init ] --END-- [ RunTime:0.000296s ]
ERR: 无法加载模块:Application

[ 2017-05-23T21:11:11+08:00 ] 104.236.236.145 /coalball/Application/Common/Common/Uploads/2017-05-20/5920642bef9fe.jpg
INFO: [ app_init ] --START--
INFO: Run Behavior\BuildLiteBehavior [ RunTime:0.000018s ]
INFO: [ app_init ] --END-- [ RunTime:0.000345s ]
ERR: 无法加载模块:Application

[ 2017-05-23T21:11:15+08:00 ] 104.236.236.145 /coalball/Application/Common/Common/Uploads/2017-05-20/5920642c00a7d.jpg
INFO: [ app_init ] --START--
INFO: Run Behavior\BuildLiteBehavior [ RunTime:0.000014s ]
INFO: [ app_init ] --END-- [ RunTime:0.000222s ]
ERR: 无法加载模块:Application

[ 2017-05-23T21:11:15+08:00 ] 104.236.236.145 /coalball/Application/Common/Common/Uploads/2017-05-20/5920642bef9fe.jpg
INFO: [ app_init ] --START--
INFO: Run Behavior\BuildLiteBehavior [ RunTime:0.000018s ]
INFO: [ app_init ] --END-- [ RunTime:0.000336s ]
ERR: 无法加载模块:Application

[ 2017-05-23T21:11:38+08:00 ] 104.236.236.145 /coalball/Application/Common/Common/Uploads/2017-05-20/5920642c00a7d.jpg
INFO: [ app_init ] --START--
INFO: Run Behavior\BuildLiteBehavior [ RunTime:0.000019s ]
INFO: [ app_init ] --END-- [ RunTime:0.000268s ]
ERR: 无法加载模块:Application

[ 2017-05-23T21:11:39+08:00 ] 104.236.236.145 /coalball/Application/Common/Common/Uploads/2017-05-20/5920642bef9fe.jpg
INFO: [ app_init ] --START--
INFO: Run Behavior\BuildLiteBehavior [ RunTime:0.000014s ]
INFO: [ app_init ] --END-- [ RunTime:0.000280s ]
ERR: 无法加载模块:Application

[ 2017-05-23T21:12:47+08:00 ] 104.236.236.145 /coalball/Application/Common/Common/Uploads/2017-05-20/5920642c00a7d.jpg
INFO: [ app_init ] --START--
INFO: Run Behavior\BuildLiteBehavior [ RunTime:0.000018s ]
INFO: [ app_init ] --END-- [ RunTime:0.000361s ]
ERR: 无法加载模块:Application

[ 2017-05-23T21:12:47+08:00 ] 104.236.236.145 /coalball/Application/Common/Common/Uploads/2017-05-20/5920642bef9fe.jpg
INFO: [ app_init ] --START--
INFO: Run Behavior\BuildLiteBehavior [ RunTime:0.000016s ]
INFO: [ app_init ] --END-- [ RunTime:0.000330s ]
ERR: 无法加载模块:Application

[ 2017-05-23T21:12:48+08:00 ] 104.236.236.145 /coalball/Application/Common/Common/Uploads/2017-05-20/5920642bef9fe.jpg
INFO: [ app_init ] --START--
INFO: Run Behavior\BuildLiteBehavior [ RunTime:0.000014s ]
INFO: [ app_init ] --END-- [ RunTime:0.000241s ]
ERR: 无法加载模块:Application

[ 2017-05-23T21:12:49+08:00 ] 104.236.236.145 /coalball/Application/Common/Common/Uploads/2017-05-20/5920642bef9fe.jpg
INFO: [ app_init ] --START--
INFO: Run Behavior\BuildLiteBehavior [ RunTime:0.000019s ]
INFO: [ app_init ] --END-- [ RunTime:0.000376s ]
ERR: 无法加载模块:Application

[ 2017-05-23T21:12:49+08:00 ] 104.236.236.145 /coalball/Application/Common/Common/Uploads/2017-05-20/5920642bef9fe.jpg
INFO: [ app_init ] --START--
INFO: Run Behavior\BuildLiteBehavior [ RunTime:0.000076s ]
INFO: [ app_init ] --END-- [ RunTime:0.000367s ]
ERR: 无法加载模块:Application

[ 2017-05-23T21:12:49+08:00 ] 104.236.236.145 /coalball/Application/Common/Common/Uploads/2017-05-20/5920642bef9fe.jpg
INFO: [ app_init ] --START--
INFO: Run Behavior\BuildLiteBehavior [ RunTime:0.000021s ]
INFO: [ app_init ] --END-- [ RunTime:0.000401s ]
ERR: 无法加载模块:Application

[ 2017-05-23T21:12:50+08:00 ] 104.236.236.145 /coalball/Application/Common/Common/Uploads/2017-05-20/5920642c00a7d.jpg
INFO: [ app_init ] --START--
INFO: Run Behavior\BuildLiteBehavior [ RunTime:0.000020s ]
INFO: [ app_init ] --END-- [ RunTime:0.000384s ]
ERR: 无法加载模块:Application

[ 2017-05-23T21:12:50+08:00 ] 104.236.236.145 /coalball/Application/Common/Common/Uploads/2017-05-20/5920642bef9fe.jpg
INFO: [ app_init ] --START--
INFO: Run Behavior\BuildLiteBehavior [ RunTime:0.000019s ]
INFO: [ app_init ] --END-- [ RunTime:0.000359s ]
ERR: 无法加载模块:Application

[ 2017-05-23T21:12:51+08:00 ] 104.236.236.145 /coalball/Application/Common/Common/Uploads/2017-05-20/5920642bef9fe.jpg
INFO: [ app_init ] --START--
INFO: Run Behavior\BuildLiteBehavior [ RunTime:0.000017s ]
INFO: [ app_init ] --END-- [ RunTime:0.000350s ]
ERR: 无法加载模块:Application

[ 2017-05-23T21:12:51+08:00 ] 104.236.236.145 /coalball/Application/Common/Common/Uploads/2017-05-20/5920642c00a7d.jpg
INFO: [ app_init ] --START--
INFO: Run Behavior\BuildLiteBehavior [ RunTime:0.000014s ]
INFO: [ app_init ] --END-- [ RunTime:0.000266s ]
ERR: 无法加载模块:Application

[ 2017-05-23T21:16:07+08:00 ] 104.236.236.145 /coalball/Application/Common/Common/Uploads/2017-05-20/5920642c00a7d.jpg
INFO: [ app_init ] --START--
INFO: Run Behavior\BuildLiteBehavior [ RunTime:0.000014s ]
INFO: [ app_init ] --END-- [ RunTime:0.000268s ]
ERR: 无法加载模块:Application

[ 2017-05-23T21:16:07+08:00 ] 104.236.236.145 /coalball/Application/Common/Common/Uploads/2017-05-20/5920642bef9fe.jpg
INFO: [ app_init ] --START--
INFO: Run Behavior\BuildLiteBehavior [ RunTime:0.000015s ]
INFO: [ app_init ] --END-- [ RunTime:0.000347s ]
ERR: 无法加载模块:Application

[ 2017-05-23T21:16:08+08:00 ] 104.236.236.145 /coalball/Application/Common/Common/Uploads/2017-05-20/5920642c00a7d.jpg
INFO: [ app_init ] --START--
INFO: Run Behavior\BuildLiteBehavior [ RunTime:0.000019s ]
INFO: [ app_init ] --END-- [ RunTime:0.000290s ]
ERR: 无法加载模块:Application

[ 2017-05-23T21:16:08+08:00 ] 104.236.236.145 /coalball/Application/Common/Common/Uploads/2017-05-20/5920642bef9fe.jpg
INFO: [ app_init ] --START--
INFO: Run Behavior\BuildLiteBehavior [ RunTime:0.000017s ]
INFO: [ app_init ] --END-- [ RunTime:0.011870s ]
ERR: 无法加载模块:Application

[ 2017-05-23T21:16:10+08:00 ] 104.236.236.145 /coalball/Application/Common/Common/Uploads/2017-05-20/5920642bef9fe.jpg
INFO: [ app_init ] --START--
INFO: Run Behavior\BuildLiteBehavior [ RunTime:0.000020s ]
INFO: [ app_init ] --END-- [ RunTime:0.000383s ]
ERR: 无法加载模块:Application

[ 2017-05-23T21:16:10+08:00 ] 104.236.236.145 /coalball/Application/Common/Common/Uploads/2017-05-20/5920642c00a7d.jpg
INFO: [ app_init ] --START--
INFO: Run Behavior\BuildLiteBehavior [ RunTime:0.000014s ]
INFO: [ app_init ] --END-- [ RunTime:0.000235s ]
ERR: 无法加载模块:Application

[ 2017-05-23T21:16:11+08:00 ] 104.236.236.145 /coalball/Application/Common/Common/Uploads/2017-05-20/5920642bef9fe.jpg
INFO: [ app_init ] --START--
INFO: Run Behavior\BuildLiteBehavior [ RunTime:0.000014s ]
INFO: [ app_init ] --END-- [ RunTime:0.000230s ]
ERR: 无法加载模块:Application

[ 2017-05-23T21:16:11+08:00 ] 104.236.236.145 /coalball/Application/Common/Common/Uploads/2017-05-20/5920642c00a7d.jpg
INFO: [ app_init ] --START--
INFO: Run Behavior\BuildLiteBehavior [ RunTime:0.000015s ]
INFO: [ app_init ] --END-- [ RunTime:0.000273s ]
ERR: 无法加载模块:Application

[ 2017-05-23T21:16:12+08:00 ] 104.236.236.145 /coalball/Application/Common/Common/Uploads/2017-05-20/5920642bef9fe.jpg
INFO: [ app_init ] --START--
INFO: Run Behavior\BuildLiteBehavior [ RunTime:0.000020s ]
INFO: [ app_init ] --END-- [ RunTime:0.000322s ]
ERR: 无法加载模块:Application

[ 2017-05-23T21:16:12+08:00 ] 104.236.236.145 /coalball/Application/Common/Common/Uploads/2017-05-20/5920642c00a7d.jpg
INFO: [ app_init ] --START--
INFO: Run Behavior\BuildLiteBehavior [ RunTime:0.000025s ]
INFO: [ app_init ] --END-- [ RunTime:0.000376s ]
ERR: 无法加载模块:Application

[ 2017-05-23T21:16:18+08:00 ] 104.236.236.145 /coalball/Application/Common/Common/Uploads/2017-05-20/5920642c00a7d.jpg
INFO: [ app_init ] --START--
INFO: Run Behavior\BuildLiteBehavior [ RunTime:0.000019s ]
INFO: [ app_init ] --END-- [ RunTime:0.000350s ]
ERR: 无法加载模块:Application

[ 2017-05-23T21:16:18+08:00 ] 104.236.236.145 /coalball/Application/Common/Common/Uploads/2017-05-20/5920642bef9fe.jpg
INFO: [ app_init ] --START--
INFO: Run Behavior\BuildLiteBehavior [ RunTime:0.000021s ]
INFO: [ app_init ] --END-- [ RunTime:0.000355s ]
ERR: 无法加载模块:Application

[ 2017-05-23T21:18:41+08:00 ] 104.236.236.145 /coalball/Application/Common/Common/Uploads/2017-05-20/5920642c00a7d.jpg
INFO: [ app_init ] --START--
INFO: Run Behavior\BuildLiteBehavior [ RunTime:0.000018s ]
INFO: [ app_init ] --END-- [ RunTime:0.000353s ]
ERR: 无法加载模块:Application

[ 2017-05-23T21:18:41+08:00 ] 104.236.236.145 /coalball/Application/Common/Common/Uploads/2017-05-20/5920642bef9fe.jpg
INFO: [ app_init ] --START--
INFO: Run Behavior\BuildLiteBehavior [ RunTime:0.000017s ]
INFO: [ app_init ] --END-- [ RunTime:0.000322s ]
ERR: 无法加载模块:Application

[ 2017-05-23T21:18:42+08:00 ] 104.236.236.145 /coalball/Application/Common/Common/Uploads/2017-05-20/5920642bef9fe.jpg
INFO: [ app_init ] --START--
INFO: Run Behavior\BuildLiteBehavior [ RunTime:0.000018s ]
INFO: [ app_init ] --END-- [ RunTime:0.000421s ]
ERR: 无法加载模块:Application

[ 2017-05-23T21:18:42+08:00 ] 104.236.236.145 /coalball/Application/Common/Common/Uploads/2017-05-20/5920642c00a7d.jpg
INFO: [ app_init ] --START--
INFO: Run Behavior\BuildLiteBehavior [ RunTime:0.000014s ]
INFO: [ app_init ] --END-- [ RunTime:0.000265s ]
ERR: 无法加载模块:Application

[ 2017-05-23T21:18:43+08:00 ] 104.236.236.145 /coalball/Application/Common/Common/Uploads/2017-05-20/5920642bef9fe.jpg
INFO: [ app_init ] --START--
INFO: Run Behavior\BuildLiteBehavior [ RunTime:0.000013s ]
INFO: [ app_init ] --END-- [ RunTime:0.000230s ]
ERR: 无法加载模块:Application

[ 2017-05-23T21:18:43+08:00 ] 104.236.236.145 /coalball/Application/Common/Common/Uploads/2017-05-20/5920642c00a7d.jpg
INFO: [ app_init ] --START--
INFO: Run Behavior\BuildLiteBehavior [ RunTime:0.000014s ]
INFO: [ app_init ] --END-- [ RunTime:0.000269s ]
ERR: 无法加载模块:Application

[ 2017-05-23T21:18:44+08:00 ] 104.236.236.145 /coalball/Application/Common/Common/Uploads/2017-05-20/5920642bef9fe.jpg
INFO: [ app_init ] --START--
INFO: Run Behavior\BuildLiteBehavior [ RunTime:0.000019s ]
INFO: [ app_init ] --END-- [ RunTime:0.000340s ]
ERR: 无法加载模块:Application

[ 2017-05-23T21:18:44+08:00 ] 104.236.236.145 /coalball/Application/Common/Common/Uploads/2017-05-20/5920642c00a7d.jpg
INFO: [ app_init ] --START--
INFO: Run Behavior\BuildLiteBehavior [ RunTime:0.000022s ]
INFO: [ app_init ] --END-- [ RunTime:0.000359s ]
ERR: 无法加载模块:Application

[ 2017-05-23T21:18:45+08:00 ] 104.236.236.145 /coalball/Application/Common/Common/Uploads/2017-05-20/5920642bef9fe.jpg
INFO: [ app_init ] --START--
INFO: Run Behavior\BuildLiteBehavior [ RunTime:0.000016s ]
INFO: [ app_init ] --END-- [ RunTime:0.000330s ]
ERR: 无法加载模块:Application

[ 2017-05-23T21:18:45+08:00 ] 104.236.236.145 /coalball/Application/Common/Common/Uploads/2017-05-20/5920642c00a7d.jpg
INFO: [ app_init ] --START--
INFO: Run Behavior\BuildLiteBehavior [ RunTime:0.000012s ]
INFO: [ app_init ] --END-- [ RunTime:0.000247s ]
ERR: 无法加载模块:Application

[ 2017-05-23T21:18:51+08:00 ] 104.236.236.145 /coalball/Application/Common/Common/Uploads/2017-05-20/5920642bef9fe.jpg
INFO: [ app_init ] --START--
INFO: Run Behavior\BuildLiteBehavior [ RunTime:0.000018s ]
INFO: [ app_init ] --END-- [ RunTime:0.000340s ]
ERR: 无法加载模块:Application

[ 2017-05-23T21:18:52+08:00 ] 104.236.236.145 /coalball/Application/Common/Common/Uploads/2017-05-20/5920642c00a7d.jpg
INFO: [ app_init ] --START--
INFO: Run Behavior\BuildLiteBehavior [ RunTime:0.000155s ]
INFO: [ app_init ] --END-- [ RunTime:0.000518s ]
ERR: 无法加载模块:Application

[ 2017-05-23T21:19:08+08:00 ] 104.236.236.145 /coalball/Application/Common/Common/Uploads/2017-05-20/5920642bef9fe.jpg
INFO: [ app_init ] --START--
INFO: Run Behavior\BuildLiteBehavior [ RunTime:0.000021s ]
INFO: [ app_init ] --END-- [ RunTime:0.000359s ]
ERR: 无法加载模块:Application

[ 2017-05-23T21:19:08+08:00 ] 104.236.236.145 /coalball/Application/Common/Common/Uploads/2017-05-20/5920642c00a7d.jpg
INFO: [ app_init ] --START--
INFO: Run Behavior\BuildLiteBehavior [ RunTime:0.000015s ]
INFO: [ app_init ] --END-- [ RunTime:0.000385s ]
ERR: 无法加载模块:Application

[ 2017-05-23T21:19:10+08:00 ] 104.236.236.145 /coalball/Application/Common/Common/Uploads/2017-05-20/5920642bef9fe.jpg
INFO: [ app_init ] --START--
INFO: Run Behavior\BuildLiteBehavior [ RunTime:0.000018s ]
INFO: [ app_init ] --END-- [ RunTime:0.000351s ]
ERR: 无法加载模块:Application

[ 2017-05-23T21:19:11+08:00 ] 104.236.236.145 /coalball/Application/Common/Common/Uploads/2017-05-20/5920642c00a7d.jpg
INFO: [ app_init ] --START--
INFO: Run Behavior\BuildLiteBehavior [ RunTime:0.000020s ]
INFO: [ app_init ] --END-- [ RunTime:0.000340s ]
ERR: 无法加载模块:Application

[ 2017-05-23T21:19:16+08:00 ] 104.236.236.145 /coalball/Application/Common/Common/Uploads/2017-05-20/5920642c00a7d.jpg
INFO: [ app_init ] --START--
INFO: Run Behavior\BuildLiteBehavior [ RunTime:0.000019s ]
INFO: [ app_init ] --END-- [ RunTime:0.000302s ]
ERR: 无法加载模块:Application

[ 2017-05-23T21:19:17+08:00 ] 104.236.236.145 /coalball/Application/Common/Common/Uploads/2017-05-20/5920642bef9fe.jpg
INFO: [ app_init ] --START--
INFO: Run Behavior\BuildLiteBehavior [ RunTime:0.000018s ]
INFO: [ app_init ] --END-- [ RunTime:0.000415s ]
ERR: 无法加载模块:Application

[ 2017-05-23T21:19:17+08:00 ] 104.236.236.145 /coalball/Application/Common/Common/Uploads/2017-05-20/5920642bef9fe.jpg
INFO: [ app_init ] --START--
INFO: Run Behavior\BuildLiteBehavior [ RunTime:0.000019s ]
INFO: [ app_init ] --END-- [ RunTime:0.000298s ]
ERR: 无法加载模块:Application

[ 2017-05-23T21:19:18+08:00 ] 104.236.236.145 /coalball/Application/Common/Common/Uploads/2017-05-20/5920642c00a7d.jpg
INFO: [ app_init ] --START--
INFO: Run Behavior\BuildLiteBehavior [ RunTime:0.000018s ]
INFO: [ app_init ] --END-- [ RunTime:0.000335s ]
ERR: 无法加载模块:Application

[ 2017-05-23T21:23:21+08:00 ] 104.236.236.145 /coalball/Application/Common/Common/Uploads/2017-05-20/5920642bef9fe.jpg
INFO: [ app_init ] --START--
INFO: Run Behavior\BuildLiteBehavior [ RunTime:0.000019s ]
INFO: [ app_init ] --END-- [ RunTime:0.000354s ]
ERR: 无法加载模块:Application

[ 2017-05-23T21:23:21+08:00 ] 104.236.236.145 /coalball/Application/Common/Common/Uploads/2017-05-20/5920642c00a7d.jpg
INFO: [ app_init ] --START--
INFO: Run Behavior\BuildLiteBehavior [ RunTime:0.000019s ]
INFO: [ app_init ] --END-- [ RunTime:0.000399s ]
ERR: 无法加载模块:Application

[ 2017-05-23T21:23:23+08:00 ] 104.236.236.145 /coalball/Application/Common/Common/Uploads/2017-05-20/5920642c00a7d.jpg
INFO: [ app_init ] --START--
INFO: Run Behavior\BuildLiteBehavior [ RunTime:0.000017s ]
INFO: [ app_init ] --END-- [ RunTime:0.000403s ]
ERR: 无法加载模块:Application

[ 2017-05-23T21:23:23+08:00 ] 104.236.236.145 /coalball/Application/Common/Common/Uploads/2017-05-20/5920642bef9fe.jpg
INFO: [ app_init ] --START--
INFO: Run Behavior\BuildLiteBehavior [ RunTime:0.000014s ]
INFO: [ app_init ] --END-- [ RunTime:0.000298s ]
ERR: 无法加载模块:Application

[ 2017-05-23T21:23:24+08:00 ] 104.236.236.145 /coalball/Application/Common/Common/Uploads/2017-05-20/5920642c00a7d.jpg
INFO: [ app_init ] --START--
INFO: Run Behavior\BuildLiteBehavior [ RunTime:0.000021s ]
INFO: [ app_init ] --END-- [ RunTime:0.000391s ]
ERR: 无法加载模块:Application

[ 2017-05-23T21:23:24+08:00 ] 104.236.236.145 /coalball/Application/Common/Common/Uploads/2017-05-20/5920642bef9fe.jpg
INFO: [ app_init ] --START--
INFO: Run Behavior\BuildLiteBehavior [ RunTime:0.000019s ]
INFO: [ app_init ] --END-- [ RunTime:0.000337s ]
ERR: 无法加载模块:Application

[ 2017-05-23T21:23:28+08:00 ] 104.236.236.145 /coalball/Application/Common/Common/Uploads/2017-05-20/5920642bef9fe.jpg
INFO: [ app_init ] --START--
INFO: Run Behavior\BuildLiteBehavior [ RunTime:0.000013s ]
INFO: [ app_init ] --END-- [ RunTime:0.000286s ]
ERR: 无法加载模块:Application

[ 2017-05-23T21:23:29+08:00 ] 104.236.236.145 /coalball/Application/Common/Common/Uploads/2017-05-20/5920642c00a7d.jpg
INFO: [ app_init ] --START--
INFO: Run Behavior\BuildLiteBehavior [ RunTime:0.000015s ]
INFO: [ app_init ] --END-- [ RunTime:0.000240s ]
ERR: 无法加载模块:Application

[ 2017-05-23T21:23:40+08:00 ] 104.236.236.145 /coalball/Application/Common/Common/Uploads/2017-05-20/5920642c00a7d.jpg
INFO: [ app_init ] --START--
INFO: Run Behavior\BuildLiteBehavior [ RunTime:0.000013s ]
INFO: [ app_init ] --END-- [ RunTime:0.000227s ]
ERR: 无法加载模块:Application

[ 2017-05-23T21:23:40+08:00 ] 104.236.236.145 /coalball/Application/Common/Common/Uploads/2017-05-20/5920642bef9fe.jpg
INFO: [ app_init ] --START--
INFO: Run Behavior\BuildLiteBehavior [ RunTime:0.000014s ]
INFO: [ app_init ] --END-- [ RunTime:0.000303s ]
ERR: 无法加载模块:Application

[ 2017-05-23T21:23:41+08:00 ] 104.236.236.145 /coalball/Application/Common/Common/Uploads/2017-05-20/5920642bef9fe.jpg
INFO: [ app_init ] --START--
INFO: Run Behavior\BuildLiteBehavior [ RunTime:0.000014s ]
INFO: [ app_init ] --END-- [ RunTime:0.000242s ]
ERR: 无法加载模块:Application

[ 2017-05-23T21:23:41+08:00 ] 104.236.236.145 /coalball/Application/Common/Common/Uploads/2017-05-20/5920642c00a7d.jpg
INFO: [ app_init ] --START--
INFO: Run Behavior\BuildLiteBehavior [ RunTime:0.000014s ]
INFO: [ app_init ] --END-- [ RunTime:0.000259s ]
ERR: 无法加载模块:Application

[ 2017-05-23T21:27:06+08:00 ] 104.236.236.145 /coalball/Application/Common/Common/Uploads/2017-05-20/5920642c00a7d.jpg
INFO: [ app_init ] --START--
INFO: Run Behavior\BuildLiteBehavior [ RunTime:0.000019s ]
INFO: [ app_init ] --END-- [ RunTime:0.000414s ]
ERR: 无法加载模块:Application

[ 2017-05-23T21:27:06+08:00 ] 104.236.236.145 /coalball/Application/Common/Common/Uploads/2017-05-20/5920642bef9fe.jpg
INFO: [ app_init ] --START--
INFO: Run Behavior\BuildLiteBehavior [ RunTime:0.000019s ]
INFO: [ app_init ] --END-- [ RunTime:0.000383s ]
ERR: 无法加载模块:Application

[ 2017-05-23T21:27:07+08:00 ] 104.236.236.145 /coalball/Application/Common/Common/Uploads/2017-05-20/5920642bef9fe.jpg
INFO: [ app_init ] --START--
INFO: Run Behavior\BuildLiteBehavior [ RunTime:0.000018s ]
INFO: [ app_init ] --END-- [ RunTime:0.000338s ]
ERR: 无法加载模块:Application

[ 2017-05-23T21:27:07+08:00 ] 104.236.236.145 /coalball/Application/Common/Common/Uploads/2017-05-20/5920642c00a7d.jpg
INFO: [ app_init ] --START--
INFO: Run Behavior\BuildLiteBehavior [ RunTime:0.000020s ]
INFO: [ app_init ] --END-- [ RunTime:0.000344s ]
ERR: 无法加载模块:Application

[ 2017-05-23T21:27:08+08:00 ] 104.236.236.145 /coalball/Application/Common/Common/Uploads/2017-05-20/5920642c00a7d.jpg
INFO: [ app_init ] --START--
INFO: Run Behavior\BuildLiteBehavior [ RunTime:0.000018s ]
INFO: [ app_init ] --END-- [ RunTime:0.000373s ]
ERR: 无法加载模块:Application

[ 2017-05-23T21:27:08+08:00 ] 104.236.236.145 /coalball/Application/Common/Common/Uploads/2017-05-20/5920642bef9fe.jpg
INFO: [ app_init ] --START--
INFO: Run Behavior\BuildLiteBehavior [ RunTime:0.000020s ]
INFO: [ app_init ] --END-- [ RunTime:0.000336s ]
ERR: 无法加载模块:Application

[ 2017-05-23T21:27:09+08:00 ] 104.236.236.145 /coalball/Application/Common/Common/Uploads/2017-05-20/5920642bef9fe.jpg
INFO: [ app_init ] --START--
INFO: Run Behavior\BuildLiteBehavior [ RunTime:0.000020s ]
INFO: [ app_init ] --END-- [ RunTime:0.000396s ]
ERR: 无法加载模块:Application

[ 2017-05-23T21:27:09+08:00 ] 104.236.236.145 /coalball/Application/Common/Common/Uploads/2017-05-20/5920642c00a7d.jpg
INFO: [ app_init ] --START--
INFO: Run Behavior\BuildLiteBehavior [ RunTime:0.000021s ]
INFO: [ app_init ] --END-- [ RunTime:0.000397s ]
ERR: 无法加载模块:Application

[ 2017-05-23T21:27:10+08:00 ] 104.236.236.145 /coalball/Application/Common/Common/Uploads/2017-05-20/5920642bef9fe.jpg
INFO: [ app_init ] --START--
INFO: Run Behavior\BuildLiteBehavior [ RunTime:0.000020s ]
INFO: [ app_init ] --END-- [ RunTime:0.000353s ]
ERR: 无法加载模块:Application

[ 2017-05-23T21:27:11+08:00 ] 104.236.236.145 /coalball/Application/Common/Common/Uploads/2017-05-20/5920642c00a7d.jpg
INFO: [ app_init ] --START--
INFO: Run Behavior\BuildLiteBehavior [ RunTime:0.000015s ]
INFO: [ app_init ] --END-- [ RunTime:0.000323s ]
ERR: 无法加载模块:Application

[ 2017-05-23T21:27:14+08:00 ] 104.236.236.145 /coalball/Application/Common/Common/Uploads/2017-05-20/5920642bef9fe.jpg
INFO: [ app_init ] --START--
INFO: Run Behavior\BuildLiteBehavior [ RunTime:0.000017s ]
INFO: [ app_init ] --END-- [ RunTime:0.000319s ]
ERR: 无法加载模块:Application

[ 2017-05-23T21:27:14+08:00 ] 104.236.236.145 /coalball/Application/Common/Common/Uploads/2017-05-20/5920642c00a7d.jpg
INFO: [ app_init ] --START--
INFO: Run Behavior\BuildLiteBehavior [ RunTime:0.000016s ]
INFO: [ app_init ] --END-- [ RunTime:0.000330s ]
ERR: 无法加载模块:Application

[ 2017-05-23T21:27:16+08:00 ] 104.236.236.145 /coalball/Application/Common/Common/Uploads/2017-05-20/5920642c00a7d.jpg
INFO: [ app_init ] --START--
INFO: Run Behavior\BuildLiteBehavior [ RunTime:0.000014s ]
INFO: [ app_init ] --END-- [ RunTime:0.000266s ]
ERR: 无法加载模块:Application

[ 2017-05-23T21:27:16+08:00 ] 104.236.236.145 /coalball/Application/Common/Common/Uploads/2017-05-20/5920642bef9fe.jpg
INFO: [ app_init ] --START--
INFO: Run Behavior\BuildLiteBehavior [ RunTime:0.000014s ]
INFO: [ app_init ] --END-- [ RunTime:0.000315s ]
ERR: 无法加载模块:Application

[ 2017-05-23T21:27:17+08:00 ] 104.236.236.145 /coalball/Application/Common/Common/Uploads/2017-05-20/5920642bef9fe.jpg
INFO: [ app_init ] --START--
INFO: Run Behavior\BuildLiteBehavior [ RunTime:0.000015s ]
INFO: [ app_init ] --END-- [ RunTime:0.000293s ]
ERR: 无法加载模块:Application

[ 2017-05-23T21:27:17+08:00 ] 104.236.236.145 /coalball/Application/Common/Common/Uploads/2017-05-20/5920642c00a7d.jpg
INFO: [ app_init ] --START--
INFO: Run Behavior\BuildLiteBehavior [ RunTime:0.000027s ]
INFO: [ app_init ] --END-- [ RunTime:0.000379s ]
ERR: 无法加载模块:Application

[ 2017-05-23T21:27:18+08:00 ] 104.236.236.145 /coalball/Application/Common/Common/Uploads/2017-05-20/5920642c00a7d.jpg
INFO: [ app_init ] --START--
INFO: Run Behavior\BuildLiteBehavior [ RunTime:0.000013s ]
INFO: [ app_init ] --END-- [ RunTime:0.000270s ]
ERR: 无法加载模块:Application

[ 2017-05-23T21:27:19+08:00 ] 104.236.236.145 /coalball/Application/Common/Common/Uploads/2017-05-20/5920642bef9fe.jpg
INFO: [ app_init ] --START--
INFO: Run Behavior\BuildLiteBehavior [ RunTime:0.000015s ]
INFO: [ app_init ] --END-- [ RunTime:0.000324s ]
ERR: 无法加载模块:Application

[ 2017-05-23T21:27:19+08:00 ] 104.236.236.145 /coalball/Application/Common/Common/Uploads/2017-05-20/5920642bef9fe.jpg
INFO: [ app_init ] --START--
INFO: Run Behavior\BuildLiteBehavior [ RunTime:0.000014s ]
INFO: [ app_init ] --END-- [ RunTime:0.000273s ]
ERR: 无法加载模块:Application

[ 2017-05-23T21:27:20+08:00 ] 104.236.236.145 /coalball/Application/Common/Common/Uploads/2017-05-20/5920642c00a7d.jpg
INFO: [ app_init ] --START--
INFO: Run Behavior\BuildLiteBehavior [ RunTime:0.000019s ]
INFO: [ app_init ] --END-- [ RunTime:0.000349s ]
ERR: 无法加载模块:Application

[ 2017-05-23T21:27:59+08:00 ] 104.236.236.145 /coalball/Application/Common/Common/Uploads/2017-05-20/5920642c00a7d.jpg
INFO: [ app_init ] --START--
INFO: Run Behavior\BuildLiteBehavior [ RunTime:0.000018s ]
INFO: [ app_init ] --END-- [ RunTime:0.000252s ]
ERR: 无法加载模块:Application

[ 2017-05-23T21:27:59+08:00 ] 104.236.236.145 /coalball/Application/Common/Common/Uploads/2017-05-20/5920642bef9fe.jpg
INFO: [ app_init ] --START--
INFO: Run Behavior\BuildLiteBehavior [ RunTime:0.000031s ]
INFO: [ app_init ] --END-- [ RunTime:0.000274s ]
ERR: 无法加载模块:Application

[ 2017-05-23T21:28:05+08:00 ] 104.236.236.145 /coalball/Application/Common/Common/Uploads/2017-05-20/5920642c00a7d.jpg
INFO: [ app_init ] --START--
INFO: Run Behavior\BuildLiteBehavior [ RunTime:0.000019s ]
INFO: [ app_init ] --END-- [ RunTime:0.000447s ]
ERR: 无法加载模块:Application

[ 2017-05-23T21:28:05+08:00 ] 104.236.236.145 /coalball/Application/Common/Common/Uploads/2017-05-20/5920642bef9fe.jpg
INFO: [ app_init ] --START--
INFO: Run Behavior\BuildLiteBehavior [ RunTime:0.000018s ]
INFO: [ app_init ] --END-- [ RunTime:0.000334s ]
ERR: 无法加载模块:Application

[ 2017-05-23T21:29:58+08:00 ] 104.236.236.145 /coalball/Application/Common/Common/Uploads/2017-05-20/5920642c00a7d.jpg
INFO: [ app_init ] --START--
INFO: Run Behavior\BuildLiteBehavior [ RunTime:0.000013s ]
INFO: [ app_init ] --END-- [ RunTime:0.000283s ]
ERR: 无法加载模块:Application

[ 2017-05-23T21:29:58+08:00 ] 104.236.236.145 /coalball/Application/Common/Common/Uploads/2017-05-20/5920642bef9fe.jpg
INFO: [ app_init ] --START--
INFO: Run Behavior\BuildLiteBehavior [ RunTime:0.000013s ]
INFO: [ app_init ] --END-- [ RunTime:0.000259s ]
ERR: 无法加载模块:Application

[ 2017-05-23T21:30:00+08:00 ] 104.236.236.145 /coalball/Application/Common/Common/Uploads/2017-05-20/5920642bef9fe.jpg
INFO: [ app_init ] --START--
INFO: Run Behavior\BuildLiteBehavior [ RunTime:0.000014s ]
INFO: [ app_init ] --END-- [ RunTime:0.000262s ]
ERR: 无法加载模块:Application

[ 2017-05-23T21:30:00+08:00 ] 104.236.236.145 /coalball/Application/Common/Common/Uploads/2017-05-20/5920642c00a7d.jpg
INFO: [ app_init ] --START--
INFO: Run Behavior\BuildLiteBehavior [ RunTime:0.000019s ]
INFO: [ app_init ] --END-- [ RunTime:0.000329s ]
ERR: 无法加载模块:Application

[ 2017-05-23T21:30:01+08:00 ] 104.236.236.145 /coalball/Application/Common/Common/Uploads/2017-05-20/5920642bef9fe.jpg
INFO: [ app_init ] --START--
INFO: Run Behavior\BuildLiteBehavior [ RunTime:0.000015s ]
INFO: [ app_init ] --END-- [ RunTime:0.000305s ]
ERR: 无法加载模块:Application

[ 2017-05-23T21:30:01+08:00 ] 104.236.236.145 /coalball/Application/Common/Common/Uploads/2017-05-20/5920642c00a7d.jpg
INFO: [ app_init ] --START--
INFO: Run Behavior\BuildLiteBehavior [ RunTime:0.000020s ]
INFO: [ app_init ] --END-- [ RunTime:0.000368s ]
ERR: 无法加载模块:Application

[ 2017-05-23T21:30:02+08:00 ] 104.236.236.145 /coalball/Application/Common/Common/Uploads/2017-05-20/5920642c00a7d.jpg
INFO: [ app_init ] --START--
INFO: Run Behavior\BuildLiteBehavior [ RunTime:0.000020s ]
INFO: [ app_init ] --END-- [ RunTime:0.000499s ]
ERR: 无法加载模块:Application

[ 2017-05-23T21:30:02+08:00 ] 104.236.236.145 /coalball/Application/Common/Common/Uploads/2017-05-20/5920642bef9fe.jpg
INFO: [ app_init ] --START--
INFO: Run Behavior\BuildLiteBehavior [ RunTime:0.000038s ]
INFO: [ app_init ] --END-- [ RunTime:0.000294s ]
ERR: 无法加载模块:Application

[ 2017-05-23T21:30:03+08:00 ] 104.236.236.145 /coalball/Application/Common/Common/Uploads/2017-05-20/5920642c00a7d.jpg
INFO: [ app_init ] --START--
INFO: Run Behavior\BuildLiteBehavior [ RunTime:0.000019s ]
INFO: [ app_init ] --END-- [ RunTime:0.000332s ]
ERR: 无法加载模块:Application

[ 2017-05-23T21:30:03+08:00 ] 104.236.236.145 /coalball/Application/Common/Common/Uploads/2017-05-20/5920642bef9fe.jpg
INFO: [ app_init ] --START--
INFO: Run Behavior\BuildLiteBehavior [ RunTime:0.000017s ]
INFO: [ app_init ] --END-- [ RunTime:0.000336s ]
ERR: 无法加载模块:Application

[ 2017-05-23T21:30:07+08:00 ] 104.236.236.145 /coalball/Application/Common/Common/Uploads/2017-05-20/5920642c00a7d.jpg
INFO: [ app_init ] --START--
INFO: Run Behavior\BuildLiteBehavior [ RunTime:0.000020s ]
INFO: [ app_init ] --END-- [ RunTime:0.000370s ]
ERR: 无法加载模块:Application

[ 2017-05-23T21:30:07+08:00 ] 104.236.236.145 /coalball/Application/Common/Common/Uploads/2017-05-20/5920642bef9fe.jpg
INFO: [ app_init ] --START--
INFO: Run Behavior\BuildLiteBehavior [ RunTime:0.000020s ]
INFO: [ app_init ] --END-- [ RunTime:0.000363s ]
ERR: 无法加载模块:Application

[ 2017-05-23T21:30:08+08:00 ] 104.236.236.145 /coalball/Application/Common/Common/Uploads/2017-05-20/5920642c00a7d.jpg
INFO: [ app_init ] --START--
INFO: Run Behavior\BuildLiteBehavior [ RunTime:0.000021s ]
INFO: [ app_init ] --END-- [ RunTime:0.000521s ]
ERR: 无法加载模块:Application

[ 2017-05-23T21:30:08+08:00 ] 104.236.236.145 /coalball/Application/Common/Common/Uploads/2017-05-20/5920642bef9fe.jpg
INFO: [ app_init ] --START--
INFO: Run Behavior\BuildLiteBehavior [ RunTime:0.000022s ]
INFO: [ app_init ] --END-- [ RunTime:0.000416s ]
ERR: 无法加载模块:Application

[ 2017-05-23T21:30:09+08:00 ] 104.236.236.145 /coalball/Application/Common/Common/Uploads/2017-05-20/5920642bef9fe.jpg
INFO: [ app_init ] --START--
INFO: Run Behavior\BuildLiteBehavior [ RunTime:0.000020s ]
INFO: [ app_init ] --END-- [ RunTime:0.000396s ]
ERR: 无法加载模块:Application

[ 2017-05-23T21:30:09+08:00 ] 104.236.236.145 /coalball/Application/Common/Common/Uploads/2017-05-20/5920642c00a7d.jpg
INFO: [ app_init ] --START--
INFO: Run Behavior\BuildLiteBehavior [ RunTime:0.000018s ]
INFO: [ app_init ] --END-- [ RunTime:0.000410s ]
ERR: 无法加载模块:Application

[ 2017-05-23T21:30:11+08:00 ] 104.236.236.145 /coalball/Application/Common/Common/Uploads/2017-05-20/5920642c00a7d.jpg
INFO: [ app_init ] --START--
INFO: Run Behavior\BuildLiteBehavior [ RunTime:0.000015s ]
INFO: [ app_init ] --END-- [ RunTime:0.000312s ]
ERR: 无法加载模块:Application

[ 2017-05-23T21:30:11+08:00 ] 104.236.236.145 /coalball/Application/Common/Common/Uploads/2017-05-20/5920642bef9fe.jpg
INFO: [ app_init ] --START--
INFO: Run Behavior\BuildLiteBehavior [ RunTime:0.000019s ]
INFO: [ app_init ] --END-- [ RunTime:0.000373s ]
ERR: 无法加载模块:Application

[ 2017-05-23T21:30:24+08:00 ] 104.236.236.145 /coalball/Application/Common/Common/Uploads/2017-05-20/5920642c00a7d.jpg
INFO: [ app_init ] --START--
INFO: Run Behavior\BuildLiteBehavior [ RunTime:0.000019s ]
INFO: [ app_init ] --END-- [ RunTime:0.000341s ]
ERR: 无法加载模块:Application

[ 2017-05-23T21:30:24+08:00 ] 104.236.236.145 /coalball/Application/Common/Common/Uploads/2017-05-20/5920642bef9fe.jpg
INFO: [ app_init ] --START--
INFO: Run Behavior\BuildLiteBehavior [ RunTime:0.000018s ]
INFO: [ app_init ] --END-- [ RunTime:0.000376s ]
ERR: 无法加载模块:Application

[ 2017-05-23T21:30:27+08:00 ] 104.236.236.145 /coalball/Application/Common/Common/Uploads/2017-05-20/5920642bef9fe.jpg
INFO: [ app_init ] --START--
INFO: Run Behavior\BuildLiteBehavior [ RunTime:0.000013s ]
INFO: [ app_init ] --END-- [ RunTime:0.000275s ]
ERR: 无法加载模块:Application

[ 2017-05-23T21:30:28+08:00 ] 104.236.236.145 /coalball/Application/Common/Common/Uploads/2017-05-20/5920642c00a7d.jpg
INFO: [ app_init ] --START--
INFO: Run Behavior\BuildLiteBehavior [ RunTime:0.000020s ]
INFO: [ app_init ] --END-- [ RunTime:0.000363s ]
ERR: 无法加载模块:Application

[ 2017-05-23T21:30:28+08:00 ] 104.236.236.145 /coalball/Application/Common/Common/Uploads/2017-05-20/5920642bef9fe.jpg
INFO: [ app_init ] --START--
INFO: Run Behavior\BuildLiteBehavior [ RunTime:0.000018s ]
INFO: [ app_init ] --END-- [ RunTime:0.000253s ]
ERR: 无法加载模块:Application

[ 2017-05-23T21:30:32+08:00 ] 104.236.236.145 /coalball/Application/Common/Common/Uploads/2017-05-20/5920642bef9fe.jpg
INFO: [ app_init ] --START--
INFO: Run Behavior\BuildLiteBehavior [ RunTime:0.000012s ]
INFO: [ app_init ] --END-- [ RunTime:0.000297s ]
ERR: 无法加载模块:Application

[ 2017-05-23T21:30:36+08:00 ] 104.236.236.145 /coalball/Application/Common/Common/Uploads/2017-05-20/5920642c00a7d.jpg
INFO: [ app_init ] --START--
INFO: Run Behavior\BuildLiteBehavior [ RunTime:0.000014s ]
INFO: [ app_init ] --END-- [ RunTime:0.000263s ]
ERR: 无法加载模块:Application

[ 2017-05-23T21:30:48+08:00 ] 104.236.236.145 /coalball/Application/Common/Common/Uploads/2017-05-20/5920642c00a7d.jpg
INFO: [ app_init ] --START--
INFO: Run Behavior\BuildLiteBehavior [ RunTime:0.000019s ]
INFO: [ app_init ] --END-- [ RunTime:0.000373s ]
ERR: 无法加载模块:Application

[ 2017-05-23T21:30:48+08:00 ] 104.236.236.145 /coalball/Application/Common/Common/Uploads/2017-05-20/5920642bef9fe.jpg
INFO: [ app_init ] --START--
INFO: Run Behavior\BuildLiteBehavior [ RunTime:0.000019s ]
INFO: [ app_init ] --END-- [ RunTime:0.000356s ]
ERR: 无法加载模块:Application

[ 2017-05-23T21:30:49+08:00 ] 104.236.236.145 /coalball/Application/Common/Common/Uploads/2017-05-20/5920642c00a7d.jpg
INFO: [ app_init ] --START--
INFO: Run Behavior\BuildLiteBehavior [ RunTime:0.000012s ]
INFO: [ app_init ] --END-- [ RunTime:0.000263s ]
ERR: 无法加载模块:Application

[ 2017-05-23T21:30:49+08:00 ] 104.236.236.145 /coalball/Application/Common/Common/Uploads/2017-05-20/5920642bef9fe.jpg
INFO: [ app_init ] --START--
INFO: Run Behavior\BuildLiteBehavior [ RunTime:0.000021s ]
INFO: [ app_init ] --END-- [ RunTime:0.000292s ]
ERR: 无法加载模块:Application

[ 2017-05-23T21:30:50+08:00 ] 104.236.236.145 /coalball/Application/Common/Common/Uploads/2017-05-20/5920642bef9fe.jpg
INFO: [ app_init ] --START--
INFO: Run Behavior\BuildLiteBehavior [ RunTime:0.000015s ]
INFO: [ app_init ] --END-- [ RunTime:0.000259s ]
ERR: 无法加载模块:Application

[ 2017-05-23T21:30:50+08:00 ] 104.236.236.145 /coalball/Application/Common/Common/Uploads/2017-05-20/5920642c00a7d.jpg
INFO: [ app_init ] --START--
INFO: Run Behavior\BuildLiteBehavior [ RunTime:0.000013s ]
INFO: [ app_init ] --END-- [ RunTime:0.000241s ]
ERR: 无法加载模块:Application

[ 2017-05-23T21:30:52+08:00 ] 104.236.236.145 /coalball/Application/Common/Common/Uploads/2017-05-20/5920642bef9fe.jpg
INFO: [ app_init ] --START--
INFO: Run Behavior\BuildLiteBehavior [ RunTime:0.000021s ]
INFO: [ app_init ] --END-- [ RunTime:0.000291s ]
ERR: 无法加载模块:Application

[ 2017-05-23T21:30:52+08:00 ] 104.236.236.145 /coalball/Application/Common/Common/Uploads/2017-05-20/5920642c00a7d.jpg
INFO: [ app_init ] --START--
INFO: Run Behavior\BuildLiteBehavior [ RunTime:0.000019s ]
INFO: [ app_init ] --END-- [ RunTime:0.000358s ]
ERR: 无法加载模块:Application

[ 2017-05-23T21:30:54+08:00 ] 104.236.236.145 /coalball/Application/Common/Common/Uploads/2017-05-20/5920642c00a7d.jpg
INFO: [ app_init ] --START--
INFO: Run Behavior\BuildLiteBehavior [ RunTime:0.000024s ]
INFO: [ app_init ] --END-- [ RunTime:0.000420s ]
ERR: 无法加载模块:Application

[ 2017-05-23T21:30:54+08:00 ] 104.236.236.145 /coalball/Application/Common/Common/Uploads/2017-05-20/5920642bef9fe.jpg
INFO: [ app_init ] --START--
INFO: Run Behavior\BuildLiteBehavior [ RunTime:0.000019s ]
INFO: [ app_init ] --END-- [ RunTime:0.000269s ]
ERR: 无法加载模块:Application

[ 2017-05-23T21:30:55+08:00 ] 104.236.236.145 /coalball/Application/Common/Common/Uploads/2017-05-20/5920642c00a7d.jpg
INFO: [ app_init ] --START--
INFO: Run Behavior\BuildLiteBehavior [ RunTime:0.000022s ]
INFO: [ app_init ] --END-- [ RunTime:0.000394s ]
ERR: 无法加载模块:Application

[ 2017-05-23T21:30:55+08:00 ] 104.236.236.145 /coalball/Application/Common/Common/Uploads/2017-05-20/5920642bef9fe.jpg
INFO: [ app_init ] --START--
INFO: Run Behavior\BuildLiteBehavior [ RunTime:0.000021s ]
INFO: [ app_init ] --END-- [ RunTime:0.000462s ]
ERR: 无法加载模块:Application

[ 2017-05-23T21:30:56+08:00 ] 104.236.236.145 /coalball/Application/Common/Common/Uploads/2017-05-20/5920642bef9fe.jpg
INFO: [ app_init ] --START--
INFO: Run Behavior\BuildLiteBehavior [ RunTime:0.000013s ]
INFO: [ app_init ] --END-- [ RunTime:0.000308s ]
ERR: 无法加载模块:Application

[ 2017-05-23T21:30:56+08:00 ] 104.236.236.145 /coalball/Application/Common/Common/Uploads/2017-05-20/5920642c00a7d.jpg
INFO: [ app_init ] --START--
INFO: Run Behavior\BuildLiteBehavior [ RunTime:0.000020s ]
INFO: [ app_init ] --END-- [ RunTime:0.000332s ]
ERR: 无法加载模块:Application

[ 2017-05-23T21:30:58+08:00 ] 104.236.236.145 /coalball/Application/Common/Common/Uploads/2017-05-20/5920642c00a7d.jpg
INFO: [ app_init ] --START--
INFO: Run Behavior\BuildLiteBehavior [ RunTime:0.000018s ]
INFO: [ app_init ] --END-- [ RunTime:0.000353s ]
ERR: 无法加载模块:Application

[ 2017-05-23T21:30:58+08:00 ] 104.236.236.145 /coalball/Application/Common/Common/Uploads/2017-05-20/5920642bef9fe.jpg
INFO: [ app_init ] --START--
INFO: Run Behavior\BuildLiteBehavior [ RunTime:0.000020s ]
INFO: [ app_init ] --END-- [ RunTime:0.000361s ]
ERR: 无法加载模块:Application

[ 2017-05-23T21:32:23+08:00 ] 104.236.236.145 /coalball/Application/Common/Common/Uploads/2017-05-20/5920642bef9fe.jpg
INFO: [ app_init ] --START--
INFO: Run Behavior\BuildLiteBehavior [ RunTime:0.000020s ]
INFO: [ app_init ] --END-- [ RunTime:0.000364s ]
ERR: 无法加载模块:Application

[ 2017-05-23T21:32:23+08:00 ] 104.236.236.145 /coalball/Application/Common/Common/Uploads/2017-05-20/5920642c00a7d.jpg
INFO: [ app_init ] --START--
INFO: Run Behavior\BuildLiteBehavior [ RunTime:0.000017s ]
INFO: [ app_init ] --END-- [ RunTime:0.000349s ]
ERR: 无法加载模块:Application

[ 2017-05-23T21:32:24+08:00 ] 104.236.236.145 /coalball/Application/Common/Common/Uploads/2017-05-20/5920642bef9fe.jpg
INFO: [ app_init ] --START--
INFO: Run Behavior\BuildLiteBehavior [ RunTime:0.000020s ]
INFO: [ app_init ] --END-- [ RunTime:0.000285s ]
ERR: 无法加载模块:Application

[ 2017-05-23T21:32:24+08:00 ] 104.236.236.145 /coalball/Application/Common/Common/Uploads/2017-05-20/5920642c00a7d.jpg
INFO: [ app_init ] --START--
INFO: Run Behavior\BuildLiteBehavior [ RunTime:0.000035s ]
INFO: [ app_init ] --END-- [ RunTime:0.000348s ]
ERR: 无法加载模块:Application

[ 2017-05-23T21:32:25+08:00 ] 104.236.236.145 /coalball/Application/Common/Common/Uploads/2017-05-20/5920642bef9fe.jpg
INFO: [ app_init ] --START--
INFO: Run Behavior\BuildLiteBehavior [ RunTime:0.000018s ]
INFO: [ app_init ] --END-- [ RunTime:0.000338s ]
ERR: 无法加载模块:Application

[ 2017-05-23T21:32:25+08:00 ] 104.236.236.145 /coalball/Application/Common/Common/Uploads/2017-05-20/5920642c00a7d.jpg
INFO: [ app_init ] --START--
INFO: Run Behavior\BuildLiteBehavior [ RunTime:0.000018s ]
INFO: [ app_init ] --END-- [ RunTime:0.000344s ]
ERR: 无法加载模块:Application

[ 2017-05-23T21:32:26+08:00 ] 104.236.236.145 /coalball/Application/Common/Common/Uploads/2017-05-20/5920642bef9fe.jpg
INFO: [ app_init ] --START--
INFO: Run Behavior\BuildLiteBehavior [ RunTime:0.000019s ]
INFO: [ app_init ] --END-- [ RunTime:0.000356s ]
ERR: 无法加载模块:Application

[ 2017-05-23T21:32:26+08:00 ] 104.236.236.145 /coalball/Application/Common/Common/Uploads/2017-05-20/5920642c00a7d.jpg
INFO: [ app_init ] --START--
INFO: Run Behavior\BuildLiteBehavior [ RunTime:0.000014s ]
INFO: [ app_init ] --END-- [ RunTime:0.000304s ]
ERR: 无法加载模块:Application

[ 2017-05-23T21:32:27+08:00 ] 104.236.236.145 /coalball/Application/Common/Common/Uploads/2017-05-20/5920642bef9fe.jpg
INFO: [ app_init ] --START--
INFO: Run Behavior\BuildLiteBehavior [ RunTime:0.000019s ]
INFO: [ app_init ] --END-- [ RunTime:0.000417s ]
ERR: 无法加载模块:Application

[ 2017-05-23T21:32:27+08:00 ] 104.236.236.145 /coalball/Application/Common/Common/Uploads/2017-05-20/5920642c00a7d.jpg
INFO: [ app_init ] --START--
INFO: Run Behavior\BuildLiteBehavior [ RunTime:0.000013s ]
INFO: [ app_init ] --END-- [ RunTime:0.000385s ]
ERR: 无法加载模块:Application

[ 2017-05-23T21:32:29+08:00 ] 104.236.236.145 /coalball/Application/Common/Common/Uploads/2017-05-20/5920642bef9fe.jpg
INFO: [ app_init ] --START--
INFO: Run Behavior\BuildLiteBehavior [ RunTime:0.000018s ]
INFO: [ app_init ] --END-- [ RunTime:0.000316s ]
ERR: 无法加载模块:Application

[ 2017-05-23T21:32:29+08:00 ] 104.236.236.145 /coalball/Application/Common/Common/Uploads/2017-05-20/5920642c00a7d.jpg
INFO: [ app_init ] --START--
INFO: Run Behavior\BuildLiteBehavior [ RunTime:0.000017s ]
INFO: [ app_init ] --END-- [ RunTime:0.000245s ]
ERR: 无法加载模块:Application

[ 2017-05-23T21:32:31+08:00 ] 104.236.236.145 /coalball/Application/Common/Common/Uploads/2017-05-20/5920642c00a7d.jpg
INFO: [ app_init ] --START--
INFO: Run Behavior\BuildLiteBehavior [ RunTime:0.000021s ]
INFO: [ app_init ] --END-- [ RunTime:0.000485s ]
ERR: 无法加载模块:Application

[ 2017-05-23T21:32:31+08:00 ] 104.236.236.145 /coalball/Application/Common/Common/Uploads/2017-05-20/5920642bef9fe.jpg
INFO: [ app_init ] --START--
INFO: Run Behavior\BuildLiteBehavior [ RunTime:0.000014s ]
INFO: [ app_init ] --END-- [ RunTime:0.000257s ]
ERR: 无法加载模块:Application

[ 2017-05-23T21:33:00+08:00 ] 104.236.236.145 /coalball/Application/Common/Common/Uploads/2017-05-20/5920642bef9fe.jpg
INFO: [ app_init ] --START--
INFO: Run Behavior\BuildLiteBehavior [ RunTime:0.000026s ]
INFO: [ app_init ] --END-- [ RunTime:0.000369s ]
ERR: 无法加载模块:Application

[ 2017-05-23T21:33:00+08:00 ] 104.236.236.145 /coalball/Application/Common/Common/Uploads/2017-05-20/5920642c00a7d.jpg
INFO: [ app_init ] --START--
INFO: Run Behavior\BuildLiteBehavior [ RunTime:0.000018s ]
INFO: [ app_init ] --END-- [ RunTime:0.000247s ]
ERR: 无法加载模块:Application

[ 2017-05-23T21:33:01+08:00 ] 104.236.236.145 /coalball/Application/Common/Common/Uploads/2017-05-20/5920642bef9fe.jpg
INFO: [ app_init ] --START--
INFO: Run Behavior\BuildLiteBehavior [ RunTime:0.000014s ]
INFO: [ app_init ] --END-- [ RunTime:0.000277s ]
ERR: 无法加载模块:Application

[ 2017-05-23T21:33:01+08:00 ] 104.236.236.145 /coalball/Application/Common/Common/Uploads/2017-05-20/5920642c00a7d.jpg
INFO: [ app_init ] --START--
INFO: Run Behavior\BuildLiteBehavior [ RunTime:0.000019s ]
INFO: [ app_init ] --END-- [ RunTime:0.000332s ]
ERR: 无法加载模块:Application

[ 2017-05-23T21:33:02+08:00 ] 104.236.236.145 /coalball/Application/Common/Common/Uploads/2017-05-20/5920642bef9fe.jpg
INFO: [ app_init ] --START--
INFO: Run Behavior\BuildLiteBehavior [ RunTime:0.000014s ]
INFO: [ app_init ] --END-- [ RunTime:0.000288s ]
ERR: 无法加载模块:Application

[ 2017-05-23T21:33:03+08:00 ] 104.236.236.145 /coalball/Application/Common/Common/Uploads/2017-05-20/5920642bef9fe.jpg
INFO: [ app_init ] --START--
INFO: Run Behavior\BuildLiteBehavior [ RunTime:0.000016s ]
INFO: [ app_init ] --END-- [ RunTime:0.000320s ]
ERR: 无法加载模块:Application

[ 2017-05-23T21:33:03+08:00 ] 104.236.236.145 /coalball/Application/Common/Common/Uploads/2017-05-20/5920642c00a7d.jpg
INFO: [ app_init ] --START--
INFO: Run Behavior\BuildLiteBehavior [ RunTime:0.000020s ]
INFO: [ app_init ] --END-- [ RunTime:0.000403s ]
ERR: 无法加载模块:Application

[ 2017-05-23T21:33:03+08:00 ] 104.236.236.145 /coalball/Application/Common/Common/Uploads/2017-05-20/5920642c00a7d.jpg
INFO: [ app_init ] --START--
INFO: Run Behavior\BuildLiteBehavior [ RunTime:0.000019s ]
INFO: [ app_init ] --END-- [ RunTime:0.000342s ]
ERR: 无法加载模块:Application

[ 2017-05-23T21:33:04+08:00 ] 104.236.236.145 /coalball/Application/Common/Common/Uploads/2017-05-20/5920642bef9fe.jpg
INFO: [ app_init ] --START--
INFO: Run Behavior\BuildLiteBehavior [ RunTime:0.000016s ]
INFO: [ app_init ] --END-- [ RunTime:0.000248s ]
ERR: 无法加载模块:Application

[ 2017-05-23T21:33:04+08:00 ] 104.236.236.145 /coalball/Application/Common/Common/Uploads/2017-05-20/5920642c00a7d.jpg
INFO: [ app_init ] --START--
INFO: Run Behavior\BuildLiteBehavior [ RunTime:0.000018s ]
INFO: [ app_init ] --END-- [ RunTime:0.000323s ]
ERR: 无法加载模块:Application

[ 2017-05-23T21:33:07+08:00 ] 104.236.236.145 /coalball/Application/Common/Common/Uploads/2017-05-20/5920642c00a7d.jpg
INFO: [ app_init ] --START--
INFO: Run Behavior\BuildLiteBehavior [ RunTime:0.000018s ]
INFO: [ app_init ] --END-- [ RunTime:0.000327s ]
ERR: 无法加载模块:Application

[ 2017-05-23T21:33:07+08:00 ] 104.236.236.145 /coalball/Application/Common/Common/Uploads/2017-05-20/5920642bef9fe.jpg
INFO: [ app_init ] --START--
INFO: Run Behavior\BuildLiteBehavior [ RunTime:0.000019s ]
INFO: [ app_init ] --END-- [ RunTime:0.000371s ]
ERR: 无法加载模块:Application

[ 2017-05-23T21:33:34+08:00 ] 104.236.236.145 /coalball/Application/Common/Common/Uploads/2017-05-20/5920642c00a7d.jpg
INFO: [ app_init ] --START--
INFO: Run Behavior\BuildLiteBehavior [ RunTime:0.000017s ]
INFO: [ app_init ] --END-- [ RunTime:0.000286s ]
ERR: 无法加载模块:Application

[ 2017-05-23T21:33:35+08:00 ] 104.236.236.145 /coalball/Application/Common/Common/Uploads/2017-05-20/5920642bef9fe.jpg
INFO: [ app_init ] --START--
INFO: Run Behavior\BuildLiteBehavior [ RunTime:0.000020s ]
INFO: [ app_init ] --END-- [ RunTime:0.000373s ]
ERR: 无法加载模块:Application

[ 2017-05-23T21:33:35+08:00 ] 104.236.236.145 /coalball/Application/Common/Common/Uploads/2017-05-20/5920642bef9fe.jpg
INFO: [ app_init ] --START--
INFO: Run Behavior\BuildLiteBehavior [ RunTime:0.000015s ]
INFO: [ app_init ] --END-- [ RunTime:0.000353s ]
ERR: 无法加载模块:Application

[ 2017-05-23T21:33:35+08:00 ] 104.236.236.145 /coalball/Application/Common/Common/Uploads/2017-05-20/5920642c00a7d.jpg
INFO: [ app_init ] --START--
INFO: Run Behavior\BuildLiteBehavior [ RunTime:0.000014s ]
INFO: [ app_init ] --END-- [ RunTime:0.000384s ]
ERR: 无法加载模块:Application

[ 2017-05-23T21:33:36+08:00 ] 104.236.236.145 /coalball/Application/Common/Common/Uploads/2017-05-20/5920642bef9fe.jpg
INFO: [ app_init ] --START--
INFO: Run Behavior\BuildLiteBehavior [ RunTime:0.000018s ]
INFO: [ app_init ] --END-- [ RunTime:0.000302s ]
ERR: 无法加载模块:Application

[ 2017-05-23T21:33:36+08:00 ] 104.236.236.145 /coalball/Application/Common/Common/Uploads/2017-05-20/5920642c00a7d.jpg
INFO: [ app_init ] --START--
INFO: Run Behavior\BuildLiteBehavior [ RunTime:0.000018s ]
INFO: [ app_init ] --END-- [ RunTime:0.000246s ]
ERR: 无法加载模块:Application

[ 2017-05-23T21:33:37+08:00 ] 104.236.236.145 /coalball/Application/Common/Common/Uploads/2017-05-20/5920642bef9fe.jpg
INFO: [ app_init ] --START--
INFO: Run Behavior\BuildLiteBehavior [ RunTime:0.000017s ]
INFO: [ app_init ] --END-- [ RunTime:0.000242s ]
ERR: 无法加载模块:Application

[ 2017-05-23T21:33:37+08:00 ] 104.236.236.145 /coalball/Application/Common/Common/Uploads/2017-05-20/5920642c00a7d.jpg
INFO: [ app_init ] --START--
INFO: Run Behavior\BuildLiteBehavior [ RunTime:0.000146s ]
INFO: [ app_init ] --END-- [ RunTime:0.000392s ]
ERR: 无法加载模块:Application

[ 2017-05-23T21:33:38+08:00 ] 104.236.236.145 /coalball/Application/Common/Common/Uploads/2017-05-20/5920642bef9fe.jpg
INFO: [ app_init ] --START--
INFO: Run Behavior\BuildLiteBehavior [ RunTime:0.000020s ]
INFO: [ app_init ] --END-- [ RunTime:0.000361s ]
ERR: 无法加载模块:Application

[ 2017-05-23T21:33:38+08:00 ] 104.236.236.145 /coalball/Application/Common/Common/Uploads/2017-05-20/5920642c00a7d.jpg
INFO: [ app_init ] --START--
INFO: Run Behavior\BuildLiteBehavior [ RunTime:0.000017s ]
INFO: [ app_init ] --END-- [ RunTime:0.000359s ]
ERR: 无法加载模块:Application

[ 2017-05-23T21:33:41+08:00 ] 104.236.236.145 /coalball/Application/Common/Common/Uploads/2017-05-20/5920642bef9fe.jpg
INFO: [ app_init ] --START--
INFO: Run Behavior\BuildLiteBehavior [ RunTime:0.000019s ]
INFO: [ app_init ] --END-- [ RunTime:0.000396s ]
ERR: 无法加载模块:Application

[ 2017-05-23T21:33:42+08:00 ] 104.236.236.145 /coalball/Application/Common/Common/Uploads/2017-05-20/5920642c00a7d.jpg
INFO: [ app_init ] --START--
INFO: Run Behavior\BuildLiteBehavior [ RunTime:0.000014s ]
INFO: [ app_init ] --END-- [ RunTime:0.000258s ]
ERR: 无法加载模块:Application

[ 2017-05-23T21:35:00+08:00 ] 104.236.236.145 /coalball/Application/Common/Common/Uploads/2017-05-20/5920642bef9fe.jpg
INFO: [ app_init ] --START--
INFO: Run Behavior\BuildLiteBehavior [ RunTime:0.000013s ]
INFO: [ app_init ] --END-- [ RunTime:0.000235s ]
ERR: 无法加载模块:Application

[ 2017-05-23T21:35:00+08:00 ] 104.236.236.145 /coalball/Application/Common/Common/Uploads/2017-05-20/5920642c00a7d.jpg
INFO: [ app_init ] --START--
INFO: Run Behavior\BuildLiteBehavior [ RunTime:0.000015s ]
INFO: [ app_init ] --END-- [ RunTime:0.003076s ]
ERR: 无法加载模块:Application

[ 2017-05-23T21:35:01+08:00 ] 104.236.236.145 /coalball/Application/Common/Common/Uploads/2017-05-20/5920642c00a7d.jpg
INFO: [ app_init ] --START--
INFO: Run Behavior\BuildLiteBehavior [ RunTime:0.000020s ]
INFO: [ app_init ] --END-- [ RunTime:0.000350s ]
ERR: 无法加载模块:Application

[ 2017-05-23T21:35:01+08:00 ] 104.236.236.145 /coalball/Application/Common/Common/Uploads/2017-05-20/5920642bef9fe.jpg
INFO: [ app_init ] --START--
INFO: Run Behavior\BuildLiteBehavior [ RunTime:0.000014s ]
INFO: [ app_init ] --END-- [ RunTime:0.000272s ]
ERR: 无法加载模块:Application

[ 2017-05-23T21:35:05+08:00 ] 104.236.236.145 /coalball/Application/Common/Common/Uploads/2017-05-20/5920642c00a7d.jpg
INFO: [ app_init ] --START--
INFO: Run Behavior\BuildLiteBehavior [ RunTime:0.000014s ]
INFO: [ app_init ] --END-- [ RunTime:0.000233s ]
ERR: 无法加载模块:Application

[ 2017-05-23T21:35:05+08:00 ] 104.236.236.145 /coalball/Application/Common/Common/Uploads/2017-05-20/5920642bef9fe.jpg
INFO: [ app_init ] --START--
INFO: Run Behavior\BuildLiteBehavior [ RunTime:0.000018s ]
INFO: [ app_init ] --END-- [ RunTime:0.000453s ]
ERR: 无法加载模块:Application

[ 2017-05-23T21:35:32+08:00 ] 104.236.236.145 /coalball/Application/Common/Common/Uploads/2017-05-20/5920642bef9fe.jpg
INFO: [ app_init ] --START--
INFO: Run Behavior\BuildLiteBehavior [ RunTime:0.000019s ]
INFO: [ app_init ] --END-- [ RunTime:0.000353s ]
ERR: 无法加载模块:Application

[ 2017-05-23T21:35:32+08:00 ] 104.236.236.145 /coalball/Application/Common/Common/Uploads/2017-05-20/5920642c00a7d.jpg
INFO: [ app_init ] --START--
INFO: Run Behavior\BuildLiteBehavior [ RunTime:0.000019s ]
INFO: [ app_init ] --END-- [ RunTime:0.000332s ]
ERR: 无法加载模块:Application

[ 2017-05-23T21:35:33+08:00 ] 104.236.236.145 /coalball/Application/Common/Common/Uploads/2017-05-20/5920642bef9fe.jpg
INFO: [ app_init ] --START--
INFO: Run Behavior\BuildLiteBehavior [ RunTime:0.000014s ]
INFO: [ app_init ] --END-- [ RunTime:0.000223s ]
ERR: 无法加载模块:Application

[ 2017-05-23T21:35:33+08:00 ] 104.236.236.145 /coalball/Application/Common/Common/Uploads/2017-05-20/5920642c00a7d.jpg
INFO: [ app_init ] --START--
INFO: Run Behavior\BuildLiteBehavior [ RunTime:0.000014s ]
INFO: [ app_init ] --END-- [ RunTime:0.000273s ]
ERR: 无法加载模块:Application

[ 2017-05-23T21:35:35+08:00 ] 104.236.236.145 /coalball/Application/Common/Common/Uploads/2017-05-20/5920642bef9fe.jpg
INFO: [ app_init ] --START--
INFO: Run Behavior\BuildLiteBehavior [ RunTime:0.000019s ]
INFO: [ app_init ] --END-- [ RunTime:0.000362s ]
ERR: 无法加载模块:Application

[ 2017-05-23T21:35:35+08:00 ] 104.236.236.145 /coalball/Application/Common/Common/Uploads/2017-05-20/5920642c00a7d.jpg
INFO: [ app_init ] --START--
INFO: Run Behavior\BuildLiteBehavior [ RunTime:0.000019s ]
INFO: [ app_init ] --END-- [ RunTime:0.000338s ]
ERR: 无法加载模块:Application

[ 2017-05-23T21:35:36+08:00 ] 104.236.236.145 /coalball/Application/Common/Common/Uploads/2017-05-20/5920642c00a7d.jpg
INFO: [ app_init ] --START--
INFO: Run Behavior\BuildLiteBehavior [ RunTime:0.000018s ]
INFO: [ app_init ] --END-- [ RunTime:0.000346s ]
ERR: 无法加载模块:Application

[ 2017-05-23T21:35:36+08:00 ] 104.236.236.145 /coalball/Application/Common/Common/Uploads/2017-05-20/5920642bef9fe.jpg
INFO: [ app_init ] --START--
INFO: Run Behavior\BuildLiteBehavior [ RunTime:0.000027s ]
INFO: [ app_init ] --END-- [ RunTime:0.000256s ]
ERR: 无法加载模块:Application

[ 2017-05-23T21:35:59+08:00 ] 104.236.236.145 /coalball/Application/Common/Common/Uploads/2017-05-20/5920642c00a7d.jpg
INFO: [ app_init ] --START--
INFO: Run Behavior\BuildLiteBehavior [ RunTime:0.000013s ]
INFO: [ app_init ] --END-- [ RunTime:0.000254s ]
ERR: 无法加载模块:Application

[ 2017-05-23T21:35:59+08:00 ] 104.236.236.145 /coalball/Application/Common/Common/Uploads/2017-05-20/5920642bef9fe.jpg
INFO: [ app_init ] --START--
INFO: Run Behavior\BuildLiteBehavior [ RunTime:0.000018s ]
INFO: [ app_init ] --END-- [ RunTime:0.000310s ]
ERR: 无法加载模块:Application

[ 2017-05-23T21:36:00+08:00 ] 104.236.236.145 /coalball/Application/Common/Common/Uploads/2017-05-20/5920642bef9fe.jpg
INFO: [ app_init ] --START--
INFO: Run Behavior\BuildLiteBehavior [ RunTime:0.000019s ]
INFO: [ app_init ] --END-- [ RunTime:0.000345s ]
ERR: 无法加载模块:Application

[ 2017-05-23T21:36:01+08:00 ] 104.236.236.145 /coalball/Application/Common/Common/Uploads/2017-05-20/5920642c00a7d.jpg
INFO: [ app_init ] --START--
INFO: Run Behavior\BuildLiteBehavior [ RunTime:0.000019s ]
INFO: [ app_init ] --END-- [ RunTime:0.000368s ]
ERR: 无法加载模块:Application

[ 2017-05-23T21:36:01+08:00 ] 104.236.236.145 /coalball/Application/Common/Common/Uploads/2017-05-20/5920642bef9fe.jpg
INFO: [ app_init ] --START--
INFO: Run Behavior\BuildLiteBehavior [ RunTime:0.000018s ]
INFO: [ app_init ] --END-- [ RunTime:0.000352s ]
ERR: 无法加载模块:Application

[ 2017-05-23T21:38:47+08:00 ] 104.236.236.145 /coalball/Application/Common/Common/Uploads/2017-05-20/5920642bef9fe.jpg
INFO: [ app_init ] --START--
INFO: Run Behavior\BuildLiteBehavior [ RunTime:0.000014s ]
INFO: [ app_init ] --END-- [ RunTime:0.000267s ]
ERR: 无法加载模块:Application

[ 2017-05-23T21:38:47+08:00 ] 104.236.236.145 /coalball/Application/Common/Common/Uploads/2017-05-20/5920642c00a7d.jpg
INFO: [ app_init ] --START--
INFO: Run Behavior\BuildLiteBehavior [ RunTime:0.000014s ]
INFO: [ app_init ] --END-- [ RunTime:0.000236s ]
ERR: 无法加载模块:Application

[ 2017-05-23T21:42:55+08:00 ] 104.236.236.145 /coalball/Application/Common/Common/Uploads/2017-05-20/5920642bef9fe.jpg
INFO: [ app_init ] --START--
INFO: Run Behavior\BuildLiteBehavior [ RunTime:0.000014s ]
INFO: [ app_init ] --END-- [ RunTime:0.000288s ]
ERR: 无法加载模块:Application

[ 2017-05-23T21:42:58+08:00 ] 104.236.236.145 /coalball/Application/Common/Common/Uploads/2017-05-20/5920642c00a7d.jpg
INFO: [ app_init ] --START--
INFO: Run Behavior\BuildLiteBehavior [ RunTime:0.000019s ]
INFO: [ app_init ] --END-- [ RunTime:0.000268s ]
ERR: 无法加载模块:Application

[ 2017-05-23T21:43:59+08:00 ] 104.236.236.145 /coalball/Application/Common/Common/Uploads/2017-05-20/5920642c00a7d.jpg
INFO: [ app_init ] --START--
INFO: Run Behavior\BuildLiteBehavior [ RunTime:0.000014s ]
INFO: [ app_init ] --END-- [ RunTime:0.000247s ]
ERR: 无法加载模块:Application

[ 2017-05-23T21:43:59+08:00 ] 104.236.236.145 /coalball/Application/Common/Common/Uploads/2017-05-20/5920642bef9fe.jpg
INFO: [ app_init ] --START--
INFO: Run Behavior\BuildLiteBehavior [ RunTime:0.000019s ]
INFO: [ app_init ] --END-- [ RunTime:0.000280s ]
ERR: 无法加载模块:Application

[ 2017-05-23T21:44:00+08:00 ] 104.236.236.145 /coalball/Application/Common/Common/Uploads/2017-05-20/5920642bef9fe.jpg
INFO: [ app_init ] --START--
INFO: Run Behavior\BuildLiteBehavior [ RunTime:0.000019s ]
INFO: [ app_init ] --END-- [ RunTime:0.000353s ]
ERR: 无法加载模块:Application

[ 2017-05-23T21:44:02+08:00 ] 104.236.236.145 /coalball/Application/Common/Common/Uploads/2017-05-20/5920642bef9fe.jpg
INFO: [ app_init ] --START--
INFO: Run Behavior\BuildLiteBehavior [ RunTime:0.000018s ]
INFO: [ app_init ] --END-- [ RunTime:0.000334s ]
ERR: 无法加载模块:Application

[ 2017-05-23T21:44:02+08:00 ] 104.236.236.145 /coalball/Application/Common/Common/Uploads/2017-05-20/5920642c00a7d.jpg
INFO: [ app_init ] --START--
INFO: Run Behavior\BuildLiteBehavior [ RunTime:0.000021s ]
INFO: [ app_init ] --END-- [ RunTime:0.011544s ]
ERR: 无法加载模块:Application

[ 2017-05-23T21:44:03+08:00 ] 104.236.236.145 /coalball/Application/Common/Common/Uploads/2017-05-20/5920642bef9fe.jpg
INFO: [ app_init ] --START--
INFO: Run Behavior\BuildLiteBehavior [ RunTime:0.000018s ]
INFO: [ app_init ] --END-- [ RunTime:0.000434s ]
ERR: 无法加载模块:Application

[ 2017-05-23T21:44:04+08:00 ] 104.236.236.145 /coalball/Application/Common/Common/Uploads/2017-05-20/5920642c00a7d.jpg
INFO: [ app_init ] --START--
INFO: Run Behavior\BuildLiteBehavior [ RunTime:0.000020s ]
INFO: [ app_init ] --END-- [ RunTime:0.000236s ]
ERR: 无法加载模块:Application

[ 2017-05-23T21:44:06+08:00 ] 104.236.236.145 /coalball/Application/Common/Common/Uploads/2017-05-20/5920642c00a7d.jpg
INFO: [ app_init ] --START--
INFO: Run Behavior\BuildLiteBehavior [ RunTime:0.000018s ]
INFO: [ app_init ] --END-- [ RunTime:0.000332s ]
ERR: 无法加载模块:Application

[ 2017-05-23T21:44:09+08:00 ] 104.236.236.145 /coalball/Application/Common/Common/Uploads/2017-05-20/5920642bef9fe.jpg
INFO: [ app_init ] --START--
INFO: Run Behavior\BuildLiteBehavior [ RunTime:0.000021s ]
INFO: [ app_init ] --END-- [ RunTime:0.000361s ]
ERR: 无法加载模块:Application

[ 2017-05-23T21:45:53+08:00 ] 104.236.236.145 /coalball/Application/Common/Common/Uploads/2017-05-20/5920642bef9fe.jpg
INFO: [ app_init ] --START--
INFO: Run Behavior\BuildLiteBehavior [ RunTime:0.000016s ]
INFO: [ app_init ] --END-- [ RunTime:0.000244s ]
ERR: 无法加载模块:Application

[ 2017-05-23T21:45:53+08:00 ] 104.236.236.145 /coalball/Application/Common/Common/Uploads/2017-05-20/5920642c00a7d.jpg
INFO: [ app_init ] --START--
INFO: Run Behavior\BuildLiteBehavior [ RunTime:0.000014s ]
INFO: [ app_init ] --END-- [ RunTime:0.000371s ]
ERR: 无法加载模块:Application

[ 2017-05-23T21:45:57+08:00 ] 104.236.236.145 /coalball/Application/Common/Common/Uploads/2017-05-20/5920642bef9fe.jpg
INFO: [ app_init ] --START--
INFO: Run Behavior\BuildLiteBehavior [ RunTime:0.000022s ]
INFO: [ app_init ] --END-- [ RunTime:0.000387s ]
ERR: 无法加载模块:Application

[ 2017-05-23T21:45:57+08:00 ] 104.236.236.145 /coalball/Application/Common/Common/Uploads/2017-05-20/5920642c00a7d.jpg
INFO: [ app_init ] --START--
INFO: Run Behavior\BuildLiteBehavior [ RunTime:0.000037s ]
INFO: [ app_init ] --END-- [ RunTime:0.000361s ]
ERR: 无法加载模块:Application

[ 2017-05-23T21:45:57+08:00 ] 104.236.236.145 /coalball/Application/Common/Common/Uploads/2017-05-20/5920642bef9fe.jpg
INFO: [ app_init ] --START--
INFO: Run Behavior\BuildLiteBehavior [ RunTime:0.000014s ]
INFO: [ app_init ] --END-- [ RunTime:0.000286s ]
ERR: 无法加载模块:Application

[ 2017-05-23T21:45:58+08:00 ] 104.236.236.145 /coalball/Application/Common/Common/Uploads/2017-05-20/5920642c00a7d.jpg
INFO: [ app_init ] --START--
INFO: Run Behavior\BuildLiteBehavior [ RunTime:0.000015s ]
INFO: [ app_init ] --END-- [ RunTime:0.000326s ]
ERR: 无法加载模块:Application

[ 2017-05-23T21:47:27+08:00 ] 104.236.236.145 /coalball/Application/Common/Common/Uploads/2017-05-20/5920642c00a7d.jpg
INFO: [ app_init ] --START--
INFO: Run Behavior\BuildLiteBehavior [ RunTime:0.000019s ]
INFO: [ app_init ] --END-- [ RunTime:0.000417s ]
ERR: 无法加载模块:Application

[ 2017-05-23T21:47:27+08:00 ] 104.236.236.145 /coalball/Application/Common/Common/Uploads/2017-05-20/5920642bef9fe.jpg
INFO: [ app_init ] --START--
INFO: Run Behavior\BuildLiteBehavior [ RunTime:0.000020s ]
INFO: [ app_init ] --END-- [ RunTime:0.000380s ]
ERR: 无法加载模块:Application

[ 2017-05-23T21:47:31+08:00 ] 104.236.236.145 /coalball/Application/Common/Common/Uploads/2017-05-20/5920642c00a7d.jpg
INFO: [ app_init ] --START--
INFO: Run Behavior\BuildLiteBehavior [ RunTime:0.000027s ]
INFO: [ app_init ] --END-- [ RunTime:0.000366s ]
ERR: 无法加载模块:Application

[ 2017-05-23T21:47:32+08:00 ] 104.236.236.145 /coalball/Application/Common/Common/Uploads/2017-05-20/5920642bef9fe.jpg
INFO: [ app_init ] --START--
INFO: Run Behavior\BuildLiteBehavior [ RunTime:0.000014s ]
INFO: [ app_init ] --END-- [ RunTime:0.000286s ]
ERR: 无法加载模块:Application

[ 2017-05-23T21:47:33+08:00 ] 104.236.236.145 /coalball/Application/Common/Common/Uploads/2017-05-20/5920642c00a7d.jpg
INFO: [ app_init ] --START--
INFO: Run Behavior\BuildLiteBehavior [ RunTime:0.000019s ]
INFO: [ app_init ] --END-- [ RunTime:0.000298s ]
ERR: 无法加载模块:Application

[ 2017-05-23T21:47:33+08:00 ] 104.236.236.145 /coalball/Application/Common/Common/Uploads/2017-05-20/5920642bef9fe.jpg
INFO: [ app_init ] --START--
INFO: Run Behavior\BuildLiteBehavior [ RunTime:0.000020s ]
INFO: [ app_init ] --END-- [ RunTime:0.012373s ]
ERR: 无法加载模块:Application

[ 2017-05-23T21:47:37+08:00 ] 104.236.236.145 /coalball/Application/Common/Common/Uploads/2017-05-20/5920642bef9fe.jpg
INFO: [ app_init ] --START--
INFO: Run Behavior\BuildLiteBehavior [ RunTime:0.000020s ]
INFO: [ app_init ] --END-- [ RunTime:0.000381s ]
ERR: 无法加载模块:Application

[ 2017-05-23T21:47:37+08:00 ] 104.236.236.145 /coalball/Application/Common/Common/Uploads/2017-05-20/5920642c00a7d.jpg
INFO: [ app_init ] --START--
INFO: Run Behavior\BuildLiteBehavior [ RunTime:0.000018s ]
INFO: [ app_init ] --END-- [ RunTime:0.000360s ]
ERR: 无法加载模块:Application

[ 2017-05-23T21:47:52+08:00 ] 104.236.236.145 /coalball/Application/Common/Common/Uploads/2017-05-20/5920642bef9fe.jpg
INFO: [ app_init ] --START--
INFO: Run Behavior\BuildLiteBehavior [ RunTime:0.000021s ]
INFO: [ app_init ] --END-- [ RunTime:0.000248s ]
ERR: 无法加载模块:Application

[ 2017-05-23T21:47:52+08:00 ] 104.236.236.145 /coalball/Application/Common/Common/Uploads/2017-05-20/5920642c00a7d.jpg
INFO: [ app_init ] --START--
INFO: Run Behavior\BuildLiteBehavior [ RunTime:0.000019s ]
INFO: [ app_init ] --END-- [ RunTime:0.000297s ]
ERR: 无法加载模块:Application

[ 2017-05-23T21:48:31+08:00 ] 104.236.236.145 /coalball/Application/Common/Common/Uploads/2017-05-20/5920642c00a7d.jpg
INFO: [ app_init ] --START--
INFO: Run Behavior\BuildLiteBehavior [ RunTime:0.000020s ]
INFO: [ app_init ] --END-- [ RunTime:0.000340s ]
ERR: 无法加载模块:Application

[ 2017-05-23T21:48:31+08:00 ] 104.236.236.145 /coalball/Application/Common/Common/Uploads/2017-05-20/5920642bef9fe.jpg
INFO: [ app_init ] --START--
INFO: Run Behavior\BuildLiteBehavior [ RunTime:0.000024s ]
INFO: [ app_init ] --END-- [ RunTime:0.000382s ]
ERR: 无法加载模块:Application

[ 2017-05-23T23:38:11+08:00 ] 104.236.236.145 /coalball/Application/Common/Common/Uploads/2017-05-20/5920642c00a7d.jpg
INFO: [ app_init ] --START--
INFO: Run Behavior\BuildLiteBehavior [ RunTime:0.000020s ]
INFO: [ app_init ] --END-- [ RunTime:0.000370s ]
ERR: 无法加载模块:Application

[ 2017-05-23T23:38:11+08:00 ] 104.236.236.145 /coalball/Application/Common/Common/Uploads/2017-05-20/5920642bef9fe.jpg
INFO: [ app_init ] --START--
INFO: Run Behavior\BuildLiteBehavior [ RunTime:0.000018s ]
INFO: [ app_init ] --END-- [ RunTime:0.000352s ]
ERR: 无法加载模块:Application

[ 2017-05-23T23:38:18+08:00 ] 104.236.236.145 /coalball/Application/Common/Common/Uploads/2017-05-20/5920642c00a7d.jpg
INFO: [ app_init ] --START--
INFO: Run Behavior\BuildLiteBehavior [ RunTime:0.000024s ]
INFO: [ app_init ] --END-- [ RunTime:0.011576s ]
ERR: 无法加载模块:Application

[ 2017-05-23T23:38:18+08:00 ] 104.236.236.145 /coalball/Application/Common/Common/Uploads/2017-05-20/5920642bef9fe.jpg
INFO: [ app_init ] --START--
INFO: Run Behavior\BuildLiteBehavior [ RunTime:0.000016s ]
INFO: [ app_init ] --END-- [ RunTime:0.000317s ]
ERR: 无法加载模块:Application

[ 2017-05-23T23:38:26+08:00 ] 104.236.236.145 /coalball/Application/Common/Common/Uploads/2017-05-20/5920642c00a7d.jpg
INFO: [ app_init ] --START--
INFO: Run Behavior\BuildLiteBehavior [ RunTime:0.000014s ]
INFO: [ app_init ] --END-- [ RunTime:0.000227s ]
ERR: 无法加载模块:Application

[ 2017-05-23T23:38:26+08:00 ] 104.236.236.145 /coalball/Application/Common/Common/Uploads/2017-05-20/5920642bef9fe.jpg
INFO: [ app_init ] --START--
INFO: Run Behavior\BuildLiteBehavior [ RunTime:0.000018s ]
INFO: [ app_init ] --END-- [ RunTime:0.000353s ]
ERR: 无法加载模块:Application

[ 2017-05-23T23:38:31+08:00 ] 104.236.236.145 /coalball/Application/Common/Common/Uploads/2017-05-20/5920642bef9fe.jpg
INFO: [ app_init ] --START--
INFO: Run Behavior\BuildLiteBehavior [ RunTime:0.000014s ]
INFO: [ app_init ] --END-- [ RunTime:0.000227s ]
ERR: 无法加载模块:Application

[ 2017-05-23T23:38:31+08:00 ] 104.236.236.145 /coalball/Application/Common/Common/Uploads/2017-05-20/5920642c00a7d.jpg
INFO: [ app_init ] --START--
INFO: Run Behavior\BuildLiteBehavior [ RunTime:0.000017s ]
INFO: [ app_init ] --END-- [ RunTime:0.000259s ]
ERR: 无法加载模块:Application

[ 2017-05-23T23:38:32+08:00 ] 104.236.236.145 /coalball/Application/Common/Common/Uploads/2017-05-20/5920642c00a7d.jpg
INFO: [ app_init ] --START--
INFO: Run Behavior\BuildLiteBehavior [ RunTime:0.000015s ]
INFO: [ app_init ] --END-- [ RunTime:0.000265s ]
ERR: 无法加载模块:Application

[ 2017-05-23T23:38:32+08:00 ] 104.236.236.145 /coalball/Application/Common/Common/Uploads/2017-05-20/5920642bef9fe.jpg
INFO: [ app_init ] --START--
INFO: Run Behavior\BuildLiteBehavior [ RunTime:0.000020s ]
INFO: [ app_init ] --END-- [ RunTime:0.000407s ]
ERR: 无法加载模块:Application

[ 2017-05-23T23:38:34+08:00 ] 104.236.236.145 /coalball/Application/Common/Common/Uploads/2017-05-20/5920642c00a7d.jpg
INFO: [ app_init ] --START--
INFO: Run Behavior\BuildLiteBehavior [ RunTime:0.000013s ]
INFO: [ app_init ] --END-- [ RunTime:0.000263s ]
ERR: 无法加载模块:Application

[ 2017-05-23T23:38:35+08:00 ] 104.236.236.145 /coalball/Application/Common/Common/Uploads/2017-05-20/5920642bef9fe.jpg
INFO: [ app_init ] --START--
INFO: Run Behavior\BuildLiteBehavior [ RunTime:0.000019s ]
INFO: [ app_init ] --END-- [ RunTime:0.000333s ]
ERR: 无法加载模块:Application

[ 2017-05-23T23:38:40+08:00 ] 104.236.236.145 /coalball/Application/Common/Common/Uploads/2017-05-20/5920642bef9fe.jpg
INFO: [ app_init ] --START--
INFO: Run Behavior\BuildLiteBehavior [ RunTime:0.000015s ]
INFO: [ app_init ] --END-- [ RunTime:0.000276s ]
ERR: 无法加载模块:Application

[ 2017-05-23T23:38:40+08:00 ] 104.236.236.145 /coalball/Application/Common/Common/Uploads/2017-05-20/5920642c00a7d.jpg
INFO: [ app_init ] --START--
INFO: Run Behavior\BuildLiteBehavior [ RunTime:0.000019s ]
INFO: [ app_init ] --END-- [ RunTime:0.000330s ]
ERR: 无法加载模块:Application

[ 2017-05-23T23:39:19+08:00 ] 104.236.236.145 /coalball/Application/Common/Common/Uploads/2017-05-20/5920642c00a7d.jpg
INFO: [ app_init ] --START--
INFO: Run Behavior\BuildLiteBehavior [ RunTime:0.000018s ]
INFO: [ app_init ] --END-- [ RunTime:0.000332s ]
ERR: 无法加载模块:Application

[ 2017-05-23T23:39:19+08:00 ] 104.236.236.145 /coalball/Application/Common/Common/Uploads/2017-05-20/5920642bef9fe.jpg
INFO: [ app_init ] --START--
INFO: Run Behavior\BuildLiteBehavior [ RunTime:0.000031s ]
INFO: [ app_init ] --END-- [ RunTime:0.000422s ]
ERR: 无法加载模块:Application

[ 2017-05-23T23:39:19+08:00 ] 104.236.236.145 /coalball/Application/Common/Common/Uploads/2017-05-20/5920642c00a7d.jpg
INFO: [ app_init ] --START--
INFO: Run Behavior\BuildLiteBehavior [ RunTime:0.000015s ]
INFO: [ app_init ] --END-- [ RunTime:0.000266s ]
ERR: 无法加载模块:Application

[ 2017-05-23T23:39:20+08:00 ] 104.236.236.145 /coalball/Application/Common/Common/Uploads/2017-05-20/5920642bef9fe.jpg
INFO: [ app_init ] --START--
INFO: Run Behavior\BuildLiteBehavior [ RunTime:0.000018s ]
INFO: [ app_init ] --END-- [ RunTime:0.000329s ]
ERR: 无法加载模块:Application

[ 2017-05-23T23:39:22+08:00 ] 104.236.236.145 /coalball/Application/Common/Common/Uploads/2017-05-20/5920642c00a7d.jpg
INFO: [ app_init ] --START--
INFO: Run Behavior\BuildLiteBehavior [ RunTime:0.000018s ]
INFO: [ app_init ] --END-- [ RunTime:0.000253s ]
ERR: 无法加载模块:Application

[ 2017-05-23T23:39:22+08:00 ] 104.236.236.145 /coalball/Application/Common/Common/Uploads/2017-05-20/5920642bef9fe.jpg
INFO: [ app_init ] --START--
INFO: Run Behavior\BuildLiteBehavior [ RunTime:0.000014s ]
INFO: [ app_init ] --END-- [ RunTime:0.000255s ]
ERR: 无法加载模块:Application

[ 2017-05-23T23:40:19+08:00 ] 104.236.236.145 /coalball/Application/Common/Common/Uploads/2017-05-20/5920642bef9fe.jpg
INFO: [ app_init ] --START--
INFO: Run Behavior\BuildLiteBehavior [ RunTime:0.000014s ]
INFO: [ app_init ] --END-- [ RunTime:0.000262s ]
ERR: 无法加载模块:Application

[ 2017-05-23T23:40:19+08:00 ] 104.236.236.145 /coalball/Application/Common/Common/Uploads/2017-05-20/5920642c00a7d.jpg
INFO: [ app_init ] --START--
INFO: Run Behavior\BuildLiteBehavior [ RunTime:0.000015s ]
INFO: [ app_init ] --END-- [ RunTime:0.010993s ]
ERR: 无法加载模块:Application

