[ 2017-05-16T10:46:58+08:00 ] 104.236.236.145 /coalball/Application/Common/Common/Uploads/2017-04-19/58f72f79841da.jpg
INFO: [ app_init ] --START--
INFO: Run Behavior\BuildLiteBehavior [ RunTime:0.000020s ]
INFO: [ app_init ] --END-- [ RunTime:0.000371s ]
ERR: 无法加载模块:Application

[ 2017-05-16T10:46:58+08:00 ] 104.236.236.145 /coalball/Application/Common/Common/Uploads/2017-04-14/58f059907dbd1.jpg
INFO: [ app_init ] --START--
INFO: Run Behavior\BuildLiteBehavior [ RunTime:0.000018s ]
INFO: [ app_init ] --END-- [ RunTime:0.000326s ]
ERR: 无法加载模块:Application

[ 2017-05-16T10:46:58+08:00 ] 104.236.236.145 /coalball/Application/Common/Common/Uploads/2017-04-14/58f059907b1d0.jpg
INFO: [ app_init ] --START--
INFO: Run Behavior\BuildLiteBehavior [ RunTime:0.000018s ]
INFO: [ app_init ] --END-- [ RunTime:0.000325s ]
ERR: 无法加载模块:Application

[ 2017-05-16T10:46:58+08:00 ] 104.236.236.145 /coalball/Application/Common/Common/Uploads/2017-04-15/58f1e0d248fad.jpg
INFO: [ app_init ] --START--
INFO: Run Behavior\BuildLiteBehavior [ RunTime:0.000017s ]
INFO: [ app_init ] --END-- [ RunTime:0.000329s ]
ERR: 无法加载模块:Application

[ 2017-05-16T10:46:58+08:00 ] 104.236.236.145 /coalball/Application/Common/Common/Uploads/2017-04-19/58f6a32e86b56.jpg
INFO: [ app_init ] --START--
INFO: Run Behavior\BuildLiteBehavior [ RunTime:0.000023s ]
INFO: [ app_init ] --END-- [ RunTime:0.000413s ]
ERR: 无法加载模块:Application

[ 2017-05-16T10:46:59+08:00 ] 104.236.236.145 /coalball/Application/Common/Common/Uploads/2017-04-14/58f055367005a.jpg
INFO: [ app_init ] --START--
INFO: Run Behavior\BuildLiteBehavior [ RunTime:0.000019s ]
INFO: [ app_init ] --END-- [ RunTime:0.000359s ]
ERR: 无法加载模块:Application

